[0.928s] Invoking command in '/home/xytron/2026-kookmin-contest-qualifier/ericar/main': PYTHONPATH=/home/xytron/2026-kookmin-contest-qualifier/ericar/build/main/prefix_override:/usr/lib/python3/dist-packages/colcon_core/task/python/colcon_distutils_commands:/home/xytron/2026-kookmin-contest-qualifier/ericar/install/main/lib/python3.10/site-packages:${PYTHONPATH} /usr/bin/python3 -W ignore:setup.py install is deprecated -W ignore:easy_install command is deprecated setup.py egg_info --egg-base ../build/main build --build-base /home/xytron/2026-kookmin-contest-qualifier/ericar/build/main/build install --record /home/xytron/2026-kookmin-contest-qualifier/ericar/build/main/install.log --single-version-externally-managed install_data
[1.151s] running egg_info
[1.152s] creating ../build/main/main.egg-info
[1.153s] writing ../build/main/main.egg-info/PKG-INFO
[1.153s] writing dependency_links to ../build/main/main.egg-info/dependency_links.txt
[1.153s] writing entry points to ../build/main/main.egg-info/entry_points.txt
[1.153s] writing requirements to ../build/main/main.egg-info/requires.txt
[1.153s] writing top-level names to ../build/main/main.egg-info/top_level.txt
[1.154s] writing manifest file '../build/main/main.egg-info/SOURCES.txt'
[1.165s] reading manifest file '../build/main/main.egg-info/SOURCES.txt'
[1.166s] writing manifest file '../build/main/main.egg-info/SOURCES.txt'
[1.166s] running build
[1.166s] running build_py
[1.166s] creating /home/xytron/2026-kookmin-contest-qualifier/ericar/build/main/build
[1.166s] creating /home/xytron/2026-kookmin-contest-qualifier/ericar/build/main/build/lib
[1.167s] creating /home/xytron/2026-kookmin-contest-qualifier/ericar/build/main/build/lib/main
[1.167s] copying main/__init__.py -> /home/xytron/2026-kookmin-contest-qualifier/ericar/build/main/build/lib/main
[1.167s] copying main/control.py -> /home/xytron/2026-kookmin-contest-qualifier/ericar/build/main/build/lib/main
[1.167s] copying main/main.py -> /home/xytron/2026-kookmin-contest-qualifier/ericar/build/main/build/lib/main
[1.167s] running install
[1.169s] running install_lib
[1.170s] creating /home/xytron/2026-kookmin-contest-qualifier/ericar/install/main/lib/python3.10/site-packages/main
[1.170s] copying /home/xytron/2026-kookmin-contest-qualifier/ericar/build/main/build/lib/main/__init__.py -> /home/xytron/2026-kookmin-contest-qualifier/ericar/install/main/lib/python3.10/site-packages/main
[1.170s] copying /home/xytron/2026-kookmin-contest-qualifier/ericar/build/main/build/lib/main/control.py -> /home/xytron/2026-kookmin-contest-qualifier/ericar/install/main/lib/python3.10/site-packages/main
[1.170s] copying /home/xytron/2026-kookmin-contest-qualifier/ericar/build/main/build/lib/main/main.py -> /home/xytron/2026-kookmin-contest-qualifier/ericar/install/main/lib/python3.10/site-packages/main
[1.171s] byte-compiling /home/xytron/2026-kookmin-contest-qualifier/ericar/install/main/lib/python3.10/site-packages/main/__init__.py to __init__.cpython-310.pyc
[1.171s] byte-compiling /home/xytron/2026-kookmin-contest-qualifier/ericar/install/main/lib/python3.10/site-packages/main/control.py to control.cpython-310.pyc
[1.172s] byte-compiling /home/xytron/2026-kookmin-contest-qualifier/ericar/install/main/lib/python3.10/site-packages/main/main.py to main.cpython-310.pyc
[1.175s] running install_data
[1.175s] creating /home/xytron/2026-kookmin-contest-qualifier/ericar/install/main/share/ament_index
[1.175s] creating /home/xytron/2026-kookmin-contest-qualifier/ericar/install/main/share/ament_index/resource_index
[1.176s] creating /home/xytron/2026-kookmin-contest-qualifier/ericar/install/main/share/ament_index/resource_index/packages
[1.176s] copying resource/main -> /home/xytron/2026-kookmin-contest-qualifier/ericar/install/main/share/ament_index/resource_index/packages
[1.176s] copying package.xml -> /home/xytron/2026-kookmin-contest-qualifier/ericar/install/main/share/main
[1.176s] creating /home/xytron/2026-kookmin-contest-qualifier/ericar/install/main/share/main/launch
[1.176s] running install_egg_info
[1.177s] Copying ../build/main/main.egg-info to /home/xytron/2026-kookmin-contest-qualifier/ericar/install/main/lib/python3.10/site-packages/main-0.0.1-py3.10.egg-info
[1.178s] running install_scripts
[1.199s] Installing control script to /home/xytron/2026-kookmin-contest-qualifier/ericar/install/main/lib/main
[1.200s] Installing main script to /home/xytron/2026-kookmin-contest-qualifier/ericar/install/main/lib/main
[1.200s] writing list of installed files to '/home/xytron/2026-kookmin-contest-qualifier/ericar/build/main/install.log'
[1.223s] Invoked command in '/home/xytron/2026-kookmin-contest-qualifier/ericar/main' returned '0': PYTHONPATH=/home/xytron/2026-kookmin-contest-qualifier/ericar/build/main/prefix_override:/usr/lib/python3/dist-packages/colcon_core/task/python/colcon_distutils_commands:/home/xytron/2026-kookmin-contest-qualifier/ericar/install/main/lib/python3.10/site-packages:${PYTHONPATH} /usr/bin/python3 -W ignore:setup.py install is deprecated -W ignore:easy_install command is deprecated setup.py egg_info --egg-base ../build/main build --build-base /home/xytron/2026-kookmin-contest-qualifier/ericar/build/main/build install --record /home/xytron/2026-kookmin-contest-qualifier/ericar/build/main/install.log --single-version-externally-managed install_data
