[0.000000] (-) TimerEvent: {}
[0.001308] (-) JobUnselected: {'identifier': 'driving'}
[0.001352] (-) JobUnselected: {'identifier': 'function'}
[0.001795] (-) JobUnselected: {'identifier': 'kookmin9_viewer'}
[0.001815] (-) JobUnselected: {'identifier': 'main'}
[0.001824] (-) JobUnselected: {'identifier': 'my_cam'}
[0.001831] (-) JobUnselected: {'identifier': 'my_imu'}
[0.001939] (-) JobUnselected: {'identifier': 'my_lidar'}
[0.001986] (-) JobUnselected: {'identifier': 'my_motor'}
[0.002026] (-) JobUnselected: {'identifier': 'ros_tcp_endpoint'}
[0.002110] (-) JobUnselected: {'identifier': 'track_drive'}
[0.002146] (-) JobUnselected: {'identifier': 'xycar_msgs'}
[0.002176] (perception) JobQueued: {'identifier': 'perception', 'dependencies': OrderedDict()}
[0.002207] (perception) JobStarted: {'identifier': 'perception'}
[0.100120] (-) TimerEvent: {}
[0.200456] (-) TimerEvent: {}
[0.300812] (-) TimerEvent: {}
[0.401408] (-) TimerEvent: {}
[0.502005] (-) TimerEvent: {}
[0.602300] (-) TimerEvent: {}
[0.614662] (perception) Command: {'cmd': ['/usr/bin/python3', '-W', 'ignore:setup.py install is deprecated', '-W', 'ignore:easy_install command is deprecated', 'setup.py', 'develop', '--editable', '--build-directory', '/home/xytron/2026-kookmin-contest-qualifier/build/perception/build', '--no-deps', 'symlink_data'], 'cwd': '/home/xytron/2026-kookmin-contest-qualifier/build/perception', 'env': {'USER': 'xytron', 'ROS_NAMESPACE': 'xycar', 'ROS_PACKAGE_PATH': '/home/xytron/2026-kookmin-contest-qualifier/install/ericar_msgs/share:/home/xytron/xycar_ws/install/ericar_msgs/share', 'SHLVL': '1', 'LD_LIBRARY_PATH': '/home/xytron/2026-kookmin-contest-qualifier/install/xycar_msgs/lib:/home/xytron/2026-kookmin-contest-qualifier/install/ericar_msgs/lib:/home/xytron/xycar_ws/install/xycar_msgs/lib:/home/xytron/xycar_ws/install/ericar_msgs/lib:/opt/ros/humble/opt/rviz_ogre_vendor/lib:/opt/ros/humble/lib/x86_64-linux-gnu:/opt/ros/humble/lib', 'WT_PROFILE_ID': '{e497da6e-94b0-5deb-a2a7-bc930db089cd}', 'HOME': '/home/xytron', 'OLDPWD': '/home/xytron/2026-kookmin-contest-qualifier', 'ROS_PYTHON_VERSION': '3', 'WSL_DISTRO_NAME': 'Ubuntu-22.04', '_colcon_cd_root': '/home/xytron/xycar_ws', 'WAYLAND_DISPLAY': 'wayland-0', 'COLCON_PREFIX_PATH': '/home/xytron/2026-kookmin-contest-qualifier/install:/home/xytron/xycar_ws/install', 'ROS_DISTRO': 'humble', 'LOGNAME': 'xytron', 'NAME': 'BOOK-HJ970BEJVV', 'WSL_INTEROP': '/run/WSL/1634_interop', 'PULSE_SERVER': 'unix:/mnt/wslg/PulseServer', '_': '/usr/bin/colcon', 'ROS_VERSION': '2', 'PKG_CONFIG_PATH': '/home/xytron/2026-kookmin-contest-qualifier/install/ericar_msgs/lib/x86_64-linux-gnu/pkgconfig:/home/xytron/2026-kookmin-contest-qualifier/install/ericar_msgs/lib/pkgconfig:/home/xytron/xycar_ws/install/ericar_msgs/lib/x86_64-linux-gnu/pkgconfig:/home/xytron/xycar_ws/install/ericar_msgs/lib/pkgconfig', 'TERM': 'xterm-256color', 'ROS_LOCALHOST_ONLY': '0', 'PATH': '/opt/ros/humble/bin:/usr/local/sbin:/usr/local/bin:/usr/sbin:/usr/bin:/sbin:/bin:/usr/games:/usr/local/games:/usr/lib/wsl/lib:/mnt/c/Program Files/NVIDIA GPU Computing Toolkit/CUDA/v11.7/bin:/mnt/c/Program Files/NVIDIA GPU Computing Toolkit/CUDA/v11.7/libnvvp:/mnt/c/Windows/system32:/mnt/c/Windows:/mnt/c/Windows/System32/Wbem:/mnt/c/Windows/System32/WindowsPowerShell/v1.0/:/mnt/c/Windows/System32/OpenSSH/:/mnt/c/Program Files/dotnet/:/mnt/c/Program Files/NVIDIA Corporation/Nsight Compute 2022.2.0/:/mnt/c/Program Files (x86)/NVIDIA Corporation/PhysX/Common:/mnt/c/Program Files/nodejs/:/mnt/c/Program Files/Git/cmd:/mnt/c/Program Files/MySQL/MySQL Shell 8.0/bin/:/mnt/c/Users/rnals/AppData/Local/Programs/Python/Launcher/:/mnt/c/Users/rnals/AppData/Local/Microsoft/WindowsApps:/mnt/c/Users/rnals/AppData/Local/Programs/Microsoft VS Code/bin:/mnt/c/Users/rnals/AppData/Roaming/npm:/mnt/c/Users/rnals/AppData/Local/Microsoft/WinGet/Links:/snap/bin', 'WT_SESSION': '0825c1b7-5606-4188-af08-130f95c86ee3', 'XDG_RUNTIME_DIR': '/mnt/wslg/runtime-dir', 'DISPLAY': ':0', 'LANG': 'en_US.UTF-8', 'ROS_DOMAIN_ID': '7', 'AMENT_PREFIX_PATH': '/home/xytron/2026-kookmin-contest-qualifier/install/my_lidar:/home/xytron/2026-kookmin-contest-qualifier/install/my_cam:/home/xytron/2026-kookmin-contest-qualifier/install/main:/home/xytron/2026-kookmin-contest-qualifier/install/kookmin9_viewer:/home/xytron/2026-kookmin-contest-qualifier/install/xycar_msgs:/home/xytron/2026-kookmin-contest-qualifier/install/track_drive:/home/xytron/2026-kookmin-contest-qualifier/install/ros_tcp_endpoint:/home/xytron/2026-kookmin-contest-qualifier/install/perception:/home/xytron/2026-kookmin-contest-qualifier/install/my_motor:/home/xytron/2026-kookmin-contest-qualifier/install/my_imu:/home/xytron/2026-kookmin-contest-qualifier/install/driving:/home/xytron/xycar_ws/install/my_lidar:/home/xytron/xycar_ws/install/my_cam:/home/xytron/xycar_ws/install/main:/home/xytron/xycar_ws/install/kookmin9_viewer:/home/xytron/xycar_ws/install/xycar_msgs:/home/xytron/xycar_ws/install/track_drive:/home/xytron/xycar_ws/install/ros_tcp_endpoint:/home/xytron/xycar_ws/install/perception:/home/xytron/xycar_ws/install/my_motor:/home/xytron/xycar_ws/install/my_imu:/home/xytron/xycar_ws/install/driving:/opt/ros/humble', 'SHELL': '/bin/bash', 'PWD': '/home/xytron/2026-kookmin-contest-qualifier/build/perception', 'XDG_DATA_DIRS': '/usr/local/share:/usr/share:/var/lib/snapd/desktop', 'PYTHONPATH': '/home/xytron/2026-kookmin-contest-qualifier/build/perception/prefix_override:/usr/lib/python3/dist-packages/colcon_core/task/python/colcon_distutils_commands:/home/xytron/2026-kookmin-contest-qualifier/install/perception/lib/python3.10/site-packages:/home/xytron/2026-kookmin-contest-qualifier/build/my_lidar:/home/xytron/2026-kookmin-contest-qualifier/install/my_lidar/lib/python3.10/site-packages:/home/xytron/2026-kookmin-contest-qualifier/build/my_cam:/home/xytron/2026-kookmin-contest-qualifier/install/my_cam/lib/python3.10/site-packages:/home/xytron/2026-kookmin-contest-qualifier/build/main:/home/xytron/2026-kookmin-contest-qualifier/install/main/lib/python3.10/site-packages:/home/xytron/2026-kookmin-contest-qualifier/build/kookmin9_viewer:/home/xytron/2026-kookmin-contest-qualifier/install/kookmin9_viewer/lib/python3.10/site-packages:/home/xytron/2026-kookmin-contest-qualifier/install/xycar_msgs/local/lib/python3.10/dist-packages:/home/xytron/2026-kookmin-contest-qualifier/build/track_drive:/home/xytron/2026-kookmin-contest-qualifier/install/track_drive/lib/python3.10/site-packages:/home/xytron/2026-kookmin-contest-qualifier/build/ros_tcp_endpoint:/home/xytron/2026-kookmin-contest-qualifier/install/ros_tcp_endpoint/lib/python3.10/site-packages:/home/xytron/2026-kookmin-contest-qualifier/build/perception:/home/xytron/2026-kookmin-contest-qualifier/install/perception/lib/python3.10/site-packages:/home/xytron/2026-kookmin-contest-qualifier/build/my_motor:/home/xytron/2026-kookmin-contest-qualifier/install/my_motor/lib/python3.10/site-packages:/home/xytron/2026-kookmin-contest-qualifier/build/my_imu:/home/xytron/2026-kookmin-contest-qualifier/install/my_imu/lib/python3.10/site-packages:/home/xytron/2026-kookmin-contest-qualifier/build/driving:/home/xytron/2026-kookmin-contest-qualifier/install/driving/lib/python3.10/site-packages:/home/xytron/2026-kookmin-contest-qualifier/install/ericar_msgs/local/lib/python3.10/dist-packages:/home/xytron/xycar_ws/build/my_lidar:/home/xytron/xycar_ws/install/my_lidar/lib/python3.10/site-packages:/home/xytron/xycar_ws/build/my_cam:/home/xytron/xycar_ws/install/my_cam/lib/python3.10/site-packages:/home/xytron/xycar_ws/install/main/lib/python3.10/site-packages:/home/xytron/xycar_ws/build/kookmin9_viewer:/home/xytron/xycar_ws/install/kookmin9_viewer/lib/python3.10/site-packages:/home/xytron/xycar_ws/install/xycar_msgs/local/lib/python3.10/dist-packages:/home/xytron/xycar_ws/build/track_drive:/home/xytron/xycar_ws/install/track_drive/lib/python3.10/site-packages:/home/xytron/xycar_ws/build/ros_tcp_endpoint:/home/xytron/xycar_ws/install/ros_tcp_endpoint/lib/python3.10/site-packages:/home/xytron/xycar_ws/build/perception:/home/xytron/xycar_ws/install/perception/lib/python3.10/site-packages:/home/xytron/xycar_ws/build/my_motor:/home/xytron/xycar_ws/install/my_motor/lib/python3.10/site-packages:/home/xytron/xycar_ws/build/my_imu:/home/xytron/xycar_ws/install/my_imu/lib/python3.10/site-packages:/home/xytron/xycar_ws/install/ericar_msgs/local/lib/python3.10/dist-packages:/home/xytron/xycar_ws/install/driving/lib/python3.10/site-packages:/opt/ros/humble/lib/python3.10/site-packages:/opt/ros/humble/local/lib/python3.10/dist-packages', 'COLCON': '1', 'WSL2_GUI_APPS_ENABLED': '1', 'HOSTTYPE': 'x86_64', 'CMAKE_PREFIX_PATH': '/home/xytron/2026-kookmin-contest-qualifier/install/xycar_msgs:/home/xytron/2026-kookmin-contest-qualifier/install/ericar_msgs:/home/xytron/xycar_ws/install/xycar_msgs:/home/xytron/xycar_ws/install/ericar_msgs', 'WSLENV': 'WT_SESSION:WT_PROFILE_ID:'}, 'shell': False}
[0.702585] (-) TimerEvent: {}
[0.802880] (-) TimerEvent: {}
[0.861726] (perception) StdoutLine: {'line': b'running develop\n'}
[0.902998] (-) TimerEvent: {}
[1.003327] (-) TimerEvent: {}
[1.007016] (perception) StdoutLine: {'line': b'running egg_info\n'}
[1.007182] (perception) StdoutLine: {'line': b'creating perception.egg-info\n'}
[1.007338] (perception) StdoutLine: {'line': b'writing perception.egg-info/PKG-INFO\n'}
[1.007559] (perception) StdoutLine: {'line': b'writing dependency_links to perception.egg-info/dependency_links.txt\n'}
[1.007695] (perception) StdoutLine: {'line': b'writing entry points to perception.egg-info/entry_points.txt\n'}
[1.007826] (perception) StdoutLine: {'line': b'writing requirements to perception.egg-info/requires.txt\n'}
[1.007877] (perception) StdoutLine: {'line': b'writing top-level names to perception.egg-info/top_level.txt\n'}
[1.007909] (perception) StdoutLine: {'line': b"writing manifest file 'perception.egg-info/SOURCES.txt'\n"}
[1.009058] (perception) StdoutLine: {'line': b"reading manifest file 'perception.egg-info/SOURCES.txt'\n"}
[1.009472] (perception) StdoutLine: {'line': b"writing manifest file 'perception.egg-info/SOURCES.txt'\n"}
[1.010654] (perception) StdoutLine: {'line': b'running build_ext\n'}
[1.010806] (perception) StdoutLine: {'line': b'Creating /home/xytron/2026-kookmin-contest-qualifier/install/perception/lib/python3.10/site-packages/perception.egg-link (link to .)\n'}
[1.011473] (perception) StdoutLine: {'line': b'Installing perception script to /home/xytron/2026-kookmin-contest-qualifier/install/perception/lib/perception\n'}
[1.011767] (perception) StdoutLine: {'line': b'\n'}
[1.011837] (perception) StdoutLine: {'line': b'Installed /home/xytron/2026-kookmin-contest-qualifier/build/perception\n'}
[1.011879] (perception) StdoutLine: {'line': b'running symlink_data\n'}
[1.011974] (perception) StdoutLine: {'line': b'creating /home/xytron/2026-kookmin-contest-qualifier/install/perception/share/ament_index\n'}
[1.012022] (perception) StdoutLine: {'line': b'creating /home/xytron/2026-kookmin-contest-qualifier/install/perception/share/ament_index/resource_index\n'}
[1.012107] (perception) StdoutLine: {'line': b'creating /home/xytron/2026-kookmin-contest-qualifier/install/perception/share/ament_index/resource_index/packages\n'}
[1.012210] (perception) StdoutLine: {'line': b'symbolically linking /home/xytron/2026-kookmin-contest-qualifier/build/perception/resource/perception -> /home/xytron/2026-kookmin-contest-qualifier/install/perception/share/ament_index/resource_index/packages\n'}
[1.012305] (perception) StdoutLine: {'line': b'symbolically linking /home/xytron/2026-kookmin-contest-qualifier/build/perception/package.xml -> /home/xytron/2026-kookmin-contest-qualifier/install/perception/share/perception\n'}
[1.012413] (perception) StdoutLine: {'line': b'creating /home/xytron/2026-kookmin-contest-qualifier/install/perception/share/perception/launch\n'}
[1.040289] (perception) CommandEnded: {'returncode': 0}
[1.052495] (perception) JobEnded: {'identifier': 'perception', 'rc': 0}
[1.053483] (-) EventReactorShutdown: {}
