[0.228s] DEBUG:colcon:Command line arguments: ['/usr/bin/colcon', 'build', '--symlink-install', '--packages-select', 'perception']
[0.229s] DEBUG:colcon:Parsed command line arguments: Namespace(log_base=None, log_level=None, verb_name='build', build_base='build', install_base='install', merge_install=False, symlink_install=True, test_result_base=None, continue_on_error=False, executor='parallel', parallel_workers=8, event_handlers=None, ignore_user_meta=False, metas=['./colcon.meta'], base_paths=['.'], packages_ignore=None, packages_ignore_regex=None, paths=None, packages_up_to=None, packages_up_to_regex=None, packages_above=None, packages_above_and_dependencies=None, packages_above_depth=None, packages_select_by_dep=None, packages_skip_by_dep=None, packages_skip_up_to=None, packages_select_build_failed=False, packages_skip_build_finished=False, packages_select_test_failures=False, packages_skip_test_passed=False, packages_select=['perception'], packages_skip=None, packages_select_regex=None, packages_skip_regex=None, packages_start=None, packages_end=None, allow_overriding=[], cmake_args=None, cmake_target=None, cmake_target_skip_unavailable=False, cmake_clean_cache=False, cmake_clean_first=False, cmake_force_configure=False, ament_cmake_args=None, catkin_cmake_args=None, catkin_skip_building_tests=False, mixin_files=None, mixin=None, verb_parser=<colcon_mixin.mixin.mixin_argument.MixinArgumentDecorator object at 0x73efa4e8cbb0>, verb_extension=<colcon_core.verb.build.BuildVerb object at 0x73efa4e8c6a0>, main=<bound method BuildVerb.main of <colcon_core.verb.build.BuildVerb object at 0x73efa4e8c6a0>>, mixin_verb=('build',))
[0.384s] Level 1:colcon.colcon_core.package_discovery:discover_packages(colcon_meta) check parameters
[0.386s] Level 1:colcon.colcon_core.package_discovery:discover_packages(recursive) check parameters
[0.386s] Level 1:colcon.colcon_core.package_discovery:discover_packages(ignore) check parameters
[0.386s] Level 1:colcon.colcon_core.package_discovery:discover_packages(path) check parameters
[0.387s] Level 1:colcon.colcon_core.package_discovery:discover_packages(colcon_meta) discover
[0.387s] Level 1:colcon.colcon_core.package_discovery:discover_packages(recursive) discover
[0.388s] INFO:colcon.colcon_core.package_discovery:Crawling recursively for packages in '/home/xytron/2026-kookmin-contest-qualifier'
[0.389s] Level 1:colcon.colcon_core.package_identification:_identify(.) by extensions ['ignore', 'ignore_ament_install']
[0.389s] Level 1:colcon.colcon_core.package_identification:_identify(.) by extension 'ignore'
[0.389s] Level 1:colcon.colcon_core.package_identification:_identify(.) by extension 'ignore_ament_install'
[0.389s] Level 1:colcon.colcon_core.package_identification:_identify(.) by extensions ['colcon_pkg']
[0.389s] Level 1:colcon.colcon_core.package_identification:_identify(.) by extension 'colcon_pkg'
[0.389s] Level 1:colcon.colcon_core.package_identification:_identify(.) by extensions ['colcon_meta']
[0.389s] Level 1:colcon.colcon_core.package_identification:_identify(.) by extension 'colcon_meta'
[0.389s] Level 1:colcon.colcon_core.package_identification:_identify(.) by extensions ['ros']
[0.389s] Level 1:colcon.colcon_core.package_identification:_identify(.) by extension 'ros'
[0.403s] Level 1:colcon.colcon_core.package_identification:_identify(.) by extensions ['cmake', 'python']
[0.403s] Level 1:colcon.colcon_core.package_identification:_identify(.) by extension 'cmake'
[0.404s] Level 1:colcon.colcon_core.package_identification:_identify(.) by extension 'python'
[0.404s] Level 1:colcon.colcon_core.package_identification:_identify(.) by extensions ['python_setup_py']
[0.404s] Level 1:colcon.colcon_core.package_identification:_identify(.) by extension 'python_setup_py'
[0.404s] Level 1:colcon.colcon_core.package_identification:_identify(ROS-TCP-Endpoint-main-ros2) by extensions ['ignore', 'ignore_ament_install']
[0.404s] Level 1:colcon.colcon_core.package_identification:_identify(ROS-TCP-Endpoint-main-ros2) by extension 'ignore'
[0.404s] Level 1:colcon.colcon_core.package_identification:_identify(ROS-TCP-Endpoint-main-ros2) by extension 'ignore_ament_install'
[0.404s] Level 1:colcon.colcon_core.package_identification:_identify(ROS-TCP-Endpoint-main-ros2) by extensions ['colcon_pkg']
[0.404s] Level 1:colcon.colcon_core.package_identification:_identify(ROS-TCP-Endpoint-main-ros2) by extension 'colcon_pkg'
[0.404s] Level 1:colcon.colcon_core.package_identification:_identify(ROS-TCP-Endpoint-main-ros2) by extensions ['colcon_meta']
[0.404s] Level 1:colcon.colcon_core.package_identification:_identify(ROS-TCP-Endpoint-main-ros2) by extension 'colcon_meta'
[0.404s] Level 1:colcon.colcon_core.package_identification:_identify(ROS-TCP-Endpoint-main-ros2) by extensions ['ros']
[0.404s] Level 1:colcon.colcon_core.package_identification:_identify(ROS-TCP-Endpoint-main-ros2) by extension 'ros'
[0.407s] DEBUG:colcon.colcon_core.package_identification:Package 'ROS-TCP-Endpoint-main-ros2' with type 'ros.ament_python' and name 'ros_tcp_endpoint'
[0.407s] Level 1:colcon.colcon_core.package_identification:_identify(build) by extensions ['ignore', 'ignore_ament_install']
[0.407s] Level 1:colcon.colcon_core.package_identification:_identify(build) by extension 'ignore'
[0.407s] Level 1:colcon.colcon_core.package_identification:_identify(build) ignored
[0.407s] Level 1:colcon.colcon_core.package_identification:_identify(ericar) by extensions ['ignore', 'ignore_ament_install']
[0.407s] Level 1:colcon.colcon_core.package_identification:_identify(ericar) by extension 'ignore'
[0.407s] Level 1:colcon.colcon_core.package_identification:_identify(ericar) by extension 'ignore_ament_install'
[0.407s] Level 1:colcon.colcon_core.package_identification:_identify(ericar) by extensions ['colcon_pkg']
[0.407s] Level 1:colcon.colcon_core.package_identification:_identify(ericar) by extension 'colcon_pkg'
[0.407s] Level 1:colcon.colcon_core.package_identification:_identify(ericar) by extensions ['colcon_meta']
[0.407s] Level 1:colcon.colcon_core.package_identification:_identify(ericar) by extension 'colcon_meta'
[0.407s] Level 1:colcon.colcon_core.package_identification:_identify(ericar) by extensions ['ros']
[0.407s] Level 1:colcon.colcon_core.package_identification:_identify(ericar) by extension 'ros'
[0.407s] Level 1:colcon.colcon_core.package_identification:_identify(ericar) by extensions ['cmake', 'python']
[0.407s] Level 1:colcon.colcon_core.package_identification:_identify(ericar) by extension 'cmake'
[0.407s] Level 1:colcon.colcon_core.package_identification:_identify(ericar) by extension 'python'
[0.407s] Level 1:colcon.colcon_core.package_identification:_identify(ericar) by extensions ['python_setup_py']
[0.407s] Level 1:colcon.colcon_core.package_identification:_identify(ericar) by extension 'python_setup_py'
[0.407s] Level 1:colcon.colcon_core.package_identification:_identify(ericar/driving) by extensions ['ignore', 'ignore_ament_install']
[0.407s] Level 1:colcon.colcon_core.package_identification:_identify(ericar/driving) by extension 'ignore'
[0.408s] Level 1:colcon.colcon_core.package_identification:_identify(ericar/driving) by extension 'ignore_ament_install'
[0.408s] Level 1:colcon.colcon_core.package_identification:_identify(ericar/driving) by extensions ['colcon_pkg']
[0.408s] Level 1:colcon.colcon_core.package_identification:_identify(ericar/driving) by extension 'colcon_pkg'
[0.408s] Level 1:colcon.colcon_core.package_identification:_identify(ericar/driving) by extensions ['colcon_meta']
[0.408s] Level 1:colcon.colcon_core.package_identification:_identify(ericar/driving) by extension 'colcon_meta'
[0.408s] Level 1:colcon.colcon_core.package_identification:_identify(ericar/driving) by extensions ['ros']
[0.408s] Level 1:colcon.colcon_core.package_identification:_identify(ericar/driving) by extension 'ros'
[0.408s] DEBUG:colcon.colcon_core.package_identification:Package 'ericar/driving' with type 'ros.ament_python' and name 'driving'
[0.408s] Level 1:colcon.colcon_core.package_identification:_identify(ericar/function) by extensions ['ignore', 'ignore_ament_install']
[0.408s] Level 1:colcon.colcon_core.package_identification:_identify(ericar/function) by extension 'ignore'
[0.408s] Level 1:colcon.colcon_core.package_identification:_identify(ericar/function) by extension 'ignore_ament_install'
[0.408s] Level 1:colcon.colcon_core.package_identification:_identify(ericar/function) by extensions ['colcon_pkg']
[0.408s] Level 1:colcon.colcon_core.package_identification:_identify(ericar/function) by extension 'colcon_pkg'
[0.408s] Level 1:colcon.colcon_core.package_identification:_identify(ericar/function) by extensions ['colcon_meta']
[0.408s] Level 1:colcon.colcon_core.package_identification:_identify(ericar/function) by extension 'colcon_meta'
[0.408s] Level 1:colcon.colcon_core.package_identification:_identify(ericar/function) by extensions ['ros']
[0.408s] Level 1:colcon.colcon_core.package_identification:_identify(ericar/function) by extension 'ros'
[0.409s] DEBUG:colcon.colcon_core.package_identification:Package 'ericar/function' with type 'ros.ament_python' and name 'function'
[0.409s] Level 1:colcon.colcon_core.package_identification:_identify(ericar/main) by extensions ['ignore', 'ignore_ament_install']
[0.409s] Level 1:colcon.colcon_core.package_identification:_identify(ericar/main) by extension 'ignore'
[0.409s] Level 1:colcon.colcon_core.package_identification:_identify(ericar/main) by extension 'ignore_ament_install'
[0.409s] Level 1:colcon.colcon_core.package_identification:_identify(ericar/main) by extensions ['colcon_pkg']
[0.409s] Level 1:colcon.colcon_core.package_identification:_identify(ericar/main) by extension 'colcon_pkg'
[0.409s] Level 1:colcon.colcon_core.package_identification:_identify(ericar/main) by extensions ['colcon_meta']
[0.409s] Level 1:colcon.colcon_core.package_identification:_identify(ericar/main) by extension 'colcon_meta'
[0.409s] Level 1:colcon.colcon_core.package_identification:_identify(ericar/main) by extensions ['ros']
[0.409s] Level 1:colcon.colcon_core.package_identification:_identify(ericar/main) by extension 'ros'
[0.409s] DEBUG:colcon.colcon_core.package_identification:Package 'ericar/main' with type 'ros.ament_python' and name 'main'
[0.409s] Level 1:colcon.colcon_core.package_identification:_identify(ericar/perception) by extensions ['ignore', 'ignore_ament_install']
[0.409s] Level 1:colcon.colcon_core.package_identification:_identify(ericar/perception) by extension 'ignore'
[0.409s] Level 1:colcon.colcon_core.package_identification:_identify(ericar/perception) by extension 'ignore_ament_install'
[0.409s] Level 1:colcon.colcon_core.package_identification:_identify(ericar/perception) by extensions ['colcon_pkg']
[0.410s] Level 1:colcon.colcon_core.package_identification:_identify(ericar/perception) by extension 'colcon_pkg'
[0.410s] Level 1:colcon.colcon_core.package_identification:_identify(ericar/perception) by extensions ['colcon_meta']
[0.410s] Level 1:colcon.colcon_core.package_identification:_identify(ericar/perception) by extension 'colcon_meta'
[0.410s] Level 1:colcon.colcon_core.package_identification:_identify(ericar/perception) by extensions ['ros']
[0.410s] Level 1:colcon.colcon_core.package_identification:_identify(ericar/perception) by extension 'ros'
[0.410s] DEBUG:colcon.colcon_core.package_identification:Package 'ericar/perception' with type 'ros.ament_python' and name 'perception'
[0.410s] Level 1:colcon.colcon_core.package_identification:_identify(install) by extensions ['ignore', 'ignore_ament_install']
[0.411s] Level 1:colcon.colcon_core.package_identification:_identify(install) by extension 'ignore'
[0.411s] Level 1:colcon.colcon_core.package_identification:_identify(install) ignored
[0.411s] Level 1:colcon.colcon_core.package_identification:_identify(kookmin9_viewer) by extensions ['ignore', 'ignore_ament_install']
[0.411s] Level 1:colcon.colcon_core.package_identification:_identify(kookmin9_viewer) by extension 'ignore'
[0.411s] Level 1:colcon.colcon_core.package_identification:_identify(kookmin9_viewer) by extension 'ignore_ament_install'
[0.411s] Level 1:colcon.colcon_core.package_identification:_identify(kookmin9_viewer) by extensions ['colcon_pkg']
[0.411s] Level 1:colcon.colcon_core.package_identification:_identify(kookmin9_viewer) by extension 'colcon_pkg'
[0.411s] Level 1:colcon.colcon_core.package_identification:_identify(kookmin9_viewer) by extensions ['colcon_meta']
[0.411s] Level 1:colcon.colcon_core.package_identification:_identify(kookmin9_viewer) by extension 'colcon_meta'
[0.411s] Level 1:colcon.colcon_core.package_identification:_identify(kookmin9_viewer) by extensions ['ros']
[0.411s] Level 1:colcon.colcon_core.package_identification:_identify(kookmin9_viewer) by extension 'ros'
[0.412s] DEBUG:colcon.colcon_core.package_identification:Package 'kookmin9_viewer' with type 'ros.ament_python' and name 'kookmin9_viewer'
[0.412s] Level 1:colcon.colcon_core.package_identification:_identify(log) by extensions ['ignore', 'ignore_ament_install']
[0.412s] Level 1:colcon.colcon_core.package_identification:_identify(log) by extension 'ignore'
[0.412s] Level 1:colcon.colcon_core.package_identification:_identify(log) ignored
[0.412s] Level 1:colcon.colcon_core.package_identification:_identify(my_cam) by extensions ['ignore', 'ignore_ament_install']
[0.412s] Level 1:colcon.colcon_core.package_identification:_identify(my_cam) by extension 'ignore'
[0.412s] Level 1:colcon.colcon_core.package_identification:_identify(my_cam) by extension 'ignore_ament_install'
[0.412s] Level 1:colcon.colcon_core.package_identification:_identify(my_cam) by extensions ['colcon_pkg']
[0.412s] Level 1:colcon.colcon_core.package_identification:_identify(my_cam) by extension 'colcon_pkg'
[0.412s] Level 1:colcon.colcon_core.package_identification:_identify(my_cam) by extensions ['colcon_meta']
[0.412s] Level 1:colcon.colcon_core.package_identification:_identify(my_cam) by extension 'colcon_meta'
[0.412s] Level 1:colcon.colcon_core.package_identification:_identify(my_cam) by extensions ['ros']
[0.412s] Level 1:colcon.colcon_core.package_identification:_identify(my_cam) by extension 'ros'
[0.413s] DEBUG:colcon.colcon_core.package_identification:Package 'my_cam' with type 'ros.ament_python' and name 'my_cam'
[0.413s] Level 1:colcon.colcon_core.package_identification:_identify(my_imu) by extensions ['ignore', 'ignore_ament_install']
[0.413s] Level 1:colcon.colcon_core.package_identification:_identify(my_imu) by extension 'ignore'
[0.413s] Level 1:colcon.colcon_core.package_identification:_identify(my_imu) by extension 'ignore_ament_install'
[0.413s] Level 1:colcon.colcon_core.package_identification:_identify(my_imu) by extensions ['colcon_pkg']
[0.413s] Level 1:colcon.colcon_core.package_identification:_identify(my_imu) by extension 'colcon_pkg'
[0.413s] Level 1:colcon.colcon_core.package_identification:_identify(my_imu) by extensions ['colcon_meta']
[0.413s] Level 1:colcon.colcon_core.package_identification:_identify(my_imu) by extension 'colcon_meta'
[0.413s] Level 1:colcon.colcon_core.package_identification:_identify(my_imu) by extensions ['ros']
[0.413s] Level 1:colcon.colcon_core.package_identification:_identify(my_imu) by extension 'ros'
[0.413s] DEBUG:colcon.colcon_core.package_identification:Package 'my_imu' with type 'ros.ament_python' and name 'my_imu'
[0.413s] Level 1:colcon.colcon_core.package_identification:_identify(my_lidar) by extensions ['ignore', 'ignore_ament_install']
[0.413s] Level 1:colcon.colcon_core.package_identification:_identify(my_lidar) by extension 'ignore'
[0.413s] Level 1:colcon.colcon_core.package_identification:_identify(my_lidar) by extension 'ignore_ament_install'
[0.413s] Level 1:colcon.colcon_core.package_identification:_identify(my_lidar) by extensions ['colcon_pkg']
[0.413s] Level 1:colcon.colcon_core.package_identification:_identify(my_lidar) by extension 'colcon_pkg'
[0.413s] Level 1:colcon.colcon_core.package_identification:_identify(my_lidar) by extensions ['colcon_meta']
[0.413s] Level 1:colcon.colcon_core.package_identification:_identify(my_lidar) by extension 'colcon_meta'
[0.414s] Level 1:colcon.colcon_core.package_identification:_identify(my_lidar) by extensions ['ros']
[0.414s] Level 1:colcon.colcon_core.package_identification:_identify(my_lidar) by extension 'ros'
[0.414s] DEBUG:colcon.colcon_core.package_identification:Package 'my_lidar' with type 'ros.ament_python' and name 'my_lidar'
[0.414s] Level 1:colcon.colcon_core.package_identification:_identify(my_motor) by extensions ['ignore', 'ignore_ament_install']
[0.414s] Level 1:colcon.colcon_core.package_identification:_identify(my_motor) by extension 'ignore'
[0.414s] Level 1:colcon.colcon_core.package_identification:_identify(my_motor) by extension 'ignore_ament_install'
[0.414s] Level 1:colcon.colcon_core.package_identification:_identify(my_motor) by extensions ['colcon_pkg']
[0.414s] Level 1:colcon.colcon_core.package_identification:_identify(my_motor) by extension 'colcon_pkg'
[0.414s] Level 1:colcon.colcon_core.package_identification:_identify(my_motor) by extensions ['colcon_meta']
[0.414s] Level 1:colcon.colcon_core.package_identification:_identify(my_motor) by extension 'colcon_meta'
[0.414s] Level 1:colcon.colcon_core.package_identification:_identify(my_motor) by extensions ['ros']
[0.414s] Level 1:colcon.colcon_core.package_identification:_identify(my_motor) by extension 'ros'
[0.415s] DEBUG:colcon.colcon_core.package_identification:Package 'my_motor' with type 'ros.ament_python' and name 'my_motor'
[0.415s] Level 1:colcon.colcon_core.package_identification:_identify(track_drive) by extensions ['ignore', 'ignore_ament_install']
[0.415s] Level 1:colcon.colcon_core.package_identification:_identify(track_drive) by extension 'ignore'
[0.415s] Level 1:colcon.colcon_core.package_identification:_identify(track_drive) by extension 'ignore_ament_install'
[0.415s] Level 1:colcon.colcon_core.package_identification:_identify(track_drive) by extensions ['colcon_pkg']
[0.415s] Level 1:colcon.colcon_core.package_identification:_identify(track_drive) by extension 'colcon_pkg'
[0.415s] Level 1:colcon.colcon_core.package_identification:_identify(track_drive) by extensions ['colcon_meta']
[0.415s] Level 1:colcon.colcon_core.package_identification:_identify(track_drive) by extension 'colcon_meta'
[0.415s] Level 1:colcon.colcon_core.package_identification:_identify(track_drive) by extensions ['ros']
[0.415s] Level 1:colcon.colcon_core.package_identification:_identify(track_drive) by extension 'ros'
[0.415s] DEBUG:colcon.colcon_core.package_identification:Package 'track_drive' with type 'ros.ament_python' and name 'track_drive'
[0.415s] Level 1:colcon.colcon_core.package_identification:_identify(xycar_msgs) by extensions ['ignore', 'ignore_ament_install']
[0.415s] Level 1:colcon.colcon_core.package_identification:_identify(xycar_msgs) by extension 'ignore'
[0.415s] Level 1:colcon.colcon_core.package_identification:_identify(xycar_msgs) by extension 'ignore_ament_install'
[0.415s] Level 1:colcon.colcon_core.package_identification:_identify(xycar_msgs) by extensions ['colcon_pkg']
[0.415s] Level 1:colcon.colcon_core.package_identification:_identify(xycar_msgs) by extension 'colcon_pkg'
[0.415s] Level 1:colcon.colcon_core.package_identification:_identify(xycar_msgs) by extensions ['colcon_meta']
[0.415s] Level 1:colcon.colcon_core.package_identification:_identify(xycar_msgs) by extension 'colcon_meta'
[0.415s] Level 1:colcon.colcon_core.package_identification:_identify(xycar_msgs) by extensions ['ros']
[0.415s] Level 1:colcon.colcon_core.package_identification:_identify(xycar_msgs) by extension 'ros'
[0.425s] DEBUG:colcon.colcon_core.package_identification:Package 'xycar_msgs' with type 'ros.ament_cmake' and name 'xycar_msgs'
[0.425s] Level 1:colcon.colcon_core.package_discovery:discover_packages(recursive) using defaults
[0.425s] Level 1:colcon.colcon_core.package_discovery:discover_packages(ignore) discover
[0.425s] Level 1:colcon.colcon_core.package_discovery:discover_packages(ignore) using defaults
[0.426s] Level 1:colcon.colcon_core.package_discovery:discover_packages(path) discover
[0.426s] Level 1:colcon.colcon_core.package_discovery:discover_packages(path) using defaults
[0.455s] INFO:colcon.colcon_core.package_selection:Skipping not selected package 'driving' in 'ericar/driving'
[0.456s] INFO:colcon.colcon_core.package_selection:Skipping not selected package 'my_imu' in 'my_imu'
[0.456s] INFO:colcon.colcon_core.package_selection:Skipping not selected package 'my_motor' in 'my_motor'
[0.456s] INFO:colcon.colcon_core.package_selection:Skipping not selected package 'ros_tcp_endpoint' in 'ROS-TCP-Endpoint-main-ros2'
[0.456s] INFO:colcon.colcon_core.package_selection:Skipping not selected package 'track_drive' in 'track_drive'
[0.456s] INFO:colcon.colcon_core.package_selection:Skipping not selected package 'xycar_msgs' in 'xycar_msgs'
[0.456s] INFO:colcon.colcon_core.package_selection:Skipping not selected package 'function' in 'ericar/function'
[0.456s] INFO:colcon.colcon_core.package_selection:Skipping not selected package 'kookmin9_viewer' in 'kookmin9_viewer'
[0.456s] INFO:colcon.colcon_core.package_selection:Skipping not selected package 'main' in 'ericar/main'
[0.456s] INFO:colcon.colcon_core.package_selection:Skipping not selected package 'my_cam' in 'my_cam'
[0.456s] INFO:colcon.colcon_core.package_selection:Skipping not selected package 'my_lidar' in 'my_lidar'
[0.456s] Level 1:colcon.colcon_core.package_discovery:discover_packages(prefix_path) check parameters
[0.456s] Level 1:colcon.colcon_core.package_discovery:discover_packages(prefix_path) discover
[0.457s] WARNING:colcon.colcon_ros.prefix_path.ament:The path '/home/xytron/2026-kookmin-contest-qualifier/install/my_lidar' in the environment variable AMENT_PREFIX_PATH doesn't exist
[0.457s] WARNING:colcon.colcon_ros.prefix_path.ament:The path '/home/xytron/2026-kookmin-contest-qualifier/install/my_cam' in the environment variable AMENT_PREFIX_PATH doesn't exist
[0.457s] WARNING:colcon.colcon_ros.prefix_path.ament:The path '/home/xytron/2026-kookmin-contest-qualifier/install/main' in the environment variable AMENT_PREFIX_PATH doesn't exist
[0.457s] WARNING:colcon.colcon_ros.prefix_path.ament:The path '/home/xytron/2026-kookmin-contest-qualifier/install/kookmin9_viewer' in the environment variable AMENT_PREFIX_PATH doesn't exist
[0.457s] WARNING:colcon.colcon_ros.prefix_path.ament:The path '/home/xytron/2026-kookmin-contest-qualifier/install/track_drive' in the environment variable AMENT_PREFIX_PATH doesn't exist
[0.457s] WARNING:colcon.colcon_ros.prefix_path.ament:The path '/home/xytron/2026-kookmin-contest-qualifier/install/ros_tcp_endpoint' in the environment variable AMENT_PREFIX_PATH doesn't exist
[0.457s] WARNING:colcon.colcon_ros.prefix_path.ament:The path '/home/xytron/2026-kookmin-contest-qualifier/install/perception' in the environment variable AMENT_PREFIX_PATH doesn't exist
[0.457s] WARNING:colcon.colcon_ros.prefix_path.ament:The path '/home/xytron/2026-kookmin-contest-qualifier/install/my_motor' in the environment variable AMENT_PREFIX_PATH doesn't exist
[0.458s] WARNING:colcon.colcon_ros.prefix_path.ament:The path '/home/xytron/2026-kookmin-contest-qualifier/install/my_imu' in the environment variable AMENT_PREFIX_PATH doesn't exist
[0.458s] WARNING:colcon.colcon_ros.prefix_path.ament:The path '/home/xytron/2026-kookmin-contest-qualifier/install/driving' in the environment variable AMENT_PREFIX_PATH doesn't exist
[0.458s] DEBUG:colcon.colcon_installed_package_information.package_discovery:Found 0 installed packages in /home/xytron/2026-kookmin-contest-qualifier/install
[0.459s] DEBUG:colcon.colcon_installed_package_information.package_discovery:Found 12 installed packages in /home/xytron/xycar_ws/install
[0.459s] DEBUG:colcon.colcon_installed_package_information.package_discovery:Found 273 installed packages in /opt/ros/humble
[0.460s] Level 1:colcon.colcon_core.package_discovery:discover_packages(prefix_path) using defaults
[0.500s] Level 5:colcon.colcon_core.verb:set package 'perception' build argument 'cmake_args' from command line to 'None'
[0.500s] Level 5:colcon.colcon_core.verb:set package 'perception' build argument 'cmake_target' from command line to 'None'
[0.500s] Level 5:colcon.colcon_core.verb:set package 'perception' build argument 'cmake_target_skip_unavailable' from command line to 'False'
[0.500s] Level 5:colcon.colcon_core.verb:set package 'perception' build argument 'cmake_clean_cache' from command line to 'False'
[0.500s] Level 5:colcon.colcon_core.verb:set package 'perception' build argument 'cmake_clean_first' from command line to 'False'
[0.500s] Level 5:colcon.colcon_core.verb:set package 'perception' build argument 'cmake_force_configure' from command line to 'False'
[0.500s] Level 5:colcon.colcon_core.verb:set package 'perception' build argument 'ament_cmake_args' from command line to 'None'
[0.500s] Level 5:colcon.colcon_core.verb:set package 'perception' build argument 'catkin_cmake_args' from command line to 'None'
[0.500s] Level 5:colcon.colcon_core.verb:set package 'perception' build argument 'catkin_skip_building_tests' from command line to 'False'
[0.500s] DEBUG:colcon.colcon_core.verb:Building package 'perception' with the following arguments: {'ament_cmake_args': None, 'build_base': '/home/xytron/2026-kookmin-contest-qualifier/build/perception', 'catkin_cmake_args': None, 'catkin_skip_building_tests': False, 'cmake_args': None, 'cmake_clean_cache': False, 'cmake_clean_first': False, 'cmake_force_configure': False, 'cmake_target': None, 'cmake_target_skip_unavailable': False, 'install_base': '/home/xytron/2026-kookmin-contest-qualifier/install/perception', 'merge_install': False, 'path': '/home/xytron/2026-kookmin-contest-qualifier/ericar/perception', 'symlink_install': True, 'test_result_base': None}
[0.500s] INFO:colcon.colcon_core.executor:Executing jobs using 'parallel' executor
[0.501s] DEBUG:colcon.colcon_parallel_executor.executor.parallel:run_until_complete
[0.501s] INFO:colcon.colcon_ros.task.ament_python.build:Building ROS package in '/home/xytron/2026-kookmin-contest-qualifier/ericar/perception' with build type 'ament_python'
[0.501s] Level 1:colcon.colcon_core.shell:create_environment_hook('perception', 'ament_prefix_path')
[0.504s] INFO:colcon.colcon_core.plugin_system:Skipping extension 'colcon_core.shell.bat': Not used on non-Windows systems
[0.504s] INFO:colcon.colcon_core.shell:Creating environment hook '/home/xytron/2026-kookmin-contest-qualifier/install/perception/share/perception/hook/ament_prefix_path.ps1'
[0.505s] INFO:colcon.colcon_core.shell:Creating environment descriptor '/home/xytron/2026-kookmin-contest-qualifier/install/perception/share/perception/hook/ament_prefix_path.dsv'
[0.506s] INFO:colcon.colcon_core.shell:Creating environment hook '/home/xytron/2026-kookmin-contest-qualifier/install/perception/share/perception/hook/ament_prefix_path.sh'
[0.510s] INFO:colcon.colcon_core.shell:Skip shell extension 'powershell' for command environment: Not usable outside of PowerShell
[0.510s] DEBUG:colcon.colcon_core.shell:Skip shell extension 'dsv' for command environment
[0.756s] INFO:colcon.colcon_core.task.python.build:Building Python package in '/home/xytron/2026-kookmin-contest-qualifier/ericar/perception'
[0.756s] INFO:colcon.colcon_core.shell:Skip shell extension 'powershell' for command environment: Not usable outside of PowerShell
[0.756s] DEBUG:colcon.colcon_core.shell:Skip shell extension 'dsv' for command environment
[1.117s] DEBUG:colcon.colcon_core.event_handler.log_command:Invoking command in '/home/xytron/2026-kookmin-contest-qualifier/build/perception': PYTHONPATH=/home/xytron/2026-kookmin-contest-qualifier/build/perception/prefix_override:/usr/lib/python3/dist-packages/colcon_core/task/python/colcon_distutils_commands:/home/xytron/2026-kookmin-contest-qualifier/install/perception/lib/python3.10/site-packages:${PYTHONPATH} /usr/bin/python3 -W ignore:setup.py install is deprecated -W ignore:easy_install command is deprecated setup.py develop --editable --build-directory /home/xytron/2026-kookmin-contest-qualifier/build/perception/build --no-deps symlink_data
[1.541s] Level 1:colcon.colcon_core.shell:create_environment_hook('perception', 'pythonpath_develop')
[1.541s] DEBUG:colcon.colcon_core.event_handler.log_command:Invoked command in '/home/xytron/2026-kookmin-contest-qualifier/build/perception' returned '0': PYTHONPATH=/home/xytron/2026-kookmin-contest-qualifier/build/perception/prefix_override:/usr/lib/python3/dist-packages/colcon_core/task/python/colcon_distutils_commands:/home/xytron/2026-kookmin-contest-qualifier/install/perception/lib/python3.10/site-packages:${PYTHONPATH} /usr/bin/python3 -W ignore:setup.py install is deprecated -W ignore:easy_install command is deprecated setup.py develop --editable --build-directory /home/xytron/2026-kookmin-contest-qualifier/build/perception/build --no-deps symlink_data
[1.543s] INFO:colcon.colcon_core.shell:Creating environment hook '/home/xytron/2026-kookmin-contest-qualifier/build/perception/share/perception/hook/pythonpath_develop.ps1'
[1.545s] INFO:colcon.colcon_core.shell:Creating environment descriptor '/home/xytron/2026-kookmin-contest-qualifier/build/perception/share/perception/hook/pythonpath_develop.dsv'
[1.545s] INFO:colcon.colcon_core.shell:Creating environment hook '/home/xytron/2026-kookmin-contest-qualifier/build/perception/share/perception/hook/pythonpath_develop.sh'
[1.547s] Level 1:colcon.colcon_core.environment:checking '/home/xytron/2026-kookmin-contest-qualifier/install/perception' for CMake module files
[1.547s] Level 1:colcon.colcon_core.environment:checking '/home/xytron/2026-kookmin-contest-qualifier/install/perception' for CMake config files
[1.548s] Level 1:colcon.colcon_core.environment:checking '/home/xytron/2026-kookmin-contest-qualifier/install/perception/lib'
[1.548s] Level 1:colcon.colcon_core.environment:checking '/home/xytron/2026-kookmin-contest-qualifier/install/perception/bin'
[1.548s] Level 1:colcon.colcon_core.environment:checking '/home/xytron/2026-kookmin-contest-qualifier/install/perception/lib/pkgconfig/perception.pc'
[1.548s] Level 1:colcon.colcon_core.environment:checking '/home/xytron/2026-kookmin-contest-qualifier/install/perception/lib/python3.10/site-packages'
[1.548s] Level 1:colcon.colcon_core.shell:create_environment_hook('perception', 'pythonpath')
[1.548s] INFO:colcon.colcon_core.shell:Creating environment hook '/home/xytron/2026-kookmin-contest-qualifier/install/perception/share/perception/hook/pythonpath.ps1'
[1.548s] INFO:colcon.colcon_core.shell:Creating environment descriptor '/home/xytron/2026-kookmin-contest-qualifier/install/perception/share/perception/hook/pythonpath.dsv'
[1.549s] INFO:colcon.colcon_core.shell:Creating environment hook '/home/xytron/2026-kookmin-contest-qualifier/install/perception/share/perception/hook/pythonpath.sh'
[1.549s] Level 1:colcon.colcon_core.environment:checking '/home/xytron/2026-kookmin-contest-qualifier/install/perception/bin'
[1.549s] Level 1:colcon.colcon_core.environment:create_environment_scripts_only(perception)
[1.550s] INFO:colcon.colcon_core.shell:Creating package script '/home/xytron/2026-kookmin-contest-qualifier/install/perception/share/perception/package.ps1'
[1.551s] INFO:colcon.colcon_core.shell:Creating package descriptor '/home/xytron/2026-kookmin-contest-qualifier/install/perception/share/perception/package.dsv'
[1.551s] INFO:colcon.colcon_core.shell:Creating package script '/home/xytron/2026-kookmin-contest-qualifier/install/perception/share/perception/package.sh'
[1.552s] INFO:colcon.colcon_core.shell:Creating package script '/home/xytron/2026-kookmin-contest-qualifier/install/perception/share/perception/package.bash'
[1.552s] INFO:colcon.colcon_core.shell:Creating package script '/home/xytron/2026-kookmin-contest-qualifier/install/perception/share/perception/package.zsh'
[1.552s] Level 1:colcon.colcon_core.environment:create_file_with_runtime_dependencies(/home/xytron/2026-kookmin-contest-qualifier/install/perception/share/colcon-core/packages/perception)
[1.553s] DEBUG:colcon.colcon_parallel_executor.executor.parallel:closing loop
[1.553s] DEBUG:colcon.colcon_parallel_executor.executor.parallel:loop closed
[1.553s] DEBUG:colcon.colcon_parallel_executor.executor.parallel:run_until_complete finished with '0'
[1.553s] DEBUG:colcon.colcon_core.event_reactor:joining thread
[1.601s] INFO:colcon.colcon_core.plugin_system:Skipping extension 'colcon_notification.desktop_notification.notify_send': Could not find 'notify-send'
[1.602s] INFO:colcon.colcon_core.plugin_system:Skipping extension 'colcon_notification.desktop_notification.terminal_notifier': Not used on non-Darwin systems
[1.602s] INFO:colcon.colcon_core.plugin_system:Skipping extension 'colcon_notification.desktop_notification.win32': Not used on non-Windows systems
[1.602s] INFO:colcon.colcon_notification.desktop_notification:Sending desktop notification using 'notify2'
[1.609s] DEBUG:colcon.colcon_notification.desktop_notification.notify2:Failed to initialize notify2: org.freedesktop.DBus.Error.ServiceUnknown: The name org.freedesktop.Notifications was not provided by any .service files
[1.609s] DEBUG:colcon.colcon_core.event_reactor:joined thread
[1.610s] INFO:colcon.colcon_core.shell:Creating prefix script '/home/xytron/2026-kookmin-contest-qualifier/install/local_setup.ps1'
[1.611s] INFO:colcon.colcon_core.shell:Creating prefix util module '/home/xytron/2026-kookmin-contest-qualifier/install/_local_setup_util_ps1.py'
[1.612s] INFO:colcon.colcon_core.shell:Creating prefix chain script '/home/xytron/2026-kookmin-contest-qualifier/install/setup.ps1'
[1.613s] INFO:colcon.colcon_core.shell:Creating prefix script '/home/xytron/2026-kookmin-contest-qualifier/install/local_setup.sh'
[1.613s] INFO:colcon.colcon_core.shell:Creating prefix util module '/home/xytron/2026-kookmin-contest-qualifier/install/_local_setup_util_sh.py'
[1.613s] INFO:colcon.colcon_core.shell:Creating prefix chain script '/home/xytron/2026-kookmin-contest-qualifier/install/setup.sh'
[1.614s] INFO:colcon.colcon_core.shell:Creating prefix script '/home/xytron/2026-kookmin-contest-qualifier/install/local_setup.bash'
[1.615s] INFO:colcon.colcon_core.shell:Creating prefix chain script '/home/xytron/2026-kookmin-contest-qualifier/install/setup.bash'
[1.616s] INFO:colcon.colcon_core.shell:Creating prefix script '/home/xytron/2026-kookmin-contest-qualifier/install/local_setup.zsh'
[1.616s] INFO:colcon.colcon_core.shell:Creating prefix chain script '/home/xytron/2026-kookmin-contest-qualifier/install/setup.zsh'
