running egg_info
writing ../../build/function/function.egg-info/PKG-INFO
writing dependency_links to ../../build/function/function.egg-info/dependency_links.txt
writing entry points to ../../build/function/function.egg-info/entry_points.txt
writing requirements to ../../build/function/function.egg-info/requires.txt
writing top-level names to ../../build/function/function.egg-info/top_level.txt
reading manifest file '../../build/function/function.egg-info/SOURCES.txt'
writing manifest file '../../build/function/function.egg-info/SOURCES.txt'
running build
running build_py
running install
running install_lib
running install_data
running install_egg_info
removing '/home/xytron/2026-kookmin-contest-qualifier/install/function/lib/python3.10/site-packages/function-0.0.1-py3.10.egg-info' (and everything under it)
Copying ../../build/function/function.egg-info to /home/xytron/2026-kookmin-contest-qualifier/install/function/lib/python3.10/site-packages/function-0.0.1-py3.10.egg-info
running install_scripts
Installing camera_viewer script to /home/xytron/2026-kookmin-contest-qualifier/install/function/lib/function
Installing hsv_tuner script to /home/xytron/2026-kookmin-contest-qualifier/install/function/lib/function
Installing imu_visualizer script to /home/xytron/2026-kookmin-contest-qualifier/install/function/lib/function
Installing lidar_visualizer script to /home/xytron/2026-kookmin-contest-qualifier/install/function/lib/function
Installing manual_control script to /home/xytron/2026-kookmin-contest-qualifier/install/function/lib/function
writing list of installed files to '/home/xytron/2026-kookmin-contest-qualifier/build/function/install.log'
