[1.037s] Invoking command in '/home/xytron/2026-kookmin-contest-qualifier/ericar/driving': PYTHONPATH=/home/xytron/2026-kookmin-contest-qualifier/build/driving/prefix_override:/usr/lib/python3/dist-packages/colcon_core/task/python/colcon_distutils_commands:/home/xytron/2026-kookmin-contest-qualifier/install/driving/lib/python3.10/site-packages:${PYTHONPATH} /usr/bin/python3 -W ignore:setup.py install is deprecated -W ignore:easy_install command is deprecated setup.py egg_info --egg-base ../../build/driving build --build-base /home/xytron/2026-kookmin-contest-qualifier/build/driving/build install --record /home/xytron/2026-kookmin-contest-qualifier/build/driving/install.log --single-version-externally-managed install_data
[1.307s] running egg_info
[1.308s] writing ../../build/driving/driving.egg-info/PKG-INFO
[1.309s] writing dependency_links to ../../build/driving/driving.egg-info/dependency_links.txt
[1.309s] writing entry points to ../../build/driving/driving.egg-info/entry_points.txt
[1.310s] writing requirements to ../../build/driving/driving.egg-info/requires.txt
[1.310s] writing top-level names to ../../build/driving/driving.egg-info/top_level.txt
[1.312s] reading manifest file '../../build/driving/driving.egg-info/SOURCES.txt'
[1.313s] writing manifest file '../../build/driving/driving.egg-info/SOURCES.txt'
[1.313s] running build
[1.313s] running build_py
[1.313s] copying driving/lane_detection.py -> /home/xytron/2026-kookmin-contest-qualifier/build/driving/build/lib/driving
[1.313s] running install
[1.315s] running install_lib
[1.316s] copying /home/xytron/2026-kookmin-contest-qualifier/build/driving/build/lib/driving/lane_detection.py -> /home/xytron/2026-kookmin-contest-qualifier/install/driving/lib/python3.10/site-packages/driving
[1.317s] byte-compiling /home/xytron/2026-kookmin-contest-qualifier/install/driving/lib/python3.10/site-packages/driving/lane_detection.py to lane_detection.cpython-310.pyc
[1.322s] running install_data
[1.322s] running install_egg_info
[1.325s] removing '/home/xytron/2026-kookmin-contest-qualifier/install/driving/lib/python3.10/site-packages/driving-0.0.1-py3.10.egg-info' (and everything under it)
[1.325s] Copying ../../build/driving/driving.egg-info to /home/xytron/2026-kookmin-contest-qualifier/install/driving/lib/python3.10/site-packages/driving-0.0.1-py3.10.egg-info
[1.326s] running install_scripts
[1.351s] Installing driving script to /home/xytron/2026-kookmin-contest-qualifier/install/driving/lib/driving
[1.351s] writing list of installed files to '/home/xytron/2026-kookmin-contest-qualifier/build/driving/install.log'
[1.375s] Invoked command in '/home/xytron/2026-kookmin-contest-qualifier/ericar/driving' returned '0': PYTHONPATH=/home/xytron/2026-kookmin-contest-qualifier/build/driving/prefix_override:/usr/lib/python3/dist-packages/colcon_core/task/python/colcon_distutils_commands:/home/xytron/2026-kookmin-contest-qualifier/install/driving/lib/python3.10/site-packages:${PYTHONPATH} /usr/bin/python3 -W ignore:setup.py install is deprecated -W ignore:easy_install command is deprecated setup.py egg_info --egg-base ../../build/driving build --build-base /home/xytron/2026-kookmin-contest-qualifier/build/driving/build install --record /home/xytron/2026-kookmin-contest-qualifier/build/driving/install.log --single-version-externally-managed install_data
