[2.442s] Invoking command in '/home/xytron/2026-kookmin-contest-qualifier/my_imu': PYTHONPATH=/home/xytron/2026-kookmin-contest-qualifier/build/my_imu/prefix_override:/usr/lib/python3/dist-packages/colcon_core/task/python/colcon_distutils_commands:/home/xytron/2026-kookmin-contest-qualifier/install/my_imu/lib/python3.10/site-packages:${PYTHONPATH} /usr/bin/python3 -W ignore:setup.py install is deprecated -W ignore:easy_install command is deprecated setup.py egg_info --egg-base ../build/my_imu build --build-base /home/xytron/2026-kookmin-contest-qualifier/build/my_imu/build install --record /home/xytron/2026-kookmin-contest-qualifier/build/my_imu/install.log --single-version-externally-managed install_data
[2.772s] running egg_info
[2.773s] writing ../build/my_imu/my_imu.egg-info/PKG-INFO
[2.774s] writing dependency_links to ../build/my_imu/my_imu.egg-info/dependency_links.txt
[2.776s] writing entry points to ../build/my_imu/my_imu.egg-info/entry_points.txt
[2.776s] writing requirements to ../build/my_imu/my_imu.egg-info/requires.txt
[2.776s] writing top-level names to ../build/my_imu/my_imu.egg-info/top_level.txt
[2.778s] reading manifest file '../build/my_imu/my_imu.egg-info/SOURCES.txt'
[2.779s] writing manifest file '../build/my_imu/my_imu.egg-info/SOURCES.txt'
[2.779s] running build
[2.780s] running build_py
[2.780s] running install
[2.781s] running install_lib
[2.783s] running install_data
[2.783s] running install_egg_info
[2.785s] removing '/home/xytron/2026-kookmin-contest-qualifier/install/my_imu/lib/python3.10/site-packages/my_imu-0.0.0-py3.10.egg-info' (and everything under it)
[2.785s] Copying ../build/my_imu/my_imu.egg-info to /home/xytron/2026-kookmin-contest-qualifier/install/my_imu/lib/python3.10/site-packages/my_imu-0.0.0-py3.10.egg-info
[2.792s] running install_scripts
[2.834s] Installing roll_pitch_yaw script to /home/xytron/2026-kookmin-contest-qualifier/install/my_imu/lib/my_imu
[2.841s] writing list of installed files to '/home/xytron/2026-kookmin-contest-qualifier/build/my_imu/install.log'
[2.899s] Invoked command in '/home/xytron/2026-kookmin-contest-qualifier/my_imu' returned '0': PYTHONPATH=/home/xytron/2026-kookmin-contest-qualifier/build/my_imu/prefix_override:/usr/lib/python3/dist-packages/colcon_core/task/python/colcon_distutils_commands:/home/xytron/2026-kookmin-contest-qualifier/install/my_imu/lib/python3.10/site-packages:${PYTHONPATH} /usr/bin/python3 -W ignore:setup.py install is deprecated -W ignore:easy_install command is deprecated setup.py egg_info --egg-base ../build/my_imu build --build-base /home/xytron/2026-kookmin-contest-qualifier/build/my_imu/build install --record /home/xytron/2026-kookmin-contest-qualifier/build/my_imu/install.log --single-version-externally-managed install_data
