[2.919s] Invoking command in '/home/xytron/2026-kookmin-contest-qualifier/build/track_drive': PYTHONPATH=/home/xytron/2026-kookmin-contest-qualifier/build/track_drive/prefix_override:/usr/lib/python3/dist-packages/colcon_core/task/python/colcon_distutils_commands:/home/xytron/2026-kookmin-contest-qualifier/install/track_drive/lib/python3.10/site-packages:${PYTHONPATH} /usr/bin/python3 -W ignore:setup.py install is deprecated -W ignore:easy_install command is deprecated setup.py develop --uninstall --editable --build-directory /home/xytron/2026-kookmin-contest-qualifier/build/track_drive/build
[3.455s] running develop
[3.775s] Removing /home/xytron/2026-kookmin-contest-qualifier/install/track_drive/lib/python3.10/site-packages/track-drive.egg-link (link to .)
[3.839s] Invoked command in '/home/xytron/2026-kookmin-contest-qualifier/build/track_drive' returned '0': PYTHONPATH=/home/xytron/2026-kookmin-contest-qualifier/build/track_drive/prefix_override:/usr/lib/python3/dist-packages/colcon_core/task/python/colcon_distutils_commands:/home/xytron/2026-kookmin-contest-qualifier/install/track_drive/lib/python3.10/site-packages:${PYTHONPATH} /usr/bin/python3 -W ignore:setup.py install is deprecated -W ignore:easy_install command is deprecated setup.py develop --uninstall --editable --build-directory /home/xytron/2026-kookmin-contest-qualifier/build/track_drive/build
[3.844s] Invoking command in '/home/xytron/2026-kookmin-contest-qualifier/track_drive': PYTHONPATH=/home/xytron/2026-kookmin-contest-qualifier/build/track_drive/prefix_override:/usr/lib/python3/dist-packages/colcon_core/task/python/colcon_distutils_commands:/home/xytron/2026-kookmin-contest-qualifier/install/track_drive/lib/python3.10/site-packages:${PYTHONPATH} /usr/bin/python3 -W ignore:setup.py install is deprecated -W ignore:easy_install command is deprecated setup.py egg_info --egg-base ../build/track_drive build --build-base /home/xytron/2026-kookmin-contest-qualifier/build/track_drive/build install --record /home/xytron/2026-kookmin-contest-qualifier/build/track_drive/install.log --single-version-externally-managed install_data --force
[4.374s] running egg_info
[4.374s] writing ../build/track_drive/track_drive.egg-info/PKG-INFO
[4.374s] writing dependency_links to ../build/track_drive/track_drive.egg-info/dependency_links.txt
[4.374s] writing entry points to ../build/track_drive/track_drive.egg-info/entry_points.txt
[4.374s] writing requirements to ../build/track_drive/track_drive.egg-info/requires.txt
[4.374s] writing top-level names to ../build/track_drive/track_drive.egg-info/top_level.txt
[4.374s] reading manifest file '../build/track_drive/track_drive.egg-info/SOURCES.txt'
[4.374s] adding license file 'LICENSE'
[4.375s] writing manifest file '../build/track_drive/track_drive.egg-info/SOURCES.txt'
[4.375s] running build
[4.375s] running build_py
[4.375s] creating /home/xytron/2026-kookmin-contest-qualifier/build/track_drive/build
[4.375s] creating /home/xytron/2026-kookmin-contest-qualifier/build/track_drive/build/lib
[4.375s] creating /home/xytron/2026-kookmin-contest-qualifier/build/track_drive/build/lib/track_drive
[4.375s] copying track_drive/track_drive.py -> /home/xytron/2026-kookmin-contest-qualifier/build/track_drive/build/lib/track_drive
[4.375s] copying track_drive/__init__.py -> /home/xytron/2026-kookmin-contest-qualifier/build/track_drive/build/lib/track_drive
[4.376s] running install
[4.376s] running install_lib
[4.376s] creating /home/xytron/2026-kookmin-contest-qualifier/install/track_drive/lib/python3.10/site-packages/track_drive
[4.376s] copying /home/xytron/2026-kookmin-contest-qualifier/build/track_drive/build/lib/track_drive/track_drive.py -> /home/xytron/2026-kookmin-contest-qualifier/install/track_drive/lib/python3.10/site-packages/track_drive
[4.376s] copying /home/xytron/2026-kookmin-contest-qualifier/build/track_drive/build/lib/track_drive/__init__.py -> /home/xytron/2026-kookmin-contest-qualifier/install/track_drive/lib/python3.10/site-packages/track_drive
[4.376s] byte-compiling /home/xytron/2026-kookmin-contest-qualifier/install/track_drive/lib/python3.10/site-packages/track_drive/track_drive.py to track_drive.cpython-310.pyc
[4.376s] byte-compiling /home/xytron/2026-kookmin-contest-qualifier/install/track_drive/lib/python3.10/site-packages/track_drive/__init__.py to __init__.cpython-310.pyc
[4.376s] running install_data
[4.376s] copying resource/track_drive -> /home/xytron/2026-kookmin-contest-qualifier/install/track_drive/share/ament_index/resource_index/packages
[4.376s] copying package.xml -> /home/xytron/2026-kookmin-contest-qualifier/install/track_drive/share/track_drive
[4.376s] running install_egg_info
[4.376s] Copying ../build/track_drive/track_drive.egg-info to /home/xytron/2026-kookmin-contest-qualifier/install/track_drive/lib/python3.10/site-packages/track_drive-0.0.0-py3.10.egg-info
[4.376s] running install_scripts
[4.389s] Installing track_drive script to /home/xytron/2026-kookmin-contest-qualifier/install/track_drive/lib/track_drive
[4.389s] writing list of installed files to '/home/xytron/2026-kookmin-contest-qualifier/build/track_drive/install.log'
[4.451s] Invoked command in '/home/xytron/2026-kookmin-contest-qualifier/track_drive' returned '0': PYTHONPATH=/home/xytron/2026-kookmin-contest-qualifier/build/track_drive/prefix_override:/usr/lib/python3/dist-packages/colcon_core/task/python/colcon_distutils_commands:/home/xytron/2026-kookmin-contest-qualifier/install/track_drive/lib/python3.10/site-packages:${PYTHONPATH} /usr/bin/python3 -W ignore:setup.py install is deprecated -W ignore:easy_install command is deprecated setup.py egg_info --egg-base ../build/track_drive build --build-base /home/xytron/2026-kookmin-contest-qualifier/build/track_drive/build install --record /home/xytron/2026-kookmin-contest-qualifier/build/track_drive/install.log --single-version-externally-managed install_data --force
