[2.104s] Invoking command in '/home/xytron/2026-kookmin-contest-qualifier/build/driving': PYTHONPATH=/home/xytron/2026-kookmin-contest-qualifier/build/driving/prefix_override:/usr/lib/python3/dist-packages/colcon_core/task/python/colcon_distutils_commands:/home/xytron/2026-kookmin-contest-qualifier/install/driving/lib/python3.10/site-packages:${PYTHONPATH} /usr/bin/python3 -W ignore:setup.py install is deprecated -W ignore:easy_install command is deprecated setup.py develop --editable --build-directory /home/xytron/2026-kookmin-contest-qualifier/build/driving/build --no-deps symlink_data
[2.545s] running develop
[2.778s] running egg_info
[2.779s] creating driving.egg-info
[2.779s] writing driving.egg-info/PKG-INFO
[2.779s] writing dependency_links to driving.egg-info/dependency_links.txt
[2.779s] writing entry points to driving.egg-info/entry_points.txt
[2.779s] writing requirements to driving.egg-info/requires.txt
[2.779s] writing top-level names to driving.egg-info/top_level.txt
[2.779s] writing manifest file 'driving.egg-info/SOURCES.txt'
[2.779s] reading manifest file 'driving.egg-info/SOURCES.txt'
[2.779s] writing manifest file 'driving.egg-info/SOURCES.txt'
[2.779s] running build_ext
[2.779s] Creating /home/xytron/2026-kookmin-contest-qualifier/install/driving/lib/python3.10/site-packages/driving.egg-link (link to .)
[2.779s] Installing driving script to /home/xytron/2026-kookmin-contest-qualifier/install/driving/lib/driving
[2.781s] 
[2.781s] Installed /home/xytron/2026-kookmin-contest-qualifier/build/driving
[2.781s] running symlink_data
[2.781s] creating /home/xytron/2026-kookmin-contest-qualifier/install/driving/share/ament_index
[2.781s] creating /home/xytron/2026-kookmin-contest-qualifier/install/driving/share/ament_index/resource_index
[2.791s] creating /home/xytron/2026-kookmin-contest-qualifier/install/driving/share/ament_index/resource_index/packages
[2.791s] symbolically linking /home/xytron/2026-kookmin-contest-qualifier/build/driving/resource/driving -> /home/xytron/2026-kookmin-contest-qualifier/install/driving/share/ament_index/resource_index/packages
[2.791s] symbolically linking /home/xytron/2026-kookmin-contest-qualifier/build/driving/package.xml -> /home/xytron/2026-kookmin-contest-qualifier/install/driving/share/driving
[2.795s] creating /home/xytron/2026-kookmin-contest-qualifier/install/driving/share/driving/launch
[2.849s] Invoked command in '/home/xytron/2026-kookmin-contest-qualifier/build/driving' returned '0': PYTHONPATH=/home/xytron/2026-kookmin-contest-qualifier/build/driving/prefix_override:/usr/lib/python3/dist-packages/colcon_core/task/python/colcon_distutils_commands:/home/xytron/2026-kookmin-contest-qualifier/install/driving/lib/python3.10/site-packages:${PYTHONPATH} /usr/bin/python3 -W ignore:setup.py install is deprecated -W ignore:easy_install command is deprecated setup.py develop --editable --build-directory /home/xytron/2026-kookmin-contest-qualifier/build/driving/build --no-deps symlink_data
