[2.421s] Invoking command in '/home/xytron/2026-kookmin-contest-qualifier/track_drive': PYTHONPATH=/home/xytron/2026-kookmin-contest-qualifier/build/track_drive/prefix_override:/usr/lib/python3/dist-packages/colcon_core/task/python/colcon_distutils_commands:/home/xytron/2026-kookmin-contest-qualifier/install/track_drive/lib/python3.10/site-packages:${PYTHONPATH} /usr/bin/python3 -W ignore:setup.py install is deprecated -W ignore:easy_install command is deprecated setup.py egg_info --egg-base ../build/track_drive build --build-base /home/xytron/2026-kookmin-contest-qualifier/build/track_drive/build install --record /home/xytron/2026-kookmin-contest-qualifier/build/track_drive/install.log --single-version-externally-managed install_data
[2.785s] running egg_info
[2.785s] writing ../build/track_drive/track_drive.egg-info/PKG-INFO
[2.785s] writing dependency_links to ../build/track_drive/track_drive.egg-info/dependency_links.txt
[2.785s] writing entry points to ../build/track_drive/track_drive.egg-info/entry_points.txt
[2.785s] writing requirements to ../build/track_drive/track_drive.egg-info/requires.txt
[2.785s] writing top-level names to ../build/track_drive/track_drive.egg-info/top_level.txt
[2.785s] reading manifest file '../build/track_drive/track_drive.egg-info/SOURCES.txt'
[2.785s] adding license file 'LICENSE'
[2.787s] writing manifest file '../build/track_drive/track_drive.egg-info/SOURCES.txt'
[2.787s] running build
[2.787s] running build_py
[2.788s] running install
[2.788s] running install_lib
[2.804s] running install_data
[2.804s] running install_egg_info
[2.804s] removing '/home/xytron/2026-kookmin-contest-qualifier/install/track_drive/lib/python3.10/site-packages/track_drive-0.0.0-py3.10.egg-info' (and everything under it)
[2.804s] Copying ../build/track_drive/track_drive.egg-info to /home/xytron/2026-kookmin-contest-qualifier/install/track_drive/lib/python3.10/site-packages/track_drive-0.0.0-py3.10.egg-info
[2.804s] running install_scripts
[2.859s] Installing track_drive script to /home/xytron/2026-kookmin-contest-qualifier/install/track_drive/lib/track_drive
[2.860s] writing list of installed files to '/home/xytron/2026-kookmin-contest-qualifier/build/track_drive/install.log'
[2.947s] Invoked command in '/home/xytron/2026-kookmin-contest-qualifier/track_drive' returned '0': PYTHONPATH=/home/xytron/2026-kookmin-contest-qualifier/build/track_drive/prefix_override:/usr/lib/python3/dist-packages/colcon_core/task/python/colcon_distutils_commands:/home/xytron/2026-kookmin-contest-qualifier/install/track_drive/lib/python3.10/site-packages:${PYTHONPATH} /usr/bin/python3 -W ignore:setup.py install is deprecated -W ignore:easy_install command is deprecated setup.py egg_info --egg-base ../build/track_drive build --build-base /home/xytron/2026-kookmin-contest-qualifier/build/track_drive/build install --record /home/xytron/2026-kookmin-contest-qualifier/build/track_drive/install.log --single-version-externally-managed install_data
