[2.604s] Invoking command in '/home/xytron/2026-kookmin-contest-qualifier/track_drive': PYTHONPATH=/home/xytron/2026-kookmin-contest-qualifier/build/track_drive/prefix_override:/usr/lib/python3/dist-packages/colcon_core/task/python/colcon_distutils_commands:/home/xytron/2026-kookmin-contest-qualifier/install/track_drive/lib/python3.10/site-packages:${PYTHONPATH} /usr/bin/python3 -W ignore:setup.py install is deprecated -W ignore:easy_install command is deprecated setup.py egg_info --egg-base ../build/track_drive build --build-base /home/xytron/2026-kookmin-contest-qualifier/build/track_drive/build install --record /home/xytron/2026-kookmin-contest-qualifier/build/track_drive/install.log --single-version-externally-managed install_data
[2.997s] running egg_info
[2.997s] writing ../build/track_drive/track_drive.egg-info/PKG-INFO
[2.997s] writing dependency_links to ../build/track_drive/track_drive.egg-info/dependency_links.txt
[2.997s] writing entry points to ../build/track_drive/track_drive.egg-info/entry_points.txt
[2.998s] writing requirements to ../build/track_drive/track_drive.egg-info/requires.txt
[3.007s] writing top-level names to ../build/track_drive/track_drive.egg-info/top_level.txt
[3.007s] reading manifest file '../build/track_drive/track_drive.egg-info/SOURCES.txt'
[3.019s] adding license file 'LICENSE'
[3.020s] writing manifest file '../build/track_drive/track_drive.egg-info/SOURCES.txt'
[3.020s] running build
[3.020s] running build_py
[3.020s] running install
[3.020s] running install_lib
[3.020s] running install_data
[3.020s] running install_egg_info
[3.020s] removing '/home/xytron/2026-kookmin-contest-qualifier/install/track_drive/lib/python3.10/site-packages/track_drive-0.0.0-py3.10.egg-info' (and everything under it)
[3.020s] Copying ../build/track_drive/track_drive.egg-info to /home/xytron/2026-kookmin-contest-qualifier/install/track_drive/lib/python3.10/site-packages/track_drive-0.0.0-py3.10.egg-info
[3.021s] running install_scripts
[3.058s] Installing track_drive script to /home/xytron/2026-kookmin-contest-qualifier/install/track_drive/lib/track_drive
[3.059s] writing list of installed files to '/home/xytron/2026-kookmin-contest-qualifier/build/track_drive/install.log'
[3.108s] Invoked command in '/home/xytron/2026-kookmin-contest-qualifier/track_drive' returned '0': PYTHONPATH=/home/xytron/2026-kookmin-contest-qualifier/build/track_drive/prefix_override:/usr/lib/python3/dist-packages/colcon_core/task/python/colcon_distutils_commands:/home/xytron/2026-kookmin-contest-qualifier/install/track_drive/lib/python3.10/site-packages:${PYTHONPATH} /usr/bin/python3 -W ignore:setup.py install is deprecated -W ignore:easy_install command is deprecated setup.py egg_info --egg-base ../build/track_drive build --build-base /home/xytron/2026-kookmin-contest-qualifier/build/track_drive/build install --record /home/xytron/2026-kookmin-contest-qualifier/build/track_drive/install.log --single-version-externally-managed install_data
