[0.795s] Invoking command in '/home/xytron/2026-kookmin-contest-qualifier/ericar/main': AMENT_PREFIX_PATH=/home/xytron/2026-kookmin-contest-qualifier/install/xycar_msgs:${AMENT_PREFIX_PATH} CMAKE_PREFIX_PATH=/home/xytron/2026-kookmin-contest-qualifier/install/xycar_msgs:${CMAKE_PREFIX_PATH} LD_LIBRARY_PATH=/home/xytron/2026-kookmin-contest-qualifier/install/xycar_msgs/lib:${LD_LIBRARY_PATH} PYTHONPATH=/home/xytron/2026-kookmin-contest-qualifier/build/main/prefix_override:/usr/lib/python3/dist-packages/colcon_core/task/python/colcon_distutils_commands:/home/xytron/2026-kookmin-contest-qualifier/install/main/lib/python3.10/site-packages:/home/xytron/2026-kookmin-contest-qualifier/install/xycar_msgs/local/lib/python3.10/dist-packages:${PYTHONPATH} /usr/bin/python3 -W ignore:setup.py install is deprecated -W ignore:easy_install command is deprecated setup.py egg_info --egg-base ../../build/main build --build-base /home/xytron/2026-kookmin-contest-qualifier/build/main/build install --record /home/xytron/2026-kookmin-contest-qualifier/build/main/install.log --single-version-externally-managed install_data
[0.995s] running egg_info
[0.996s] writing ../../build/main/main.egg-info/PKG-INFO
[0.997s] writing dependency_links to ../../build/main/main.egg-info/dependency_links.txt
[0.997s] writing entry points to ../../build/main/main.egg-info/entry_points.txt
[0.997s] writing requirements to ../../build/main/main.egg-info/requires.txt
[0.997s] writing top-level names to ../../build/main/main.egg-info/top_level.txt
[0.999s] reading manifest file '../../build/main/main.egg-info/SOURCES.txt'
[1.001s] writing manifest file '../../build/main/main.egg-info/SOURCES.txt'
[1.001s] running build
[1.001s] running build_py
[1.001s] copying main/control.py -> /home/xytron/2026-kookmin-contest-qualifier/build/main/build/lib/main
[1.001s] running install
[1.002s] running install_lib
[1.003s] copying /home/xytron/2026-kookmin-contest-qualifier/build/main/build/lib/main/control.py -> /home/xytron/2026-kookmin-contest-qualifier/install/main/lib/python3.10/site-packages/main
[1.004s] byte-compiling /home/xytron/2026-kookmin-contest-qualifier/install/main/lib/python3.10/site-packages/main/control.py to control.cpython-310.pyc
[1.005s] running install_data
[1.005s] running install_egg_info
[1.007s] removing '/home/xytron/2026-kookmin-contest-qualifier/install/main/lib/python3.10/site-packages/main-0.0.1-py3.10.egg-info' (and everything under it)
[1.007s] Copying ../../build/main/main.egg-info to /home/xytron/2026-kookmin-contest-qualifier/install/main/lib/python3.10/site-packages/main-0.0.1-py3.10.egg-info
[1.008s] running install_scripts
[1.028s] Installing control script to /home/xytron/2026-kookmin-contest-qualifier/install/main/lib/main
[1.028s] Installing main script to /home/xytron/2026-kookmin-contest-qualifier/install/main/lib/main
[1.028s] writing list of installed files to '/home/xytron/2026-kookmin-contest-qualifier/build/main/install.log'
[1.047s] Invoked command in '/home/xytron/2026-kookmin-contest-qualifier/ericar/main' returned '0': AMENT_PREFIX_PATH=/home/xytron/2026-kookmin-contest-qualifier/install/xycar_msgs:${AMENT_PREFIX_PATH} CMAKE_PREFIX_PATH=/home/xytron/2026-kookmin-contest-qualifier/install/xycar_msgs:${CMAKE_PREFIX_PATH} LD_LIBRARY_PATH=/home/xytron/2026-kookmin-contest-qualifier/install/xycar_msgs/lib:${LD_LIBRARY_PATH} PYTHONPATH=/home/xytron/2026-kookmin-contest-qualifier/build/main/prefix_override:/usr/lib/python3/dist-packages/colcon_core/task/python/colcon_distutils_commands:/home/xytron/2026-kookmin-contest-qualifier/install/main/lib/python3.10/site-packages:/home/xytron/2026-kookmin-contest-qualifier/install/xycar_msgs/local/lib/python3.10/dist-packages:${PYTHONPATH} /usr/bin/python3 -W ignore:setup.py install is deprecated -W ignore:easy_install command is deprecated setup.py egg_info --egg-base ../../build/main build --build-base /home/xytron/2026-kookmin-contest-qualifier/build/main/build install --record /home/xytron/2026-kookmin-contest-qualifier/build/main/install.log --single-version-externally-managed install_data
