[0.000000] (-) TimerEvent: {}
[0.000142] (-) JobUnselected: {'identifier': 'function'}
[0.000160] (-) JobUnselected: {'identifier': 'kookmin9_viewer'}
[0.000170] (-) JobUnselected: {'identifier': 'my_cam'}
[0.000177] (-) JobUnselected: {'identifier': 'my_imu'}
[0.000184] (-) JobUnselected: {'identifier': 'my_lidar'}
[0.000191] (-) JobUnselected: {'identifier': 'my_motor'}
[0.000198] (-) JobUnselected: {'identifier': 'perception'}
[0.000207] (-) JobUnselected: {'identifier': 'ros_tcp_endpoint'}
[0.000216] (-) JobUnselected: {'identifier': 'track_drive'}
[0.000223] (-) JobUnselected: {'identifier': 'xycar_msgs'}
[0.000231] (driving) JobQueued: {'identifier': 'driving', 'dependencies': OrderedDict()}
[0.000241] (main) JobQueued: {'identifier': 'main', 'dependencies': OrderedDict([('xycar_msgs', '/home/xytron/2026-kookmin-contest-qualifier/install/xycar_msgs')])}
[0.000948] (driving) JobStarted: {'identifier': 'driving'}
[0.008446] (main) JobStarted: {'identifier': 'main'}
[0.099838] (-) TimerEvent: {}
[0.200152] (-) TimerEvent: {}
[0.300472] (-) TimerEvent: {}
[0.400833] (-) TimerEvent: {}
[0.501251] (-) TimerEvent: {}
[0.601549] (-) TimerEvent: {}
[0.668871] (driving) Command: {'cmd': ['/usr/bin/python3', '-W', 'ignore:setup.py install is deprecated', '-W', 'ignore:easy_install command is deprecated', 'setup.py', 'egg_info', '--egg-base', '../../build/driving', 'build', '--build-base', '/home/xytron/2026-kookmin-contest-qualifier/build/driving/build', 'install', '--record', '/home/xytron/2026-kookmin-contest-qualifier/build/driving/install.log', '--single-version-externally-managed', 'install_data'], 'cwd': '/home/xytron/2026-kookmin-contest-qualifier/ericar/driving', 'env': {'USER': 'xytron', 'ROS_NAMESPACE': 'xycar', 'ROS_PACKAGE_PATH': '/home/xytron/xycar_ws/install/ericar_msgs/share', 'SHLVL': '1', 'LD_LIBRARY_PATH': '/home/xytron/xycar_ws/install/xycar_msgs/lib:/home/xytron/xycar_ws/install/ericar_msgs/lib:/opt/ros/humble/opt/rviz_ogre_vendor/lib:/opt/ros/humble/lib/x86_64-linux-gnu:/opt/ros/humble/lib', 'HOME': '/home/xytron', 'OLDPWD': '/home/xytron/2026-kookmin-contest-qualifier', 'ROS_PYTHON_VERSION': '3', 'WSL_DISTRO_NAME': 'Ubuntu-22.04', '_colcon_cd_root': '/home/xytron/xycar_ws', 'WAYLAND_DISPLAY': 'wayland-0', 'COLCON_PREFIX_PATH': '/home/xytron/xycar_ws/install', 'ROS_DISTRO': 'humble', 'LOGNAME': 'xytron', 'NAME': 'BOOK-HJ970BEJVV', 'WSL_INTEROP': '/run/WSL/9_interop', 'PULSE_SERVER': 'unix:/mnt/wslg/PulseServer', '_': '/usr/bin/colcon', 'ROS_VERSION': '2', 'PKG_CONFIG_PATH': '/home/xytron/xycar_ws/install/ericar_msgs/lib/x86_64-linux-gnu/pkgconfig:/home/xytron/xycar_ws/install/ericar_msgs/lib/pkgconfig', 'TERM': 'xterm-256color', 'ROS_LOCALHOST_ONLY': '0', 'PATH': '/opt/ros/humble/bin:/usr/local/sbin:/usr/local/bin:/usr/sbin:/usr/bin:/sbin:/bin:/usr/games:/usr/local/games:/usr/lib/wsl/lib:/mnt/c/Program Files/WindowsApps/MicrosoftCorporationII.WindowsSubsystemForLinux_2.6.3.0_x64__8wekyb3d8bbwe:/mnt/c/Program Files/NVIDIA GPU Computing Toolkit/CUDA/v11.7/bin:/mnt/c/Program Files/NVIDIA GPU Computing Toolkit/CUDA/v11.7/libnvvp:/mnt/c/Windows/system32:/mnt/c/Windows:/mnt/c/Windows/System32/Wbem:/mnt/c/Windows/System32/WindowsPowerShell/v1.0/:/mnt/c/Windows/System32/OpenSSH/:/mnt/c/Program Files/dotnet/:/mnt/c/Program Files/NVIDIA Corporation/Nsight Compute 2022.2.0/:/mnt/c/Program Files (x86)/NVIDIA Corporation/PhysX/Common:/mnt/c/Program Files/nodejs/:/mnt/c/Program Files/Git/cmd:/mnt/c/Program Files/MySQL/MySQL Shell 8.0/bin/:/mnt/c/Users/rnals/AppData/Local/Programs/Python/Launcher/:/mnt/c/Users/rnals/AppData/Local/Microsoft/WindowsApps:/mnt/c/Users/rnals/AppData/Local/Programs/Microsoft VS Code/bin:/mnt/c/Users/rnals/AppData/Roaming/npm:/mnt/c/Users/rnals/AppData/Local/Microsoft/WinGet/Links:/snap/bin', 'XDG_RUNTIME_DIR': '/mnt/wslg/runtime-dir', 'DISPLAY': ':0', 'LANG': 'en_US.UTF-8', 'ROS_DOMAIN_ID': '7', 'AMENT_PREFIX_PATH': '/home/xytron/xycar_ws/install/my_lidar:/home/xytron/xycar_ws/install/my_cam:/home/xytron/xycar_ws/install/main:/home/xytron/xycar_ws/install/kookmin9_viewer:/home/xytron/xycar_ws/install/xycar_msgs:/home/xytron/xycar_ws/install/track_drive:/home/xytron/xycar_ws/install/ros_tcp_endpoint:/home/xytron/xycar_ws/install/perception:/home/xytron/xycar_ws/install/my_motor:/home/xytron/xycar_ws/install/my_imu:/home/xytron/xycar_ws/install/driving:/opt/ros/humble', 'SHELL': '/bin/bash', 'PWD': '/home/xytron/2026-kookmin-contest-qualifier/build/driving', 'XDG_DATA_DIRS': '/usr/local/share:/usr/share:/var/lib/snapd/desktop', 'PYTHONPATH': '/home/xytron/2026-kookmin-contest-qualifier/build/driving/prefix_override:/usr/lib/python3/dist-packages/colcon_core/task/python/colcon_distutils_commands:/home/xytron/2026-kookmin-contest-qualifier/install/driving/lib/python3.10/site-packages:/home/xytron/xycar_ws/build/my_lidar:/home/xytron/xycar_ws/install/my_lidar/lib/python3.10/site-packages:/home/xytron/xycar_ws/build/my_cam:/home/xytron/xycar_ws/install/my_cam/lib/python3.10/site-packages:/home/xytron/xycar_ws/install/main/lib/python3.10/site-packages:/home/xytron/xycar_ws/build/kookmin9_viewer:/home/xytron/xycar_ws/install/kookmin9_viewer/lib/python3.10/site-packages:/home/xytron/xycar_ws/install/xycar_msgs/local/lib/python3.10/dist-packages:/home/xytron/xycar_ws/build/track_drive:/home/xytron/xycar_ws/install/track_drive/lib/python3.10/site-packages:/home/xytron/xycar_ws/build/ros_tcp_endpoint:/home/xytron/xycar_ws/install/ros_tcp_endpoint/lib/python3.10/site-packages:/home/xytron/xycar_ws/build/perception:/home/xytron/xycar_ws/install/perception/lib/python3.10/site-packages:/home/xytron/xycar_ws/build/my_motor:/home/xytron/xycar_ws/install/my_motor/lib/python3.10/site-packages:/home/xytron/xycar_ws/build/my_imu:/home/xytron/xycar_ws/install/my_imu/lib/python3.10/site-packages:/home/xytron/xycar_ws/install/ericar_msgs/local/lib/python3.10/dist-packages:/home/xytron/xycar_ws/install/driving/lib/python3.10/site-packages:/opt/ros/humble/lib/python3.10/site-packages:/opt/ros/humble/local/lib/python3.10/dist-packages', 'COLCON': '1', 'WSL2_GUI_APPS_ENABLED': '1', 'HOSTTYPE': 'x86_64', 'CMAKE_PREFIX_PATH': '/home/xytron/xycar_ws/install/xycar_msgs:/home/xytron/xycar_ws/install/ericar_msgs', 'WSLENV': ''}, 'shell': False}
[0.701682] (-) TimerEvent: {}
[0.737876] (main) Command: {'cmd': ['/usr/bin/python3', '-W', 'ignore:setup.py install is deprecated', '-W', 'ignore:easy_install command is deprecated', 'setup.py', 'egg_info', '--egg-base', '../../build/main', 'build', '--build-base', '/home/xytron/2026-kookmin-contest-qualifier/build/main/build', 'install', '--record', '/home/xytron/2026-kookmin-contest-qualifier/build/main/install.log', '--single-version-externally-managed', 'install_data'], 'cwd': '/home/xytron/2026-kookmin-contest-qualifier/ericar/main', 'env': {'USER': 'xytron', 'ROS_NAMESPACE': 'xycar', 'ROS_PACKAGE_PATH': '/home/xytron/xycar_ws/install/ericar_msgs/share', 'SHLVL': '1', 'LD_LIBRARY_PATH': '/home/xytron/2026-kookmin-contest-qualifier/install/xycar_msgs/lib:/home/xytron/xycar_ws/install/xycar_msgs/lib:/home/xytron/xycar_ws/install/ericar_msgs/lib:/opt/ros/humble/opt/rviz_ogre_vendor/lib:/opt/ros/humble/lib/x86_64-linux-gnu:/opt/ros/humble/lib', 'HOME': '/home/xytron', 'OLDPWD': '/home/xytron/2026-kookmin-contest-qualifier', 'ROS_PYTHON_VERSION': '3', 'WSL_DISTRO_NAME': 'Ubuntu-22.04', '_colcon_cd_root': '/home/xytron/xycar_ws', 'WAYLAND_DISPLAY': 'wayland-0', 'COLCON_PREFIX_PATH': '/home/xytron/xycar_ws/install', 'ROS_DISTRO': 'humble', 'LOGNAME': 'xytron', 'NAME': 'BOOK-HJ970BEJVV', 'WSL_INTEROP': '/run/WSL/9_interop', 'PULSE_SERVER': 'unix:/mnt/wslg/PulseServer', '_': '/usr/bin/colcon', 'ROS_VERSION': '2', 'PKG_CONFIG_PATH': '/home/xytron/xycar_ws/install/ericar_msgs/lib/x86_64-linux-gnu/pkgconfig:/home/xytron/xycar_ws/install/ericar_msgs/lib/pkgconfig', 'TERM': 'xterm-256color', 'ROS_LOCALHOST_ONLY': '0', 'PATH': '/opt/ros/humble/bin:/usr/local/sbin:/usr/local/bin:/usr/sbin:/usr/bin:/sbin:/bin:/usr/games:/usr/local/games:/usr/lib/wsl/lib:/mnt/c/Program Files/WindowsApps/MicrosoftCorporationII.WindowsSubsystemForLinux_2.6.3.0_x64__8wekyb3d8bbwe:/mnt/c/Program Files/NVIDIA GPU Computing Toolkit/CUDA/v11.7/bin:/mnt/c/Program Files/NVIDIA GPU Computing Toolkit/CUDA/v11.7/libnvvp:/mnt/c/Windows/system32:/mnt/c/Windows:/mnt/c/Windows/System32/Wbem:/mnt/c/Windows/System32/WindowsPowerShell/v1.0/:/mnt/c/Windows/System32/OpenSSH/:/mnt/c/Program Files/dotnet/:/mnt/c/Program Files/NVIDIA Corporation/Nsight Compute 2022.2.0/:/mnt/c/Program Files (x86)/NVIDIA Corporation/PhysX/Common:/mnt/c/Program Files/nodejs/:/mnt/c/Program Files/Git/cmd:/mnt/c/Program Files/MySQL/MySQL Shell 8.0/bin/:/mnt/c/Users/rnals/AppData/Local/Programs/Python/Launcher/:/mnt/c/Users/rnals/AppData/Local/Microsoft/WindowsApps:/mnt/c/Users/rnals/AppData/Local/Programs/Microsoft VS Code/bin:/mnt/c/Users/rnals/AppData/Roaming/npm:/mnt/c/Users/rnals/AppData/Local/Microsoft/WinGet/Links:/snap/bin', 'XDG_RUNTIME_DIR': '/mnt/wslg/runtime-dir', 'DISPLAY': ':0', 'LANG': 'en_US.UTF-8', 'ROS_DOMAIN_ID': '7', 'AMENT_PREFIX_PATH': '/home/xytron/2026-kookmin-contest-qualifier/install/xycar_msgs:/home/xytron/xycar_ws/install/my_lidar:/home/xytron/xycar_ws/install/my_cam:/home/xytron/xycar_ws/install/main:/home/xytron/xycar_ws/install/kookmin9_viewer:/home/xytron/xycar_ws/install/xycar_msgs:/home/xytron/xycar_ws/install/track_drive:/home/xytron/xycar_ws/install/ros_tcp_endpoint:/home/xytron/xycar_ws/install/perception:/home/xytron/xycar_ws/install/my_motor:/home/xytron/xycar_ws/install/my_imu:/home/xytron/xycar_ws/install/driving:/opt/ros/humble', 'SHELL': '/bin/bash', 'PWD': '/home/xytron/2026-kookmin-contest-qualifier/build/main', 'XDG_DATA_DIRS': '/usr/local/share:/usr/share:/var/lib/snapd/desktop', 'PYTHONPATH': '/home/xytron/2026-kookmin-contest-qualifier/build/main/prefix_override:/usr/lib/python3/dist-packages/colcon_core/task/python/colcon_distutils_commands:/home/xytron/2026-kookmin-contest-qualifier/install/main/lib/python3.10/site-packages:/home/xytron/2026-kookmin-contest-qualifier/install/xycar_msgs/local/lib/python3.10/dist-packages:/home/xytron/xycar_ws/build/my_lidar:/home/xytron/xycar_ws/install/my_lidar/lib/python3.10/site-packages:/home/xytron/xycar_ws/build/my_cam:/home/xytron/xycar_ws/install/my_cam/lib/python3.10/site-packages:/home/xytron/xycar_ws/install/main/lib/python3.10/site-packages:/home/xytron/xycar_ws/build/kookmin9_viewer:/home/xytron/xycar_ws/install/kookmin9_viewer/lib/python3.10/site-packages:/home/xytron/xycar_ws/install/xycar_msgs/local/lib/python3.10/dist-packages:/home/xytron/xycar_ws/build/track_drive:/home/xytron/xycar_ws/install/track_drive/lib/python3.10/site-packages:/home/xytron/xycar_ws/build/ros_tcp_endpoint:/home/xytron/xycar_ws/install/ros_tcp_endpoint/lib/python3.10/site-packages:/home/xytron/xycar_ws/build/perception:/home/xytron/xycar_ws/install/perception/lib/python3.10/site-packages:/home/xytron/xycar_ws/build/my_motor:/home/xytron/xycar_ws/install/my_motor/lib/python3.10/site-packages:/home/xytron/xycar_ws/build/my_imu:/home/xytron/xycar_ws/install/my_imu/lib/python3.10/site-packages:/home/xytron/xycar_ws/install/ericar_msgs/local/lib/python3.10/dist-packages:/home/xytron/xycar_ws/install/driving/lib/python3.10/site-packages:/opt/ros/humble/lib/python3.10/site-packages:/opt/ros/humble/local/lib/python3.10/dist-packages', 'COLCON': '1', 'WSL2_GUI_APPS_ENABLED': '1', 'HOSTTYPE': 'x86_64', 'CMAKE_PREFIX_PATH': '/home/xytron/2026-kookmin-contest-qualifier/install/xycar_msgs:/home/xytron/xycar_ws/install/xycar_msgs:/home/xytron/xycar_ws/install/ericar_msgs', 'WSLENV': ''}, 'shell': False}
[0.801812] (-) TimerEvent: {}
[0.852288] (driving) StdoutLine: {'line': b'running egg_info\n'}
[0.852752] (driving) StdoutLine: {'line': b'writing ../../build/driving/driving.egg-info/PKG-INFO\n'}
[0.853005] (driving) StdoutLine: {'line': b'writing dependency_links to ../../build/driving/driving.egg-info/dependency_links.txt\n'}
[0.853230] (driving) StdoutLine: {'line': b'writing entry points to ../../build/driving/driving.egg-info/entry_points.txt\n'}
[0.853394] (driving) StdoutLine: {'line': b'writing requirements to ../../build/driving/driving.egg-info/requires.txt\n'}
[0.853455] (driving) StdoutLine: {'line': b'writing top-level names to ../../build/driving/driving.egg-info/top_level.txt\n'}
[0.854644] (driving) StdoutLine: {'line': b"reading manifest file '../../build/driving/driving.egg-info/SOURCES.txt'\n"}
[0.855192] (driving) StdoutLine: {'line': b"writing manifest file '../../build/driving/driving.egg-info/SOURCES.txt'\n"}
[0.855348] (driving) StdoutLine: {'line': b'running build\n'}
[0.855430] (driving) StdoutLine: {'line': b'running build_py\n'}
[0.855591] (driving) StdoutLine: {'line': b'copying driving/lane_detection.py -> /home/xytron/2026-kookmin-contest-qualifier/build/driving/build/lib/driving\n'}
[0.856053] (driving) StdoutLine: {'line': b'running install\n'}
[0.857111] (driving) StdoutLine: {'line': b'running install_lib\n'}
[0.858020] (driving) StdoutLine: {'line': b'copying /home/xytron/2026-kookmin-contest-qualifier/build/driving/build/lib/driving/lane_detection.py -> /home/xytron/2026-kookmin-contest-qualifier/install/driving/lib/python3.10/site-packages/driving\n'}
[0.858597] (driving) StdoutLine: {'line': b'byte-compiling /home/xytron/2026-kookmin-contest-qualifier/install/driving/lib/python3.10/site-packages/driving/lane_detection.py to lane_detection.cpython-310.pyc\n'}
[0.860131] (driving) StdoutLine: {'line': b'running install_data\n'}
[0.860306] (driving) StdoutLine: {'line': b'running install_egg_info\n'}
[0.861664] (driving) StdoutLine: {'line': b"removing '/home/xytron/2026-kookmin-contest-qualifier/install/driving/lib/python3.10/site-packages/driving-0.0.1-py3.10.egg-info' (and everything under it)\n"}
[0.862119] (driving) StdoutLine: {'line': b'Copying ../../build/driving/driving.egg-info to /home/xytron/2026-kookmin-contest-qualifier/install/driving/lib/python3.10/site-packages/driving-0.0.1-py3.10.egg-info\n'}
[0.862877] (driving) StdoutLine: {'line': b'running install_scripts\n'}
[0.879934] (driving) StdoutLine: {'line': b'Installing driving script to /home/xytron/2026-kookmin-contest-qualifier/install/driving/lib/driving\n'}
[0.880196] (driving) StdoutLine: {'line': b"writing list of installed files to '/home/xytron/2026-kookmin-contest-qualifier/build/driving/install.log'\n"}
[0.898331] (driving) CommandEnded: {'returncode': 0}
[0.902415] (-) TimerEvent: {}
[0.906953] (driving) JobEnded: {'identifier': 'driving', 'rc': 0}
[0.918708] (main) StdoutLine: {'line': b'running egg_info\n'}
[0.919429] (main) StdoutLine: {'line': b'writing ../../build/main/main.egg-info/PKG-INFO\n'}
[0.919855] (main) StdoutLine: {'line': b'writing dependency_links to ../../build/main/main.egg-info/dependency_links.txt\n'}
[0.920009] (main) StdoutLine: {'line': b'writing entry points to ../../build/main/main.egg-info/entry_points.txt\n'}
[0.920146] (main) StdoutLine: {'line': b'writing requirements to ../../build/main/main.egg-info/requires.txt\n'}
[0.920234] (main) StdoutLine: {'line': b'writing top-level names to ../../build/main/main.egg-info/top_level.txt\n'}
[0.921334] (main) StdoutLine: {'line': b"reading manifest file '../../build/main/main.egg-info/SOURCES.txt'\n"}
[0.921844] (main) StdoutLine: {'line': b"writing manifest file '../../build/main/main.egg-info/SOURCES.txt'\n"}
[0.922014] (main) StdoutLine: {'line': b'running build\n'}
[0.922103] (main) StdoutLine: {'line': b'running build_py\n'}
[0.922144] (main) StdoutLine: {'line': b'copying main/control.py -> /home/xytron/2026-kookmin-contest-qualifier/build/main/build/lib/main\n'}
[0.922438] (main) StdoutLine: {'line': b'running install\n'}
[0.923413] (main) StdoutLine: {'line': b'running install_lib\n'}
[0.923954] (main) StdoutLine: {'line': b'copying /home/xytron/2026-kookmin-contest-qualifier/build/main/build/lib/main/control.py -> /home/xytron/2026-kookmin-contest-qualifier/install/main/lib/python3.10/site-packages/main\n'}
[0.924760] (main) StdoutLine: {'line': b'byte-compiling /home/xytron/2026-kookmin-contest-qualifier/install/main/lib/python3.10/site-packages/main/control.py to control.cpython-310.pyc\n'}
[0.925676] (main) StdoutLine: {'line': b'running install_data\n'}
[0.925812] (main) StdoutLine: {'line': b'running install_egg_info\n'}
[0.927033] (main) StdoutLine: {'line': b"removing '/home/xytron/2026-kookmin-contest-qualifier/install/main/lib/python3.10/site-packages/main-0.0.1-py3.10.egg-info' (and everything under it)\n"}
[0.927254] (main) StdoutLine: {'line': b'Copying ../../build/main/main.egg-info to /home/xytron/2026-kookmin-contest-qualifier/install/main/lib/python3.10/site-packages/main-0.0.1-py3.10.egg-info\n'}
[0.928060] (main) StdoutLine: {'line': b'running install_scripts\n'}
[0.945159] (main) StdoutLine: {'line': b'Installing control script to /home/xytron/2026-kookmin-contest-qualifier/install/main/lib/main\n'}
[0.945388] (main) StdoutLine: {'line': b'Installing main script to /home/xytron/2026-kookmin-contest-qualifier/install/main/lib/main\n'}
[0.945669] (main) StdoutLine: {'line': b"writing list of installed files to '/home/xytron/2026-kookmin-contest-qualifier/build/main/install.log'\n"}
[0.963965] (main) CommandEnded: {'returncode': 0}
[0.969035] (main) JobEnded: {'identifier': 'main', 'rc': 0}
[0.970114] (-) EventReactorShutdown: {}
