[2.684s] Invoking command in '/home/xytron/2026-kookmin-contest-qualifier/ericar/driving': PYTHONPATH=/home/xytron/2026-kookmin-contest-qualifier/build/driving/prefix_override:/usr/lib/python3/dist-packages/colcon_core/task/python/colcon_distutils_commands:/home/xytron/2026-kookmin-contest-qualifier/install/driving/lib/python3.10/site-packages:${PYTHONPATH} /usr/bin/python3 -W ignore:setup.py install is deprecated -W ignore:easy_install command is deprecated setup.py egg_info --egg-base ../../build/driving build --build-base /home/xytron/2026-kookmin-contest-qualifier/build/driving/build install --record /home/xytron/2026-kookmin-contest-qualifier/build/driving/install.log --single-version-externally-managed install_data
[3.053s] running egg_info
[3.056s] writing ../../build/driving/driving.egg-info/PKG-INFO
[3.057s] writing dependency_links to ../../build/driving/driving.egg-info/dependency_links.txt
[3.058s] writing entry points to ../../build/driving/driving.egg-info/entry_points.txt
[3.058s] writing requirements to ../../build/driving/driving.egg-info/requires.txt
[3.059s] writing top-level names to ../../build/driving/driving.egg-info/top_level.txt
[3.069s] reading manifest file '../../build/driving/driving.egg-info/SOURCES.txt'
[3.069s] writing manifest file '../../build/driving/driving.egg-info/SOURCES.txt'
[3.069s] running build
[3.069s] running build_py
[3.069s] running install
[3.070s] running install_lib
[3.081s] running install_data
[3.081s] running install_egg_info
[3.081s] removing '/home/xytron/2026-kookmin-contest-qualifier/install/driving/lib/python3.10/site-packages/driving-0.0.1-py3.10.egg-info' (and everything under it)
[3.081s] Copying ../../build/driving/driving.egg-info to /home/xytron/2026-kookmin-contest-qualifier/install/driving/lib/python3.10/site-packages/driving-0.0.1-py3.10.egg-info
[3.082s] running install_scripts
[3.137s] Installing driving script to /home/xytron/2026-kookmin-contest-qualifier/install/driving/lib/driving
[3.137s] writing list of installed files to '/home/xytron/2026-kookmin-contest-qualifier/build/driving/install.log'
[3.190s] Invoked command in '/home/xytron/2026-kookmin-contest-qualifier/ericar/driving' returned '0': PYTHONPATH=/home/xytron/2026-kookmin-contest-qualifier/build/driving/prefix_override:/usr/lib/python3/dist-packages/colcon_core/task/python/colcon_distutils_commands:/home/xytron/2026-kookmin-contest-qualifier/install/driving/lib/python3.10/site-packages:${PYTHONPATH} /usr/bin/python3 -W ignore:setup.py install is deprecated -W ignore:easy_install command is deprecated setup.py egg_info --egg-base ../../build/driving build --build-base /home/xytron/2026-kookmin-contest-qualifier/build/driving/build install --record /home/xytron/2026-kookmin-contest-qualifier/build/driving/install.log --single-version-externally-managed install_data
