[1.672s] Invoking command in '/home/xytron/2026-kookmin-contest-qualifier/build/my_lidar': PYTHONPATH=/home/xytron/2026-kookmin-contest-qualifier/build/my_lidar/prefix_override:/usr/lib/python3/dist-packages/colcon_core/task/python/colcon_distutils_commands:/home/xytron/2026-kookmin-contest-qualifier/install/my_lidar/lib/python3.10/site-packages:${PYTHONPATH} /usr/bin/python3 -W ignore:setup.py install is deprecated -W ignore:easy_install command is deprecated setup.py develop --editable --build-directory /home/xytron/2026-kookmin-contest-qualifier/build/my_lidar/build --no-deps symlink_data
[2.033s] running develop
[2.271s] running egg_info
[2.274s] creating my_lidar.egg-info
[2.277s] writing my_lidar.egg-info/PKG-INFO
[2.278s] writing dependency_links to my_lidar.egg-info/dependency_links.txt
[2.278s] writing entry points to my_lidar.egg-info/entry_points.txt
[2.278s] writing requirements to my_lidar.egg-info/requires.txt
[2.278s] writing top-level names to my_lidar.egg-info/top_level.txt
[2.278s] writing manifest file 'my_lidar.egg-info/SOURCES.txt'
[2.280s] reading manifest file 'my_lidar.egg-info/SOURCES.txt'
[2.281s] writing manifest file 'my_lidar.egg-info/SOURCES.txt'
[2.281s] running build_ext
[2.282s] Creating /home/xytron/2026-kookmin-contest-qualifier/install/my_lidar/lib/python3.10/site-packages/my-lidar.egg-link (link to .)
[2.282s] Installing lidar_scan script to /home/xytron/2026-kookmin-contest-qualifier/install/my_lidar/lib/my_lidar
[2.282s] Installing lidar_viewer script to /home/xytron/2026-kookmin-contest-qualifier/install/my_lidar/lib/my_lidar
[2.282s] 
[2.282s] Installed /home/xytron/2026-kookmin-contest-qualifier/build/my_lidar
[2.282s] running symlink_data
[2.282s] creating /home/xytron/2026-kookmin-contest-qualifier/install/my_lidar/share/ament_index
[2.282s] creating /home/xytron/2026-kookmin-contest-qualifier/install/my_lidar/share/ament_index/resource_index
[2.283s] creating /home/xytron/2026-kookmin-contest-qualifier/install/my_lidar/share/ament_index/resource_index/packages
[2.283s] symbolically linking /home/xytron/2026-kookmin-contest-qualifier/build/my_lidar/resource/my_lidar -> /home/xytron/2026-kookmin-contest-qualifier/install/my_lidar/share/ament_index/resource_index/packages
[2.283s] symbolically linking /home/xytron/2026-kookmin-contest-qualifier/build/my_lidar/package.xml -> /home/xytron/2026-kookmin-contest-qualifier/install/my_lidar/share/my_lidar
[2.323s] Invoked command in '/home/xytron/2026-kookmin-contest-qualifier/build/my_lidar' returned '0': PYTHONPATH=/home/xytron/2026-kookmin-contest-qualifier/build/my_lidar/prefix_override:/usr/lib/python3/dist-packages/colcon_core/task/python/colcon_distutils_commands:/home/xytron/2026-kookmin-contest-qualifier/install/my_lidar/lib/python3.10/site-packages:${PYTHONPATH} /usr/bin/python3 -W ignore:setup.py install is deprecated -W ignore:easy_install command is deprecated setup.py develop --editable --build-directory /home/xytron/2026-kookmin-contest-qualifier/build/my_lidar/build --no-deps symlink_data
