[0.000000] (-) TimerEvent: {}
[0.000193] (-) JobUnselected: {'identifier': 'function'}
[0.000214] (-) JobUnselected: {'identifier': 'kookmin9_viewer'}
[0.000226] (-) JobUnselected: {'identifier': 'my_cam'}
[0.001758] (-) JobUnselected: {'identifier': 'my_imu'}
[0.001793] (-) JobUnselected: {'identifier': 'my_lidar'}
[0.001802] (-) JobUnselected: {'identifier': 'my_motor'}
[0.001809] (-) JobUnselected: {'identifier': 'perception'}
[0.001816] (-) JobUnselected: {'identifier': 'ros_tcp_endpoint'}
[0.001823] (-) JobUnselected: {'identifier': 'track_drive'}
[0.001829] (-) JobUnselected: {'identifier': 'xycar_msgs'}
[0.001839] (driving) JobQueued: {'identifier': 'driving', 'dependencies': OrderedDict()}
[0.001852] (main) JobQueued: {'identifier': 'main', 'dependencies': OrderedDict([('xycar_msgs', '/home/xytron/2026-kookmin-contest-qualifier/install/xycar_msgs')])}
[0.001863] (driving) JobStarted: {'identifier': 'driving'}
[0.008393] (main) JobStarted: {'identifier': 'main'}
[0.099670] (-) TimerEvent: {}
[0.200018] (-) TimerEvent: {}
[0.300380] (-) TimerEvent: {}
[0.400752] (-) TimerEvent: {}
[0.501187] (-) TimerEvent: {}
[0.601480] (-) TimerEvent: {}
[0.694869] (driving) Command: {'cmd': ['/usr/bin/python3', '-W', 'ignore:setup.py install is deprecated', '-W', 'ignore:easy_install command is deprecated', 'setup.py', 'egg_info', '--egg-base', '../../build/driving', 'build', '--build-base', '/home/xytron/2026-kookmin-contest-qualifier/build/driving/build', 'install', '--record', '/home/xytron/2026-kookmin-contest-qualifier/build/driving/install.log', '--single-version-externally-managed', 'install_data'], 'cwd': '/home/xytron/2026-kookmin-contest-qualifier/ericar/driving', 'env': {'USER': 'xytron', 'ROS_NAMESPACE': 'xycar', 'ROS_PACKAGE_PATH': '/home/xytron/xycar_ws/install/ericar_msgs/share', 'SHLVL': '1', 'LD_LIBRARY_PATH': '/home/xytron/xycar_ws/install/xycar_msgs/lib:/home/xytron/xycar_ws/install/ericar_msgs/lib:/opt/ros/humble/opt/rviz_ogre_vendor/lib:/opt/ros/humble/lib/x86_64-linux-gnu:/opt/ros/humble/lib', 'WT_PROFILE_ID': '{e497da6e-94b0-5deb-a2a7-bc930db089cd}', 'HOME': '/home/xytron', 'OLDPWD': '/home/xytron/2026-kookmin-contest-qualifier', 'ROS_PYTHON_VERSION': '3', 'WSL_DISTRO_NAME': 'Ubuntu-22.04', '_colcon_cd_root': '/home/xytron/xycar_ws', 'WAYLAND_DISPLAY': 'wayland-0', 'COLCON_PREFIX_PATH': '/home/xytron/xycar_ws/install', 'ROS_DISTRO': 'humble', 'LOGNAME': 'xytron', 'NAME': 'BOOK-HJ970BEJVV', 'WSL_INTEROP': '/run/WSL/621_interop', 'PULSE_SERVER': 'unix:/mnt/wslg/PulseServer', '_': '/usr/bin/colcon', 'ROS_VERSION': '2', 'PKG_CONFIG_PATH': '/home/xytron/xycar_ws/install/ericar_msgs/lib/x86_64-linux-gnu/pkgconfig:/home/xytron/xycar_ws/install/ericar_msgs/lib/pkgconfig', 'TERM': 'xterm-256color', 'ROS_LOCALHOST_ONLY': '0', 'PATH': '/opt/ros/humble/bin:/usr/local/sbin:/usr/local/bin:/usr/sbin:/usr/bin:/sbin:/bin:/usr/games:/usr/local/games:/usr/lib/wsl/lib:/mnt/c/Program Files/NVIDIA GPU Computing Toolkit/CUDA/v11.7/bin:/mnt/c/Program Files/NVIDIA GPU Computing Toolkit/CUDA/v11.7/libnvvp:/mnt/c/Windows/system32:/mnt/c/Windows:/mnt/c/Windows/System32/Wbem:/mnt/c/Windows/System32/WindowsPowerShell/v1.0/:/mnt/c/Windows/System32/OpenSSH/:/mnt/c/Program Files/dotnet/:/mnt/c/Program Files/NVIDIA Corporation/Nsight Compute 2022.2.0/:/mnt/c/Program Files (x86)/NVIDIA Corporation/PhysX/Common:/mnt/c/Program Files/nodejs/:/mnt/c/Program Files/Git/cmd:/mnt/c/Program Files/MySQL/MySQL Shell 8.0/bin/:/mnt/c/Users/rnals/AppData/Local/Programs/Python/Launcher/:/mnt/c/Users/rnals/AppData/Local/Microsoft/WindowsApps:/mnt/c/Users/rnals/AppData/Local/Programs/Microsoft VS Code/bin:/mnt/c/Users/rnals/AppData/Roaming/npm:/mnt/c/Users/rnals/AppData/Local/Microsoft/WinGet/Links:/snap/bin', 'WT_SESSION': 'c3fcc707-f9cd-4c69-81bd-6d67ea353d97', 'XDG_RUNTIME_DIR': '/mnt/wslg/runtime-dir', 'DISPLAY': ':0', 'LANG': 'en_US.UTF-8', 'ROS_DOMAIN_ID': '7', 'AMENT_PREFIX_PATH': '/home/xytron/xycar_ws/install/my_lidar:/home/xytron/xycar_ws/install/my_cam:/home/xytron/xycar_ws/install/main:/home/xytron/xycar_ws/install/kookmin9_viewer:/home/xytron/xycar_ws/install/xycar_msgs:/home/xytron/xycar_ws/install/track_drive:/home/xytron/xycar_ws/install/ros_tcp_endpoint:/home/xytron/xycar_ws/install/perception:/home/xytron/xycar_ws/install/my_motor:/home/xytron/xycar_ws/install/my_imu:/home/xytron/xycar_ws/install/driving:/opt/ros/humble', 'SHELL': '/bin/bash', 'PWD': '/home/xytron/2026-kookmin-contest-qualifier/build/driving', 'XDG_DATA_DIRS': '/usr/local/share:/usr/share:/var/lib/snapd/desktop', 'PYTHONPATH': '/home/xytron/2026-kookmin-contest-qualifier/build/driving/prefix_override:/usr/lib/python3/dist-packages/colcon_core/task/python/colcon_distutils_commands:/home/xytron/2026-kookmin-contest-qualifier/install/driving/lib/python3.10/site-packages:/home/xytron/xycar_ws/build/my_lidar:/home/xytron/xycar_ws/install/my_lidar/lib/python3.10/site-packages:/home/xytron/xycar_ws/build/my_cam:/home/xytron/xycar_ws/install/my_cam/lib/python3.10/site-packages:/home/xytron/xycar_ws/install/main/lib/python3.10/site-packages:/home/xytron/xycar_ws/build/kookmin9_viewer:/home/xytron/xycar_ws/install/kookmin9_viewer/lib/python3.10/site-packages:/home/xytron/xycar_ws/install/xycar_msgs/local/lib/python3.10/dist-packages:/home/xytron/xycar_ws/build/track_drive:/home/xytron/xycar_ws/install/track_drive/lib/python3.10/site-packages:/home/xytron/xycar_ws/build/ros_tcp_endpoint:/home/xytron/xycar_ws/install/ros_tcp_endpoint/lib/python3.10/site-packages:/home/xytron/xycar_ws/build/perception:/home/xytron/xycar_ws/install/perception/lib/python3.10/site-packages:/home/xytron/xycar_ws/build/my_motor:/home/xytron/xycar_ws/install/my_motor/lib/python3.10/site-packages:/home/xytron/xycar_ws/build/my_imu:/home/xytron/xycar_ws/install/my_imu/lib/python3.10/site-packages:/home/xytron/xycar_ws/install/ericar_msgs/local/lib/python3.10/dist-packages:/home/xytron/xycar_ws/install/driving/lib/python3.10/site-packages:/opt/ros/humble/lib/python3.10/site-packages:/opt/ros/humble/local/lib/python3.10/dist-packages', 'COLCON': '1', 'WSL2_GUI_APPS_ENABLED': '1', 'HOSTTYPE': 'x86_64', 'CMAKE_PREFIX_PATH': '/home/xytron/xycar_ws/install/xycar_msgs:/home/xytron/xycar_ws/install/ericar_msgs', 'WSLENV': 'WT_SESSION:WT_PROFILE_ID:'}, 'shell': False}
[0.701610] (-) TimerEvent: {}
[0.773861] (main) Command: {'cmd': ['/usr/bin/python3', '-W', 'ignore:setup.py install is deprecated', '-W', 'ignore:easy_install command is deprecated', 'setup.py', 'egg_info', '--egg-base', '../../build/main', 'build', '--build-base', '/home/xytron/2026-kookmin-contest-qualifier/build/main/build', 'install', '--record', '/home/xytron/2026-kookmin-contest-qualifier/build/main/install.log', '--single-version-externally-managed', 'install_data'], 'cwd': '/home/xytron/2026-kookmin-contest-qualifier/ericar/main', 'env': {'USER': 'xytron', 'ROS_NAMESPACE': 'xycar', 'ROS_PACKAGE_PATH': '/home/xytron/xycar_ws/install/ericar_msgs/share', 'SHLVL': '1', 'LD_LIBRARY_PATH': '/home/xytron/2026-kookmin-contest-qualifier/install/xycar_msgs/lib:/home/xytron/xycar_ws/install/xycar_msgs/lib:/home/xytron/xycar_ws/install/ericar_msgs/lib:/opt/ros/humble/opt/rviz_ogre_vendor/lib:/opt/ros/humble/lib/x86_64-linux-gnu:/opt/ros/humble/lib', 'WT_PROFILE_ID': '{e497da6e-94b0-5deb-a2a7-bc930db089cd}', 'HOME': '/home/xytron', 'OLDPWD': '/home/xytron/2026-kookmin-contest-qualifier', 'ROS_PYTHON_VERSION': '3', 'WSL_DISTRO_NAME': 'Ubuntu-22.04', '_colcon_cd_root': '/home/xytron/xycar_ws', 'WAYLAND_DISPLAY': 'wayland-0', 'COLCON_PREFIX_PATH': '/home/xytron/xycar_ws/install', 'ROS_DISTRO': 'humble', 'LOGNAME': 'xytron', 'NAME': 'BOOK-HJ970BEJVV', 'WSL_INTEROP': '/run/WSL/621_interop', 'PULSE_SERVER': 'unix:/mnt/wslg/PulseServer', '_': '/usr/bin/colcon', 'ROS_VERSION': '2', 'PKG_CONFIG_PATH': '/home/xytron/xycar_ws/install/ericar_msgs/lib/x86_64-linux-gnu/pkgconfig:/home/xytron/xycar_ws/install/ericar_msgs/lib/pkgconfig', 'TERM': 'xterm-256color', 'ROS_LOCALHOST_ONLY': '0', 'PATH': '/opt/ros/humble/bin:/usr/local/sbin:/usr/local/bin:/usr/sbin:/usr/bin:/sbin:/bin:/usr/games:/usr/local/games:/usr/lib/wsl/lib:/mnt/c/Program Files/NVIDIA GPU Computing Toolkit/CUDA/v11.7/bin:/mnt/c/Program Files/NVIDIA GPU Computing Toolkit/CUDA/v11.7/libnvvp:/mnt/c/Windows/system32:/mnt/c/Windows:/mnt/c/Windows/System32/Wbem:/mnt/c/Windows/System32/WindowsPowerShell/v1.0/:/mnt/c/Windows/System32/OpenSSH/:/mnt/c/Program Files/dotnet/:/mnt/c/Program Files/NVIDIA Corporation/Nsight Compute 2022.2.0/:/mnt/c/Program Files (x86)/NVIDIA Corporation/PhysX/Common:/mnt/c/Program Files/nodejs/:/mnt/c/Program Files/Git/cmd:/mnt/c/Program Files/MySQL/MySQL Shell 8.0/bin/:/mnt/c/Users/rnals/AppData/Local/Programs/Python/Launcher/:/mnt/c/Users/rnals/AppData/Local/Microsoft/WindowsApps:/mnt/c/Users/rnals/AppData/Local/Programs/Microsoft VS Code/bin:/mnt/c/Users/rnals/AppData/Roaming/npm:/mnt/c/Users/rnals/AppData/Local/Microsoft/WinGet/Links:/snap/bin', 'WT_SESSION': 'c3fcc707-f9cd-4c69-81bd-6d67ea353d97', 'XDG_RUNTIME_DIR': '/mnt/wslg/runtime-dir', 'DISPLAY': ':0', 'LANG': 'en_US.UTF-8', 'ROS_DOMAIN_ID': '7', 'AMENT_PREFIX_PATH': '/home/xytron/2026-kookmin-contest-qualifier/install/xycar_msgs:/home/xytron/xycar_ws/install/my_lidar:/home/xytron/xycar_ws/install/my_cam:/home/xytron/xycar_ws/install/main:/home/xytron/xycar_ws/install/kookmin9_viewer:/home/xytron/xycar_ws/install/xycar_msgs:/home/xytron/xycar_ws/install/track_drive:/home/xytron/xycar_ws/install/ros_tcp_endpoint:/home/xytron/xycar_ws/install/perception:/home/xytron/xycar_ws/install/my_motor:/home/xytron/xycar_ws/install/my_imu:/home/xytron/xycar_ws/install/driving:/opt/ros/humble', 'SHELL': '/bin/bash', 'PWD': '/home/xytron/2026-kookmin-contest-qualifier/build/main', 'XDG_DATA_DIRS': '/usr/local/share:/usr/share:/var/lib/snapd/desktop', 'PYTHONPATH': '/home/xytron/2026-kookmin-contest-qualifier/build/main/prefix_override:/usr/lib/python3/dist-packages/colcon_core/task/python/colcon_distutils_commands:/home/xytron/2026-kookmin-contest-qualifier/install/main/lib/python3.10/site-packages:/home/xytron/2026-kookmin-contest-qualifier/install/xycar_msgs/local/lib/python3.10/dist-packages:/home/xytron/xycar_ws/build/my_lidar:/home/xytron/xycar_ws/install/my_lidar/lib/python3.10/site-packages:/home/xytron/xycar_ws/build/my_cam:/home/xytron/xycar_ws/install/my_cam/lib/python3.10/site-packages:/home/xytron/xycar_ws/install/main/lib/python3.10/site-packages:/home/xytron/xycar_ws/build/kookmin9_viewer:/home/xytron/xycar_ws/install/kookmin9_viewer/lib/python3.10/site-packages:/home/xytron/xycar_ws/install/xycar_msgs/local/lib/python3.10/dist-packages:/home/xytron/xycar_ws/build/track_drive:/home/xytron/xycar_ws/install/track_drive/lib/python3.10/site-packages:/home/xytron/xycar_ws/build/ros_tcp_endpoint:/home/xytron/xycar_ws/install/ros_tcp_endpoint/lib/python3.10/site-packages:/home/xytron/xycar_ws/build/perception:/home/xytron/xycar_ws/install/perception/lib/python3.10/site-packages:/home/xytron/xycar_ws/build/my_motor:/home/xytron/xycar_ws/install/my_motor/lib/python3.10/site-packages:/home/xytron/xycar_ws/build/my_imu:/home/xytron/xycar_ws/install/my_imu/lib/python3.10/site-packages:/home/xytron/xycar_ws/install/ericar_msgs/local/lib/python3.10/dist-packages:/home/xytron/xycar_ws/install/driving/lib/python3.10/site-packages:/opt/ros/humble/lib/python3.10/site-packages:/opt/ros/humble/local/lib/python3.10/dist-packages', 'COLCON': '1', 'WSL2_GUI_APPS_ENABLED': '1', 'HOSTTYPE': 'x86_64', 'CMAKE_PREFIX_PATH': '/home/xytron/2026-kookmin-contest-qualifier/install/xycar_msgs:/home/xytron/xycar_ws/install/xycar_msgs:/home/xytron/xycar_ws/install/ericar_msgs', 'WSLENV': 'WT_SESSION:WT_PROFILE_ID:'}, 'shell': False}
[0.801753] (-) TimerEvent: {}
[0.897782] (driving) StdoutLine: {'line': b'running egg_info\n'}
[0.898333] (driving) StdoutLine: {'line': b'writing ../../build/driving/driving.egg-info/PKG-INFO\n'}
[0.899311] (driving) StdoutLine: {'line': b'writing dependency_links to ../../build/driving/driving.egg-info/dependency_links.txt\n'}
[0.899823] (driving) StdoutLine: {'line': b'writing entry points to ../../build/driving/driving.egg-info/entry_points.txt\n'}
[0.900575] (driving) StdoutLine: {'line': b'writing requirements to ../../build/driving/driving.egg-info/requires.txt\n'}
[0.900707] (driving) StdoutLine: {'line': b'writing top-level names to ../../build/driving/driving.egg-info/top_level.txt\n'}
[0.901859] (-) TimerEvent: {}
[0.902169] (driving) StdoutLine: {'line': b"reading manifest file '../../build/driving/driving.egg-info/SOURCES.txt'\n"}
[0.902685] (driving) StdoutLine: {'line': b"writing manifest file '../../build/driving/driving.egg-info/SOURCES.txt'\n"}
[0.902956] (driving) StdoutLine: {'line': b'running build\n'}
[0.903051] (driving) StdoutLine: {'line': b'running build_py\n'}
[0.903183] (driving) StdoutLine: {'line': b'copying driving/lane_detection.py -> /home/xytron/2026-kookmin-contest-qualifier/build/driving/build/lib/driving\n'}
[0.903278] (driving) StdoutLine: {'line': b'running install\n'}
[0.904127] (driving) StdoutLine: {'line': b'running install_lib\n'}
[0.904718] (driving) StdoutLine: {'line': b'copying /home/xytron/2026-kookmin-contest-qualifier/build/driving/build/lib/driving/lane_detection.py -> /home/xytron/2026-kookmin-contest-qualifier/install/driving/lib/python3.10/site-packages/driving\n'}
[0.905378] (driving) StdoutLine: {'line': b'byte-compiling /home/xytron/2026-kookmin-contest-qualifier/install/driving/lib/python3.10/site-packages/driving/lane_detection.py to lane_detection.cpython-310.pyc\n'}
[0.906971] (driving) StdoutLine: {'line': b'running install_data\n'}
[0.907093] (driving) StdoutLine: {'line': b'running install_egg_info\n'}
[0.908408] (driving) StdoutLine: {'line': b"removing '/home/xytron/2026-kookmin-contest-qualifier/install/driving/lib/python3.10/site-packages/driving-0.0.1-py3.10.egg-info' (and everything under it)\n"}
[0.908801] (driving) StdoutLine: {'line': b'Copying ../../build/driving/driving.egg-info to /home/xytron/2026-kookmin-contest-qualifier/install/driving/lib/python3.10/site-packages/driving-0.0.1-py3.10.egg-info\n'}
[0.910610] (driving) StdoutLine: {'line': b'running install_scripts\n'}
[0.926768] (driving) StdoutLine: {'line': b'Installing driving script to /home/xytron/2026-kookmin-contest-qualifier/install/driving/lib/driving\n'}
[0.927603] (driving) StdoutLine: {'line': b"writing list of installed files to '/home/xytron/2026-kookmin-contest-qualifier/build/driving/install.log'\n"}
[0.950253] (driving) CommandEnded: {'returncode': 0}
[0.959923] (driving) JobEnded: {'identifier': 'driving', 'rc': 0}
[0.970571] (main) StdoutLine: {'line': b'running egg_info\n'}
[0.971082] (main) StdoutLine: {'line': b'writing ../../build/main/main.egg-info/PKG-INFO\n'}
[0.971701] (main) StdoutLine: {'line': b'writing dependency_links to ../../build/main/main.egg-info/dependency_links.txt\n'}
[0.971970] (main) StdoutLine: {'line': b'writing entry points to ../../build/main/main.egg-info/entry_points.txt\n'}
[0.972161] (main) StdoutLine: {'line': b'writing requirements to ../../build/main/main.egg-info/requires.txt\n'}
[0.972314] (main) StdoutLine: {'line': b'writing top-level names to ../../build/main/main.egg-info/top_level.txt\n'}
[0.973905] (main) StdoutLine: {'line': b"reading manifest file '../../build/main/main.egg-info/SOURCES.txt'\n"}
[0.974649] (main) StdoutLine: {'line': b"writing manifest file '../../build/main/main.egg-info/SOURCES.txt'\n"}
[0.974794] (main) StdoutLine: {'line': b'running build\n'}
[0.974865] (main) StdoutLine: {'line': b'running build_py\n'}
[0.975825] (main) StdoutLine: {'line': b'running install\n'}
[0.976234] (main) StdoutLine: {'line': b'running install_lib\n'}
[0.979211] (main) StdoutLine: {'line': b'running install_data\n'}
[0.979408] (main) StdoutLine: {'line': b'running install_egg_info\n'}
[0.981111] (main) StdoutLine: {'line': b"removing '/home/xytron/2026-kookmin-contest-qualifier/install/main/lib/python3.10/site-packages/main-0.0.1-py3.10.egg-info' (and everything under it)\n"}
[0.981724] (main) StdoutLine: {'line': b'Copying ../../build/main/main.egg-info to /home/xytron/2026-kookmin-contest-qualifier/install/main/lib/python3.10/site-packages/main-0.0.1-py3.10.egg-info\n'}
[0.982904] (main) StdoutLine: {'line': b'running install_scripts\n'}
[1.000915] (main) StdoutLine: {'line': b'Installing control script to /home/xytron/2026-kookmin-contest-qualifier/install/main/lib/main\n'}
[1.001966] (-) TimerEvent: {}
[1.002255] (main) StdoutLine: {'line': b'Installing main script to /home/xytron/2026-kookmin-contest-qualifier/install/main/lib/main\n'}
[1.003183] (main) StdoutLine: {'line': b"writing list of installed files to '/home/xytron/2026-kookmin-contest-qualifier/build/main/install.log'\n"}
[1.020325] (main) CommandEnded: {'returncode': 0}
[1.026500] (main) JobEnded: {'identifier': 'main', 'rc': 0}
[1.027170] (-) EventReactorShutdown: {}
