[0.614s] Invoking command in '/home/xytron/2026-kookmin-contest-qualifier/build/perception': PYTHONPATH=/home/xytron/2026-kookmin-contest-qualifier/build/perception/prefix_override:/usr/lib/python3/dist-packages/colcon_core/task/python/colcon_distutils_commands:/home/xytron/2026-kookmin-contest-qualifier/install/perception/lib/python3.10/site-packages:${PYTHONPATH} /usr/bin/python3 -W ignore:setup.py install is deprecated -W ignore:easy_install command is deprecated setup.py develop --editable --build-directory /home/xytron/2026-kookmin-contest-qualifier/build/perception/build --no-deps symlink_data
[0.860s] running develop
[1.005s] running egg_info
[1.005s] creating perception.egg-info
[1.005s] writing perception.egg-info/PKG-INFO
[1.005s] writing dependency_links to perception.egg-info/dependency_links.txt
[1.006s] writing entry points to perception.egg-info/entry_points.txt
[1.006s] writing requirements to perception.egg-info/requires.txt
[1.006s] writing top-level names to perception.egg-info/top_level.txt
[1.006s] writing manifest file 'perception.egg-info/SOURCES.txt'
[1.007s] reading manifest file 'perception.egg-info/SOURCES.txt'
[1.007s] writing manifest file 'perception.egg-info/SOURCES.txt'
[1.008s] running build_ext
[1.009s] Creating /home/xytron/2026-kookmin-contest-qualifier/install/perception/lib/python3.10/site-packages/perception.egg-link (link to .)
[1.009s] Installing perception script to /home/xytron/2026-kookmin-contest-qualifier/install/perception/lib/perception
[1.010s] 
[1.010s] Installed /home/xytron/2026-kookmin-contest-qualifier/build/perception
[1.010s] running symlink_data
[1.010s] creating /home/xytron/2026-kookmin-contest-qualifier/install/perception/share/ament_index
[1.010s] creating /home/xytron/2026-kookmin-contest-qualifier/install/perception/share/ament_index/resource_index
[1.010s] creating /home/xytron/2026-kookmin-contest-qualifier/install/perception/share/ament_index/resource_index/packages
[1.010s] symbolically linking /home/xytron/2026-kookmin-contest-qualifier/build/perception/resource/perception -> /home/xytron/2026-kookmin-contest-qualifier/install/perception/share/ament_index/resource_index/packages
[1.010s] symbolically linking /home/xytron/2026-kookmin-contest-qualifier/build/perception/package.xml -> /home/xytron/2026-kookmin-contest-qualifier/install/perception/share/perception
[1.010s] creating /home/xytron/2026-kookmin-contest-qualifier/install/perception/share/perception/launch
[1.038s] Invoked command in '/home/xytron/2026-kookmin-contest-qualifier/build/perception' returned '0': PYTHONPATH=/home/xytron/2026-kookmin-contest-qualifier/build/perception/prefix_override:/usr/lib/python3/dist-packages/colcon_core/task/python/colcon_distutils_commands:/home/xytron/2026-kookmin-contest-qualifier/install/perception/lib/python3.10/site-packages:${PYTHONPATH} /usr/bin/python3 -W ignore:setup.py install is deprecated -W ignore:easy_install command is deprecated setup.py develop --editable --build-directory /home/xytron/2026-kookmin-contest-qualifier/build/perception/build --no-deps symlink_data
