running develop
Removing /home/xytron/2026-kookmin-contest-qualifier/install/perception/lib/python3.10/site-packages/perception.egg-link (link to .)
running egg_info
writing ../../build/perception/perception.egg-info/PKG-INFO
writing dependency_links to ../../build/perception/perception.egg-info/dependency_links.txt
writing entry points to ../../build/perception/perception.egg-info/entry_points.txt
writing requirements to ../../build/perception/perception.egg-info/requires.txt
writing top-level names to ../../build/perception/perception.egg-info/top_level.txt
reading manifest file '../../build/perception/perception.egg-info/SOURCES.txt'
writing manifest file '../../build/perception/perception.egg-info/SOURCES.txt'
running build
running build_py
creating /home/xytron/2026-kookmin-contest-qualifier/build/perception/build
creating /home/xytron/2026-kookmin-contest-qualifier/build/perception/build/lib
creating /home/xytron/2026-kookmin-contest-qualifier/build/perception/build/lib/perception
copying perception/left_car.py -> /home/xytron/2026-kookmin-contest-qualifier/build/perception/build/lib/perception
copying perception/yolo_detector.py -> /home/xytron/2026-kookmin-contest-qualifier/build/perception/build/lib/perception
copying perception/perception.py -> /home/xytron/2026-kookmin-contest-qualifier/build/perception/build/lib/perception
copying perception/start_line.py -> /home/xytron/2026-kookmin-contest-qualifier/build/perception/build/lib/perception
copying perception/school_zone.py -> /home/xytron/2026-kookmin-contest-qualifier/build/perception/build/lib/perception
copying perception/traffic_light.py -> /home/xytron/2026-kookmin-contest-qualifier/build/perception/build/lib/perception
copying perception/shortcut_exit.py -> /home/xytron/2026-kookmin-contest-qualifier/build/perception/build/lib/perception
copying perception/__init__.py -> /home/xytron/2026-kookmin-contest-qualifier/build/perception/build/lib/perception
copying perception/collect_data.py -> /home/xytron/2026-kookmin-contest-qualifier/build/perception/build/lib/perception
copying perception/obstacle.py -> /home/xytron/2026-kookmin-contest-qualifier/build/perception/build/lib/perception
running install
running install_lib
creating /home/xytron/2026-kookmin-contest-qualifier/install/perception/lib/python3.10/site-packages/perception
copying /home/xytron/2026-kookmin-contest-qualifier/build/perception/build/lib/perception/left_car.py -> /home/xytron/2026-kookmin-contest-qualifier/install/perception/lib/python3.10/site-packages/perception
copying /home/xytron/2026-kookmin-contest-qualifier/build/perception/build/lib/perception/yolo_detector.py -> /home/xytron/2026-kookmin-contest-qualifier/install/perception/lib/python3.10/site-packages/perception
copying /home/xytron/2026-kookmin-contest-qualifier/build/perception/build/lib/perception/perception.py -> /home/xytron/2026-kookmin-contest-qualifier/install/perception/lib/python3.10/site-packages/perception
copying /home/xytron/2026-kookmin-contest-qualifier/build/perception/build/lib/perception/start_line.py -> /home/xytron/2026-kookmin-contest-qualifier/install/perception/lib/python3.10/site-packages/perception
copying /home/xytron/2026-kookmin-contest-qualifier/build/perception/build/lib/perception/school_zone.py -> /home/xytron/2026-kookmin-contest-qualifier/install/perception/lib/python3.10/site-packages/perception
copying /home/xytron/2026-kookmin-contest-qualifier/build/perception/build/lib/perception/traffic_light.py -> /home/xytron/2026-kookmin-contest-qualifier/install/perception/lib/python3.10/site-packages/perception
copying /home/xytron/2026-kookmin-contest-qualifier/build/perception/build/lib/perception/shortcut_exit.py -> /home/xytron/2026-kookmin-contest-qualifier/install/perception/lib/python3.10/site-packages/perception
copying /home/xytron/2026-kookmin-contest-qualifier/build/perception/build/lib/perception/__init__.py -> /home/xytron/2026-kookmin-contest-qualifier/install/perception/lib/python3.10/site-packages/perception
copying /home/xytron/2026-kookmin-contest-qualifier/build/perception/build/lib/perception/collect_data.py -> /home/xytron/2026-kookmin-contest-qualifier/install/perception/lib/python3.10/site-packages/perception
copying /home/xytron/2026-kookmin-contest-qualifier/build/perception/build/lib/perception/obstacle.py -> /home/xytron/2026-kookmin-contest-qualifier/install/perception/lib/python3.10/site-packages/perception
byte-compiling /home/xytron/2026-kookmin-contest-qualifier/install/perception/lib/python3.10/site-packages/perception/left_car.py to left_car.cpython-310.pyc
byte-compiling /home/xytron/2026-kookmin-contest-qualifier/install/perception/lib/python3.10/site-packages/perception/yolo_detector.py to yolo_detector.cpython-310.pyc
byte-compiling /home/xytron/2026-kookmin-contest-qualifier/install/perception/lib/python3.10/site-packages/perception/perception.py to perception.cpython-310.pyc
byte-compiling /home/xytron/2026-kookmin-contest-qualifier/install/perception/lib/python3.10/site-packages/perception/start_line.py to start_line.cpython-310.pyc
byte-compiling /home/xytron/2026-kookmin-contest-qualifier/install/perception/lib/python3.10/site-packages/perception/school_zone.py to school_zone.cpython-310.pyc
byte-compiling /home/xytron/2026-kookmin-contest-qualifier/install/perception/lib/python3.10/site-packages/perception/traffic_light.py to traffic_light.cpython-310.pyc
byte-compiling /home/xytron/2026-kookmin-contest-qualifier/install/perception/lib/python3.10/site-packages/perception/shortcut_exit.py to shortcut_exit.cpython-310.pyc
byte-compiling /home/xytron/2026-kookmin-contest-qualifier/install/perception/lib/python3.10/site-packages/perception/__init__.py to __init__.cpython-310.pyc
byte-compiling /home/xytron/2026-kookmin-contest-qualifier/install/perception/lib/python3.10/site-packages/perception/collect_data.py to collect_data.cpython-310.pyc
byte-compiling /home/xytron/2026-kookmin-contest-qualifier/install/perception/lib/python3.10/site-packages/perception/obstacle.py to obstacle.cpython-310.pyc
running install_data
copying resource/perception -> /home/xytron/2026-kookmin-contest-qualifier/install/perception/share/ament_index/resource_index/packages
copying package.xml -> /home/xytron/2026-kookmin-contest-qualifier/install/perception/share/perception
running install_egg_info
Copying ../../build/perception/perception.egg-info to /home/xytron/2026-kookmin-contest-qualifier/install/perception/lib/python3.10/site-packages/perception-0.0.1-py3.10.egg-info
running install_scripts
Installing collect_data script to /home/xytron/2026-kookmin-contest-qualifier/install/perception/lib/perception
Installing perception script to /home/xytron/2026-kookmin-contest-qualifier/install/perception/lib/perception
writing list of installed files to '/home/xytron/2026-kookmin-contest-qualifier/build/perception/install.log'
