[0.611s] Invoking command in '/home/xytron/2026-kookmin-contest-qualifier/ericar/driving': PYTHONPATH=/home/xytron/2026-kookmin-contest-qualifier/build/driving/prefix_override:/usr/lib/python3/dist-packages/colcon_core/task/python/colcon_distutils_commands:/home/xytron/2026-kookmin-contest-qualifier/install/driving/lib/python3.10/site-packages:${PYTHONPATH} /usr/bin/python3 -W ignore:setup.py install is deprecated -W ignore:easy_install command is deprecated setup.py egg_info --egg-base ../../build/driving build --build-base /home/xytron/2026-kookmin-contest-qualifier/build/driving/build install --record /home/xytron/2026-kookmin-contest-qualifier/build/driving/install.log --single-version-externally-managed install_data
[0.831s] running egg_info
[0.832s] writing ../../build/driving/driving.egg-info/PKG-INFO
[0.832s] writing dependency_links to ../../build/driving/driving.egg-info/dependency_links.txt
[0.833s] writing entry points to ../../build/driving/driving.egg-info/entry_points.txt
[0.833s] writing requirements to ../../build/driving/driving.egg-info/requires.txt
[0.833s] writing top-level names to ../../build/driving/driving.egg-info/top_level.txt
[0.834s] reading manifest file '../../build/driving/driving.egg-info/SOURCES.txt'
[0.835s] writing manifest file '../../build/driving/driving.egg-info/SOURCES.txt'
[0.835s] running build
[0.835s] running build_py
[0.835s] copying driving/driving.py -> /home/xytron/2026-kookmin-contest-qualifier/build/driving/build/lib/driving
[0.836s] running install
[0.838s] running install_lib
[0.838s] copying /home/xytron/2026-kookmin-contest-qualifier/build/driving/build/lib/driving/driving.py -> /home/xytron/2026-kookmin-contest-qualifier/install/driving/lib/python3.10/site-packages/driving
[0.839s] byte-compiling /home/xytron/2026-kookmin-contest-qualifier/install/driving/lib/python3.10/site-packages/driving/driving.py to driving.cpython-310.pyc
[0.841s] running install_data
[0.841s] running install_egg_info
[0.843s] removing '/home/xytron/2026-kookmin-contest-qualifier/install/driving/lib/python3.10/site-packages/driving-0.0.1-py3.10.egg-info' (and everything under it)
[0.844s] Copying ../../build/driving/driving.egg-info to /home/xytron/2026-kookmin-contest-qualifier/install/driving/lib/python3.10/site-packages/driving-0.0.1-py3.10.egg-info
[0.845s] running install_scripts
[0.865s] Installing driving script to /home/xytron/2026-kookmin-contest-qualifier/install/driving/lib/driving
[0.865s] writing list of installed files to '/home/xytron/2026-kookmin-contest-qualifier/build/driving/install.log'
[0.885s] Invoked command in '/home/xytron/2026-kookmin-contest-qualifier/ericar/driving' returned '0': PYTHONPATH=/home/xytron/2026-kookmin-contest-qualifier/build/driving/prefix_override:/usr/lib/python3/dist-packages/colcon_core/task/python/colcon_distutils_commands:/home/xytron/2026-kookmin-contest-qualifier/install/driving/lib/python3.10/site-packages:${PYTHONPATH} /usr/bin/python3 -W ignore:setup.py install is deprecated -W ignore:easy_install command is deprecated setup.py egg_info --egg-base ../../build/driving build --build-base /home/xytron/2026-kookmin-contest-qualifier/build/driving/build install --record /home/xytron/2026-kookmin-contest-qualifier/build/driving/install.log --single-version-externally-managed install_data
