[1.495s] Invoking command in '/home/xytron/2026-kookmin-contest-qualifier/my_lidar': AMENT_PREFIX_PATH=/home/xytron/2026-kookmin-contest-qualifier/install/xycar_msgs:${AMENT_PREFIX_PATH} CMAKE_PREFIX_PATH=/home/xytron/2026-kookmin-contest-qualifier/install/xycar_msgs:${CMAKE_PREFIX_PATH} LD_LIBRARY_PATH=/home/xytron/2026-kookmin-contest-qualifier/install/xycar_msgs/lib:${LD_LIBRARY_PATH} PYTHONPATH=/home/xytron/2026-kookmin-contest-qualifier/build/my_lidar/prefix_override:/usr/lib/python3/dist-packages/colcon_core/task/python/colcon_distutils_commands:/home/xytron/2026-kookmin-contest-qualifier/install/my_lidar/lib/python3.10/site-packages:/home/xytron/2026-kookmin-contest-qualifier/install/xycar_msgs/local/lib/python3.10/dist-packages:${PYTHONPATH} /usr/bin/python3 -W ignore:setup.py install is deprecated -W ignore:easy_install command is deprecated setup.py egg_info --egg-base ../build/my_lidar build --build-base /home/xytron/2026-kookmin-contest-qualifier/build/my_lidar/build install --record /home/xytron/2026-kookmin-contest-qualifier/build/my_lidar/install.log --single-version-externally-managed install_data
[1.792s] running egg_info
[1.792s] writing ../build/my_lidar/my_lidar.egg-info/PKG-INFO
[1.795s] writing dependency_links to ../build/my_lidar/my_lidar.egg-info/dependency_links.txt
[1.795s] writing entry points to ../build/my_lidar/my_lidar.egg-info/entry_points.txt
[1.806s] writing requirements to ../build/my_lidar/my_lidar.egg-info/requires.txt
[1.807s] writing top-level names to ../build/my_lidar/my_lidar.egg-info/top_level.txt
[1.807s] reading manifest file '../build/my_lidar/my_lidar.egg-info/SOURCES.txt'
[1.807s] adding license file 'LICENSE'
[1.807s] writing manifest file '../build/my_lidar/my_lidar.egg-info/SOURCES.txt'
[1.807s] running build
[1.807s] running build_py
[1.807s] running install
[1.807s] running install_lib
[1.808s] running install_data
[1.808s] running install_egg_info
[1.817s] removing '/home/xytron/2026-kookmin-contest-qualifier/install/my_lidar/lib/python3.10/site-packages/my_lidar-0.0.0-py3.10.egg-info' (and everything under it)
[1.817s] Copying ../build/my_lidar/my_lidar.egg-info to /home/xytron/2026-kookmin-contest-qualifier/install/my_lidar/lib/python3.10/site-packages/my_lidar-0.0.0-py3.10.egg-info
[1.817s] running install_scripts
[1.836s] Installing lidar_scan script to /home/xytron/2026-kookmin-contest-qualifier/install/my_lidar/lib/my_lidar
[1.836s] Installing lidar_viewer script to /home/xytron/2026-kookmin-contest-qualifier/install/my_lidar/lib/my_lidar
[1.837s] writing list of installed files to '/home/xytron/2026-kookmin-contest-qualifier/build/my_lidar/install.log'
[1.860s] Invoked command in '/home/xytron/2026-kookmin-contest-qualifier/my_lidar' returned '0': AMENT_PREFIX_PATH=/home/xytron/2026-kookmin-contest-qualifier/install/xycar_msgs:${AMENT_PREFIX_PATH} CMAKE_PREFIX_PATH=/home/xytron/2026-kookmin-contest-qualifier/install/xycar_msgs:${CMAKE_PREFIX_PATH} LD_LIBRARY_PATH=/home/xytron/2026-kookmin-contest-qualifier/install/xycar_msgs/lib:${LD_LIBRARY_PATH} PYTHONPATH=/home/xytron/2026-kookmin-contest-qualifier/build/my_lidar/prefix_override:/usr/lib/python3/dist-packages/colcon_core/task/python/colcon_distutils_commands:/home/xytron/2026-kookmin-contest-qualifier/install/my_lidar/lib/python3.10/site-packages:/home/xytron/2026-kookmin-contest-qualifier/install/xycar_msgs/local/lib/python3.10/dist-packages:${PYTHONPATH} /usr/bin/python3 -W ignore:setup.py install is deprecated -W ignore:easy_install command is deprecated setup.py egg_info --egg-base ../build/my_lidar build --build-base /home/xytron/2026-kookmin-contest-qualifier/build/my_lidar/build install --record /home/xytron/2026-kookmin-contest-qualifier/build/my_lidar/install.log --single-version-externally-managed install_data
