[2.900s] Invoking command in '/home/xytron/2026-kookmin-contest-qualifier/build/my_motor': PYTHONPATH=/home/xytron/2026-kookmin-contest-qualifier/build/my_motor/prefix_override:/usr/lib/python3/dist-packages/colcon_core/task/python/colcon_distutils_commands:/home/xytron/2026-kookmin-contest-qualifier/install/my_motor/lib/python3.10/site-packages:${PYTHONPATH} /usr/bin/python3 -W ignore:setup.py install is deprecated -W ignore:easy_install command is deprecated setup.py develop --uninstall --editable --build-directory /home/xytron/2026-kookmin-contest-qualifier/build/my_motor/build
[3.453s] running develop
[3.825s] Removing /home/xytron/2026-kookmin-contest-qualifier/install/my_motor/lib/python3.10/site-packages/my-motor.egg-link (link to .)
[3.883s] Invoked command in '/home/xytron/2026-kookmin-contest-qualifier/build/my_motor' returned '0': PYTHONPATH=/home/xytron/2026-kookmin-contest-qualifier/build/my_motor/prefix_override:/usr/lib/python3/dist-packages/colcon_core/task/python/colcon_distutils_commands:/home/xytron/2026-kookmin-contest-qualifier/install/my_motor/lib/python3.10/site-packages:${PYTHONPATH} /usr/bin/python3 -W ignore:setup.py install is deprecated -W ignore:easy_install command is deprecated setup.py develop --uninstall --editable --build-directory /home/xytron/2026-kookmin-contest-qualifier/build/my_motor/build
[3.887s] Invoking command in '/home/xytron/2026-kookmin-contest-qualifier/my_motor': PYTHONPATH=/home/xytron/2026-kookmin-contest-qualifier/build/my_motor/prefix_override:/usr/lib/python3/dist-packages/colcon_core/task/python/colcon_distutils_commands:/home/xytron/2026-kookmin-contest-qualifier/install/my_motor/lib/python3.10/site-packages:${PYTHONPATH} /usr/bin/python3 -W ignore:setup.py install is deprecated -W ignore:easy_install command is deprecated setup.py egg_info --egg-base ../build/my_motor build --build-base /home/xytron/2026-kookmin-contest-qualifier/build/my_motor/build install --record /home/xytron/2026-kookmin-contest-qualifier/build/my_motor/install.log --single-version-externally-managed install_data --force
[4.404s] running egg_info
[4.404s] writing ../build/my_motor/my_motor.egg-info/PKG-INFO
[4.404s] writing dependency_links to ../build/my_motor/my_motor.egg-info/dependency_links.txt
[4.404s] writing entry points to ../build/my_motor/my_motor.egg-info/entry_points.txt
[4.404s] writing requirements to ../build/my_motor/my_motor.egg-info/requires.txt
[4.404s] writing top-level names to ../build/my_motor/my_motor.egg-info/top_level.txt
[4.404s] reading manifest file '../build/my_motor/my_motor.egg-info/SOURCES.txt'
[4.404s] adding license file 'LICENSE'
[4.404s] writing manifest file '../build/my_motor/my_motor.egg-info/SOURCES.txt'
[4.404s] running build
[4.404s] running build_py
[4.404s] creating /home/xytron/2026-kookmin-contest-qualifier/build/my_motor/build
[4.404s] creating /home/xytron/2026-kookmin-contest-qualifier/build/my_motor/build/lib
[4.404s] creating /home/xytron/2026-kookmin-contest-qualifier/build/my_motor/build/lib/my_motor
[4.406s] copying my_motor/go_stop.py -> /home/xytron/2026-kookmin-contest-qualifier/build/my_motor/build/lib/my_motor
[4.407s] copying my_motor/__init__.py -> /home/xytron/2026-kookmin-contest-qualifier/build/my_motor/build/lib/my_motor
[4.407s] copying my_motor/go.py -> /home/xytron/2026-kookmin-contest-qualifier/build/my_motor/build/lib/my_motor
[4.407s] running install
[4.407s] running install_lib
[4.407s] creating /home/xytron/2026-kookmin-contest-qualifier/install/my_motor/lib/python3.10/site-packages/my_motor
[4.407s] copying /home/xytron/2026-kookmin-contest-qualifier/build/my_motor/build/lib/my_motor/go_stop.py -> /home/xytron/2026-kookmin-contest-qualifier/install/my_motor/lib/python3.10/site-packages/my_motor
[4.407s] copying /home/xytron/2026-kookmin-contest-qualifier/build/my_motor/build/lib/my_motor/__init__.py -> /home/xytron/2026-kookmin-contest-qualifier/install/my_motor/lib/python3.10/site-packages/my_motor
[4.407s] copying /home/xytron/2026-kookmin-contest-qualifier/build/my_motor/build/lib/my_motor/go.py -> /home/xytron/2026-kookmin-contest-qualifier/install/my_motor/lib/python3.10/site-packages/my_motor
[4.407s] byte-compiling /home/xytron/2026-kookmin-contest-qualifier/install/my_motor/lib/python3.10/site-packages/my_motor/go_stop.py to go_stop.cpython-310.pyc
[4.407s] byte-compiling /home/xytron/2026-kookmin-contest-qualifier/install/my_motor/lib/python3.10/site-packages/my_motor/__init__.py to __init__.cpython-310.pyc
[4.407s] byte-compiling /home/xytron/2026-kookmin-contest-qualifier/install/my_motor/lib/python3.10/site-packages/my_motor/go.py to go.cpython-310.pyc
[4.407s] running install_data
[4.408s] copying resource/my_motor -> /home/xytron/2026-kookmin-contest-qualifier/install/my_motor/share/ament_index/resource_index/packages
[4.408s] copying package.xml -> /home/xytron/2026-kookmin-contest-qualifier/install/my_motor/share/my_motor
[4.408s] running install_egg_info
[4.408s] Copying ../build/my_motor/my_motor.egg-info to /home/xytron/2026-kookmin-contest-qualifier/install/my_motor/lib/python3.10/site-packages/my_motor-0.0.0-py3.10.egg-info
[4.408s] running install_scripts
[4.472s] Installing go script to /home/xytron/2026-kookmin-contest-qualifier/install/my_motor/lib/my_motor
[4.472s] Installing go_stop script to /home/xytron/2026-kookmin-contest-qualifier/install/my_motor/lib/my_motor
[4.473s] writing list of installed files to '/home/xytron/2026-kookmin-contest-qualifier/build/my_motor/install.log'
[4.513s] Invoked command in '/home/xytron/2026-kookmin-contest-qualifier/my_motor' returned '0': PYTHONPATH=/home/xytron/2026-kookmin-contest-qualifier/build/my_motor/prefix_override:/usr/lib/python3/dist-packages/colcon_core/task/python/colcon_distutils_commands:/home/xytron/2026-kookmin-contest-qualifier/install/my_motor/lib/python3.10/site-packages:${PYTHONPATH} /usr/bin/python3 -W ignore:setup.py install is deprecated -W ignore:easy_install command is deprecated setup.py egg_info --egg-base ../build/my_motor build --build-base /home/xytron/2026-kookmin-contest-qualifier/build/my_motor/build install --record /home/xytron/2026-kookmin-contest-qualifier/build/my_motor/install.log --single-version-externally-managed install_data --force
