[0.882s] Invoking command in '/home/xytron/2026-kookmin-contest-qualifier/ericar/main': PYTHONPATH=/home/xytron/2026-kookmin-contest-qualifier/build/main/prefix_override:/usr/lib/python3/dist-packages/colcon_core/task/python/colcon_distutils_commands:/home/xytron/2026-kookmin-contest-qualifier/install/main/lib/python3.10/site-packages:${PYTHONPATH} /usr/bin/python3 -W ignore:setup.py install is deprecated -W ignore:easy_install command is deprecated setup.py egg_info --egg-base ../../build/main build --build-base /home/xytron/2026-kookmin-contest-qualifier/build/main/build install --record /home/xytron/2026-kookmin-contest-qualifier/build/main/install.log --single-version-externally-managed install_data
[1.135s] running egg_info
[1.135s] writing ../../build/main/main.egg-info/PKG-INFO
[1.136s] writing dependency_links to ../../build/main/main.egg-info/dependency_links.txt
[1.136s] writing entry points to ../../build/main/main.egg-info/entry_points.txt
[1.136s] writing requirements to ../../build/main/main.egg-info/requires.txt
[1.136s] writing top-level names to ../../build/main/main.egg-info/top_level.txt
[1.138s] reading manifest file '../../build/main/main.egg-info/SOURCES.txt'
[1.138s] writing manifest file '../../build/main/main.egg-info/SOURCES.txt'
[1.139s] running build
[1.139s] running build_py
[1.139s] copying main/control.py -> /home/xytron/2026-kookmin-contest-qualifier/build/main/build/lib/main
[1.139s] running install
[1.140s] running install_lib
[1.140s] copying /home/xytron/2026-kookmin-contest-qualifier/build/main/build/lib/main/control.py -> /home/xytron/2026-kookmin-contest-qualifier/install/main/lib/python3.10/site-packages/main
[1.142s] byte-compiling /home/xytron/2026-kookmin-contest-qualifier/install/main/lib/python3.10/site-packages/main/control.py to control.cpython-310.pyc
[1.144s] running install_data
[1.144s] running install_egg_info
[1.146s] removing '/home/xytron/2026-kookmin-contest-qualifier/install/main/lib/python3.10/site-packages/main-0.0.1-py3.10.egg-info' (and everything under it)
[1.146s] Copying ../../build/main/main.egg-info to /home/xytron/2026-kookmin-contest-qualifier/install/main/lib/python3.10/site-packages/main-0.0.1-py3.10.egg-info
[1.148s] running install_scripts
[1.172s] Installing control script to /home/xytron/2026-kookmin-contest-qualifier/install/main/lib/main
[1.173s] Installing main script to /home/xytron/2026-kookmin-contest-qualifier/install/main/lib/main
[1.174s] writing list of installed files to '/home/xytron/2026-kookmin-contest-qualifier/build/main/install.log'
[1.199s] Invoked command in '/home/xytron/2026-kookmin-contest-qualifier/ericar/main' returned '0': PYTHONPATH=/home/xytron/2026-kookmin-contest-qualifier/build/main/prefix_override:/usr/lib/python3/dist-packages/colcon_core/task/python/colcon_distutils_commands:/home/xytron/2026-kookmin-contest-qualifier/install/main/lib/python3.10/site-packages:${PYTHONPATH} /usr/bin/python3 -W ignore:setup.py install is deprecated -W ignore:easy_install command is deprecated setup.py egg_info --egg-base ../../build/main build --build-base /home/xytron/2026-kookmin-contest-qualifier/build/main/build install --record /home/xytron/2026-kookmin-contest-qualifier/build/main/install.log --single-version-externally-managed install_data
