[2.620s] Invoking command in '/home/xytron/2026-kookmin-contest-qualifier/my_motor': PYTHONPATH=/home/xytron/2026-kookmin-contest-qualifier/build/my_motor/prefix_override:/usr/lib/python3/dist-packages/colcon_core/task/python/colcon_distutils_commands:/home/xytron/2026-kookmin-contest-qualifier/install/my_motor/lib/python3.10/site-packages:${PYTHONPATH} /usr/bin/python3 -W ignore:setup.py install is deprecated -W ignore:easy_install command is deprecated setup.py egg_info --egg-base ../build/my_motor build --build-base /home/xytron/2026-kookmin-contest-qualifier/build/my_motor/build install --record /home/xytron/2026-kookmin-contest-qualifier/build/my_motor/install.log --single-version-externally-managed install_data
[3.056s] running egg_info
[3.060s] writing ../build/my_motor/my_motor.egg-info/PKG-INFO
[3.060s] writing dependency_links to ../build/my_motor/my_motor.egg-info/dependency_links.txt
[3.060s] writing entry points to ../build/my_motor/my_motor.egg-info/entry_points.txt
[3.061s] writing requirements to ../build/my_motor/my_motor.egg-info/requires.txt
[3.061s] writing top-level names to ../build/my_motor/my_motor.egg-info/top_level.txt
[3.068s] reading manifest file '../build/my_motor/my_motor.egg-info/SOURCES.txt'
[3.068s] adding license file 'LICENSE'
[3.070s] writing manifest file '../build/my_motor/my_motor.egg-info/SOURCES.txt'
[3.075s] running build
[3.075s] running build_py
[3.075s] running install
[3.075s] running install_lib
[3.075s] running install_data
[3.075s] running install_egg_info
[3.077s] removing '/home/xytron/2026-kookmin-contest-qualifier/install/my_motor/lib/python3.10/site-packages/my_motor-0.0.0-py3.10.egg-info' (and everything under it)
[3.078s] Copying ../build/my_motor/my_motor.egg-info to /home/xytron/2026-kookmin-contest-qualifier/install/my_motor/lib/python3.10/site-packages/my_motor-0.0.0-py3.10.egg-info
[3.086s] running install_scripts
[3.160s] Installing go script to /home/xytron/2026-kookmin-contest-qualifier/install/my_motor/lib/my_motor
[3.161s] Installing go_stop script to /home/xytron/2026-kookmin-contest-qualifier/install/my_motor/lib/my_motor
[3.161s] writing list of installed files to '/home/xytron/2026-kookmin-contest-qualifier/build/my_motor/install.log'
[3.235s] Invoked command in '/home/xytron/2026-kookmin-contest-qualifier/my_motor' returned '0': PYTHONPATH=/home/xytron/2026-kookmin-contest-qualifier/build/my_motor/prefix_override:/usr/lib/python3/dist-packages/colcon_core/task/python/colcon_distutils_commands:/home/xytron/2026-kookmin-contest-qualifier/install/my_motor/lib/python3.10/site-packages:${PYTHONPATH} /usr/bin/python3 -W ignore:setup.py install is deprecated -W ignore:easy_install command is deprecated setup.py egg_info --egg-base ../build/my_motor build --build-base /home/xytron/2026-kookmin-contest-qualifier/build/my_motor/build install --record /home/xytron/2026-kookmin-contest-qualifier/build/my_motor/install.log --single-version-externally-managed install_data
