/home/xytron/2026-kookmin-contest-qualifier/ericar/install/driving/lib/python3.10/site-packages/driving/rubbercone.py
/home/xytron/2026-kookmin-contest-qualifier/ericar/install/driving/lib/python3.10/site-packages/driving/driving.py
/home/xytron/2026-kookmin-contest-qualifier/ericar/install/driving/lib/python3.10/site-packages/driving/turn_left.py
/home/xytron/2026-kookmin-contest-qualifier/ericar/install/driving/lib/python3.10/site-packages/driving/__init__.py
/home/xytron/2026-kookmin-contest-qualifier/ericar/install/driving/lib/python3.10/site-packages/driving/lane_detection.py
/home/xytron/2026-kookmin-contest-qualifier/ericar/install/driving/lib/python3.10/site-packages/driving/__pycache__/rubbercone.cpython-310.pyc
/home/xytron/2026-kookmin-contest-qualifier/ericar/install/driving/lib/python3.10/site-packages/driving/__pycache__/driving.cpython-310.pyc
/home/xytron/2026-kookmin-contest-qualifier/ericar/install/driving/lib/python3.10/site-packages/driving/__pycache__/turn_left.cpython-310.pyc
/home/xytron/2026-kookmin-contest-qualifier/ericar/install/driving/lib/python3.10/site-packages/driving/__pycache__/__init__.cpython-310.pyc
/home/xytron/2026-kookmin-contest-qualifier/ericar/install/driving/lib/python3.10/site-packages/driving/__pycache__/lane_detection.cpython-310.pyc
/home/xytron/2026-kookmin-contest-qualifier/ericar/install/driving/share/ament_index/resource_index/packages/driving
/home/xytron/2026-kookmin-contest-qualifier/ericar/install/driving/share/driving/package.xml
/home/xytron/2026-kookmin-contest-qualifier/ericar/install/driving/share/driving/launch
/home/xytron/2026-kookmin-contest-qualifier/ericar/install/driving/lib/python3.10/site-packages/driving-0.0.1-py3.10.egg-info/SOURCES.txt
/home/xytron/2026-kookmin-contest-qualifier/ericar/install/driving/lib/python3.10/site-packages/driving-0.0.1-py3.10.egg-info/top_level.txt
/home/xytron/2026-kookmin-contest-qualifier/ericar/install/driving/lib/python3.10/site-packages/driving-0.0.1-py3.10.egg-info/requires.txt
/home/xytron/2026-kookmin-contest-qualifier/ericar/install/driving/lib/python3.10/site-packages/driving-0.0.1-py3.10.egg-info/PKG-INFO
/home/xytron/2026-kookmin-contest-qualifier/ericar/install/driving/lib/python3.10/site-packages/driving-0.0.1-py3.10.egg-info/entry_points.txt
/home/xytron/2026-kookmin-contest-qualifier/ericar/install/driving/lib/python3.10/site-packages/driving-0.0.1-py3.10.egg-info/zip-safe
/home/xytron/2026-kookmin-contest-qualifier/ericar/install/driving/lib/python3.10/site-packages/driving-0.0.1-py3.10.egg-info/dependency_links.txt
/home/xytron/2026-kookmin-contest-qualifier/ericar/install/driving/lib/driving/driving
