[2.411s] Invoking command in '/home/xytron/2026-kookmin-contest-qualifier/build/function': AMENT_PREFIX_PATH=/home/xytron/2026-kookmin-contest-qualifier/install/xycar_msgs:${AMENT_PREFIX_PATH} CMAKE_PREFIX_PATH=/home/xytron/2026-kookmin-contest-qualifier/install/xycar_msgs:${CMAKE_PREFIX_PATH} LD_LIBRARY_PATH=/home/xytron/2026-kookmin-contest-qualifier/install/xycar_msgs/lib:${LD_LIBRARY_PATH} PYTHONPATH=/home/xytron/2026-kookmin-contest-qualifier/build/function/prefix_override:/usr/lib/python3/dist-packages/colcon_core/task/python/colcon_distutils_commands:/home/xytron/2026-kookmin-contest-qualifier/install/function/lib/python3.10/site-packages:/home/xytron/2026-kookmin-contest-qualifier/install/xycar_msgs/local/lib/python3.10/dist-packages:${PYTHONPATH} /usr/bin/python3 -W ignore:setup.py install is deprecated -W ignore:easy_install command is deprecated setup.py develop --editable --build-directory /home/xytron/2026-kookmin-contest-qualifier/build/function/build --no-deps symlink_data
[2.902s] running develop
[3.212s] running egg_info
[3.212s] writing function.egg-info/PKG-INFO
[3.213s] writing dependency_links to function.egg-info/dependency_links.txt
[3.214s] writing entry points to function.egg-info/entry_points.txt
[3.214s] writing requirements to function.egg-info/requires.txt
[3.214s] writing top-level names to function.egg-info/top_level.txt
[3.220s] reading manifest file 'function.egg-info/SOURCES.txt'
[3.221s] writing manifest file 'function.egg-info/SOURCES.txt'
[3.224s] running build_ext
[3.225s] Creating /home/xytron/2026-kookmin-contest-qualifier/install/function/lib/python3.10/site-packages/function.egg-link (link to .)
[3.226s] Installing camera_viewer script to /home/xytron/2026-kookmin-contest-qualifier/install/function/lib/function
[3.227s] Installing hsv_tuner script to /home/xytron/2026-kookmin-contest-qualifier/install/function/lib/function
[3.227s] Installing imu_visualizer script to /home/xytron/2026-kookmin-contest-qualifier/install/function/lib/function
[3.228s] Installing lidar_visualizer script to /home/xytron/2026-kookmin-contest-qualifier/install/function/lib/function
[3.229s] Installing manual_control script to /home/xytron/2026-kookmin-contest-qualifier/install/function/lib/function
[3.229s] 
[3.230s] Installed /home/xytron/2026-kookmin-contest-qualifier/build/function
[3.230s] running symlink_data
[3.554s] Invoked command in '/home/xytron/2026-kookmin-contest-qualifier/build/function' returned '0': AMENT_PREFIX_PATH=/home/xytron/2026-kookmin-contest-qualifier/install/xycar_msgs:${AMENT_PREFIX_PATH} CMAKE_PREFIX_PATH=/home/xytron/2026-kookmin-contest-qualifier/install/xycar_msgs:${CMAKE_PREFIX_PATH} LD_LIBRARY_PATH=/home/xytron/2026-kookmin-contest-qualifier/install/xycar_msgs/lib:${LD_LIBRARY_PATH} PYTHONPATH=/home/xytron/2026-kookmin-contest-qualifier/build/function/prefix_override:/usr/lib/python3/dist-packages/colcon_core/task/python/colcon_distutils_commands:/home/xytron/2026-kookmin-contest-qualifier/install/function/lib/python3.10/site-packages:/home/xytron/2026-kookmin-contest-qualifier/install/xycar_msgs/local/lib/python3.10/dist-packages:${PYTHONPATH} /usr/bin/python3 -W ignore:setup.py install is deprecated -W ignore:easy_install command is deprecated setup.py develop --editable --build-directory /home/xytron/2026-kookmin-contest-qualifier/build/function/build --no-deps symlink_data
