[2.427s] Invoking command in '/home/xytron/2026-kookmin-contest-qualifier/ROS-TCP-Endpoint-main-ros2': PYTHONPATH=/home/xytron/2026-kookmin-contest-qualifier/build/ros_tcp_endpoint/prefix_override:/usr/lib/python3/dist-packages/colcon_core/task/python/colcon_distutils_commands:/home/xytron/2026-kookmin-contest-qualifier/install/ros_tcp_endpoint/lib/python3.10/site-packages:${PYTHONPATH} /usr/bin/python3 -W ignore:setup.py install is deprecated -W ignore:easy_install command is deprecated setup.py egg_info --egg-base ../build/ros_tcp_endpoint build --build-base /home/xytron/2026-kookmin-contest-qualifier/build/ros_tcp_endpoint/build install --record /home/xytron/2026-kookmin-contest-qualifier/build/ros_tcp_endpoint/install.log --single-version-externally-managed install_data
[2.809s] running egg_info
[2.809s] writing ../build/ros_tcp_endpoint/ros_tcp_endpoint.egg-info/PKG-INFO
[2.809s] writing dependency_links to ../build/ros_tcp_endpoint/ros_tcp_endpoint.egg-info/dependency_links.txt
[2.809s] writing entry points to ../build/ros_tcp_endpoint/ros_tcp_endpoint.egg-info/entry_points.txt
[2.809s] writing requirements to ../build/ros_tcp_endpoint/ros_tcp_endpoint.egg-info/requires.txt
[2.809s] writing top-level names to ../build/ros_tcp_endpoint/ros_tcp_endpoint.egg-info/top_level.txt
[2.816s] reading manifest file '../build/ros_tcp_endpoint/ros_tcp_endpoint.egg-info/SOURCES.txt'
[2.816s] adding license file 'LICENSE'
[2.816s] writing manifest file '../build/ros_tcp_endpoint/ros_tcp_endpoint.egg-info/SOURCES.txt'
[2.816s] running build
[2.816s] running build_py
[2.816s] running install
[2.816s] running install_lib
[2.817s] running install_data
[2.817s] running install_egg_info
[2.826s] removing '/home/xytron/2026-kookmin-contest-qualifier/install/ros_tcp_endpoint/lib/python3.10/site-packages/ros_tcp_endpoint-0.0.1-py3.10.egg-info' (and everything under it)
[2.831s] Copying ../build/ros_tcp_endpoint/ros_tcp_endpoint.egg-info to /home/xytron/2026-kookmin-contest-qualifier/install/ros_tcp_endpoint/lib/python3.10/site-packages/ros_tcp_endpoint-0.0.1-py3.10.egg-info
[2.834s] running install_scripts
[2.888s] Installing default_server_endpoint script to /home/xytron/2026-kookmin-contest-qualifier/install/ros_tcp_endpoint/lib/ros_tcp_endpoint
[2.889s] writing list of installed files to '/home/xytron/2026-kookmin-contest-qualifier/build/ros_tcp_endpoint/install.log'
[3.006s] Invoked command in '/home/xytron/2026-kookmin-contest-qualifier/ROS-TCP-Endpoint-main-ros2' returned '0': PYTHONPATH=/home/xytron/2026-kookmin-contest-qualifier/build/ros_tcp_endpoint/prefix_override:/usr/lib/python3/dist-packages/colcon_core/task/python/colcon_distutils_commands:/home/xytron/2026-kookmin-contest-qualifier/install/ros_tcp_endpoint/lib/python3.10/site-packages:${PYTHONPATH} /usr/bin/python3 -W ignore:setup.py install is deprecated -W ignore:easy_install command is deprecated setup.py egg_info --egg-base ../build/ros_tcp_endpoint build --build-base /home/xytron/2026-kookmin-contest-qualifier/build/ros_tcp_endpoint/build install --record /home/xytron/2026-kookmin-contest-qualifier/build/ros_tcp_endpoint/install.log --single-version-externally-managed install_data
