[2.137s] Invoking command in '/home/xytron/2026-kookmin-contest-qualifier/build/ros_tcp_endpoint': PYTHONPATH=/home/xytron/2026-kookmin-contest-qualifier/build/ros_tcp_endpoint/prefix_override:/usr/lib/python3/dist-packages/colcon_core/task/python/colcon_distutils_commands:/home/xytron/2026-kookmin-contest-qualifier/install/ros_tcp_endpoint/lib/python3.10/site-packages:${PYTHONPATH} /usr/bin/python3 -W ignore:setup.py install is deprecated -W ignore:easy_install command is deprecated setup.py develop --editable --build-directory /home/xytron/2026-kookmin-contest-qualifier/build/ros_tcp_endpoint/build --no-deps symlink_data
[2.551s] running develop
[2.789s] running egg_info
[2.789s] creating ros_tcp_endpoint.egg-info
[2.789s] writing ros_tcp_endpoint.egg-info/PKG-INFO
[2.789s] writing dependency_links to ros_tcp_endpoint.egg-info/dependency_links.txt
[2.789s] writing entry points to ros_tcp_endpoint.egg-info/entry_points.txt
[2.789s] writing requirements to ros_tcp_endpoint.egg-info/requires.txt
[2.789s] writing top-level names to ros_tcp_endpoint.egg-info/top_level.txt
[2.789s] writing manifest file 'ros_tcp_endpoint.egg-info/SOURCES.txt'
[2.797s] reading manifest file 'ros_tcp_endpoint.egg-info/SOURCES.txt'
[2.798s] writing manifest file 'ros_tcp_endpoint.egg-info/SOURCES.txt'
[2.801s] running build_ext
[2.801s] Creating /home/xytron/2026-kookmin-contest-qualifier/install/ros_tcp_endpoint/lib/python3.10/site-packages/ros-tcp-endpoint.egg-link (link to .)
[2.801s] Installing default_server_endpoint script to /home/xytron/2026-kookmin-contest-qualifier/install/ros_tcp_endpoint/lib/ros_tcp_endpoint
[2.801s] 
[2.802s] Installed /home/xytron/2026-kookmin-contest-qualifier/build/ros_tcp_endpoint
[2.802s] running symlink_data
[2.802s] creating /home/xytron/2026-kookmin-contest-qualifier/install/ros_tcp_endpoint/share/ament_index
[2.802s] creating /home/xytron/2026-kookmin-contest-qualifier/install/ros_tcp_endpoint/share/ament_index/resource_index
[2.802s] creating /home/xytron/2026-kookmin-contest-qualifier/install/ros_tcp_endpoint/share/ament_index/resource_index/packages
[2.802s] symbolically linking /home/xytron/2026-kookmin-contest-qualifier/build/ros_tcp_endpoint/resource/ros_tcp_endpoint -> /home/xytron/2026-kookmin-contest-qualifier/install/ros_tcp_endpoint/share/ament_index/resource_index/packages
[2.803s] symbolically linking /home/xytron/2026-kookmin-contest-qualifier/build/ros_tcp_endpoint/package.xml -> /home/xytron/2026-kookmin-contest-qualifier/install/ros_tcp_endpoint/share/ros_tcp_endpoint
[2.803s] creating /home/xytron/2026-kookmin-contest-qualifier/install/ros_tcp_endpoint/share/ros_tcp_endpoint/launch
[2.803s] symbolically linking /home/xytron/2026-kookmin-contest-qualifier/build/ros_tcp_endpoint/launch/endpoint.py -> /home/xytron/2026-kookmin-contest-qualifier/install/ros_tcp_endpoint/share/ros_tcp_endpoint/launch
[2.868s] Invoked command in '/home/xytron/2026-kookmin-contest-qualifier/build/ros_tcp_endpoint' returned '0': PYTHONPATH=/home/xytron/2026-kookmin-contest-qualifier/build/ros_tcp_endpoint/prefix_override:/usr/lib/python3/dist-packages/colcon_core/task/python/colcon_distutils_commands:/home/xytron/2026-kookmin-contest-qualifier/install/ros_tcp_endpoint/lib/python3.10/site-packages:${PYTHONPATH} /usr/bin/python3 -W ignore:setup.py install is deprecated -W ignore:easy_install command is deprecated setup.py develop --editable --build-directory /home/xytron/2026-kookmin-contest-qualifier/build/ros_tcp_endpoint/build --no-deps symlink_data
