running egg_info
writing ../../build/perception/perception.egg-info/PKG-INFO
writing dependency_links to ../../build/perception/perception.egg-info/dependency_links.txt
writing entry points to ../../build/perception/perception.egg-info/entry_points.txt
writing requirements to ../../build/perception/perception.egg-info/requires.txt
writing top-level names to ../../build/perception/perception.egg-info/top_level.txt
reading manifest file '../../build/perception/perception.egg-info/SOURCES.txt'
writing manifest file '../../build/perception/perception.egg-info/SOURCES.txt'
running build
running build_py
copying perception/perception.py -> /home/xytron/2026-kookmin-contest-qualifier/build/perception/build/lib/perception
running install
running install_lib
copying /home/xytron/2026-kookmin-contest-qualifier/build/perception/build/lib/perception/perception.py -> /home/xytron/2026-kookmin-contest-qualifier/install/perception/lib/python3.10/site-packages/perception
byte-compiling /home/xytron/2026-kookmin-contest-qualifier/install/perception/lib/python3.10/site-packages/perception/perception.py to perception.cpython-310.pyc
running install_data
running install_egg_info
removing '/home/xytron/2026-kookmin-contest-qualifier/install/perception/lib/python3.10/site-packages/perception-0.0.1-py3.10.egg-info' (and everything under it)
Copying ../../build/perception/perception.egg-info to /home/xytron/2026-kookmin-contest-qualifier/install/perception/lib/python3.10/site-packages/perception-0.0.1-py3.10.egg-info
running install_scripts
Installing collect_data script to /home/xytron/2026-kookmin-contest-qualifier/install/perception/lib/perception
Installing perception script to /home/xytron/2026-kookmin-contest-qualifier/install/perception/lib/perception
writing list of installed files to '/home/xytron/2026-kookmin-contest-qualifier/build/perception/install.log'
