[0.815s] Invoking command in '/home/xytron/2026-kookmin-contest-qualifier/ericar/perception': PYTHONPATH=/home/xytron/2026-kookmin-contest-qualifier/build/perception/prefix_override:/usr/lib/python3/dist-packages/colcon_core/task/python/colcon_distutils_commands:/home/xytron/2026-kookmin-contest-qualifier/install/perception/lib/python3.10/site-packages:${PYTHONPATH} /usr/bin/python3 -W ignore:setup.py install is deprecated -W ignore:easy_install command is deprecated setup.py egg_info --egg-base ../../build/perception build --build-base /home/xytron/2026-kookmin-contest-qualifier/build/perception/build install --record /home/xytron/2026-kookmin-contest-qualifier/build/perception/install.log --single-version-externally-managed install_data
[1.104s] running egg_info
[1.106s] writing ../../build/perception/perception.egg-info/PKG-INFO
[1.135s] writing dependency_links to ../../build/perception/perception.egg-info/dependency_links.txt
[1.135s] writing entry points to ../../build/perception/perception.egg-info/entry_points.txt
[1.135s] writing requirements to ../../build/perception/perception.egg-info/requires.txt
[1.135s] writing top-level names to ../../build/perception/perception.egg-info/top_level.txt
[1.135s] reading manifest file '../../build/perception/perception.egg-info/SOURCES.txt'
[1.136s] writing manifest file '../../build/perception/perception.egg-info/SOURCES.txt'
[1.143s] running build
[1.144s] running build_py
[1.144s] copying perception/perception.py -> /home/xytron/2026-kookmin-contest-qualifier/build/perception/build/lib/perception
[1.144s] running install
[1.145s] running install_lib
[1.146s] copying /home/xytron/2026-kookmin-contest-qualifier/build/perception/build/lib/perception/perception.py -> /home/xytron/2026-kookmin-contest-qualifier/install/perception/lib/python3.10/site-packages/perception
[1.149s] byte-compiling /home/xytron/2026-kookmin-contest-qualifier/install/perception/lib/python3.10/site-packages/perception/perception.py to perception.cpython-310.pyc
[1.155s] running install_data
[1.156s] running install_egg_info
[1.158s] removing '/home/xytron/2026-kookmin-contest-qualifier/install/perception/lib/python3.10/site-packages/perception-0.0.1-py3.10.egg-info' (and everything under it)
[1.160s] Copying ../../build/perception/perception.egg-info to /home/xytron/2026-kookmin-contest-qualifier/install/perception/lib/python3.10/site-packages/perception-0.0.1-py3.10.egg-info
[1.161s] running install_scripts
[1.183s] Installing collect_data script to /home/xytron/2026-kookmin-contest-qualifier/install/perception/lib/perception
[1.184s] Installing perception script to /home/xytron/2026-kookmin-contest-qualifier/install/perception/lib/perception
[1.184s] writing list of installed files to '/home/xytron/2026-kookmin-contest-qualifier/build/perception/install.log'
[1.207s] Invoked command in '/home/xytron/2026-kookmin-contest-qualifier/ericar/perception' returned '0': PYTHONPATH=/home/xytron/2026-kookmin-contest-qualifier/build/perception/prefix_override:/usr/lib/python3/dist-packages/colcon_core/task/python/colcon_distutils_commands:/home/xytron/2026-kookmin-contest-qualifier/install/perception/lib/python3.10/site-packages:${PYTHONPATH} /usr/bin/python3 -W ignore:setup.py install is deprecated -W ignore:easy_install command is deprecated setup.py egg_info --egg-base ../../build/perception build --build-base /home/xytron/2026-kookmin-contest-qualifier/build/perception/build install --record /home/xytron/2026-kookmin-contest-qualifier/build/perception/install.log --single-version-externally-managed install_data
