[0.044s] Invoking command in '/home/xytron/2026-kookmin-contest-qualifier/build/xycar_msgs': CMAKE_PREFIX_PATH=/home/xytron/xycar_ws/install/xycar_msgs:/home/xytron/xycar_ws/install/my_lidar:/home/xytron/xycar_ws/install/my_cam:/home/xytron/xycar_ws/install/main:/home/xytron/xycar_ws/install/kookmin9_viewer:/home/xytron/xycar_ws/install/track_drive:/home/xytron/xycar_ws/install/ros_tcp_endpoint:/home/xytron/xycar_ws/install/perception:/home/xytron/xycar_ws/install/my_motor:/home/xytron/xycar_ws/install/my_imu:/home/xytron/xycar_ws/install/driving:/opt/ros/humble:/home/xytron/xycar_ws/install/ericar_msgs /usr/bin/cmake --build /home/xytron/2026-kookmin-contest-qualifier/build/xycar_msgs -- -j8 -l8
[1.542s] [  2%] Built target xycar_msgs__cpp
[1.543s] [  5%] Built target xycar_msgs__rs
[1.543s] [ 15%] Built target xycar_msgs__rosidl_generator_c
[1.543s] [ 15%] Built target ament_cmake_python_symlink_xycar_msgs
[1.543s] [ 25%] Built target xycar_msgs__rosidl_typesupport_fastrtps_cpp
[1.543s] [ 37%] Built target xycar_msgs__rosidl_typesupport_cpp
[1.543s] [ 47%] Built target xycar_msgs__rosidl_typesupport_c
[1.543s] [ 65%] Built target xycar_msgs__rosidl_typesupport_introspection_cpp
[1.543s] [ 55%] Built target xycar_msgs__rosidl_typesupport_fastrtps_c
[1.543s] [ 75%] Built target xycar_msgs__rosidl_typesupport_introspection_c
[1.543s] [ 75%] Built target xycar_msgs
[1.544s] [ 77%] Built target xycar_msgs__py
[1.544s] [ 85%] Built target xycar_msgs__rosidl_generator_py
[1.544s] [ 90%] Built target xycar_msgs__rosidl_typesupport_fastrtps_c__pyext
[1.544s] [ 95%] Built target xycar_msgs__rosidl_typesupport_introspection_c__pyext
[1.545s] [100%] Built target xycar_msgs__rosidl_typesupport_c__pyext
[1.545s] running egg_info
[1.545s] writing xycar_msgs.egg-info/PKG-INFO
[1.545s] writing dependency_links to xycar_msgs.egg-info/dependency_links.txt
[1.546s] writing top-level names to xycar_msgs.egg-info/top_level.txt
[1.546s] reading manifest file 'xycar_msgs.egg-info/SOURCES.txt'
[1.546s] writing manifest file 'xycar_msgs.egg-info/SOURCES.txt'
[1.546s] [100%] Built target ament_cmake_python_build_xycar_msgs_egg
[1.546s] Invoked command in '/home/xytron/2026-kookmin-contest-qualifier/build/xycar_msgs' returned '0': CMAKE_PREFIX_PATH=/home/xytron/xycar_ws/install/xycar_msgs:/home/xytron/xycar_ws/install/my_lidar:/home/xytron/xycar_ws/install/my_cam:/home/xytron/xycar_ws/install/main:/home/xytron/xycar_ws/install/kookmin9_viewer:/home/xytron/xycar_ws/install/track_drive:/home/xytron/xycar_ws/install/ros_tcp_endpoint:/home/xytron/xycar_ws/install/perception:/home/xytron/xycar_ws/install/my_motor:/home/xytron/xycar_ws/install/my_imu:/home/xytron/xycar_ws/install/driving:/opt/ros/humble:/home/xytron/xycar_ws/install/ericar_msgs /usr/bin/cmake --build /home/xytron/2026-kookmin-contest-qualifier/build/xycar_msgs -- -j8 -l8
[1.555s] Invoking command in '/home/xytron/2026-kookmin-contest-qualifier/build/xycar_msgs': CMAKE_PREFIX_PATH=/home/xytron/xycar_ws/install/xycar_msgs:/home/xytron/xycar_ws/install/my_lidar:/home/xytron/xycar_ws/install/my_cam:/home/xytron/xycar_ws/install/main:/home/xytron/xycar_ws/install/kookmin9_viewer:/home/xytron/xycar_ws/install/track_drive:/home/xytron/xycar_ws/install/ros_tcp_endpoint:/home/xytron/xycar_ws/install/perception:/home/xytron/xycar_ws/install/my_motor:/home/xytron/xycar_ws/install/my_imu:/home/xytron/xycar_ws/install/driving:/opt/ros/humble:/home/xytron/xycar_ws/install/ericar_msgs /usr/bin/cmake --install /home/xytron/2026-kookmin-contest-qualifier/build/xycar_msgs
[1.574s] -- Install configuration: ""
[1.574s] -- Execute custom install script
[1.574s] -- Up-to-date symlink: /home/xytron/2026-kookmin-contest-qualifier/install/xycar_msgs/share/ament_index/resource_index/rosidl_interfaces/xycar_msgs
[1.578s] -- Up-to-date symlink: /home/xytron/2026-kookmin-contest-qualifier/install/xycar_msgs/include/xycar_msgs/xycar_msgs/msg/detail/xycar_motor__functions.h
[1.579s] -- Up-to-date symlink: /home/xytron/2026-kookmin-contest-qualifier/install/xycar_msgs/include/xycar_msgs/xycar_msgs/msg/detail/xycar_motor__struct.h
[1.579s] -- Up-to-date symlink: /home/xytron/2026-kookmin-contest-qualifier/install/xycar_msgs/include/xycar_msgs/xycar_msgs/msg/detail/xycar_motor__type_support.h
[1.579s] -- Up-to-date symlink: /home/xytron/2026-kookmin-contest-qualifier/install/xycar_msgs/include/xycar_msgs/xycar_msgs/msg/detail/xycar_ultrasonic__functions.h
[1.579s] -- Up-to-date symlink: /home/xytron/2026-kookmin-contest-qualifier/install/xycar_msgs/include/xycar_msgs/xycar_msgs/msg/detail/xycar_ultrasonic__struct.h
[1.579s] -- Up-to-date symlink: /home/xytron/2026-kookmin-contest-qualifier/install/xycar_msgs/include/xycar_msgs/xycar_msgs/msg/detail/xycar_ultrasonic__type_support.h
[1.579s] -- Up-to-date symlink: /home/xytron/2026-kookmin-contest-qualifier/install/xycar_msgs/include/xycar_msgs/xycar_msgs/msg/rosidl_generator_c__visibility_control.h
[1.585s] -- Up-to-date symlink: /home/xytron/2026-kookmin-contest-qualifier/install/xycar_msgs/include/xycar_msgs/xycar_msgs/msg/xycar_motor.h
[1.586s] -- Up-to-date symlink: /home/xytron/2026-kookmin-contest-qualifier/install/xycar_msgs/include/xycar_msgs/xycar_msgs/msg/xycar_ultrasonic.h
[1.586s] -- Up-to-date symlink: /home/xytron/2026-kookmin-contest-qualifier/install/xycar_msgs/share/xycar_msgs/environment/library_path.sh
[1.586s] -- Up-to-date symlink: /home/xytron/2026-kookmin-contest-qualifier/install/xycar_msgs/share/xycar_msgs/environment/library_path.dsv
[1.586s] -- Up-to-date symlink: /home/xytron/2026-kookmin-contest-qualifier/install/xycar_msgs/include/xycar_msgs/xycar_msgs/msg/detail/xycar_motor__rosidl_typesupport_fastrtps_c.h
[1.587s] -- Up-to-date symlink: /home/xytron/2026-kookmin-contest-qualifier/install/xycar_msgs/include/xycar_msgs/xycar_msgs/msg/detail/xycar_ultrasonic__rosidl_typesupport_fastrtps_c.h
[1.587s] -- Up-to-date symlink: /home/xytron/2026-kookmin-contest-qualifier/install/xycar_msgs/include/xycar_msgs/xycar_msgs/msg/rosidl_typesupport_fastrtps_c__visibility_control.h
[1.604s] -- Up-to-date symlink: /home/xytron/2026-kookmin-contest-qualifier/install/xycar_msgs/include/xycar_msgs/xycar_msgs/msg/detail/xycar_motor__rosidl_typesupport_introspection_c.h
[1.604s] -- Up-to-date symlink: /home/xytron/2026-kookmin-contest-qualifier/install/xycar_msgs/include/xycar_msgs/xycar_msgs/msg/detail/xycar_ultrasonic__rosidl_typesupport_introspection_c.h
[1.604s] -- Up-to-date symlink: /home/xytron/2026-kookmin-contest-qualifier/install/xycar_msgs/include/xycar_msgs/xycar_msgs/msg/rosidl_typesupport_introspection_c__visibility_control.h
[1.604s] -- Up-to-date symlink: /home/xytron/2026-kookmin-contest-qualifier/install/xycar_msgs/include/xycar_msgs/xycar_msgs/msg/detail/xycar_motor__builder.hpp
[1.604s] -- Up-to-date symlink: /home/xytron/2026-kookmin-contest-qualifier/install/xycar_msgs/include/xycar_msgs/xycar_msgs/msg/detail/xycar_motor__struct.hpp
[1.604s] -- Up-to-date symlink: /home/xytron/2026-kookmin-contest-qualifier/install/xycar_msgs/include/xycar_msgs/xycar_msgs/msg/detail/xycar_motor__traits.hpp
[1.604s] -- Up-to-date symlink: /home/xytron/2026-kookmin-contest-qualifier/install/xycar_msgs/include/xycar_msgs/xycar_msgs/msg/detail/xycar_motor__type_support.hpp
[1.604s] -- Up-to-date symlink: /home/xytron/2026-kookmin-contest-qualifier/install/xycar_msgs/include/xycar_msgs/xycar_msgs/msg/detail/xycar_ultrasonic__builder.hpp
[1.604s] -- Up-to-date symlink: /home/xytron/2026-kookmin-contest-qualifier/install/xycar_msgs/include/xycar_msgs/xycar_msgs/msg/detail/xycar_ultrasonic__struct.hpp
[1.604s] -- Up-to-date symlink: /home/xytron/2026-kookmin-contest-qualifier/install/xycar_msgs/include/xycar_msgs/xycar_msgs/msg/detail/xycar_ultrasonic__traits.hpp
[1.604s] -- Up-to-date symlink: /home/xytron/2026-kookmin-contest-qualifier/install/xycar_msgs/include/xycar_msgs/xycar_msgs/msg/detail/xycar_ultrasonic__type_support.hpp
[1.604s] -- Up-to-date symlink: /home/xytron/2026-kookmin-contest-qualifier/install/xycar_msgs/include/xycar_msgs/xycar_msgs/msg/rosidl_generator_cpp__visibility_control.hpp
[1.604s] -- Up-to-date symlink: /home/xytron/2026-kookmin-contest-qualifier/install/xycar_msgs/include/xycar_msgs/xycar_msgs/msg/xycar_motor.hpp
[1.605s] -- Up-to-date symlink: /home/xytron/2026-kookmin-contest-qualifier/install/xycar_msgs/include/xycar_msgs/xycar_msgs/msg/xycar_ultrasonic.hpp
[1.605s] -- Up-to-date symlink: /home/xytron/2026-kookmin-contest-qualifier/install/xycar_msgs/include/xycar_msgs/xycar_msgs/msg/detail/xycar_motor__rosidl_typesupport_fastrtps_cpp.hpp
[1.605s] -- Up-to-date symlink: /home/xytron/2026-kookmin-contest-qualifier/install/xycar_msgs/include/xycar_msgs/xycar_msgs/msg/detail/xycar_ultrasonic__rosidl_typesupport_fastrtps_cpp.hpp
[1.605s] -- Up-to-date symlink: /home/xytron/2026-kookmin-contest-qualifier/install/xycar_msgs/include/xycar_msgs/xycar_msgs/msg/rosidl_typesupport_fastrtps_cpp__visibility_control.h
[1.605s] -- Up-to-date symlink: /home/xytron/2026-kookmin-contest-qualifier/install/xycar_msgs/include/xycar_msgs/xycar_msgs/msg/detail/xycar_motor__rosidl_typesupport_introspection_cpp.hpp
[1.605s] -- Up-to-date symlink: /home/xytron/2026-kookmin-contest-qualifier/install/xycar_msgs/include/xycar_msgs/xycar_msgs/msg/detail/xycar_ultrasonic__rosidl_typesupport_introspection_cpp.hpp
[1.605s] -- Up-to-date symlink: /home/xytron/2026-kookmin-contest-qualifier/install/xycar_msgs/share/xycar_msgs/environment/pythonpath.sh
[1.605s] -- Up-to-date symlink: /home/xytron/2026-kookmin-contest-qualifier/install/xycar_msgs/share/xycar_msgs/environment/pythonpath.dsv
[1.605s] -- Up-to-date symlink: /home/xytron/2026-kookmin-contest-qualifier/install/xycar_msgs/local/lib/python3.10/dist-packages/xycar_msgs-0.0.0-py3.10.egg-info/PKG-INFO
[1.605s] -- Up-to-date symlink: /home/xytron/2026-kookmin-contest-qualifier/install/xycar_msgs/local/lib/python3.10/dist-packages/xycar_msgs-0.0.0-py3.10.egg-info/SOURCES.txt
[1.605s] -- Up-to-date symlink: /home/xytron/2026-kookmin-contest-qualifier/install/xycar_msgs/local/lib/python3.10/dist-packages/xycar_msgs-0.0.0-py3.10.egg-info/dependency_links.txt
[1.605s] -- Up-to-date symlink: /home/xytron/2026-kookmin-contest-qualifier/install/xycar_msgs/local/lib/python3.10/dist-packages/xycar_msgs-0.0.0-py3.10.egg-info/top_level.txt
[1.605s] -- Up-to-date symlink: /home/xytron/2026-kookmin-contest-qualifier/install/xycar_msgs/local/lib/python3.10/dist-packages/xycar_msgs/__init__.py
[1.605s] -- Up-to-date symlink: /home/xytron/2026-kookmin-contest-qualifier/install/xycar_msgs/local/lib/python3.10/dist-packages/xycar_msgs/_xycar_msgs_s.ep.rosidl_typesupport_c.c
[1.605s] -- Up-to-date symlink: /home/xytron/2026-kookmin-contest-qualifier/install/xycar_msgs/local/lib/python3.10/dist-packages/xycar_msgs/_xycar_msgs_s.ep.rosidl_typesupport_fastrtps_c.c
[1.605s] -- Up-to-date symlink: /home/xytron/2026-kookmin-contest-qualifier/install/xycar_msgs/local/lib/python3.10/dist-packages/xycar_msgs/_xycar_msgs_s.ep.rosidl_typesupport_introspection_c.c
[1.605s] -- Up-to-date symlink: /home/xytron/2026-kookmin-contest-qualifier/install/xycar_msgs/local/lib/python3.10/dist-packages/xycar_msgs/libxycar_msgs__rosidl_generator_py.so
[1.605s] -- Up-to-date symlink: /home/xytron/2026-kookmin-contest-qualifier/install/xycar_msgs/local/lib/python3.10/dist-packages/xycar_msgs/msg/__init__.py
[1.605s] -- Up-to-date symlink: /home/xytron/2026-kookmin-contest-qualifier/install/xycar_msgs/local/lib/python3.10/dist-packages/xycar_msgs/msg/_xycar_motor.py
[1.605s] -- Up-to-date symlink: /home/xytron/2026-kookmin-contest-qualifier/install/xycar_msgs/local/lib/python3.10/dist-packages/xycar_msgs/msg/_xycar_motor_s.c
[1.605s] -- Up-to-date symlink: /home/xytron/2026-kookmin-contest-qualifier/install/xycar_msgs/local/lib/python3.10/dist-packages/xycar_msgs/msg/_xycar_ultrasonic.py
[1.605s] -- Up-to-date symlink: /home/xytron/2026-kookmin-contest-qualifier/install/xycar_msgs/local/lib/python3.10/dist-packages/xycar_msgs/msg/_xycar_ultrasonic_s.c
[1.605s] -- Up-to-date symlink: /home/xytron/2026-kookmin-contest-qualifier/install/xycar_msgs/local/lib/python3.10/dist-packages/xycar_msgs/xycar_msgs_s__rosidl_typesupport_c.cpython-310-x86_64-linux-gnu.so
[1.605s] -- Up-to-date symlink: /home/xytron/2026-kookmin-contest-qualifier/install/xycar_msgs/local/lib/python3.10/dist-packages/xycar_msgs/xycar_msgs_s__rosidl_typesupport_fastrtps_c.cpython-310-x86_64-linux-gnu.so
[1.605s] -- Up-to-date symlink: /home/xytron/2026-kookmin-contest-qualifier/install/xycar_msgs/local/lib/python3.10/dist-packages/xycar_msgs/xycar_msgs_s__rosidl_typesupport_introspection_c.cpython-310-x86_64-linux-gnu.so
[1.605s] -- Up-to-date symlink: /home/xytron/2026-kookmin-contest-qualifier/install/xycar_msgs/local/lib/python3.10/dist-packages/xycar_msgs/xycar_msgs_s__rosidl_typesupport_fastrtps_c.cpython-310-x86_64-linux-gnu.so
[1.606s] -- Up-to-date symlink: /home/xytron/2026-kookmin-contest-qualifier/install/xycar_msgs/local/lib/python3.10/dist-packages/xycar_msgs/xycar_msgs_s__rosidl_typesupport_introspection_c.cpython-310-x86_64-linux-gnu.so
[1.606s] -- Up-to-date symlink: /home/xytron/2026-kookmin-contest-qualifier/install/xycar_msgs/local/lib/python3.10/dist-packages/xycar_msgs/xycar_msgs_s__rosidl_typesupport_c.cpython-310-x86_64-linux-gnu.so
[1.606s] -- Up-to-date symlink: /home/xytron/2026-kookmin-contest-qualifier/install/xycar_msgs/share/ament_index/resource_index/rust_packages/xycar_msgs
[1.606s] -- Up-to-date symlink: /home/xytron/2026-kookmin-contest-qualifier/install/xycar_msgs/share/xycar_msgs/rust/Cargo.toml
[1.606s] -- Up-to-date symlink: /home/xytron/2026-kookmin-contest-qualifier/install/xycar_msgs/share/xycar_msgs/rust/build.rs
[1.607s] -- Up-to-date symlink: /home/xytron/2026-kookmin-contest-qualifier/install/xycar_msgs/share/xycar_msgs/rust/src/lib.rs
[1.607s] -- Up-to-date symlink: /home/xytron/2026-kookmin-contest-qualifier/install/xycar_msgs/share/xycar_msgs/rust/src/msg.rs
[1.607s] -- Up-to-date symlink: /home/xytron/2026-kookmin-contest-qualifier/install/xycar_msgs/share/xycar_msgs/rust/src/msg/rmw.rs
[1.607s] -- Up-to-date symlink: /home/xytron/2026-kookmin-contest-qualifier/install/xycar_msgs/share/xycar_msgs/msg/XycarMotor.idl
[1.607s] -- Up-to-date symlink: /home/xytron/2026-kookmin-contest-qualifier/install/xycar_msgs/share/xycar_msgs/msg/XycarUltrasonic.idl
[1.607s] -- Up-to-date symlink: /home/xytron/2026-kookmin-contest-qualifier/install/xycar_msgs/share/xycar_msgs/msg/XycarMotor.msg
[1.607s] -- Up-to-date symlink: /home/xytron/2026-kookmin-contest-qualifier/install/xycar_msgs/share/xycar_msgs/msg/XycarUltrasonic.msg
[1.607s] -- Up-to-date symlink: /home/xytron/2026-kookmin-contest-qualifier/install/xycar_msgs/share/ament_index/resource_index/package_run_dependencies/xycar_msgs
[1.607s] -- Up-to-date symlink: /home/xytron/2026-kookmin-contest-qualifier/install/xycar_msgs/share/ament_index/resource_index/parent_prefix_path/xycar_msgs
[1.607s] -- Up-to-date symlink: /home/xytron/2026-kookmin-contest-qualifier/install/xycar_msgs/share/xycar_msgs/environment/ament_prefix_path.sh
[1.608s] -- Up-to-date symlink: /home/xytron/2026-kookmin-contest-qualifier/install/xycar_msgs/share/xycar_msgs/environment/ament_prefix_path.dsv
[1.608s] -- Up-to-date symlink: /home/xytron/2026-kookmin-contest-qualifier/install/xycar_msgs/share/xycar_msgs/environment/path.sh
[1.608s] -- Up-to-date symlink: /home/xytron/2026-kookmin-contest-qualifier/install/xycar_msgs/share/xycar_msgs/environment/path.dsv
[1.608s] -- Up-to-date symlink: /home/xytron/2026-kookmin-contest-qualifier/install/xycar_msgs/share/xycar_msgs/local_setup.bash
[1.608s] -- Up-to-date symlink: /home/xytron/2026-kookmin-contest-qualifier/install/xycar_msgs/share/xycar_msgs/local_setup.sh
[1.608s] -- Up-to-date symlink: /home/xytron/2026-kookmin-contest-qualifier/install/xycar_msgs/share/xycar_msgs/local_setup.zsh
[1.608s] -- Up-to-date symlink: /home/xytron/2026-kookmin-contest-qualifier/install/xycar_msgs/share/xycar_msgs/local_setup.dsv
[1.608s] -- Symlinking: /home/xytron/2026-kookmin-contest-qualifier/install/xycar_msgs/share/xycar_msgs/package.dsv
[1.632s] -- Up-to-date symlink: /home/xytron/2026-kookmin-contest-qualifier/install/xycar_msgs/share/ament_index/resource_index/packages/xycar_msgs
[1.632s] -- Up-to-date symlink: /home/xytron/2026-kookmin-contest-qualifier/install/xycar_msgs/share/xycar_msgs/cmake/rosidl_cmake-extras.cmake
[1.632s] -- Up-to-date symlink: /home/xytron/2026-kookmin-contest-qualifier/install/xycar_msgs/share/xycar_msgs/cmake/ament_cmake_export_dependencies-extras.cmake
[1.632s] -- Up-to-date symlink: /home/xytron/2026-kookmin-contest-qualifier/install/xycar_msgs/share/xycar_msgs/cmake/ament_cmake_export_include_directories-extras.cmake
[1.632s] -- Up-to-date symlink: /home/xytron/2026-kookmin-contest-qualifier/install/xycar_msgs/share/xycar_msgs/cmake/ament_cmake_export_libraries-extras.cmake
[1.632s] -- Up-to-date symlink: /home/xytron/2026-kookmin-contest-qualifier/install/xycar_msgs/share/xycar_msgs/cmake/ament_cmake_export_targets-extras.cmake
[1.632s] -- Up-to-date symlink: /home/xytron/2026-kookmin-contest-qualifier/install/xycar_msgs/share/xycar_msgs/cmake/rosidl_cmake_export_typesupport_targets-extras.cmake
[1.632s] -- Up-to-date symlink: /home/xytron/2026-kookmin-contest-qualifier/install/xycar_msgs/share/xycar_msgs/cmake/rosidl_cmake_export_typesupport_libraries-extras.cmake
[1.632s] -- Up-to-date symlink: /home/xytron/2026-kookmin-contest-qualifier/install/xycar_msgs/share/xycar_msgs/cmake/xycar_msgsConfig.cmake
[1.632s] -- Up-to-date symlink: /home/xytron/2026-kookmin-contest-qualifier/install/xycar_msgs/share/xycar_msgs/cmake/xycar_msgsConfig-version.cmake
[1.633s] -- Up-to-date symlink: /home/xytron/2026-kookmin-contest-qualifier/install/xycar_msgs/share/xycar_msgs/package.xml
[1.633s] -- Up-to-date: /home/xytron/2026-kookmin-contest-qualifier/install/xycar_msgs/lib/libxycar_msgs__rosidl_generator_c.so
[1.633s] -- Up-to-date: /home/xytron/2026-kookmin-contest-qualifier/install/xycar_msgs/lib/libxycar_msgs__rosidl_typesupport_fastrtps_c.so
[1.638s] -- Up-to-date: /home/xytron/2026-kookmin-contest-qualifier/install/xycar_msgs/lib/libxycar_msgs__rosidl_typesupport_introspection_c.so
[1.638s] -- Up-to-date: /home/xytron/2026-kookmin-contest-qualifier/install/xycar_msgs/lib/libxycar_msgs__rosidl_typesupport_c.so
[1.639s] -- Up-to-date: /home/xytron/2026-kookmin-contest-qualifier/install/xycar_msgs/lib/libxycar_msgs__rosidl_typesupport_fastrtps_cpp.so
[1.639s] -- Up-to-date: /home/xytron/2026-kookmin-contest-qualifier/install/xycar_msgs/lib/libxycar_msgs__rosidl_typesupport_introspection_cpp.so
[1.639s] -- Up-to-date: /home/xytron/2026-kookmin-contest-qualifier/install/xycar_msgs/lib/libxycar_msgs__rosidl_typesupport_cpp.so
[1.722s] Listing '/home/xytron/2026-kookmin-contest-qualifier/install/xycar_msgs/local/lib/python3.10/dist-packages/xycar_msgs'...
[1.723s] Listing '/home/xytron/2026-kookmin-contest-qualifier/install/xycar_msgs/local/lib/python3.10/dist-packages/xycar_msgs/msg'...
[1.728s] -- Up-to-date: /home/xytron/2026-kookmin-contest-qualifier/install/xycar_msgs/lib/libxycar_msgs__rosidl_generator_py.so
[1.732s] -- Up-to-date: /home/xytron/2026-kookmin-contest-qualifier/install/xycar_msgs/share/xycar_msgs/cmake/export_xycar_msgs__rosidl_generator_cExport.cmake
[1.732s] -- Up-to-date: /home/xytron/2026-kookmin-contest-qualifier/install/xycar_msgs/share/xycar_msgs/cmake/export_xycar_msgs__rosidl_generator_cExport-noconfig.cmake
[1.737s] -- Up-to-date: /home/xytron/2026-kookmin-contest-qualifier/install/xycar_msgs/share/xycar_msgs/cmake/export_xycar_msgs__rosidl_typesupport_fastrtps_cExport.cmake
[1.737s] -- Up-to-date: /home/xytron/2026-kookmin-contest-qualifier/install/xycar_msgs/share/xycar_msgs/cmake/export_xycar_msgs__rosidl_typesupport_fastrtps_cExport-noconfig.cmake
[1.737s] -- Up-to-date: /home/xytron/2026-kookmin-contest-qualifier/install/xycar_msgs/share/xycar_msgs/cmake/xycar_msgs__rosidl_typesupport_introspection_cExport.cmake
[1.737s] -- Up-to-date: /home/xytron/2026-kookmin-contest-qualifier/install/xycar_msgs/share/xycar_msgs/cmake/xycar_msgs__rosidl_typesupport_introspection_cExport-noconfig.cmake
[1.737s] -- Up-to-date: /home/xytron/2026-kookmin-contest-qualifier/install/xycar_msgs/share/xycar_msgs/cmake/xycar_msgs__rosidl_typesupport_cExport.cmake
[1.750s] -- Up-to-date: /home/xytron/2026-kookmin-contest-qualifier/install/xycar_msgs/share/xycar_msgs/cmake/xycar_msgs__rosidl_typesupport_cExport-noconfig.cmake
[1.750s] -- Up-to-date: /home/xytron/2026-kookmin-contest-qualifier/install/xycar_msgs/share/xycar_msgs/cmake/export_xycar_msgs__rosidl_generator_cppExport.cmake
[1.750s] -- Up-to-date: /home/xytron/2026-kookmin-contest-qualifier/install/xycar_msgs/share/xycar_msgs/cmake/export_xycar_msgs__rosidl_typesupport_fastrtps_cppExport.cmake
[1.750s] -- Up-to-date: /home/xytron/2026-kookmin-contest-qualifier/install/xycar_msgs/share/xycar_msgs/cmake/export_xycar_msgs__rosidl_typesupport_fastrtps_cppExport-noconfig.cmake
[1.750s] -- Up-to-date: /home/xytron/2026-kookmin-contest-qualifier/install/xycar_msgs/share/xycar_msgs/cmake/xycar_msgs__rosidl_typesupport_introspection_cppExport.cmake
[1.750s] -- Up-to-date: /home/xytron/2026-kookmin-contest-qualifier/install/xycar_msgs/share/xycar_msgs/cmake/xycar_msgs__rosidl_typesupport_introspection_cppExport-noconfig.cmake
[1.751s] -- Up-to-date: /home/xytron/2026-kookmin-contest-qualifier/install/xycar_msgs/share/xycar_msgs/cmake/xycar_msgs__rosidl_typesupport_cppExport.cmake
[1.751s] -- Up-to-date: /home/xytron/2026-kookmin-contest-qualifier/install/xycar_msgs/share/xycar_msgs/cmake/xycar_msgs__rosidl_typesupport_cppExport-noconfig.cmake
[1.751s] -- Up-to-date: /home/xytron/2026-kookmin-contest-qualifier/install/xycar_msgs/share/xycar_msgs/cmake/export_xycar_msgs__rosidl_generator_pyExport.cmake
[1.751s] -- Up-to-date: /home/xytron/2026-kookmin-contest-qualifier/install/xycar_msgs/share/xycar_msgs/cmake/export_xycar_msgs__rosidl_generator_pyExport-noconfig.cmake
[1.751s] Invoked command in '/home/xytron/2026-kookmin-contest-qualifier/build/xycar_msgs' returned '0': CMAKE_PREFIX_PATH=/home/xytron/xycar_ws/install/xycar_msgs:/home/xytron/xycar_ws/install/my_lidar:/home/xytron/xycar_ws/install/my_cam:/home/xytron/xycar_ws/install/main:/home/xytron/xycar_ws/install/kookmin9_viewer:/home/xytron/xycar_ws/install/track_drive:/home/xytron/xycar_ws/install/ros_tcp_endpoint:/home/xytron/xycar_ws/install/perception:/home/xytron/xycar_ws/install/my_motor:/home/xytron/xycar_ws/install/my_imu:/home/xytron/xycar_ws/install/driving:/opt/ros/humble:/home/xytron/xycar_ws/install/ericar_msgs /usr/bin/cmake --install /home/xytron/2026-kookmin-contest-qualifier/build/xycar_msgs
