[0.039s] Invoking command in '/home/xytron/2026-kookmin-contest-qualifier/build/xycar_msgs': CMAKE_PREFIX_PATH=/home/xytron/xycar_ws/install/xycar_msgs:/home/xytron/xycar_ws/install/my_lidar:/home/xytron/xycar_ws/install/my_cam:/home/xytron/xycar_ws/install/main:/home/xytron/xycar_ws/install/kookmin9_viewer:/home/xytron/xycar_ws/install/track_drive:/home/xytron/xycar_ws/install/ros_tcp_endpoint:/home/xytron/xycar_ws/install/perception:/home/xytron/xycar_ws/install/my_motor:/home/xytron/xycar_ws/install/my_imu:/home/xytron/xycar_ws/install/driving:/opt/ros/humble:/home/xytron/xycar_ws/install/ericar_msgs /usr/bin/cmake --build /home/xytron/2026-kookmin-contest-qualifier/build/xycar_msgs -- -j8 -l8
[1.286s] [35m[1mConsolidate compiler generated dependencies of target xycar_msgs__rosidl_generator_c[0m
[1.287s] [  2%] Built target xycar_msgs__cpp
[1.287s] [  5%] Built target xycar_msgs__rs
[1.287s] [  5%] Built target ament_cmake_python_symlink_xycar_msgs
[1.287s] [35m[1mConsolidate compiler generated dependencies of target xycar_msgs__rosidl_typesupport_fastrtps_cpp[0m
[1.287s] [35m[1mConsolidate compiler generated dependencies of target xycar_msgs__rosidl_typesupport_introspection_cpp[0m
[1.287s] [35m[1mConsolidate compiler generated dependencies of target xycar_msgs__rosidl_typesupport_cpp[0m
[1.287s] [ 15%] Built target xycar_msgs__rosidl_generator_c
[1.287s] [ 25%] Built target xycar_msgs__rosidl_typesupport_introspection_cpp
[1.287s] [35m[1mConsolidate compiler generated dependencies of target xycar_msgs__rosidl_typesupport_introspection_c[0m
[1.287s] [35m[1mConsolidate compiler generated dependencies of target xycar_msgs__rosidl_typesupport_c[0m
[1.288s] [35m[1mConsolidate compiler generated dependencies of target xycar_msgs__rosidl_typesupport_fastrtps_c[0m
[1.288s] [ 35%] Built target xycar_msgs__rosidl_typesupport_cpp
[1.288s] [ 45%] Built target xycar_msgs__rosidl_typesupport_fastrtps_cpp
[1.288s] [ 57%] Built target xycar_msgs__rosidl_typesupport_fastrtps_c
[1.288s] [ 75%] Built target xycar_msgs__rosidl_typesupport_c
[1.288s] [ 72%] Built target xycar_msgs__rosidl_typesupport_introspection_c
[1.288s] [ 75%] Built target xycar_msgs
[1.288s] [ 77%] Built target xycar_msgs__py
[1.288s] [35m[1mConsolidate compiler generated dependencies of target xycar_msgs__rosidl_generator_py[0m
[1.288s] [ 85%] Built target xycar_msgs__rosidl_generator_py
[1.288s] [35m[1mConsolidate compiler generated dependencies of target xycar_msgs__rosidl_typesupport_fastrtps_c__pyext[0m
[1.288s] [35m[1mConsolidate compiler generated dependencies of target xycar_msgs__rosidl_typesupport_c__pyext[0m
[1.288s] [35m[1mConsolidate compiler generated dependencies of target xycar_msgs__rosidl_typesupport_introspection_c__pyext[0m
[1.288s] [ 90%] Built target xycar_msgs__rosidl_typesupport_c__pyext
[1.289s] [ 95%] Built target xycar_msgs__rosidl_typesupport_fastrtps_c__pyext
[1.289s] [100%] Built target xycar_msgs__rosidl_typesupport_introspection_c__pyext
[1.289s] running egg_info
[1.289s] writing xycar_msgs.egg-info/PKG-INFO
[1.289s] writing dependency_links to xycar_msgs.egg-info/dependency_links.txt
[1.289s] writing top-level names to xycar_msgs.egg-info/top_level.txt
[1.289s] reading manifest file 'xycar_msgs.egg-info/SOURCES.txt'
[1.289s] writing manifest file 'xycar_msgs.egg-info/SOURCES.txt'
[1.289s] [100%] Built target ament_cmake_python_build_xycar_msgs_egg
[1.547s] Invoked command in '/home/xytron/2026-kookmin-contest-qualifier/build/xycar_msgs' returned '0': CMAKE_PREFIX_PATH=/home/xytron/xycar_ws/install/xycar_msgs:/home/xytron/xycar_ws/install/my_lidar:/home/xytron/xycar_ws/install/my_cam:/home/xytron/xycar_ws/install/main:/home/xytron/xycar_ws/install/kookmin9_viewer:/home/xytron/xycar_ws/install/track_drive:/home/xytron/xycar_ws/install/ros_tcp_endpoint:/home/xytron/xycar_ws/install/perception:/home/xytron/xycar_ws/install/my_motor:/home/xytron/xycar_ws/install/my_imu:/home/xytron/xycar_ws/install/driving:/opt/ros/humble:/home/xytron/xycar_ws/install/ericar_msgs /usr/bin/cmake --build /home/xytron/2026-kookmin-contest-qualifier/build/xycar_msgs -- -j8 -l8
[1.558s] Invoking command in '/home/xytron/2026-kookmin-contest-qualifier/build/xycar_msgs': CMAKE_PREFIX_PATH=/home/xytron/xycar_ws/install/xycar_msgs:/home/xytron/xycar_ws/install/my_lidar:/home/xytron/xycar_ws/install/my_cam:/home/xytron/xycar_ws/install/main:/home/xytron/xycar_ws/install/kookmin9_viewer:/home/xytron/xycar_ws/install/track_drive:/home/xytron/xycar_ws/install/ros_tcp_endpoint:/home/xytron/xycar_ws/install/perception:/home/xytron/xycar_ws/install/my_motor:/home/xytron/xycar_ws/install/my_imu:/home/xytron/xycar_ws/install/driving:/opt/ros/humble:/home/xytron/xycar_ws/install/ericar_msgs /usr/bin/cmake --install /home/xytron/2026-kookmin-contest-qualifier/build/xycar_msgs
[1.567s] -- Install configuration: ""
[1.571s] -- Execute custom install script
[1.571s] -- Up-to-date symlink: /home/xytron/2026-kookmin-contest-qualifier/install/xycar_msgs/share/ament_index/resource_index/rosidl_interfaces/xycar_msgs
[1.590s] -- Up-to-date symlink: /home/xytron/2026-kookmin-contest-qualifier/install/xycar_msgs/include/xycar_msgs/xycar_msgs/msg/detail/xycar_motor__functions.h
[1.592s] -- Up-to-date symlink: /home/xytron/2026-kookmin-contest-qualifier/install/xycar_msgs/include/xycar_msgs/xycar_msgs/msg/detail/xycar_motor__struct.h
[1.593s] -- Up-to-date symlink: /home/xytron/2026-kookmin-contest-qualifier/install/xycar_msgs/include/xycar_msgs/xycar_msgs/msg/detail/xycar_motor__type_support.h
[1.593s] -- Up-to-date symlink: /home/xytron/2026-kookmin-contest-qualifier/install/xycar_msgs/include/xycar_msgs/xycar_msgs/msg/detail/xycar_ultrasonic__functions.h
[1.593s] -- Up-to-date symlink: /home/xytron/2026-kookmin-contest-qualifier/install/xycar_msgs/include/xycar_msgs/xycar_msgs/msg/detail/xycar_ultrasonic__struct.h
[1.593s] -- Up-to-date symlink: /home/xytron/2026-kookmin-contest-qualifier/install/xycar_msgs/include/xycar_msgs/xycar_msgs/msg/detail/xycar_ultrasonic__type_support.h
[1.594s] -- Up-to-date symlink: /home/xytron/2026-kookmin-contest-qualifier/install/xycar_msgs/include/xycar_msgs/xycar_msgs/msg/rosidl_generator_c__visibility_control.h
[1.594s] -- Up-to-date symlink: /home/xytron/2026-kookmin-contest-qualifier/install/xycar_msgs/include/xycar_msgs/xycar_msgs/msg/xycar_motor.h
[1.594s] -- Up-to-date symlink: /home/xytron/2026-kookmin-contest-qualifier/install/xycar_msgs/include/xycar_msgs/xycar_msgs/msg/xycar_ultrasonic.h
[1.594s] -- Up-to-date symlink: /home/xytron/2026-kookmin-contest-qualifier/install/xycar_msgs/share/xycar_msgs/environment/library_path.sh
[1.595s] -- Up-to-date symlink: /home/xytron/2026-kookmin-contest-qualifier/install/xycar_msgs/share/xycar_msgs/environment/library_path.dsv
[1.599s] -- Up-to-date symlink: /home/xytron/2026-kookmin-contest-qualifier/install/xycar_msgs/include/xycar_msgs/xycar_msgs/msg/detail/xycar_motor__rosidl_typesupport_fastrtps_c.h
[1.599s] -- Up-to-date symlink: /home/xytron/2026-kookmin-contest-qualifier/install/xycar_msgs/include/xycar_msgs/xycar_msgs/msg/detail/xycar_ultrasonic__rosidl_typesupport_fastrtps_c.h
[1.600s] -- Up-to-date symlink: /home/xytron/2026-kookmin-contest-qualifier/install/xycar_msgs/include/xycar_msgs/xycar_msgs/msg/rosidl_typesupport_fastrtps_c__visibility_control.h
[1.600s] -- Up-to-date symlink: /home/xytron/2026-kookmin-contest-qualifier/install/xycar_msgs/include/xycar_msgs/xycar_msgs/msg/detail/xycar_motor__rosidl_typesupport_introspection_c.h
[1.600s] -- Up-to-date symlink: /home/xytron/2026-kookmin-contest-qualifier/install/xycar_msgs/include/xycar_msgs/xycar_msgs/msg/detail/xycar_ultrasonic__rosidl_typesupport_introspection_c.h
[1.600s] -- Up-to-date symlink: /home/xytron/2026-kookmin-contest-qualifier/install/xycar_msgs/include/xycar_msgs/xycar_msgs/msg/rosidl_typesupport_introspection_c__visibility_control.h
[1.600s] -- Up-to-date symlink: /home/xytron/2026-kookmin-contest-qualifier/install/xycar_msgs/include/xycar_msgs/xycar_msgs/msg/detail/xycar_motor__builder.hpp
[1.600s] -- Up-to-date symlink: /home/xytron/2026-kookmin-contest-qualifier/install/xycar_msgs/include/xycar_msgs/xycar_msgs/msg/detail/xycar_motor__struct.hpp
[1.600s] -- Up-to-date symlink: /home/xytron/2026-kookmin-contest-qualifier/install/xycar_msgs/include/xycar_msgs/xycar_msgs/msg/detail/xycar_motor__traits.hpp
[1.600s] -- Up-to-date symlink: /home/xytron/2026-kookmin-contest-qualifier/install/xycar_msgs/include/xycar_msgs/xycar_msgs/msg/detail/xycar_motor__type_support.hpp
[1.600s] -- Up-to-date symlink: /home/xytron/2026-kookmin-contest-qualifier/install/xycar_msgs/include/xycar_msgs/xycar_msgs/msg/detail/xycar_ultrasonic__builder.hpp
[1.601s] -- Up-to-date symlink: /home/xytron/2026-kookmin-contest-qualifier/install/xycar_msgs/include/xycar_msgs/xycar_msgs/msg/detail/xycar_ultrasonic__struct.hpp
[1.602s] -- Up-to-date symlink: /home/xytron/2026-kookmin-contest-qualifier/install/xycar_msgs/include/xycar_msgs/xycar_msgs/msg/detail/xycar_ultrasonic__traits.hpp
[1.603s] -- Up-to-date symlink: /home/xytron/2026-kookmin-contest-qualifier/install/xycar_msgs/include/xycar_msgs/xycar_msgs/msg/detail/xycar_ultrasonic__type_support.hpp
[1.603s] -- Up-to-date symlink: /home/xytron/2026-kookmin-contest-qualifier/install/xycar_msgs/include/xycar_msgs/xycar_msgs/msg/rosidl_generator_cpp__visibility_control.hpp
[1.604s] -- Up-to-date symlink: /home/xytron/2026-kookmin-contest-qualifier/install/xycar_msgs/include/xycar_msgs/xycar_msgs/msg/xycar_motor.hpp
[1.609s] -- Up-to-date symlink: /home/xytron/2026-kookmin-contest-qualifier/install/xycar_msgs/include/xycar_msgs/xycar_msgs/msg/xycar_ultrasonic.hpp
[1.609s] -- Up-to-date symlink: /home/xytron/2026-kookmin-contest-qualifier/install/xycar_msgs/include/xycar_msgs/xycar_msgs/msg/detail/xycar_motor__rosidl_typesupport_fastrtps_cpp.hpp
[1.609s] -- Up-to-date symlink: /home/xytron/2026-kookmin-contest-qualifier/install/xycar_msgs/include/xycar_msgs/xycar_msgs/msg/detail/xycar_ultrasonic__rosidl_typesupport_fastrtps_cpp.hpp
[1.609s] -- Up-to-date symlink: /home/xytron/2026-kookmin-contest-qualifier/install/xycar_msgs/include/xycar_msgs/xycar_msgs/msg/rosidl_typesupport_fastrtps_cpp__visibility_control.h
[1.613s] -- Up-to-date symlink: /home/xytron/2026-kookmin-contest-qualifier/install/xycar_msgs/include/xycar_msgs/xycar_msgs/msg/detail/xycar_motor__rosidl_typesupport_introspection_cpp.hpp
[1.615s] -- Up-to-date symlink: /home/xytron/2026-kookmin-contest-qualifier/install/xycar_msgs/include/xycar_msgs/xycar_msgs/msg/detail/xycar_ultrasonic__rosidl_typesupport_introspection_cpp.hpp
[1.615s] -- Up-to-date symlink: /home/xytron/2026-kookmin-contest-qualifier/install/xycar_msgs/share/xycar_msgs/environment/pythonpath.sh
[1.615s] -- Up-to-date symlink: /home/xytron/2026-kookmin-contest-qualifier/install/xycar_msgs/share/xycar_msgs/environment/pythonpath.dsv
[1.615s] -- Up-to-date symlink: /home/xytron/2026-kookmin-contest-qualifier/install/xycar_msgs/local/lib/python3.10/dist-packages/xycar_msgs-0.0.0-py3.10.egg-info/PKG-INFO
[1.620s] -- Up-to-date symlink: /home/xytron/2026-kookmin-contest-qualifier/install/xycar_msgs/local/lib/python3.10/dist-packages/xycar_msgs-0.0.0-py3.10.egg-info/SOURCES.txt
[1.625s] -- Up-to-date symlink: /home/xytron/2026-kookmin-contest-qualifier/install/xycar_msgs/local/lib/python3.10/dist-packages/xycar_msgs-0.0.0-py3.10.egg-info/dependency_links.txt
[1.627s] -- Up-to-date symlink: /home/xytron/2026-kookmin-contest-qualifier/install/xycar_msgs/local/lib/python3.10/dist-packages/xycar_msgs-0.0.0-py3.10.egg-info/top_level.txt
[1.627s] -- Up-to-date symlink: /home/xytron/2026-kookmin-contest-qualifier/install/xycar_msgs/local/lib/python3.10/dist-packages/xycar_msgs/__init__.py
[1.627s] -- Up-to-date symlink: /home/xytron/2026-kookmin-contest-qualifier/install/xycar_msgs/local/lib/python3.10/dist-packages/xycar_msgs/_xycar_msgs_s.ep.rosidl_typesupport_c.c
[1.627s] -- Up-to-date symlink: /home/xytron/2026-kookmin-contest-qualifier/install/xycar_msgs/local/lib/python3.10/dist-packages/xycar_msgs/_xycar_msgs_s.ep.rosidl_typesupport_fastrtps_c.c
[1.628s] -- Up-to-date symlink: /home/xytron/2026-kookmin-contest-qualifier/install/xycar_msgs/local/lib/python3.10/dist-packages/xycar_msgs/_xycar_msgs_s.ep.rosidl_typesupport_introspection_c.c
[1.630s] -- Up-to-date symlink: /home/xytron/2026-kookmin-contest-qualifier/install/xycar_msgs/local/lib/python3.10/dist-packages/xycar_msgs/libxycar_msgs__rosidl_generator_py.so
[1.630s] -- Up-to-date symlink: /home/xytron/2026-kookmin-contest-qualifier/install/xycar_msgs/local/lib/python3.10/dist-packages/xycar_msgs/msg/__init__.py
[1.630s] -- Up-to-date symlink: /home/xytron/2026-kookmin-contest-qualifier/install/xycar_msgs/local/lib/python3.10/dist-packages/xycar_msgs/msg/_xycar_motor.py
[1.630s] -- Up-to-date symlink: /home/xytron/2026-kookmin-contest-qualifier/install/xycar_msgs/local/lib/python3.10/dist-packages/xycar_msgs/msg/_xycar_motor_s.c
[1.631s] -- Up-to-date symlink: /home/xytron/2026-kookmin-contest-qualifier/install/xycar_msgs/local/lib/python3.10/dist-packages/xycar_msgs/msg/_xycar_ultrasonic.py
[1.631s] -- Up-to-date symlink: /home/xytron/2026-kookmin-contest-qualifier/install/xycar_msgs/local/lib/python3.10/dist-packages/xycar_msgs/msg/_xycar_ultrasonic_s.c
[1.631s] -- Up-to-date symlink: /home/xytron/2026-kookmin-contest-qualifier/install/xycar_msgs/local/lib/python3.10/dist-packages/xycar_msgs/xycar_msgs_s__rosidl_typesupport_c.cpython-310-x86_64-linux-gnu.so
[1.632s] -- Up-to-date symlink: /home/xytron/2026-kookmin-contest-qualifier/install/xycar_msgs/local/lib/python3.10/dist-packages/xycar_msgs/xycar_msgs_s__rosidl_typesupport_fastrtps_c.cpython-310-x86_64-linux-gnu.so
[1.633s] -- Up-to-date symlink: /home/xytron/2026-kookmin-contest-qualifier/install/xycar_msgs/local/lib/python3.10/dist-packages/xycar_msgs/xycar_msgs_s__rosidl_typesupport_introspection_c.cpython-310-x86_64-linux-gnu.so
[1.633s] -- Up-to-date symlink: /home/xytron/2026-kookmin-contest-qualifier/install/xycar_msgs/local/lib/python3.10/dist-packages/xycar_msgs/xycar_msgs_s__rosidl_typesupport_fastrtps_c.cpython-310-x86_64-linux-gnu.so
[1.633s] -- Up-to-date symlink: /home/xytron/2026-kookmin-contest-qualifier/install/xycar_msgs/local/lib/python3.10/dist-packages/xycar_msgs/xycar_msgs_s__rosidl_typesupport_introspection_c.cpython-310-x86_64-linux-gnu.so
[1.634s] -- Up-to-date symlink: /home/xytron/2026-kookmin-contest-qualifier/install/xycar_msgs/local/lib/python3.10/dist-packages/xycar_msgs/xycar_msgs_s__rosidl_typesupport_c.cpython-310-x86_64-linux-gnu.so
[1.636s] -- Up-to-date symlink: /home/xytron/2026-kookmin-contest-qualifier/install/xycar_msgs/share/ament_index/resource_index/rust_packages/xycar_msgs
[1.640s] -- Up-to-date symlink: /home/xytron/2026-kookmin-contest-qualifier/install/xycar_msgs/share/xycar_msgs/rust/Cargo.toml
[1.642s] -- Up-to-date symlink: /home/xytron/2026-kookmin-contest-qualifier/install/xycar_msgs/share/xycar_msgs/rust/build.rs
[1.645s] -- Up-to-date symlink: /home/xytron/2026-kookmin-contest-qualifier/install/xycar_msgs/share/xycar_msgs/rust/src/lib.rs
[1.646s] -- Up-to-date symlink: /home/xytron/2026-kookmin-contest-qualifier/install/xycar_msgs/share/xycar_msgs/rust/src/msg.rs
[1.647s] -- Up-to-date symlink: /home/xytron/2026-kookmin-contest-qualifier/install/xycar_msgs/share/xycar_msgs/rust/src/msg/rmw.rs
[1.648s] -- Up-to-date symlink: /home/xytron/2026-kookmin-contest-qualifier/install/xycar_msgs/share/xycar_msgs/msg/XycarMotor.idl
[1.649s] -- Up-to-date symlink: /home/xytron/2026-kookmin-contest-qualifier/install/xycar_msgs/share/xycar_msgs/msg/XycarUltrasonic.idl
[1.650s] -- Up-to-date symlink: /home/xytron/2026-kookmin-contest-qualifier/install/xycar_msgs/share/xycar_msgs/msg/XycarMotor.msg
[1.651s] -- Up-to-date symlink: /home/xytron/2026-kookmin-contest-qualifier/install/xycar_msgs/share/xycar_msgs/msg/XycarUltrasonic.msg
[1.651s] -- Up-to-date symlink: /home/xytron/2026-kookmin-contest-qualifier/install/xycar_msgs/share/ament_index/resource_index/package_run_dependencies/xycar_msgs
[1.658s] -- Up-to-date symlink: /home/xytron/2026-kookmin-contest-qualifier/install/xycar_msgs/share/ament_index/resource_index/parent_prefix_path/xycar_msgs
[1.658s] -- Up-to-date symlink: /home/xytron/2026-kookmin-contest-qualifier/install/xycar_msgs/share/xycar_msgs/environment/ament_prefix_path.sh
[1.658s] -- Up-to-date symlink: /home/xytron/2026-kookmin-contest-qualifier/install/xycar_msgs/share/xycar_msgs/environment/ament_prefix_path.dsv
[1.658s] -- Up-to-date symlink: /home/xytron/2026-kookmin-contest-qualifier/install/xycar_msgs/share/xycar_msgs/environment/path.sh
[1.658s] -- Up-to-date symlink: /home/xytron/2026-kookmin-contest-qualifier/install/xycar_msgs/share/xycar_msgs/environment/path.dsv
[1.659s] -- Up-to-date symlink: /home/xytron/2026-kookmin-contest-qualifier/install/xycar_msgs/share/xycar_msgs/local_setup.bash
[1.660s] -- Up-to-date symlink: /home/xytron/2026-kookmin-contest-qualifier/install/xycar_msgs/share/xycar_msgs/local_setup.sh
[1.664s] -- Up-to-date symlink: /home/xytron/2026-kookmin-contest-qualifier/install/xycar_msgs/share/xycar_msgs/local_setup.zsh
[1.664s] -- Up-to-date symlink: /home/xytron/2026-kookmin-contest-qualifier/install/xycar_msgs/share/xycar_msgs/local_setup.dsv
[1.664s] -- Symlinking: /home/xytron/2026-kookmin-contest-qualifier/install/xycar_msgs/share/xycar_msgs/package.dsv
[1.680s] -- Up-to-date symlink: /home/xytron/2026-kookmin-contest-qualifier/install/xycar_msgs/share/ament_index/resource_index/packages/xycar_msgs
[1.681s] -- Up-to-date symlink: /home/xytron/2026-kookmin-contest-qualifier/install/xycar_msgs/share/xycar_msgs/cmake/rosidl_cmake-extras.cmake
[1.682s] -- Up-to-date symlink: /home/xytron/2026-kookmin-contest-qualifier/install/xycar_msgs/share/xycar_msgs/cmake/ament_cmake_export_dependencies-extras.cmake
[1.683s] -- Up-to-date symlink: /home/xytron/2026-kookmin-contest-qualifier/install/xycar_msgs/share/xycar_msgs/cmake/ament_cmake_export_include_directories-extras.cmake
[1.684s] -- Up-to-date symlink: /home/xytron/2026-kookmin-contest-qualifier/install/xycar_msgs/share/xycar_msgs/cmake/ament_cmake_export_libraries-extras.cmake
[1.685s] -- Up-to-date symlink: /home/xytron/2026-kookmin-contest-qualifier/install/xycar_msgs/share/xycar_msgs/cmake/ament_cmake_export_targets-extras.cmake
[1.686s] -- Up-to-date symlink: /home/xytron/2026-kookmin-contest-qualifier/install/xycar_msgs/share/xycar_msgs/cmake/rosidl_cmake_export_typesupport_targets-extras.cmake
[1.686s] -- Up-to-date symlink: /home/xytron/2026-kookmin-contest-qualifier/install/xycar_msgs/share/xycar_msgs/cmake/rosidl_cmake_export_typesupport_libraries-extras.cmake
[1.687s] -- Up-to-date symlink: /home/xytron/2026-kookmin-contest-qualifier/install/xycar_msgs/share/xycar_msgs/cmake/xycar_msgsConfig.cmake
[1.688s] -- Up-to-date symlink: /home/xytron/2026-kookmin-contest-qualifier/install/xycar_msgs/share/xycar_msgs/cmake/xycar_msgsConfig-version.cmake
[1.688s] -- Up-to-date symlink: /home/xytron/2026-kookmin-contest-qualifier/install/xycar_msgs/share/xycar_msgs/package.xml
[1.689s] -- Up-to-date: /home/xytron/2026-kookmin-contest-qualifier/install/xycar_msgs/lib/libxycar_msgs__rosidl_generator_c.so
[1.690s] -- Up-to-date: /home/xytron/2026-kookmin-contest-qualifier/install/xycar_msgs/lib/libxycar_msgs__rosidl_typesupport_fastrtps_c.so
[1.691s] -- Up-to-date: /home/xytron/2026-kookmin-contest-qualifier/install/xycar_msgs/lib/libxycar_msgs__rosidl_typesupport_introspection_c.so
[1.693s] -- Up-to-date: /home/xytron/2026-kookmin-contest-qualifier/install/xycar_msgs/lib/libxycar_msgs__rosidl_typesupport_c.so
[1.694s] -- Up-to-date: /home/xytron/2026-kookmin-contest-qualifier/install/xycar_msgs/lib/libxycar_msgs__rosidl_typesupport_fastrtps_cpp.so
[1.697s] -- Up-to-date: /home/xytron/2026-kookmin-contest-qualifier/install/xycar_msgs/lib/libxycar_msgs__rosidl_typesupport_introspection_cpp.so
[1.698s] -- Up-to-date: /home/xytron/2026-kookmin-contest-qualifier/install/xycar_msgs/lib/libxycar_msgs__rosidl_typesupport_cpp.so
[1.775s] Listing '/home/xytron/2026-kookmin-contest-qualifier/install/xycar_msgs/local/lib/python3.10/dist-packages/xycar_msgs'...
[1.776s] Listing '/home/xytron/2026-kookmin-contest-qualifier/install/xycar_msgs/local/lib/python3.10/dist-packages/xycar_msgs/msg'...
[1.783s] -- Up-to-date: /home/xytron/2026-kookmin-contest-qualifier/install/xycar_msgs/lib/libxycar_msgs__rosidl_generator_py.so
[1.787s] -- Up-to-date: /home/xytron/2026-kookmin-contest-qualifier/install/xycar_msgs/share/xycar_msgs/cmake/export_xycar_msgs__rosidl_generator_cExport.cmake
[1.788s] -- Up-to-date: /home/xytron/2026-kookmin-contest-qualifier/install/xycar_msgs/share/xycar_msgs/cmake/export_xycar_msgs__rosidl_generator_cExport-noconfig.cmake
[1.788s] -- Up-to-date: /home/xytron/2026-kookmin-contest-qualifier/install/xycar_msgs/share/xycar_msgs/cmake/export_xycar_msgs__rosidl_typesupport_fastrtps_cExport.cmake
[1.788s] -- Up-to-date: /home/xytron/2026-kookmin-contest-qualifier/install/xycar_msgs/share/xycar_msgs/cmake/export_xycar_msgs__rosidl_typesupport_fastrtps_cExport-noconfig.cmake
[1.789s] -- Up-to-date: /home/xytron/2026-kookmin-contest-qualifier/install/xycar_msgs/share/xycar_msgs/cmake/xycar_msgs__rosidl_typesupport_introspection_cExport.cmake
[1.789s] -- Up-to-date: /home/xytron/2026-kookmin-contest-qualifier/install/xycar_msgs/share/xycar_msgs/cmake/xycar_msgs__rosidl_typesupport_introspection_cExport-noconfig.cmake
[1.792s] -- Up-to-date: /home/xytron/2026-kookmin-contest-qualifier/install/xycar_msgs/share/xycar_msgs/cmake/xycar_msgs__rosidl_typesupport_cExport.cmake
[1.792s] -- Up-to-date: /home/xytron/2026-kookmin-contest-qualifier/install/xycar_msgs/share/xycar_msgs/cmake/xycar_msgs__rosidl_typesupport_cExport-noconfig.cmake
[1.793s] -- Up-to-date: /home/xytron/2026-kookmin-contest-qualifier/install/xycar_msgs/share/xycar_msgs/cmake/export_xycar_msgs__rosidl_generator_cppExport.cmake
[1.796s] -- Up-to-date: /home/xytron/2026-kookmin-contest-qualifier/install/xycar_msgs/share/xycar_msgs/cmake/export_xycar_msgs__rosidl_typesupport_fastrtps_cppExport.cmake
[1.797s] -- Up-to-date: /home/xytron/2026-kookmin-contest-qualifier/install/xycar_msgs/share/xycar_msgs/cmake/export_xycar_msgs__rosidl_typesupport_fastrtps_cppExport-noconfig.cmake
[1.798s] -- Up-to-date: /home/xytron/2026-kookmin-contest-qualifier/install/xycar_msgs/share/xycar_msgs/cmake/xycar_msgs__rosidl_typesupport_introspection_cppExport.cmake
[1.798s] -- Up-to-date: /home/xytron/2026-kookmin-contest-qualifier/install/xycar_msgs/share/xycar_msgs/cmake/xycar_msgs__rosidl_typesupport_introspection_cppExport-noconfig.cmake
[1.800s] -- Up-to-date: /home/xytron/2026-kookmin-contest-qualifier/install/xycar_msgs/share/xycar_msgs/cmake/xycar_msgs__rosidl_typesupport_cppExport.cmake
[1.801s] -- Up-to-date: /home/xytron/2026-kookmin-contest-qualifier/install/xycar_msgs/share/xycar_msgs/cmake/xycar_msgs__rosidl_typesupport_cppExport-noconfig.cmake
[1.802s] -- Up-to-date: /home/xytron/2026-kookmin-contest-qualifier/install/xycar_msgs/share/xycar_msgs/cmake/export_xycar_msgs__rosidl_generator_pyExport.cmake
[1.803s] -- Up-to-date: /home/xytron/2026-kookmin-contest-qualifier/install/xycar_msgs/share/xycar_msgs/cmake/export_xycar_msgs__rosidl_generator_pyExport-noconfig.cmake
[1.810s] Invoked command in '/home/xytron/2026-kookmin-contest-qualifier/build/xycar_msgs' returned '0': CMAKE_PREFIX_PATH=/home/xytron/xycar_ws/install/xycar_msgs:/home/xytron/xycar_ws/install/my_lidar:/home/xytron/xycar_ws/install/my_cam:/home/xytron/xycar_ws/install/main:/home/xytron/xycar_ws/install/kookmin9_viewer:/home/xytron/xycar_ws/install/track_drive:/home/xytron/xycar_ws/install/ros_tcp_endpoint:/home/xytron/xycar_ws/install/perception:/home/xytron/xycar_ws/install/my_motor:/home/xytron/xycar_ws/install/my_imu:/home/xytron/xycar_ws/install/driving:/opt/ros/humble:/home/xytron/xycar_ws/install/ericar_msgs /usr/bin/cmake --install /home/xytron/2026-kookmin-contest-qualifier/build/xycar_msgs
