[2.192s] Invoking command in '/home/xytron/2026-kookmin-contest-qualifier/build/my_cam': AMENT_PREFIX_PATH=/home/xytron/2026-kookmin-contest-qualifier/install/xycar_msgs:${AMENT_PREFIX_PATH} CMAKE_PREFIX_PATH=/home/xytron/2026-kookmin-contest-qualifier/install/xycar_msgs:${CMAKE_PREFIX_PATH} LD_LIBRARY_PATH=/home/xytron/2026-kookmin-contest-qualifier/install/xycar_msgs/lib:${LD_LIBRARY_PATH} PYTHONPATH=/home/xytron/2026-kookmin-contest-qualifier/build/my_cam/prefix_override:/usr/lib/python3/dist-packages/colcon_core/task/python/colcon_distutils_commands:/home/xytron/2026-kookmin-contest-qualifier/install/my_cam/lib/python3.10/site-packages:/home/xytron/2026-kookmin-contest-qualifier/install/xycar_msgs/local/lib/python3.10/dist-packages:${PYTHONPATH} /usr/bin/python3 -W ignore:setup.py install is deprecated -W ignore:easy_install command is deprecated setup.py develop --uninstall --editable --build-directory /home/xytron/2026-kookmin-contest-qualifier/build/my_cam/build
[2.654s] running develop
[2.905s] Removing /home/xytron/2026-kookmin-contest-qualifier/install/my_cam/lib/python3.10/site-packages/my-cam.egg-link (link to .)
[2.946s] Invoked command in '/home/xytron/2026-kookmin-contest-qualifier/build/my_cam' returned '0': AMENT_PREFIX_PATH=/home/xytron/2026-kookmin-contest-qualifier/install/xycar_msgs:${AMENT_PREFIX_PATH} CMAKE_PREFIX_PATH=/home/xytron/2026-kookmin-contest-qualifier/install/xycar_msgs:${CMAKE_PREFIX_PATH} LD_LIBRARY_PATH=/home/xytron/2026-kookmin-contest-qualifier/install/xycar_msgs/lib:${LD_LIBRARY_PATH} PYTHONPATH=/home/xytron/2026-kookmin-contest-qualifier/build/my_cam/prefix_override:/usr/lib/python3/dist-packages/colcon_core/task/python/colcon_distutils_commands:/home/xytron/2026-kookmin-contest-qualifier/install/my_cam/lib/python3.10/site-packages:/home/xytron/2026-kookmin-contest-qualifier/install/xycar_msgs/local/lib/python3.10/dist-packages:${PYTHONPATH} /usr/bin/python3 -W ignore:setup.py install is deprecated -W ignore:easy_install command is deprecated setup.py develop --uninstall --editable --build-directory /home/xytron/2026-kookmin-contest-qualifier/build/my_cam/build
[2.948s] Invoking command in '/home/xytron/2026-kookmin-contest-qualifier/my_cam': AMENT_PREFIX_PATH=/home/xytron/2026-kookmin-contest-qualifier/install/xycar_msgs:${AMENT_PREFIX_PATH} CMAKE_PREFIX_PATH=/home/xytron/2026-kookmin-contest-qualifier/install/xycar_msgs:${CMAKE_PREFIX_PATH} LD_LIBRARY_PATH=/home/xytron/2026-kookmin-contest-qualifier/install/xycar_msgs/lib:${LD_LIBRARY_PATH} PYTHONPATH=/home/xytron/2026-kookmin-contest-qualifier/build/my_cam/prefix_override:/usr/lib/python3/dist-packages/colcon_core/task/python/colcon_distutils_commands:/home/xytron/2026-kookmin-contest-qualifier/install/my_cam/lib/python3.10/site-packages:/home/xytron/2026-kookmin-contest-qualifier/install/xycar_msgs/local/lib/python3.10/dist-packages:${PYTHONPATH} /usr/bin/python3 -W ignore:setup.py install is deprecated -W ignore:easy_install command is deprecated setup.py egg_info --egg-base ../build/my_cam build --build-base /home/xytron/2026-kookmin-contest-qualifier/build/my_cam/build install --record /home/xytron/2026-kookmin-contest-qualifier/build/my_cam/install.log --single-version-externally-managed install_data --force
[3.274s] running egg_info
[3.275s] writing ../build/my_cam/my_cam.egg-info/PKG-INFO
[3.275s] writing dependency_links to ../build/my_cam/my_cam.egg-info/dependency_links.txt
[3.276s] writing entry points to ../build/my_cam/my_cam.egg-info/entry_points.txt
[3.276s] writing requirements to ../build/my_cam/my_cam.egg-info/requires.txt
[3.276s] writing top-level names to ../build/my_cam/my_cam.egg-info/top_level.txt
[3.279s] reading manifest file '../build/my_cam/my_cam.egg-info/SOURCES.txt'
[3.285s] adding license file 'LICENSE'
[3.286s] writing manifest file '../build/my_cam/my_cam.egg-info/SOURCES.txt'
[3.286s] running build
[3.286s] running build_py
[3.286s] creating /home/xytron/2026-kookmin-contest-qualifier/build/my_cam/build
[3.286s] creating /home/xytron/2026-kookmin-contest-qualifier/build/my_cam/build/lib
[3.287s] creating /home/xytron/2026-kookmin-contest-qualifier/build/my_cam/build/lib/my_cam
[3.287s] copying my_cam/cam_viewer.py -> /home/xytron/2026-kookmin-contest-qualifier/build/my_cam/build/lib/my_cam
[3.287s] copying my_cam/__init__.py -> /home/xytron/2026-kookmin-contest-qualifier/build/my_cam/build/lib/my_cam
[3.288s] running install
[3.288s] running install_lib
[3.289s] creating /home/xytron/2026-kookmin-contest-qualifier/install/my_cam/lib/python3.10/site-packages/my_cam
[3.290s] copying /home/xytron/2026-kookmin-contest-qualifier/build/my_cam/build/lib/my_cam/cam_viewer.py -> /home/xytron/2026-kookmin-contest-qualifier/install/my_cam/lib/python3.10/site-packages/my_cam
[3.290s] copying /home/xytron/2026-kookmin-contest-qualifier/build/my_cam/build/lib/my_cam/__init__.py -> /home/xytron/2026-kookmin-contest-qualifier/install/my_cam/lib/python3.10/site-packages/my_cam
[3.291s] byte-compiling /home/xytron/2026-kookmin-contest-qualifier/install/my_cam/lib/python3.10/site-packages/my_cam/cam_viewer.py to cam_viewer.cpython-310.pyc
[3.295s] byte-compiling /home/xytron/2026-kookmin-contest-qualifier/install/my_cam/lib/python3.10/site-packages/my_cam/__init__.py to __init__.cpython-310.pyc
[3.295s] running install_data
[3.295s] copying resource/my_cam -> /home/xytron/2026-kookmin-contest-qualifier/install/my_cam/share/ament_index/resource_index/packages
[3.297s] copying package.xml -> /home/xytron/2026-kookmin-contest-qualifier/install/my_cam/share/my_cam
[3.297s] running install_egg_info
[3.301s] Copying ../build/my_cam/my_cam.egg-info to /home/xytron/2026-kookmin-contest-qualifier/install/my_cam/lib/python3.10/site-packages/my_cam-0.0.0-py3.10.egg-info
[3.304s] running install_scripts
[3.333s] Installing cam_viewer script to /home/xytron/2026-kookmin-contest-qualifier/install/my_cam/lib/my_cam
[3.334s] writing list of installed files to '/home/xytron/2026-kookmin-contest-qualifier/build/my_cam/install.log'
[3.372s] Invoked command in '/home/xytron/2026-kookmin-contest-qualifier/my_cam' returned '0': AMENT_PREFIX_PATH=/home/xytron/2026-kookmin-contest-qualifier/install/xycar_msgs:${AMENT_PREFIX_PATH} CMAKE_PREFIX_PATH=/home/xytron/2026-kookmin-contest-qualifier/install/xycar_msgs:${CMAKE_PREFIX_PATH} LD_LIBRARY_PATH=/home/xytron/2026-kookmin-contest-qualifier/install/xycar_msgs/lib:${LD_LIBRARY_PATH} PYTHONPATH=/home/xytron/2026-kookmin-contest-qualifier/build/my_cam/prefix_override:/usr/lib/python3/dist-packages/colcon_core/task/python/colcon_distutils_commands:/home/xytron/2026-kookmin-contest-qualifier/install/my_cam/lib/python3.10/site-packages:/home/xytron/2026-kookmin-contest-qualifier/install/xycar_msgs/local/lib/python3.10/dist-packages:${PYTHONPATH} /usr/bin/python3 -W ignore:setup.py install is deprecated -W ignore:easy_install command is deprecated setup.py egg_info --egg-base ../build/my_cam build --build-base /home/xytron/2026-kookmin-contest-qualifier/build/my_cam/build install --record /home/xytron/2026-kookmin-contest-qualifier/build/my_cam/install.log --single-version-externally-managed install_data --force
