[1.512s] Invoking command in '/home/xytron/2026-kookmin-contest-qualifier/my_cam': PYTHONPATH=/home/xytron/2026-kookmin-contest-qualifier/build/my_cam/prefix_override:/usr/lib/python3/dist-packages/colcon_core/task/python/colcon_distutils_commands:/home/xytron/2026-kookmin-contest-qualifier/install/my_cam/lib/python3.10/site-packages:${PYTHONPATH} /usr/bin/python3 -W ignore:setup.py install is deprecated -W ignore:easy_install command is deprecated setup.py egg_info --egg-base ../build/my_cam build --build-base /home/xytron/2026-kookmin-contest-qualifier/build/my_cam/build install --record /home/xytron/2026-kookmin-contest-qualifier/build/my_cam/install.log --single-version-externally-managed install_data
[1.789s] running egg_info
[1.790s] writing ../build/my_cam/my_cam.egg-info/PKG-INFO
[1.792s] writing dependency_links to ../build/my_cam/my_cam.egg-info/dependency_links.txt
[1.793s] writing entry points to ../build/my_cam/my_cam.egg-info/entry_points.txt
[1.795s] writing requirements to ../build/my_cam/my_cam.egg-info/requires.txt
[1.795s] writing top-level names to ../build/my_cam/my_cam.egg-info/top_level.txt
[1.797s] reading manifest file '../build/my_cam/my_cam.egg-info/SOURCES.txt'
[1.798s] adding license file 'LICENSE'
[1.799s] writing manifest file '../build/my_cam/my_cam.egg-info/SOURCES.txt'
[1.799s] running build
[1.799s] running build_py
[1.800s] running install
[1.800s] running install_lib
[1.803s] running install_data
[1.803s] running install_egg_info
[1.807s] removing '/home/xytron/2026-kookmin-contest-qualifier/install/my_cam/lib/python3.10/site-packages/my_cam-0.0.0-py3.10.egg-info' (and everything under it)
[1.809s] Copying ../build/my_cam/my_cam.egg-info to /home/xytron/2026-kookmin-contest-qualifier/install/my_cam/lib/python3.10/site-packages/my_cam-0.0.0-py3.10.egg-info
[1.810s] running install_scripts
[1.839s] Installing cam_viewer script to /home/xytron/2026-kookmin-contest-qualifier/install/my_cam/lib/my_cam
[1.839s] writing list of installed files to '/home/xytron/2026-kookmin-contest-qualifier/build/my_cam/install.log'
[1.867s] Invoked command in '/home/xytron/2026-kookmin-contest-qualifier/my_cam' returned '0': PYTHONPATH=/home/xytron/2026-kookmin-contest-qualifier/build/my_cam/prefix_override:/usr/lib/python3/dist-packages/colcon_core/task/python/colcon_distutils_commands:/home/xytron/2026-kookmin-contest-qualifier/install/my_cam/lib/python3.10/site-packages:${PYTHONPATH} /usr/bin/python3 -W ignore:setup.py install is deprecated -W ignore:easy_install command is deprecated setup.py egg_info --egg-base ../build/my_cam build --build-base /home/xytron/2026-kookmin-contest-qualifier/build/my_cam/build install --record /home/xytron/2026-kookmin-contest-qualifier/build/my_cam/install.log --single-version-externally-managed install_data
