[0.716s] Invoking command in '/home/xytron/2026-kookmin-contest-qualifier/build/main': PYTHONPATH=/home/xytron/2026-kookmin-contest-qualifier/build/main/prefix_override:/usr/lib/python3/dist-packages/colcon_core/task/python/colcon_distutils_commands:/home/xytron/2026-kookmin-contest-qualifier/install/main/lib/python3.10/site-packages:${PYTHONPATH} /usr/bin/python3 -W ignore:setup.py install is deprecated -W ignore:easy_install command is deprecated setup.py develop --editable --build-directory /home/xytron/2026-kookmin-contest-qualifier/build/main/build --no-deps symlink_data --force
[0.950s] running develop
[1.080s] running egg_info
[1.080s] writing main.egg-info/PKG-INFO
[1.081s] writing dependency_links to main.egg-info/dependency_links.txt
[1.082s] writing entry points to main.egg-info/entry_points.txt
[1.082s] writing requirements to main.egg-info/requires.txt
[1.082s] writing top-level names to main.egg-info/top_level.txt
[1.084s] reading manifest file 'main.egg-info/SOURCES.txt'
[1.091s] writing manifest file 'main.egg-info/SOURCES.txt'
[1.093s] running build_ext
[1.094s] Creating /home/xytron/2026-kookmin-contest-qualifier/install/main/lib/python3.10/site-packages/main.egg-link (link to .)
[1.095s] Installing control script to /home/xytron/2026-kookmin-contest-qualifier/install/main/lib/main
[1.095s] Installing main script to /home/xytron/2026-kookmin-contest-qualifier/install/main/lib/main
[1.095s] 
[1.095s] Installed /home/xytron/2026-kookmin-contest-qualifier/build/main
[1.095s] running symlink_data
[1.095s] symbolically linking /home/xytron/2026-kookmin-contest-qualifier/build/main/resource/main -> /home/xytron/2026-kookmin-contest-qualifier/install/main/share/ament_index/resource_index/packages
[1.095s] symbolically linking /home/xytron/2026-kookmin-contest-qualifier/build/main/package.xml -> /home/xytron/2026-kookmin-contest-qualifier/install/main/share/main
[1.118s] Invoked command in '/home/xytron/2026-kookmin-contest-qualifier/build/main' returned '0': PYTHONPATH=/home/xytron/2026-kookmin-contest-qualifier/build/main/prefix_override:/usr/lib/python3/dist-packages/colcon_core/task/python/colcon_distutils_commands:/home/xytron/2026-kookmin-contest-qualifier/install/main/lib/python3.10/site-packages:${PYTHONPATH} /usr/bin/python3 -W ignore:setup.py install is deprecated -W ignore:easy_install command is deprecated setup.py develop --editable --build-directory /home/xytron/2026-kookmin-contest-qualifier/build/main/build --no-deps symlink_data --force
