/home/xytron/2026-kookmin-contest-qualifier/install/function/lib/python3.10/site-packages/function/camera_viewer.py
/home/xytron/2026-kookmin-contest-qualifier/install/function/lib/python3.10/site-packages/function/imu_visualizer.py
/home/xytron/2026-kookmin-contest-qualifier/install/function/lib/python3.10/site-packages/function/lidar_visualizer.py
/home/xytron/2026-kookmin-contest-qualifier/install/function/lib/python3.10/site-packages/function/manual_control.py
/home/xytron/2026-kookmin-contest-qualifier/install/function/lib/python3.10/site-packages/function/__init__.py
/home/xytron/2026-kookmin-contest-qualifier/install/function/lib/python3.10/site-packages/function/hsv_tuner.py
/home/xytron/2026-kookmin-contest-qualifier/install/function/lib/python3.10/site-packages/function/__pycache__/camera_viewer.cpython-310.pyc
/home/xytron/2026-kookmin-contest-qualifier/install/function/lib/python3.10/site-packages/function/__pycache__/imu_visualizer.cpython-310.pyc
/home/xytron/2026-kookmin-contest-qualifier/install/function/lib/python3.10/site-packages/function/__pycache__/lidar_visualizer.cpython-310.pyc
/home/xytron/2026-kookmin-contest-qualifier/install/function/lib/python3.10/site-packages/function/__pycache__/manual_control.cpython-310.pyc
/home/xytron/2026-kookmin-contest-qualifier/install/function/lib/python3.10/site-packages/function/__pycache__/__init__.cpython-310.pyc
/home/xytron/2026-kookmin-contest-qualifier/install/function/lib/python3.10/site-packages/function/__pycache__/hsv_tuner.cpython-310.pyc
/home/xytron/2026-kookmin-contest-qualifier/install/function/share/ament_index/resource_index/packages/function
/home/xytron/2026-kookmin-contest-qualifier/install/function/share/function/package.xml
/home/xytron/2026-kookmin-contest-qualifier/install/function/share/function/launch
/home/xytron/2026-kookmin-contest-qualifier/install/function/lib/python3.10/site-packages/function-0.0.1-py3.10.egg-info/SOURCES.txt
/home/xytron/2026-kookmin-contest-qualifier/install/function/lib/python3.10/site-packages/function-0.0.1-py3.10.egg-info/top_level.txt
/home/xytron/2026-kookmin-contest-qualifier/install/function/lib/python3.10/site-packages/function-0.0.1-py3.10.egg-info/requires.txt
/home/xytron/2026-kookmin-contest-qualifier/install/function/lib/python3.10/site-packages/function-0.0.1-py3.10.egg-info/PKG-INFO
/home/xytron/2026-kookmin-contest-qualifier/install/function/lib/python3.10/site-packages/function-0.0.1-py3.10.egg-info/entry_points.txt
/home/xytron/2026-kookmin-contest-qualifier/install/function/lib/python3.10/site-packages/function-0.0.1-py3.10.egg-info/zip-safe
/home/xytron/2026-kookmin-contest-qualifier/install/function/lib/python3.10/site-packages/function-0.0.1-py3.10.egg-info/dependency_links.txt
/home/xytron/2026-kookmin-contest-qualifier/install/function/lib/function/camera_viewer
/home/xytron/2026-kookmin-contest-qualifier/install/function/lib/function/hsv_tuner
/home/xytron/2026-kookmin-contest-qualifier/install/function/lib/function/imu_visualizer
/home/xytron/2026-kookmin-contest-qualifier/install/function/lib/function/lidar_visualizer
/home/xytron/2026-kookmin-contest-qualifier/install/function/lib/function/manual_control
