[2.358s] Invoking command in '/home/xytron/2026-kookmin-contest-qualifier/kookmin9_viewer': PYTHONPATH=/home/xytron/2026-kookmin-contest-qualifier/build/kookmin9_viewer/prefix_override:/usr/lib/python3/dist-packages/colcon_core/task/python/colcon_distutils_commands:/home/xytron/2026-kookmin-contest-qualifier/install/kookmin9_viewer/lib/python3.10/site-packages:${PYTHONPATH} /usr/bin/python3 -W ignore:setup.py install is deprecated -W ignore:easy_install command is deprecated setup.py egg_info --egg-base ../build/kookmin9_viewer build --build-base /home/xytron/2026-kookmin-contest-qualifier/build/kookmin9_viewer/build install --record /home/xytron/2026-kookmin-contest-qualifier/build/kookmin9_viewer/install.log --single-version-externally-managed install_data
[2.656s] running egg_info
[2.657s] writing ../build/kookmin9_viewer/kookmin9_viewer.egg-info/PKG-INFO
[2.657s] writing dependency_links to ../build/kookmin9_viewer/kookmin9_viewer.egg-info/dependency_links.txt
[2.658s] writing entry points to ../build/kookmin9_viewer/kookmin9_viewer.egg-info/entry_points.txt
[2.659s] writing requirements to ../build/kookmin9_viewer/kookmin9_viewer.egg-info/requires.txt
[2.659s] writing top-level names to ../build/kookmin9_viewer/kookmin9_viewer.egg-info/top_level.txt
[2.661s] reading manifest file '../build/kookmin9_viewer/kookmin9_viewer.egg-info/SOURCES.txt'
[2.661s] adding license file 'LICENSE'
[2.663s] writing manifest file '../build/kookmin9_viewer/kookmin9_viewer.egg-info/SOURCES.txt'
[2.664s] running build
[2.664s] running build_py
[2.664s] running install
[2.664s] running install_lib
[2.665s] running install_data
[2.665s] running install_egg_info
[2.667s] removing '/home/xytron/2026-kookmin-contest-qualifier/install/kookmin9_viewer/lib/python3.10/site-packages/kookmin9_viewer-0.1.0-py3.10.egg-info' (and everything under it)
[2.668s] Copying ../build/kookmin9_viewer/kookmin9_viewer.egg-info to /home/xytron/2026-kookmin-contest-qualifier/install/kookmin9_viewer/lib/python3.10/site-packages/kookmin9_viewer-0.1.0-py3.10.egg-info
[2.669s] running install_scripts
[2.705s] Installing test_viewer script to /home/xytron/2026-kookmin-contest-qualifier/install/kookmin9_viewer/lib/kookmin9_viewer
[2.705s] writing list of installed files to '/home/xytron/2026-kookmin-contest-qualifier/build/kookmin9_viewer/install.log'
[2.745s] Invoked command in '/home/xytron/2026-kookmin-contest-qualifier/kookmin9_viewer' returned '0': PYTHONPATH=/home/xytron/2026-kookmin-contest-qualifier/build/kookmin9_viewer/prefix_override:/usr/lib/python3/dist-packages/colcon_core/task/python/colcon_distutils_commands:/home/xytron/2026-kookmin-contest-qualifier/install/kookmin9_viewer/lib/python3.10/site-packages:${PYTHONPATH} /usr/bin/python3 -W ignore:setup.py install is deprecated -W ignore:easy_install command is deprecated setup.py egg_info --egg-base ../build/kookmin9_viewer build --build-base /home/xytron/2026-kookmin-contest-qualifier/build/kookmin9_viewer/build install --record /home/xytron/2026-kookmin-contest-qualifier/build/kookmin9_viewer/install.log --single-version-externally-managed install_data
