[0.698s] Invoking command in '/home/xytron/2026-kookmin-contest-qualifier/ericar/driving': PYTHONPATH=/home/xytron/2026-kookmin-contest-qualifier/build/driving/prefix_override:/usr/lib/python3/dist-packages/colcon_core/task/python/colcon_distutils_commands:/home/xytron/2026-kookmin-contest-qualifier/install/driving/lib/python3.10/site-packages:${PYTHONPATH} /usr/bin/python3 -W ignore:setup.py install is deprecated -W ignore:easy_install command is deprecated setup.py egg_info --egg-base ../../build/driving build --build-base /home/xytron/2026-kookmin-contest-qualifier/build/driving/build install --record /home/xytron/2026-kookmin-contest-qualifier/build/driving/install.log --single-version-externally-managed install_data
[0.881s] running egg_info
[0.882s] writing ../../build/driving/driving.egg-info/PKG-INFO
[0.882s] writing dependency_links to ../../build/driving/driving.egg-info/dependency_links.txt
[0.882s] writing entry points to ../../build/driving/driving.egg-info/entry_points.txt
[0.882s] writing requirements to ../../build/driving/driving.egg-info/requires.txt
[0.882s] writing top-level names to ../../build/driving/driving.egg-info/top_level.txt
[0.883s] reading manifest file '../../build/driving/driving.egg-info/SOURCES.txt'
[0.884s] writing manifest file '../../build/driving/driving.egg-info/SOURCES.txt'
[0.884s] running build
[0.884s] running build_py
[0.884s] copying driving/lane_detection.py -> /home/xytron/2026-kookmin-contest-qualifier/build/driving/build/lib/driving
[0.885s] running install
[0.886s] running install_lib
[0.886s] copying /home/xytron/2026-kookmin-contest-qualifier/build/driving/build/lib/driving/lane_detection.py -> /home/xytron/2026-kookmin-contest-qualifier/install/driving/lib/python3.10/site-packages/driving
[0.887s] byte-compiling /home/xytron/2026-kookmin-contest-qualifier/install/driving/lib/python3.10/site-packages/driving/lane_detection.py to lane_detection.cpython-310.pyc
[0.889s] running install_data
[0.889s] running install_egg_info
[0.891s] removing '/home/xytron/2026-kookmin-contest-qualifier/install/driving/lib/python3.10/site-packages/driving-0.0.1-py3.10.egg-info' (and everything under it)
[0.891s] Copying ../../build/driving/driving.egg-info to /home/xytron/2026-kookmin-contest-qualifier/install/driving/lib/python3.10/site-packages/driving-0.0.1-py3.10.egg-info
[0.892s] running install_scripts
[0.908s] Installing driving script to /home/xytron/2026-kookmin-contest-qualifier/install/driving/lib/driving
[0.909s] writing list of installed files to '/home/xytron/2026-kookmin-contest-qualifier/build/driving/install.log'
[0.927s] Invoked command in '/home/xytron/2026-kookmin-contest-qualifier/ericar/driving' returned '0': PYTHONPATH=/home/xytron/2026-kookmin-contest-qualifier/build/driving/prefix_override:/usr/lib/python3/dist-packages/colcon_core/task/python/colcon_distutils_commands:/home/xytron/2026-kookmin-contest-qualifier/install/driving/lib/python3.10/site-packages:${PYTHONPATH} /usr/bin/python3 -W ignore:setup.py install is deprecated -W ignore:easy_install command is deprecated setup.py egg_info --egg-base ../../build/driving build --build-base /home/xytron/2026-kookmin-contest-qualifier/build/driving/build install --record /home/xytron/2026-kookmin-contest-qualifier/build/driving/install.log --single-version-externally-managed install_data
