[0.000000] (-) TimerEvent: {}
[0.000814] (-) JobUnselected: {'identifier': 'function'}
[0.000854] (-) JobUnselected: {'identifier': 'kookmin9_viewer'}
[0.000867] (-) JobUnselected: {'identifier': 'main'}
[0.000881] (-) JobUnselected: {'identifier': 'my_cam'}
[0.000890] (-) JobUnselected: {'identifier': 'my_imu'}
[0.000900] (-) JobUnselected: {'identifier': 'my_lidar'}
[0.000911] (-) JobUnselected: {'identifier': 'my_motor'}
[0.000923] (-) JobUnselected: {'identifier': 'perception'}
[0.000933] (-) JobUnselected: {'identifier': 'ros_tcp_endpoint'}
[0.000941] (-) JobUnselected: {'identifier': 'track_drive'}
[0.000950] (-) JobUnselected: {'identifier': 'xycar_msgs'}
[0.000961] (driving) JobQueued: {'identifier': 'driving', 'dependencies': OrderedDict()}
[0.000978] (driving) JobStarted: {'identifier': 'driving'}
[0.099806] (-) TimerEvent: {}
[0.200191] (-) TimerEvent: {}
[0.300543] (-) TimerEvent: {}
[0.400861] (-) TimerEvent: {}
[0.501253] (-) TimerEvent: {}
[0.601631] (-) TimerEvent: {}
[0.609973] (driving) Command: {'cmd': ['/usr/bin/python3', '-W', 'ignore:setup.py install is deprecated', '-W', 'ignore:easy_install command is deprecated', 'setup.py', 'develop', '--uninstall', '--editable', '--build-directory', '/home/xytron/2026-kookmin-contest-qualifier/build/driving/build'], 'cwd': '/home/xytron/2026-kookmin-contest-qualifier/build/driving', 'env': {'USER': 'xytron', 'ROS_NAMESPACE': 'xycar', 'ROS_PACKAGE_PATH': '/home/xytron/xycar_ws/install/ericar_msgs/share', 'SHLVL': '1', 'LD_LIBRARY_PATH': '/home/xytron/xycar_ws/install/xycar_msgs/lib:/home/xytron/xycar_ws/install/ericar_msgs/lib:/opt/ros/humble/opt/rviz_ogre_vendor/lib:/opt/ros/humble/lib/x86_64-linux-gnu:/opt/ros/humble/lib', 'WT_PROFILE_ID': '{e497da6e-94b0-5deb-a2a7-bc930db089cd}', 'HOME': '/home/xytron', 'OLDPWD': '/home/xytron', 'ROS_PYTHON_VERSION': '3', 'WSL_DISTRO_NAME': 'Ubuntu-22.04', '_colcon_cd_root': '/home/xytron/xycar_ws', 'WAYLAND_DISPLAY': 'wayland-0', 'COLCON_PREFIX_PATH': '/home/xytron/xycar_ws/install', 'ROS_DISTRO': 'humble', 'LOGNAME': 'xytron', 'NAME': 'BOOK-HJ970BEJVV', 'WSL_INTEROP': '/run/WSL/1706_interop', 'PULSE_SERVER': 'unix:/mnt/wslg/PulseServer', '_': '/usr/bin/colcon', 'ROS_VERSION': '2', 'PKG_CONFIG_PATH': '/home/xytron/xycar_ws/install/ericar_msgs/lib/x86_64-linux-gnu/pkgconfig:/home/xytron/xycar_ws/install/ericar_msgs/lib/pkgconfig', 'TERM': 'xterm-256color', 'ROS_LOCALHOST_ONLY': '0', 'PATH': '/opt/ros/humble/bin:/usr/local/sbin:/usr/local/bin:/usr/sbin:/usr/bin:/sbin:/bin:/usr/games:/usr/local/games:/usr/lib/wsl/lib:/mnt/c/Program Files/NVIDIA GPU Computing Toolkit/CUDA/v11.7/bin:/mnt/c/Program Files/NVIDIA GPU Computing Toolkit/CUDA/v11.7/libnvvp:/mnt/c/Windows/system32:/mnt/c/Windows:/mnt/c/Windows/System32/Wbem:/mnt/c/Windows/System32/WindowsPowerShell/v1.0/:/mnt/c/Windows/System32/OpenSSH/:/mnt/c/Program Files/dotnet/:/mnt/c/Program Files/NVIDIA Corporation/Nsight Compute 2022.2.0/:/mnt/c/Program Files (x86)/NVIDIA Corporation/PhysX/Common:/mnt/c/Program Files/nodejs/:/mnt/c/Program Files/Git/cmd:/mnt/c/Program Files/MySQL/MySQL Shell 8.0/bin/:/mnt/c/Users/rnals/AppData/Local/Programs/Python/Launcher/:/mnt/c/Users/rnals/AppData/Local/Microsoft/WindowsApps:/mnt/c/Users/rnals/AppData/Local/Programs/Microsoft VS Code/bin:/mnt/c/Users/rnals/AppData/Roaming/npm:/mnt/c/Users/rnals/AppData/Local/Microsoft/WinGet/Links:/snap/bin', 'WT_SESSION': 'aea54afc-c5ca-4209-9fd4-7fd3faa2b76e', 'XDG_RUNTIME_DIR': '/mnt/wslg/runtime-dir', 'DISPLAY': ':0', 'LANG': 'en_US.UTF-8', 'ROS_DOMAIN_ID': '7', 'AMENT_PREFIX_PATH': '/home/xytron/xycar_ws/install/my_lidar:/home/xytron/xycar_ws/install/my_cam:/home/xytron/xycar_ws/install/main:/home/xytron/xycar_ws/install/kookmin9_viewer:/home/xytron/xycar_ws/install/xycar_msgs:/home/xytron/xycar_ws/install/track_drive:/home/xytron/xycar_ws/install/ros_tcp_endpoint:/home/xytron/xycar_ws/install/perception:/home/xytron/xycar_ws/install/my_motor:/home/xytron/xycar_ws/install/my_imu:/home/xytron/xycar_ws/install/driving:/opt/ros/humble', 'SHELL': '/bin/bash', 'PWD': '/home/xytron/2026-kookmin-contest-qualifier/build/driving', 'XDG_DATA_DIRS': '/usr/local/share:/usr/share:/var/lib/snapd/desktop', 'PYTHONPATH': '/home/xytron/2026-kookmin-contest-qualifier/build/driving/prefix_override:/usr/lib/python3/dist-packages/colcon_core/task/python/colcon_distutils_commands:/home/xytron/2026-kookmin-contest-qualifier/install/driving/lib/python3.10/site-packages:/home/xytron/xycar_ws/build/my_lidar:/home/xytron/xycar_ws/install/my_lidar/lib/python3.10/site-packages:/home/xytron/xycar_ws/build/my_cam:/home/xytron/xycar_ws/install/my_cam/lib/python3.10/site-packages:/home/xytron/xycar_ws/install/main/lib/python3.10/site-packages:/home/xytron/xycar_ws/build/kookmin9_viewer:/home/xytron/xycar_ws/install/kookmin9_viewer/lib/python3.10/site-packages:/home/xytron/xycar_ws/install/xycar_msgs/local/lib/python3.10/dist-packages:/home/xytron/xycar_ws/build/track_drive:/home/xytron/xycar_ws/install/track_drive/lib/python3.10/site-packages:/home/xytron/xycar_ws/build/ros_tcp_endpoint:/home/xytron/xycar_ws/install/ros_tcp_endpoint/lib/python3.10/site-packages:/home/xytron/xycar_ws/build/perception:/home/xytron/xycar_ws/install/perception/lib/python3.10/site-packages:/home/xytron/xycar_ws/build/my_motor:/home/xytron/xycar_ws/install/my_motor/lib/python3.10/site-packages:/home/xytron/xycar_ws/build/my_imu:/home/xytron/xycar_ws/install/my_imu/lib/python3.10/site-packages:/home/xytron/xycar_ws/install/ericar_msgs/local/lib/python3.10/dist-packages:/home/xytron/xycar_ws/install/driving/lib/python3.10/site-packages:/opt/ros/humble/lib/python3.10/site-packages:/opt/ros/humble/local/lib/python3.10/dist-packages', 'COLCON': '1', 'WSL2_GUI_APPS_ENABLED': '1', 'HOSTTYPE': 'x86_64', 'CMAKE_PREFIX_PATH': '/home/xytron/xycar_ws/install/xycar_msgs:/home/xytron/xycar_ws/install/ericar_msgs', 'WSLENV': 'WT_SESSION:WT_PROFILE_ID:'}, 'shell': False}
[0.701787] (-) TimerEvent: {}
[0.802113] (-) TimerEvent: {}
[0.858578] (driving) StdoutLine: {'line': b'running develop\n'}
[0.902261] (-) TimerEvent: {}
[0.997314] (driving) StdoutLine: {'line': b'Removing /home/xytron/2026-kookmin-contest-qualifier/install/driving/lib/python3.10/site-packages/driving.egg-link (link to .)\n'}
[1.002443] (-) TimerEvent: {}
[1.022577] (driving) CommandEnded: {'returncode': 0}
[1.024211] (driving) Command: {'cmd': ['/usr/bin/python3', '-W', 'ignore:setup.py install is deprecated', '-W', 'ignore:easy_install command is deprecated', 'setup.py', 'egg_info', '--egg-base', '../../build/driving', 'build', '--build-base', '/home/xytron/2026-kookmin-contest-qualifier/build/driving/build', 'install', '--record', '/home/xytron/2026-kookmin-contest-qualifier/build/driving/install.log', '--single-version-externally-managed', 'install_data', '--force'], 'cwd': '/home/xytron/2026-kookmin-contest-qualifier/ericar/driving', 'env': {'USER': 'xytron', 'ROS_NAMESPACE': 'xycar', 'ROS_PACKAGE_PATH': '/home/xytron/xycar_ws/install/ericar_msgs/share', 'SHLVL': '1', 'LD_LIBRARY_PATH': '/home/xytron/xycar_ws/install/xycar_msgs/lib:/home/xytron/xycar_ws/install/ericar_msgs/lib:/opt/ros/humble/opt/rviz_ogre_vendor/lib:/opt/ros/humble/lib/x86_64-linux-gnu:/opt/ros/humble/lib', 'WT_PROFILE_ID': '{e497da6e-94b0-5deb-a2a7-bc930db089cd}', 'HOME': '/home/xytron', 'OLDPWD': '/home/xytron', 'ROS_PYTHON_VERSION': '3', 'WSL_DISTRO_NAME': 'Ubuntu-22.04', '_colcon_cd_root': '/home/xytron/xycar_ws', 'WAYLAND_DISPLAY': 'wayland-0', 'COLCON_PREFIX_PATH': '/home/xytron/xycar_ws/install', 'ROS_DISTRO': 'humble', 'LOGNAME': 'xytron', 'NAME': 'BOOK-HJ970BEJVV', 'WSL_INTEROP': '/run/WSL/1706_interop', 'PULSE_SERVER': 'unix:/mnt/wslg/PulseServer', '_': '/usr/bin/colcon', 'ROS_VERSION': '2', 'PKG_CONFIG_PATH': '/home/xytron/xycar_ws/install/ericar_msgs/lib/x86_64-linux-gnu/pkgconfig:/home/xytron/xycar_ws/install/ericar_msgs/lib/pkgconfig', 'TERM': 'xterm-256color', 'ROS_LOCALHOST_ONLY': '0', 'PATH': '/opt/ros/humble/bin:/usr/local/sbin:/usr/local/bin:/usr/sbin:/usr/bin:/sbin:/bin:/usr/games:/usr/local/games:/usr/lib/wsl/lib:/mnt/c/Program Files/NVIDIA GPU Computing Toolkit/CUDA/v11.7/bin:/mnt/c/Program Files/NVIDIA GPU Computing Toolkit/CUDA/v11.7/libnvvp:/mnt/c/Windows/system32:/mnt/c/Windows:/mnt/c/Windows/System32/Wbem:/mnt/c/Windows/System32/WindowsPowerShell/v1.0/:/mnt/c/Windows/System32/OpenSSH/:/mnt/c/Program Files/dotnet/:/mnt/c/Program Files/NVIDIA Corporation/Nsight Compute 2022.2.0/:/mnt/c/Program Files (x86)/NVIDIA Corporation/PhysX/Common:/mnt/c/Program Files/nodejs/:/mnt/c/Program Files/Git/cmd:/mnt/c/Program Files/MySQL/MySQL Shell 8.0/bin/:/mnt/c/Users/rnals/AppData/Local/Programs/Python/Launcher/:/mnt/c/Users/rnals/AppData/Local/Microsoft/WindowsApps:/mnt/c/Users/rnals/AppData/Local/Programs/Microsoft VS Code/bin:/mnt/c/Users/rnals/AppData/Roaming/npm:/mnt/c/Users/rnals/AppData/Local/Microsoft/WinGet/Links:/snap/bin', 'WT_SESSION': 'aea54afc-c5ca-4209-9fd4-7fd3faa2b76e', 'XDG_RUNTIME_DIR': '/mnt/wslg/runtime-dir', 'DISPLAY': ':0', 'LANG': 'en_US.UTF-8', 'ROS_DOMAIN_ID': '7', 'AMENT_PREFIX_PATH': '/home/xytron/xycar_ws/install/my_lidar:/home/xytron/xycar_ws/install/my_cam:/home/xytron/xycar_ws/install/main:/home/xytron/xycar_ws/install/kookmin9_viewer:/home/xytron/xycar_ws/install/xycar_msgs:/home/xytron/xycar_ws/install/track_drive:/home/xytron/xycar_ws/install/ros_tcp_endpoint:/home/xytron/xycar_ws/install/perception:/home/xytron/xycar_ws/install/my_motor:/home/xytron/xycar_ws/install/my_imu:/home/xytron/xycar_ws/install/driving:/opt/ros/humble', 'SHELL': '/bin/bash', 'PWD': '/home/xytron/2026-kookmin-contest-qualifier/build/driving', 'XDG_DATA_DIRS': '/usr/local/share:/usr/share:/var/lib/snapd/desktop', 'PYTHONPATH': '/home/xytron/2026-kookmin-contest-qualifier/build/driving/prefix_override:/usr/lib/python3/dist-packages/colcon_core/task/python/colcon_distutils_commands:/home/xytron/2026-kookmin-contest-qualifier/install/driving/lib/python3.10/site-packages:/home/xytron/xycar_ws/build/my_lidar:/home/xytron/xycar_ws/install/my_lidar/lib/python3.10/site-packages:/home/xytron/xycar_ws/build/my_cam:/home/xytron/xycar_ws/install/my_cam/lib/python3.10/site-packages:/home/xytron/xycar_ws/install/main/lib/python3.10/site-packages:/home/xytron/xycar_ws/build/kookmin9_viewer:/home/xytron/xycar_ws/install/kookmin9_viewer/lib/python3.10/site-packages:/home/xytron/xycar_ws/install/xycar_msgs/local/lib/python3.10/dist-packages:/home/xytron/xycar_ws/build/track_drive:/home/xytron/xycar_ws/install/track_drive/lib/python3.10/site-packages:/home/xytron/xycar_ws/build/ros_tcp_endpoint:/home/xytron/xycar_ws/install/ros_tcp_endpoint/lib/python3.10/site-packages:/home/xytron/xycar_ws/build/perception:/home/xytron/xycar_ws/install/perception/lib/python3.10/site-packages:/home/xytron/xycar_ws/build/my_motor:/home/xytron/xycar_ws/install/my_motor/lib/python3.10/site-packages:/home/xytron/xycar_ws/build/my_imu:/home/xytron/xycar_ws/install/my_imu/lib/python3.10/site-packages:/home/xytron/xycar_ws/install/ericar_msgs/local/lib/python3.10/dist-packages:/home/xytron/xycar_ws/install/driving/lib/python3.10/site-packages:/opt/ros/humble/lib/python3.10/site-packages:/opt/ros/humble/local/lib/python3.10/dist-packages', 'COLCON': '1', 'WSL2_GUI_APPS_ENABLED': '1', 'HOSTTYPE': 'x86_64', 'CMAKE_PREFIX_PATH': '/home/xytron/xycar_ws/install/xycar_msgs:/home/xytron/xycar_ws/install/ericar_msgs', 'WSLENV': 'WT_SESSION:WT_PROFILE_ID:'}, 'shell': False}
[1.102605] (-) TimerEvent: {}
[1.202955] (-) TimerEvent: {}
[1.256587] (driving) StdoutLine: {'line': b'running egg_info\n'}
[1.257328] (driving) StdoutLine: {'line': b'writing ../../build/driving/driving.egg-info/PKG-INFO\n'}
[1.257587] (driving) StdoutLine: {'line': b'writing dependency_links to ../../build/driving/driving.egg-info/dependency_links.txt\n'}
[1.257763] (driving) StdoutLine: {'line': b'writing entry points to ../../build/driving/driving.egg-info/entry_points.txt\n'}
[1.258015] (driving) StdoutLine: {'line': b'writing requirements to ../../build/driving/driving.egg-info/requires.txt\n'}
[1.258340] (driving) StdoutLine: {'line': b'writing top-level names to ../../build/driving/driving.egg-info/top_level.txt\n'}
[1.259941] (driving) StdoutLine: {'line': b"reading manifest file '../../build/driving/driving.egg-info/SOURCES.txt'\n"}
[1.260936] (driving) StdoutLine: {'line': b"writing manifest file '../../build/driving/driving.egg-info/SOURCES.txt'\n"}
[1.261459] (driving) StdoutLine: {'line': b'running build\n'}
[1.261543] (driving) StdoutLine: {'line': b'running build_py\n'}
[1.261595] (driving) StdoutLine: {'line': b'copying driving/driving.py -> /home/xytron/2026-kookmin-contest-qualifier/build/driving/build/lib/driving\n'}
[1.261851] (driving) StdoutLine: {'line': b'copying driving/lane_detection.py -> /home/xytron/2026-kookmin-contest-qualifier/build/driving/build/lib/driving\n'}
[1.262109] (driving) StdoutLine: {'line': b'running install\n'}
[1.263811] (driving) StdoutLine: {'line': b'running install_lib\n'}
[1.264379] (driving) StdoutLine: {'line': b'creating /home/xytron/2026-kookmin-contest-qualifier/install/driving/lib/python3.10/site-packages/driving\n'}
[1.264619] (driving) StdoutLine: {'line': b'copying /home/xytron/2026-kookmin-contest-qualifier/build/driving/build/lib/driving/rubbercone.py -> /home/xytron/2026-kookmin-contest-qualifier/install/driving/lib/python3.10/site-packages/driving\n'}
[1.265095] (driving) StdoutLine: {'line': b'copying /home/xytron/2026-kookmin-contest-qualifier/build/driving/build/lib/driving/driving.py -> /home/xytron/2026-kookmin-contest-qualifier/install/driving/lib/python3.10/site-packages/driving\n'}
[1.265370] (driving) StdoutLine: {'line': b'copying /home/xytron/2026-kookmin-contest-qualifier/build/driving/build/lib/driving/turn_left.py -> /home/xytron/2026-kookmin-contest-qualifier/install/driving/lib/python3.10/site-packages/driving\n'}
[1.265701] (driving) StdoutLine: {'line': b'copying /home/xytron/2026-kookmin-contest-qualifier/build/driving/build/lib/driving/__init__.py -> /home/xytron/2026-kookmin-contest-qualifier/install/driving/lib/python3.10/site-packages/driving\n'}
[1.265967] (driving) StdoutLine: {'line': b'copying /home/xytron/2026-kookmin-contest-qualifier/build/driving/build/lib/driving/lane_detection.py -> /home/xytron/2026-kookmin-contest-qualifier/install/driving/lib/python3.10/site-packages/driving\n'}
[1.266606] (driving) StdoutLine: {'line': b'byte-compiling /home/xytron/2026-kookmin-contest-qualifier/install/driving/lib/python3.10/site-packages/driving/rubbercone.py to rubbercone.cpython-310.pyc\n'}
[1.268293] (driving) StdoutLine: {'line': b'byte-compiling /home/xytron/2026-kookmin-contest-qualifier/install/driving/lib/python3.10/site-packages/driving/driving.py to driving.cpython-310.pyc\n'}
[1.269957] (driving) StdoutLine: {'line': b'byte-compiling /home/xytron/2026-kookmin-contest-qualifier/install/driving/lib/python3.10/site-packages/driving/turn_left.py to turn_left.cpython-310.pyc\n'}
[1.270338] (driving) StdoutLine: {'line': b'byte-compiling /home/xytron/2026-kookmin-contest-qualifier/install/driving/lib/python3.10/site-packages/driving/__init__.py to __init__.cpython-310.pyc\n'}
[1.270579] (driving) StdoutLine: {'line': b'byte-compiling /home/xytron/2026-kookmin-contest-qualifier/install/driving/lib/python3.10/site-packages/driving/lane_detection.py to lane_detection.cpython-310.pyc\n'}
[1.272236] (driving) StdoutLine: {'line': b'running install_data\n'}
[1.272561] (driving) StdoutLine: {'line': b'copying resource/driving -> /home/xytron/2026-kookmin-contest-qualifier/install/driving/share/ament_index/resource_index/packages\n'}
[1.272872] (driving) StdoutLine: {'line': b'copying package.xml -> /home/xytron/2026-kookmin-contest-qualifier/install/driving/share/driving\n'}
[1.273358] (driving) StdoutLine: {'line': b'running install_egg_info\n'}
[1.275491] (driving) StdoutLine: {'line': b'Copying ../../build/driving/driving.egg-info to /home/xytron/2026-kookmin-contest-qualifier/install/driving/lib/python3.10/site-packages/driving-0.0.1-py3.10.egg-info\n'}
[1.277120] (driving) StdoutLine: {'line': b'running install_scripts\n'}
[1.297106] (driving) StdoutLine: {'line': b'Installing driving script to /home/xytron/2026-kookmin-contest-qualifier/install/driving/lib/driving\n'}
[1.297447] (driving) StdoutLine: {'line': b"writing list of installed files to '/home/xytron/2026-kookmin-contest-qualifier/build/driving/install.log'\n"}
[1.303140] (-) TimerEvent: {}
[1.318753] (driving) CommandEnded: {'returncode': 0}
[1.331404] (driving) JobEnded: {'identifier': 'driving', 'rc': 0}
[1.332110] (-) EventReactorShutdown: {}
