[2.444s] Invoking command in '/home/xytron/2026-kookmin-contest-qualifier/ericar/driving': PYTHONPATH=/home/xytron/2026-kookmin-contest-qualifier/build/driving/prefix_override:/usr/lib/python3/dist-packages/colcon_core/task/python/colcon_distutils_commands:/home/xytron/2026-kookmin-contest-qualifier/install/driving/lib/python3.10/site-packages:${PYTHONPATH} /usr/bin/python3 -W ignore:setup.py install is deprecated -W ignore:easy_install command is deprecated setup.py egg_info --egg-base ../../build/driving build --build-base /home/xytron/2026-kookmin-contest-qualifier/build/driving/build install --record /home/xytron/2026-kookmin-contest-qualifier/build/driving/install.log --single-version-externally-managed install_data
[2.812s] running egg_info
[2.813s] writing ../../build/driving/driving.egg-info/PKG-INFO
[2.813s] writing dependency_links to ../../build/driving/driving.egg-info/dependency_links.txt
[2.813s] writing entry points to ../../build/driving/driving.egg-info/entry_points.txt
[2.813s] writing requirements to ../../build/driving/driving.egg-info/requires.txt
[2.813s] writing top-level names to ../../build/driving/driving.egg-info/top_level.txt
[2.813s] reading manifest file '../../build/driving/driving.egg-info/SOURCES.txt'
[2.815s] writing manifest file '../../build/driving/driving.egg-info/SOURCES.txt'
[2.815s] running build
[2.816s] running build_py
[2.816s] copying driving/driving.py -> /home/xytron/2026-kookmin-contest-qualifier/build/driving/build/lib/driving
[2.817s] running install
[2.817s] running install_lib
[2.831s] copying /home/xytron/2026-kookmin-contest-qualifier/build/driving/build/lib/driving/driving.py -> /home/xytron/2026-kookmin-contest-qualifier/install/driving/lib/python3.10/site-packages/driving
[2.831s] byte-compiling /home/xytron/2026-kookmin-contest-qualifier/install/driving/lib/python3.10/site-packages/driving/driving.py to driving.cpython-310.pyc
[2.831s] running install_data
[2.831s] running install_egg_info
[2.832s] removing '/home/xytron/2026-kookmin-contest-qualifier/install/driving/lib/python3.10/site-packages/driving-0.0.1-py3.10.egg-info' (and everything under it)
[2.832s] Copying ../../build/driving/driving.egg-info to /home/xytron/2026-kookmin-contest-qualifier/install/driving/lib/python3.10/site-packages/driving-0.0.1-py3.10.egg-info
[2.839s] running install_scripts
[2.898s] Installing driving script to /home/xytron/2026-kookmin-contest-qualifier/install/driving/lib/driving
[2.898s] writing list of installed files to '/home/xytron/2026-kookmin-contest-qualifier/build/driving/install.log'
[3.016s] Invoked command in '/home/xytron/2026-kookmin-contest-qualifier/ericar/driving' returned '0': PYTHONPATH=/home/xytron/2026-kookmin-contest-qualifier/build/driving/prefix_override:/usr/lib/python3/dist-packages/colcon_core/task/python/colcon_distutils_commands:/home/xytron/2026-kookmin-contest-qualifier/install/driving/lib/python3.10/site-packages:${PYTHONPATH} /usr/bin/python3 -W ignore:setup.py install is deprecated -W ignore:easy_install command is deprecated setup.py egg_info --egg-base ../../build/driving build --build-base /home/xytron/2026-kookmin-contest-qualifier/build/driving/build install --record /home/xytron/2026-kookmin-contest-qualifier/build/driving/install.log --single-version-externally-managed install_data
