/home/xytron/2026-kookmin-contest-qualifier/install/perception/lib/python3.10/site-packages/perception/left_car.py
/home/xytron/2026-kookmin-contest-qualifier/install/perception/lib/python3.10/site-packages/perception/yolo_detector.py
/home/xytron/2026-kookmin-contest-qualifier/install/perception/lib/python3.10/site-packages/perception/perception.py
/home/xytron/2026-kookmin-contest-qualifier/install/perception/lib/python3.10/site-packages/perception/start_line.py
/home/xytron/2026-kookmin-contest-qualifier/install/perception/lib/python3.10/site-packages/perception/school_zone.py
/home/xytron/2026-kookmin-contest-qualifier/install/perception/lib/python3.10/site-packages/perception/traffic_light.py
/home/xytron/2026-kookmin-contest-qualifier/install/perception/lib/python3.10/site-packages/perception/shortcut_exit.py
/home/xytron/2026-kookmin-contest-qualifier/install/perception/lib/python3.10/site-packages/perception/__init__.py
/home/xytron/2026-kookmin-contest-qualifier/install/perception/lib/python3.10/site-packages/perception/collect_data.py
/home/xytron/2026-kookmin-contest-qualifier/install/perception/lib/python3.10/site-packages/perception/obstacle.py
/home/xytron/2026-kookmin-contest-qualifier/install/perception/lib/python3.10/site-packages/perception/__pycache__/left_car.cpython-310.pyc
/home/xytron/2026-kookmin-contest-qualifier/install/perception/lib/python3.10/site-packages/perception/__pycache__/yolo_detector.cpython-310.pyc
/home/xytron/2026-kookmin-contest-qualifier/install/perception/lib/python3.10/site-packages/perception/__pycache__/perception.cpython-310.pyc
/home/xytron/2026-kookmin-contest-qualifier/install/perception/lib/python3.10/site-packages/perception/__pycache__/start_line.cpython-310.pyc
/home/xytron/2026-kookmin-contest-qualifier/install/perception/lib/python3.10/site-packages/perception/__pycache__/school_zone.cpython-310.pyc
/home/xytron/2026-kookmin-contest-qualifier/install/perception/lib/python3.10/site-packages/perception/__pycache__/traffic_light.cpython-310.pyc
/home/xytron/2026-kookmin-contest-qualifier/install/perception/lib/python3.10/site-packages/perception/__pycache__/shortcut_exit.cpython-310.pyc
/home/xytron/2026-kookmin-contest-qualifier/install/perception/lib/python3.10/site-packages/perception/__pycache__/__init__.cpython-310.pyc
/home/xytron/2026-kookmin-contest-qualifier/install/perception/lib/python3.10/site-packages/perception/__pycache__/collect_data.cpython-310.pyc
/home/xytron/2026-kookmin-contest-qualifier/install/perception/lib/python3.10/site-packages/perception/__pycache__/obstacle.cpython-310.pyc
/home/xytron/2026-kookmin-contest-qualifier/install/perception/share/ament_index/resource_index/packages/perception
/home/xytron/2026-kookmin-contest-qualifier/install/perception/share/perception/package.xml
/home/xytron/2026-kookmin-contest-qualifier/install/perception/share/perception/launch
/home/xytron/2026-kookmin-contest-qualifier/install/perception/lib/python3.10/site-packages/perception-0.0.1-py3.10.egg-info/SOURCES.txt
/home/xytron/2026-kookmin-contest-qualifier/install/perception/lib/python3.10/site-packages/perception-0.0.1-py3.10.egg-info/top_level.txt
/home/xytron/2026-kookmin-contest-qualifier/install/perception/lib/python3.10/site-packages/perception-0.0.1-py3.10.egg-info/requires.txt
/home/xytron/2026-kookmin-contest-qualifier/install/perception/lib/python3.10/site-packages/perception-0.0.1-py3.10.egg-info/PKG-INFO
/home/xytron/2026-kookmin-contest-qualifier/install/perception/lib/python3.10/site-packages/perception-0.0.1-py3.10.egg-info/entry_points.txt
/home/xytron/2026-kookmin-contest-qualifier/install/perception/lib/python3.10/site-packages/perception-0.0.1-py3.10.egg-info/zip-safe
/home/xytron/2026-kookmin-contest-qualifier/install/perception/lib/python3.10/site-packages/perception-0.0.1-py3.10.egg-info/dependency_links.txt
/home/xytron/2026-kookmin-contest-qualifier/install/perception/lib/perception/collect_data
/home/xytron/2026-kookmin-contest-qualifier/install/perception/lib/perception/perception
