[2.065s] Invoking command in '/home/xytron/2026-kookmin-contest-qualifier/build/my_motor': PYTHONPATH=/home/xytron/2026-kookmin-contest-qualifier/build/my_motor/prefix_override:/usr/lib/python3/dist-packages/colcon_core/task/python/colcon_distutils_commands:/home/xytron/2026-kookmin-contest-qualifier/install/my_motor/lib/python3.10/site-packages:${PYTHONPATH} /usr/bin/python3 -W ignore:setup.py install is deprecated -W ignore:easy_install command is deprecated setup.py develop --editable --build-directory /home/xytron/2026-kookmin-contest-qualifier/build/my_motor/build --no-deps symlink_data
[2.591s] running develop
[2.889s] running egg_info
[2.889s] creating my_motor.egg-info
[2.889s] writing my_motor.egg-info/PKG-INFO
[2.889s] writing dependency_links to my_motor.egg-info/dependency_links.txt
[2.890s] writing entry points to my_motor.egg-info/entry_points.txt
[2.890s] writing requirements to my_motor.egg-info/requires.txt
[2.890s] writing top-level names to my_motor.egg-info/top_level.txt
[2.890s] writing manifest file 'my_motor.egg-info/SOURCES.txt'
[2.890s] reading manifest file 'my_motor.egg-info/SOURCES.txt'
[2.890s] writing manifest file 'my_motor.egg-info/SOURCES.txt'
[2.890s] running build_ext
[2.890s] Creating /home/xytron/2026-kookmin-contest-qualifier/install/my_motor/lib/python3.10/site-packages/my-motor.egg-link (link to .)
[2.893s] Installing go script to /home/xytron/2026-kookmin-contest-qualifier/install/my_motor/lib/my_motor
[2.893s] Installing go_stop script to /home/xytron/2026-kookmin-contest-qualifier/install/my_motor/lib/my_motor
[2.893s] 
[2.895s] Installed /home/xytron/2026-kookmin-contest-qualifier/build/my_motor
[2.896s] running symlink_data
[2.896s] creating /home/xytron/2026-kookmin-contest-qualifier/install/my_motor/share/ament_index
[2.896s] creating /home/xytron/2026-kookmin-contest-qualifier/install/my_motor/share/ament_index/resource_index
[2.897s] creating /home/xytron/2026-kookmin-contest-qualifier/install/my_motor/share/ament_index/resource_index/packages
[2.897s] symbolically linking /home/xytron/2026-kookmin-contest-qualifier/build/my_motor/resource/my_motor -> /home/xytron/2026-kookmin-contest-qualifier/install/my_motor/share/ament_index/resource_index/packages
[2.897s] symbolically linking /home/xytron/2026-kookmin-contest-qualifier/build/my_motor/package.xml -> /home/xytron/2026-kookmin-contest-qualifier/install/my_motor/share/my_motor
[2.950s] Invoked command in '/home/xytron/2026-kookmin-contest-qualifier/build/my_motor' returned '0': PYTHONPATH=/home/xytron/2026-kookmin-contest-qualifier/build/my_motor/prefix_override:/usr/lib/python3/dist-packages/colcon_core/task/python/colcon_distutils_commands:/home/xytron/2026-kookmin-contest-qualifier/install/my_motor/lib/python3.10/site-packages:${PYTHONPATH} /usr/bin/python3 -W ignore:setup.py install is deprecated -W ignore:easy_install command is deprecated setup.py develop --editable --build-directory /home/xytron/2026-kookmin-contest-qualifier/build/my_motor/build --no-deps symlink_data
