[2.663s] Invoking command in '/home/xytron/2026-kookmin-contest-qualifier/ROS-TCP-Endpoint-main-ros2': PYTHONPATH=/home/xytron/2026-kookmin-contest-qualifier/build/ros_tcp_endpoint/prefix_override:/usr/lib/python3/dist-packages/colcon_core/task/python/colcon_distutils_commands:/home/xytron/2026-kookmin-contest-qualifier/install/ros_tcp_endpoint/lib/python3.10/site-packages:${PYTHONPATH} /usr/bin/python3 -W ignore:setup.py install is deprecated -W ignore:easy_install command is deprecated setup.py egg_info --egg-base ../build/ros_tcp_endpoint build --build-base /home/xytron/2026-kookmin-contest-qualifier/build/ros_tcp_endpoint/build install --record /home/xytron/2026-kookmin-contest-qualifier/build/ros_tcp_endpoint/install.log --single-version-externally-managed install_data
[3.061s] running egg_info
[3.061s] writing ../build/ros_tcp_endpoint/ros_tcp_endpoint.egg-info/PKG-INFO
[3.061s] writing dependency_links to ../build/ros_tcp_endpoint/ros_tcp_endpoint.egg-info/dependency_links.txt
[3.061s] writing entry points to ../build/ros_tcp_endpoint/ros_tcp_endpoint.egg-info/entry_points.txt
[3.061s] writing requirements to ../build/ros_tcp_endpoint/ros_tcp_endpoint.egg-info/requires.txt
[3.061s] writing top-level names to ../build/ros_tcp_endpoint/ros_tcp_endpoint.egg-info/top_level.txt
[3.061s] reading manifest file '../build/ros_tcp_endpoint/ros_tcp_endpoint.egg-info/SOURCES.txt'
[3.061s] adding license file 'LICENSE'
[3.061s] writing manifest file '../build/ros_tcp_endpoint/ros_tcp_endpoint.egg-info/SOURCES.txt'
[3.062s] running build
[3.063s] running build_py
[3.065s] running install
[3.066s] running install_lib
[3.073s] running install_data
[3.073s] running install_egg_info
[3.076s] removing '/home/xytron/2026-kookmin-contest-qualifier/install/ros_tcp_endpoint/lib/python3.10/site-packages/ros_tcp_endpoint-0.0.1-py3.10.egg-info' (and everything under it)
[3.079s] Copying ../build/ros_tcp_endpoint/ros_tcp_endpoint.egg-info to /home/xytron/2026-kookmin-contest-qualifier/install/ros_tcp_endpoint/lib/python3.10/site-packages/ros_tcp_endpoint-0.0.1-py3.10.egg-info
[3.085s] running install_scripts
[3.148s] Installing default_server_endpoint script to /home/xytron/2026-kookmin-contest-qualifier/install/ros_tcp_endpoint/lib/ros_tcp_endpoint
[3.149s] writing list of installed files to '/home/xytron/2026-kookmin-contest-qualifier/build/ros_tcp_endpoint/install.log'
[3.219s] Invoked command in '/home/xytron/2026-kookmin-contest-qualifier/ROS-TCP-Endpoint-main-ros2' returned '0': PYTHONPATH=/home/xytron/2026-kookmin-contest-qualifier/build/ros_tcp_endpoint/prefix_override:/usr/lib/python3/dist-packages/colcon_core/task/python/colcon_distutils_commands:/home/xytron/2026-kookmin-contest-qualifier/install/ros_tcp_endpoint/lib/python3.10/site-packages:${PYTHONPATH} /usr/bin/python3 -W ignore:setup.py install is deprecated -W ignore:easy_install command is deprecated setup.py egg_info --egg-base ../build/ros_tcp_endpoint build --build-base /home/xytron/2026-kookmin-contest-qualifier/build/ros_tcp_endpoint/build install --record /home/xytron/2026-kookmin-contest-qualifier/build/ros_tcp_endpoint/install.log --single-version-externally-managed install_data
