[0.000000] (-) TimerEvent: {}
[0.001626] (-) JobUnselected: {'identifier': 'driving'}
[0.001662] (-) JobUnselected: {'identifier': 'function'}
[0.001713] (-) JobUnselected: {'identifier': 'kookmin9_viewer'}
[0.001731] (-) JobUnselected: {'identifier': 'main'}
[0.001748] (-) JobUnselected: {'identifier': 'my_cam'}
[0.001758] (-) JobUnselected: {'identifier': 'my_imu'}
[0.001770] (-) JobUnselected: {'identifier': 'my_lidar'}
[0.001784] (-) JobUnselected: {'identifier': 'my_motor'}
[0.001794] (-) JobUnselected: {'identifier': 'ros_tcp_endpoint'}
[0.001804] (-) JobUnselected: {'identifier': 'track_drive'}
[0.001822] (-) JobUnselected: {'identifier': 'xycar_msgs'}
[0.001835] (perception) JobQueued: {'identifier': 'perception', 'dependencies': OrderedDict()}
[0.001859] (perception) JobStarted: {'identifier': 'perception'}
[0.098723] (-) TimerEvent: {}
[0.199063] (-) TimerEvent: {}
[0.299464] (-) TimerEvent: {}
[0.399810] (-) TimerEvent: {}
[0.500214] (-) TimerEvent: {}
[0.600642] (-) TimerEvent: {}
[0.700979] (-) TimerEvent: {}
[0.805966] (-) TimerEvent: {}
[0.812896] (perception) Command: {'cmd': ['/usr/bin/python3', '-W', 'ignore:setup.py install is deprecated', '-W', 'ignore:easy_install command is deprecated', 'setup.py', 'egg_info', '--egg-base', '../../build/perception', 'build', '--build-base', '/home/xytron/2026-kookmin-contest-qualifier/build/perception/build', 'install', '--record', '/home/xytron/2026-kookmin-contest-qualifier/build/perception/install.log', '--single-version-externally-managed', 'install_data'], 'cwd': '/home/xytron/2026-kookmin-contest-qualifier/ericar/perception', 'env': {'USER': 'xytron', 'ROS_NAMESPACE': 'xycar', 'ROS_PACKAGE_PATH': '/home/xytron/xycar_ws/install/ericar_msgs/share', 'SHLVL': '1', 'LD_LIBRARY_PATH': '/home/xytron/2026-kookmin-contest-qualifier/install/xycar_msgs/lib:/home/xytron/xycar_ws/install/xycar_msgs/lib:/home/xytron/xycar_ws/install/ericar_msgs/lib:/opt/ros/humble/opt/rviz_ogre_vendor/lib:/opt/ros/humble/lib/x86_64-linux-gnu:/opt/ros/humble/lib', 'WT_PROFILE_ID': '{e497da6e-94b0-5deb-a2a7-bc930db089cd}', 'HOME': '/home/xytron', 'OLDPWD': '/home/xytron/2026-kookmin-contest-qualifier', 'ROS_PYTHON_VERSION': '3', 'WSL_DISTRO_NAME': 'Ubuntu-22.04', '_colcon_cd_root': '/home/xytron/xycar_ws', 'WAYLAND_DISPLAY': 'wayland-0', 'COLCON_PREFIX_PATH': '/home/xytron/2026-kookmin-contest-qualifier/install:/home/xytron/xycar_ws/install', 'ROS_DISTRO': 'humble', 'LOGNAME': 'xytron', 'NAME': 'BOOK-HJ970BEJVV', 'WSL_INTEROP': '/run/WSL/7782_interop', 'PULSE_SERVER': 'unix:/mnt/wslg/PulseServer', '_': '/usr/bin/colcon', 'ROS_VERSION': '2', 'PKG_CONFIG_PATH': '/home/xytron/xycar_ws/install/ericar_msgs/lib/x86_64-linux-gnu/pkgconfig:/home/xytron/xycar_ws/install/ericar_msgs/lib/pkgconfig', 'TERM': 'xterm-256color', 'ROS_LOCALHOST_ONLY': '0', 'PATH': '/opt/ros/humble/bin:/usr/local/sbin:/usr/local/bin:/usr/sbin:/usr/bin:/sbin:/bin:/usr/games:/usr/local/games:/usr/lib/wsl/lib:/mnt/c/Program Files/NVIDIA GPU Computing Toolkit/CUDA/v11.7/bin:/mnt/c/Program Files/NVIDIA GPU Computing Toolkit/CUDA/v11.7/libnvvp:/mnt/c/Windows/system32:/mnt/c/Windows:/mnt/c/Windows/System32/Wbem:/mnt/c/Windows/System32/WindowsPowerShell/v1.0/:/mnt/c/Windows/System32/OpenSSH/:/mnt/c/Program Files/dotnet/:/mnt/c/Program Files/NVIDIA Corporation/Nsight Compute 2022.2.0/:/mnt/c/Program Files (x86)/NVIDIA Corporation/PhysX/Common:/mnt/c/Program Files/nodejs/:/mnt/c/Program Files/Git/cmd:/mnt/c/Program Files/MySQL/MySQL Shell 8.0/bin/:/mnt/c/Users/rnals/AppData/Local/Programs/Python/Launcher/:/mnt/c/Users/rnals/AppData/Local/Microsoft/WindowsApps:/mnt/c/Users/rnals/AppData/Local/Programs/Microsoft VS Code/bin:/mnt/c/Users/rnals/AppData/Roaming/npm:/mnt/c/Users/rnals/AppData/Local/Microsoft/WinGet/Links:/snap/bin', 'WT_SESSION': 'edf37ba2-c15a-4974-badd-eb4fab01679d', 'XDG_RUNTIME_DIR': '/mnt/wslg/runtime-dir', 'DISPLAY': ':0', 'LANG': 'en_US.UTF-8', 'ROS_DOMAIN_ID': '7', 'AMENT_PREFIX_PATH': '/home/xytron/2026-kookmin-contest-qualifier/install/my_lidar:/home/xytron/2026-kookmin-contest-qualifier/install/my_cam:/home/xytron/2026-kookmin-contest-qualifier/install/main:/home/xytron/2026-kookmin-contest-qualifier/install/kookmin9_viewer:/home/xytron/2026-kookmin-contest-qualifier/install/function:/home/xytron/2026-kookmin-contest-qualifier/install/xycar_msgs:/home/xytron/2026-kookmin-contest-qualifier/install/track_drive:/home/xytron/2026-kookmin-contest-qualifier/install/ros_tcp_endpoint:/home/xytron/2026-kookmin-contest-qualifier/install/perception:/home/xytron/2026-kookmin-contest-qualifier/install/my_motor:/home/xytron/2026-kookmin-contest-qualifier/install/my_imu:/home/xytron/2026-kookmin-contest-qualifier/install/driving:/home/xytron/xycar_ws/install/my_lidar:/home/xytron/xycar_ws/install/my_cam:/home/xytron/xycar_ws/install/main:/home/xytron/xycar_ws/install/kookmin9_viewer:/home/xytron/xycar_ws/install/xycar_msgs:/home/xytron/xycar_ws/install/track_drive:/home/xytron/xycar_ws/install/ros_tcp_endpoint:/home/xytron/xycar_ws/install/perception:/home/xytron/xycar_ws/install/my_motor:/home/xytron/xycar_ws/install/my_imu:/home/xytron/xycar_ws/install/driving:/opt/ros/humble', 'SHELL': '/bin/bash', 'PWD': '/home/xytron/2026-kookmin-contest-qualifier/build/perception', 'XDG_DATA_DIRS': '/usr/local/share:/usr/share:/var/lib/snapd/desktop', 'PYTHONPATH': '/home/xytron/2026-kookmin-contest-qualifier/build/perception/prefix_override:/usr/lib/python3/dist-packages/colcon_core/task/python/colcon_distutils_commands:/home/xytron/2026-kookmin-contest-qualifier/install/perception/lib/python3.10/site-packages:/home/xytron/2026-kookmin-contest-qualifier/install/my_lidar/lib/python3.10/site-packages:/home/xytron/2026-kookmin-contest-qualifier/install/my_cam/lib/python3.10/site-packages:/home/xytron/2026-kookmin-contest-qualifier/install/main/lib/python3.10/site-packages:/home/xytron/2026-kookmin-contest-qualifier/install/kookmin9_viewer/lib/python3.10/site-packages:/home/xytron/2026-kookmin-contest-qualifier/install/function/lib/python3.10/site-packages:/home/xytron/2026-kookmin-contest-qualifier/install/xycar_msgs/local/lib/python3.10/dist-packages:/home/xytron/2026-kookmin-contest-qualifier/install/track_drive/lib/python3.10/site-packages:/home/xytron/2026-kookmin-contest-qualifier/install/ros_tcp_endpoint/lib/python3.10/site-packages:/home/xytron/2026-kookmin-contest-qualifier/install/perception/lib/python3.10/site-packages:/home/xytron/2026-kookmin-contest-qualifier/install/my_motor/lib/python3.10/site-packages:/home/xytron/2026-kookmin-contest-qualifier/install/my_imu/lib/python3.10/site-packages:/home/xytron/2026-kookmin-contest-qualifier/install/driving/lib/python3.10/site-packages:/home/xytron/xycar_ws/build/my_lidar:/home/xytron/xycar_ws/install/my_lidar/lib/python3.10/site-packages:/home/xytron/xycar_ws/build/my_cam:/home/xytron/xycar_ws/install/my_cam/lib/python3.10/site-packages:/home/xytron/xycar_ws/install/main/lib/python3.10/site-packages:/home/xytron/xycar_ws/build/kookmin9_viewer:/home/xytron/xycar_ws/install/kookmin9_viewer/lib/python3.10/site-packages:/home/xytron/xycar_ws/install/xycar_msgs/local/lib/python3.10/dist-packages:/home/xytron/xycar_ws/build/track_drive:/home/xytron/xycar_ws/install/track_drive/lib/python3.10/site-packages:/home/xytron/xycar_ws/build/ros_tcp_endpoint:/home/xytron/xycar_ws/install/ros_tcp_endpoint/lib/python3.10/site-packages:/home/xytron/xycar_ws/build/perception:/home/xytron/xycar_ws/install/perception/lib/python3.10/site-packages:/home/xytron/xycar_ws/build/my_motor:/home/xytron/xycar_ws/install/my_motor/lib/python3.10/site-packages:/home/xytron/xycar_ws/build/my_imu:/home/xytron/xycar_ws/install/my_imu/lib/python3.10/site-packages:/home/xytron/xycar_ws/install/ericar_msgs/local/lib/python3.10/dist-packages:/home/xytron/xycar_ws/install/driving/lib/python3.10/site-packages:/opt/ros/humble/lib/python3.10/site-packages:/opt/ros/humble/local/lib/python3.10/dist-packages', 'COLCON': '1', 'WSL2_GUI_APPS_ENABLED': '1', 'HOSTTYPE': 'x86_64', 'CMAKE_PREFIX_PATH': '/home/xytron/2026-kookmin-contest-qualifier/install/xycar_msgs:/home/xytron/xycar_ws/install/xycar_msgs:/home/xytron/xycar_ws/install/ericar_msgs', 'WSLENV': 'WT_SESSION:WT_PROFILE_ID:'}, 'shell': False}
[0.910140] (-) TimerEvent: {}
[1.011108] (-) TimerEvent: {}
[1.106075] (perception) StdoutLine: {'line': b'running egg_info\n'}
[1.107613] (perception) StdoutLine: {'line': b'writing ../../build/perception/perception.egg-info/PKG-INFO\n'}
[1.111248] (-) TimerEvent: {}
[1.136410] (perception) StdoutLine: {'line': b'writing dependency_links to ../../build/perception/perception.egg-info/dependency_links.txt\n'}
[1.136618] (perception) StdoutLine: {'line': b'writing entry points to ../../build/perception/perception.egg-info/entry_points.txt\n'}
[1.136668] (perception) StdoutLine: {'line': b'writing requirements to ../../build/perception/perception.egg-info/requires.txt\n'}
[1.136708] (perception) StdoutLine: {'line': b'writing top-level names to ../../build/perception/perception.egg-info/top_level.txt\n'}
[1.136744] (perception) StdoutLine: {'line': b"reading manifest file '../../build/perception/perception.egg-info/SOURCES.txt'\n"}
[1.138144] (perception) StdoutLine: {'line': b"writing manifest file '../../build/perception/perception.egg-info/SOURCES.txt'\n"}
[1.144798] (perception) StdoutLine: {'line': b'running build\n'}
[1.145098] (perception) StdoutLine: {'line': b'running build_py\n'}
[1.145490] (perception) StdoutLine: {'line': b'copying perception/perception.py -> /home/xytron/2026-kookmin-contest-qualifier/build/perception/build/lib/perception\n'}
[1.146291] (perception) StdoutLine: {'line': b'running install\n'}
[1.146647] (perception) StdoutLine: {'line': b'running install_lib\n'}
[1.147644] (perception) StdoutLine: {'line': b'copying /home/xytron/2026-kookmin-contest-qualifier/build/perception/build/lib/perception/perception.py -> /home/xytron/2026-kookmin-contest-qualifier/install/perception/lib/python3.10/site-packages/perception\n'}
[1.150519] (perception) StdoutLine: {'line': b'byte-compiling /home/xytron/2026-kookmin-contest-qualifier/install/perception/lib/python3.10/site-packages/perception/perception.py to perception.cpython-310.pyc\n'}
[1.156547] (perception) StdoutLine: {'line': b'running install_data\n'}
[1.157525] (perception) StdoutLine: {'line': b'running install_egg_info\n'}
[1.160162] (perception) StdoutLine: {'line': b"removing '/home/xytron/2026-kookmin-contest-qualifier/install/perception/lib/python3.10/site-packages/perception-0.0.1-py3.10.egg-info' (and everything under it)\n"}
[1.161274] (perception) StdoutLine: {'line': b'Copying ../../build/perception/perception.egg-info to /home/xytron/2026-kookmin-contest-qualifier/install/perception/lib/python3.10/site-packages/perception-0.0.1-py3.10.egg-info\n'}
[1.162716] (perception) StdoutLine: {'line': b'running install_scripts\n'}
[1.184532] (perception) StdoutLine: {'line': b'Installing collect_data script to /home/xytron/2026-kookmin-contest-qualifier/install/perception/lib/perception\n'}
[1.185294] (perception) StdoutLine: {'line': b'Installing perception script to /home/xytron/2026-kookmin-contest-qualifier/install/perception/lib/perception\n'}
[1.186022] (perception) StdoutLine: {'line': b"writing list of installed files to '/home/xytron/2026-kookmin-contest-qualifier/build/perception/install.log'\n"}
[1.208631] (perception) CommandEnded: {'returncode': 0}
[1.211548] (-) TimerEvent: {}
[1.225724] (perception) JobEnded: {'identifier': 'perception', 'rc': 0}
[1.226481] (-) EventReactorShutdown: {}
