[2.145s] Invoking command in '/home/xytron/2026-kookmin-contest-qualifier/build/track_drive': PYTHONPATH=/home/xytron/2026-kookmin-contest-qualifier/build/track_drive/prefix_override:/usr/lib/python3/dist-packages/colcon_core/task/python/colcon_distutils_commands:/home/xytron/2026-kookmin-contest-qualifier/install/track_drive/lib/python3.10/site-packages:${PYTHONPATH} /usr/bin/python3 -W ignore:setup.py install is deprecated -W ignore:easy_install command is deprecated setup.py develop --editable --build-directory /home/xytron/2026-kookmin-contest-qualifier/build/track_drive/build --no-deps symlink_data
[2.568s] running develop
[2.807s] running egg_info
[2.809s] creating track_drive.egg-info
[2.809s] writing track_drive.egg-info/PKG-INFO
[2.809s] writing dependency_links to track_drive.egg-info/dependency_links.txt
[2.811s] writing entry points to track_drive.egg-info/entry_points.txt
[2.811s] writing requirements to track_drive.egg-info/requires.txt
[2.814s] writing top-level names to track_drive.egg-info/top_level.txt
[2.815s] writing manifest file 'track_drive.egg-info/SOURCES.txt'
[2.815s] reading manifest file 'track_drive.egg-info/SOURCES.txt'
[2.816s] writing manifest file 'track_drive.egg-info/SOURCES.txt'
[2.825s] running build_ext
[2.825s] Creating /home/xytron/2026-kookmin-contest-qualifier/install/track_drive/lib/python3.10/site-packages/track-drive.egg-link (link to .)
[2.825s] Installing track_drive script to /home/xytron/2026-kookmin-contest-qualifier/install/track_drive/lib/track_drive
[2.825s] 
[2.825s] Installed /home/xytron/2026-kookmin-contest-qualifier/build/track_drive
[2.825s] running symlink_data
[2.825s] creating /home/xytron/2026-kookmin-contest-qualifier/install/track_drive/share/ament_index
[2.825s] creating /home/xytron/2026-kookmin-contest-qualifier/install/track_drive/share/ament_index/resource_index
[2.825s] creating /home/xytron/2026-kookmin-contest-qualifier/install/track_drive/share/ament_index/resource_index/packages
[2.825s] symbolically linking /home/xytron/2026-kookmin-contest-qualifier/build/track_drive/resource/track_drive -> /home/xytron/2026-kookmin-contest-qualifier/install/track_drive/share/ament_index/resource_index/packages
[2.825s] symbolically linking /home/xytron/2026-kookmin-contest-qualifier/build/track_drive/package.xml -> /home/xytron/2026-kookmin-contest-qualifier/install/track_drive/share/track_drive
[2.825s] creating /home/xytron/2026-kookmin-contest-qualifier/install/track_drive/share/track_drive/launch
[2.898s] Invoked command in '/home/xytron/2026-kookmin-contest-qualifier/build/track_drive' returned '0': PYTHONPATH=/home/xytron/2026-kookmin-contest-qualifier/build/track_drive/prefix_override:/usr/lib/python3/dist-packages/colcon_core/task/python/colcon_distutils_commands:/home/xytron/2026-kookmin-contest-qualifier/install/track_drive/lib/python3.10/site-packages:${PYTHONPATH} /usr/bin/python3 -W ignore:setup.py install is deprecated -W ignore:easy_install command is deprecated setup.py develop --editable --build-directory /home/xytron/2026-kookmin-contest-qualifier/build/track_drive/build --no-deps symlink_data
