[0.000000] (-) TimerEvent: {}
[0.000314] (-) JobUnselected: {'identifier': 'function'}
[0.000342] (-) JobUnselected: {'identifier': 'perception'}
[0.000359] (driving) JobQueued: {'identifier': 'driving', 'dependencies': OrderedDict()}
[0.000372] (main) JobQueued: {'identifier': 'main', 'dependencies': OrderedDict()}
[0.000895] (driving) JobStarted: {'identifier': 'driving'}
[0.013200] (main) JobStarted: {'identifier': 'main'}
[0.099815] (-) TimerEvent: {}
[0.200153] (-) TimerEvent: {}
[0.300463] (-) TimerEvent: {}
[0.400788] (-) TimerEvent: {}
[0.501085] (-) TimerEvent: {}
[0.601429] (-) TimerEvent: {}
[0.701745] (-) TimerEvent: {}
[0.802062] (-) TimerEvent: {}
[0.902473] (-) TimerEvent: {}
[0.934668] (driving) Command: {'cmd': ['/usr/bin/python3', '-W', 'ignore:setup.py install is deprecated', '-W', 'ignore:easy_install command is deprecated', 'setup.py', 'egg_info', '--egg-base', '../build/driving', 'build', '--build-base', '/home/xytron/2026-kookmin-contest-qualifier/ericar/build/driving/build', 'install', '--record', '/home/xytron/2026-kookmin-contest-qualifier/ericar/build/driving/install.log', '--single-version-externally-managed', 'install_data'], 'cwd': '/home/xytron/2026-kookmin-contest-qualifier/ericar/driving', 'env': {'USER': 'xytron', 'ROS_NAMESPACE': 'xycar', 'ROS_PACKAGE_PATH': '/home/xytron/xycar_ws/install/ericar_msgs/share', 'SHLVL': '1', 'LD_LIBRARY_PATH': '/home/xytron/xycar_ws/install/xycar_msgs/lib:/home/xytron/xycar_ws/install/ericar_msgs/lib:/opt/ros/humble/opt/rviz_ogre_vendor/lib:/opt/ros/humble/lib/x86_64-linux-gnu:/opt/ros/humble/lib', 'WT_PROFILE_ID': '{e497da6e-94b0-5deb-a2a7-bc930db089cd}', 'HOME': '/home/xytron', 'OLDPWD': '/home/xytron/2026-kookmin-contest-qualifier', 'ROS_PYTHON_VERSION': '3', 'WSL_DISTRO_NAME': 'Ubuntu-22.04', '_colcon_cd_root': '/home/xytron/xycar_ws', 'WAYLAND_DISPLAY': 'wayland-0', 'COLCON_PREFIX_PATH': '/home/xytron/xycar_ws/install', 'ROS_DISTRO': 'humble', 'LOGNAME': 'xytron', 'NAME': 'BOOK-HJ970BEJVV', 'WSL_INTEROP': '/run/WSL/61_interop', 'PULSE_SERVER': 'unix:/mnt/wslg/PulseServer', '_': '/usr/bin/colcon', 'ROS_VERSION': '2', 'PKG_CONFIG_PATH': '/home/xytron/xycar_ws/install/ericar_msgs/lib/x86_64-linux-gnu/pkgconfig:/home/xytron/xycar_ws/install/ericar_msgs/lib/pkgconfig', 'TERM': 'xterm-256color', 'ROS_LOCALHOST_ONLY': '0', 'PATH': '/opt/ros/humble/bin:/usr/local/sbin:/usr/local/bin:/usr/sbin:/usr/bin:/sbin:/bin:/usr/games:/usr/local/games:/usr/lib/wsl/lib:/mnt/c/Program Files/NVIDIA GPU Computing Toolkit/CUDA/v11.7/bin:/mnt/c/Program Files/NVIDIA GPU Computing Toolkit/CUDA/v11.7/libnvvp:/mnt/c/Windows/system32:/mnt/c/Windows:/mnt/c/Windows/System32/Wbem:/mnt/c/Windows/System32/WindowsPowerShell/v1.0/:/mnt/c/Windows/System32/OpenSSH/:/mnt/c/Program Files/dotnet/:/mnt/c/Program Files/NVIDIA Corporation/Nsight Compute 2022.2.0/:/mnt/c/Program Files (x86)/NVIDIA Corporation/PhysX/Common:/mnt/c/Program Files/nodejs/:/mnt/c/Program Files/Git/cmd:/mnt/c/Program Files/MySQL/MySQL Shell 8.0/bin/:/mnt/c/Users/rnals/AppData/Local/Programs/Python/Launcher/:/mnt/c/Users/rnals/AppData/Local/Microsoft/WindowsApps:/mnt/c/Users/rnals/AppData/Local/Programs/Microsoft VS Code/bin:/mnt/c/Users/rnals/AppData/Roaming/npm:/mnt/c/Users/rnals/AppData/Local/Microsoft/WinGet/Links:/snap/bin', 'WT_SESSION': '48b7356b-433e-4d24-b3b1-fb594ad54977', 'XDG_RUNTIME_DIR': '/mnt/wslg/runtime-dir', 'DISPLAY': ':0', 'LANG': 'en_US.UTF-8', 'ROS_DOMAIN_ID': '7', 'AMENT_PREFIX_PATH': '/home/xytron/xycar_ws/install/my_lidar:/home/xytron/xycar_ws/install/my_cam:/home/xytron/xycar_ws/install/main:/home/xytron/xycar_ws/install/kookmin9_viewer:/home/xytron/xycar_ws/install/xycar_msgs:/home/xytron/xycar_ws/install/track_drive:/home/xytron/xycar_ws/install/ros_tcp_endpoint:/home/xytron/xycar_ws/install/perception:/home/xytron/xycar_ws/install/my_motor:/home/xytron/xycar_ws/install/my_imu:/home/xytron/xycar_ws/install/driving:/opt/ros/humble', 'SHELL': '/bin/bash', 'PWD': '/home/xytron/2026-kookmin-contest-qualifier/ericar/build/driving', 'XDG_DATA_DIRS': '/usr/local/share:/usr/share:/var/lib/snapd/desktop', 'PYTHONPATH': '/home/xytron/2026-kookmin-contest-qualifier/ericar/build/driving/prefix_override:/usr/lib/python3/dist-packages/colcon_core/task/python/colcon_distutils_commands:/home/xytron/2026-kookmin-contest-qualifier/ericar/install/driving/lib/python3.10/site-packages:/home/xytron/xycar_ws/build/my_lidar:/home/xytron/xycar_ws/install/my_lidar/lib/python3.10/site-packages:/home/xytron/xycar_ws/build/my_cam:/home/xytron/xycar_ws/install/my_cam/lib/python3.10/site-packages:/home/xytron/xycar_ws/install/main/lib/python3.10/site-packages:/home/xytron/xycar_ws/build/kookmin9_viewer:/home/xytron/xycar_ws/install/kookmin9_viewer/lib/python3.10/site-packages:/home/xytron/xycar_ws/install/xycar_msgs/local/lib/python3.10/dist-packages:/home/xytron/xycar_ws/build/track_drive:/home/xytron/xycar_ws/install/track_drive/lib/python3.10/site-packages:/home/xytron/xycar_ws/build/ros_tcp_endpoint:/home/xytron/xycar_ws/install/ros_tcp_endpoint/lib/python3.10/site-packages:/home/xytron/xycar_ws/build/perception:/home/xytron/xycar_ws/install/perception/lib/python3.10/site-packages:/home/xytron/xycar_ws/build/my_motor:/home/xytron/xycar_ws/install/my_motor/lib/python3.10/site-packages:/home/xytron/xycar_ws/build/my_imu:/home/xytron/xycar_ws/install/my_imu/lib/python3.10/site-packages:/home/xytron/xycar_ws/install/ericar_msgs/local/lib/python3.10/dist-packages:/home/xytron/xycar_ws/install/driving/lib/python3.10/site-packages:/opt/ros/humble/lib/python3.10/site-packages:/opt/ros/humble/local/lib/python3.10/dist-packages', 'COLCON': '1', 'WSL2_GUI_APPS_ENABLED': '1', 'HOSTTYPE': 'x86_64', 'CMAKE_PREFIX_PATH': '/home/xytron/xycar_ws/install/xycar_msgs:/home/xytron/xycar_ws/install/ericar_msgs', 'WSLENV': 'WT_SESSION:WT_PROFILE_ID:'}, 'shell': False}
[0.939468] (main) Command: {'cmd': ['/usr/bin/python3', '-W', 'ignore:setup.py install is deprecated', '-W', 'ignore:easy_install command is deprecated', 'setup.py', 'egg_info', '--egg-base', '../build/main', 'build', '--build-base', '/home/xytron/2026-kookmin-contest-qualifier/ericar/build/main/build', 'install', '--record', '/home/xytron/2026-kookmin-contest-qualifier/ericar/build/main/install.log', '--single-version-externally-managed', 'install_data'], 'cwd': '/home/xytron/2026-kookmin-contest-qualifier/ericar/main', 'env': {'USER': 'xytron', 'ROS_NAMESPACE': 'xycar', 'ROS_PACKAGE_PATH': '/home/xytron/xycar_ws/install/ericar_msgs/share', 'SHLVL': '1', 'LD_LIBRARY_PATH': '/home/xytron/xycar_ws/install/xycar_msgs/lib:/home/xytron/xycar_ws/install/ericar_msgs/lib:/opt/ros/humble/opt/rviz_ogre_vendor/lib:/opt/ros/humble/lib/x86_64-linux-gnu:/opt/ros/humble/lib', 'WT_PROFILE_ID': '{e497da6e-94b0-5deb-a2a7-bc930db089cd}', 'HOME': '/home/xytron', 'OLDPWD': '/home/xytron/2026-kookmin-contest-qualifier', 'ROS_PYTHON_VERSION': '3', 'WSL_DISTRO_NAME': 'Ubuntu-22.04', '_colcon_cd_root': '/home/xytron/xycar_ws', 'WAYLAND_DISPLAY': 'wayland-0', 'COLCON_PREFIX_PATH': '/home/xytron/xycar_ws/install', 'ROS_DISTRO': 'humble', 'LOGNAME': 'xytron', 'NAME': 'BOOK-HJ970BEJVV', 'WSL_INTEROP': '/run/WSL/61_interop', 'PULSE_SERVER': 'unix:/mnt/wslg/PulseServer', '_': '/usr/bin/colcon', 'ROS_VERSION': '2', 'PKG_CONFIG_PATH': '/home/xytron/xycar_ws/install/ericar_msgs/lib/x86_64-linux-gnu/pkgconfig:/home/xytron/xycar_ws/install/ericar_msgs/lib/pkgconfig', 'TERM': 'xterm-256color', 'ROS_LOCALHOST_ONLY': '0', 'PATH': '/opt/ros/humble/bin:/usr/local/sbin:/usr/local/bin:/usr/sbin:/usr/bin:/sbin:/bin:/usr/games:/usr/local/games:/usr/lib/wsl/lib:/mnt/c/Program Files/NVIDIA GPU Computing Toolkit/CUDA/v11.7/bin:/mnt/c/Program Files/NVIDIA GPU Computing Toolkit/CUDA/v11.7/libnvvp:/mnt/c/Windows/system32:/mnt/c/Windows:/mnt/c/Windows/System32/Wbem:/mnt/c/Windows/System32/WindowsPowerShell/v1.0/:/mnt/c/Windows/System32/OpenSSH/:/mnt/c/Program Files/dotnet/:/mnt/c/Program Files/NVIDIA Corporation/Nsight Compute 2022.2.0/:/mnt/c/Program Files (x86)/NVIDIA Corporation/PhysX/Common:/mnt/c/Program Files/nodejs/:/mnt/c/Program Files/Git/cmd:/mnt/c/Program Files/MySQL/MySQL Shell 8.0/bin/:/mnt/c/Users/rnals/AppData/Local/Programs/Python/Launcher/:/mnt/c/Users/rnals/AppData/Local/Microsoft/WindowsApps:/mnt/c/Users/rnals/AppData/Local/Programs/Microsoft VS Code/bin:/mnt/c/Users/rnals/AppData/Roaming/npm:/mnt/c/Users/rnals/AppData/Local/Microsoft/WinGet/Links:/snap/bin', 'WT_SESSION': '48b7356b-433e-4d24-b3b1-fb594ad54977', 'XDG_RUNTIME_DIR': '/mnt/wslg/runtime-dir', 'DISPLAY': ':0', 'LANG': 'en_US.UTF-8', 'ROS_DOMAIN_ID': '7', 'AMENT_PREFIX_PATH': '/home/xytron/xycar_ws/install/my_lidar:/home/xytron/xycar_ws/install/my_cam:/home/xytron/xycar_ws/install/main:/home/xytron/xycar_ws/install/kookmin9_viewer:/home/xytron/xycar_ws/install/xycar_msgs:/home/xytron/xycar_ws/install/track_drive:/home/xytron/xycar_ws/install/ros_tcp_endpoint:/home/xytron/xycar_ws/install/perception:/home/xytron/xycar_ws/install/my_motor:/home/xytron/xycar_ws/install/my_imu:/home/xytron/xycar_ws/install/driving:/opt/ros/humble', 'SHELL': '/bin/bash', 'PWD': '/home/xytron/2026-kookmin-contest-qualifier/ericar/build/main', 'XDG_DATA_DIRS': '/usr/local/share:/usr/share:/var/lib/snapd/desktop', 'PYTHONPATH': '/home/xytron/2026-kookmin-contest-qualifier/ericar/build/main/prefix_override:/usr/lib/python3/dist-packages/colcon_core/task/python/colcon_distutils_commands:/home/xytron/2026-kookmin-contest-qualifier/ericar/install/main/lib/python3.10/site-packages:/home/xytron/xycar_ws/build/my_lidar:/home/xytron/xycar_ws/install/my_lidar/lib/python3.10/site-packages:/home/xytron/xycar_ws/build/my_cam:/home/xytron/xycar_ws/install/my_cam/lib/python3.10/site-packages:/home/xytron/xycar_ws/install/main/lib/python3.10/site-packages:/home/xytron/xycar_ws/build/kookmin9_viewer:/home/xytron/xycar_ws/install/kookmin9_viewer/lib/python3.10/site-packages:/home/xytron/xycar_ws/install/xycar_msgs/local/lib/python3.10/dist-packages:/home/xytron/xycar_ws/build/track_drive:/home/xytron/xycar_ws/install/track_drive/lib/python3.10/site-packages:/home/xytron/xycar_ws/build/ros_tcp_endpoint:/home/xytron/xycar_ws/install/ros_tcp_endpoint/lib/python3.10/site-packages:/home/xytron/xycar_ws/build/perception:/home/xytron/xycar_ws/install/perception/lib/python3.10/site-packages:/home/xytron/xycar_ws/build/my_motor:/home/xytron/xycar_ws/install/my_motor/lib/python3.10/site-packages:/home/xytron/xycar_ws/build/my_imu:/home/xytron/xycar_ws/install/my_imu/lib/python3.10/site-packages:/home/xytron/xycar_ws/install/ericar_msgs/local/lib/python3.10/dist-packages:/home/xytron/xycar_ws/install/driving/lib/python3.10/site-packages:/opt/ros/humble/lib/python3.10/site-packages:/opt/ros/humble/local/lib/python3.10/dist-packages', 'COLCON': '1', 'WSL2_GUI_APPS_ENABLED': '1', 'HOSTTYPE': 'x86_64', 'CMAKE_PREFIX_PATH': '/home/xytron/xycar_ws/install/xycar_msgs:/home/xytron/xycar_ws/install/ericar_msgs', 'WSLENV': 'WT_SESSION:WT_PROFILE_ID:'}, 'shell': False}
[1.002622] (-) TimerEvent: {}
[1.102986] (-) TimerEvent: {}
[1.163924] (driving) StdoutLine: {'line': b'running egg_info\n'}
[1.164331] (driving) StdoutLine: {'line': b'creating ../build/driving/driving.egg-info\n'}
[1.164560] (main) StdoutLine: {'line': b'running egg_info\n'}
[1.164795] (driving) StdoutLine: {'line': b'writing ../build/driving/driving.egg-info/PKG-INFO\n'}
[1.164954] (driving) StdoutLine: {'line': b'writing dependency_links to ../build/driving/driving.egg-info/dependency_links.txt\n'}
[1.165136] (driving) StdoutLine: {'line': b'writing entry points to ../build/driving/driving.egg-info/entry_points.txt\n'}
[1.165298] (driving) StdoutLine: {'line': b'writing requirements to ../build/driving/driving.egg-info/requires.txt\n'}
[1.165359] (driving) StdoutLine: {'line': b'writing top-level names to ../build/driving/driving.egg-info/top_level.txt\n'}
[1.165540] (main) StdoutLine: {'line': b'creating ../build/main/main.egg-info\n'}
[1.165601] (driving) StdoutLine: {'line': b"writing manifest file '../build/driving/driving.egg-info/SOURCES.txt'\n"}
[1.165725] (main) StdoutLine: {'line': b'writing ../build/main/main.egg-info/PKG-INFO\n'}
[1.165933] (main) StdoutLine: {'line': b'writing dependency_links to ../build/main/main.egg-info/dependency_links.txt\n'}
[1.166051] (main) StdoutLine: {'line': b'writing entry points to ../build/main/main.egg-info/entry_points.txt\n'}
[1.166329] (main) StdoutLine: {'line': b'writing requirements to ../build/main/main.egg-info/requires.txt\n'}
[1.166401] (main) StdoutLine: {'line': b'writing top-level names to ../build/main/main.egg-info/top_level.txt\n'}
[1.166706] (main) StdoutLine: {'line': b"writing manifest file '../build/main/main.egg-info/SOURCES.txt'\n"}
[1.167645] (driving) StdoutLine: {'line': b"reading manifest file '../build/driving/driving.egg-info/SOURCES.txt'\n"}
[1.168353] (driving) StdoutLine: {'line': b"writing manifest file '../build/driving/driving.egg-info/SOURCES.txt'\n"}
[1.168471] (driving) StdoutLine: {'line': b'running build\n'}
[1.168522] (driving) StdoutLine: {'line': b'running build_py\n'}
[1.168646] (driving) StdoutLine: {'line': b'creating /home/xytron/2026-kookmin-contest-qualifier/ericar/build/driving/build\n'}
[1.168763] (driving) StdoutLine: {'line': b'creating /home/xytron/2026-kookmin-contest-qualifier/ericar/build/driving/build/lib\n'}
[1.168867] (driving) StdoutLine: {'line': b'creating /home/xytron/2026-kookmin-contest-qualifier/ericar/build/driving/build/lib/driving\n'}
[1.169022] (driving) StdoutLine: {'line': b'copying driving/rubbercone.py -> /home/xytron/2026-kookmin-contest-qualifier/ericar/build/driving/build/lib/driving\n'}
[1.178107] (main) StdoutLine: {'line': b"reading manifest file '../build/main/main.egg-info/SOURCES.txt'\n"}
[1.178473] (driving) StdoutLine: {'line': b'copying driving/driving.py -> /home/xytron/2026-kookmin-contest-qualifier/ericar/build/driving/build/lib/driving\n'}
[1.178544] (driving) StdoutLine: {'line': b'copying driving/turn_left.py -> /home/xytron/2026-kookmin-contest-qualifier/ericar/build/driving/build/lib/driving\n'}
[1.178810] (main) StdoutLine: {'line': b"writing manifest file '../build/main/main.egg-info/SOURCES.txt'\n"}
[1.178982] (main) StdoutLine: {'line': b'running build\n'}
[1.179097] (main) StdoutLine: {'line': b'running build_py\n'}
[1.179451] (main) StdoutLine: {'line': b'creating /home/xytron/2026-kookmin-contest-qualifier/ericar/build/main/build\n'}
[1.179559] (main) StdoutLine: {'line': b'creating /home/xytron/2026-kookmin-contest-qualifier/ericar/build/main/build/lib\n'}
[1.179614] (driving) StdoutLine: {'line': b'copying driving/__init__.py -> /home/xytron/2026-kookmin-contest-qualifier/ericar/build/driving/build/lib/driving\n'}
[1.179758] (driving) StdoutLine: {'line': b'copying driving/lane_detection.py -> /home/xytron/2026-kookmin-contest-qualifier/ericar/build/driving/build/lib/driving\n'}
[1.179839] (main) StdoutLine: {'line': b'creating /home/xytron/2026-kookmin-contest-qualifier/ericar/build/main/build/lib/main\n'}
[1.179887] (main) StdoutLine: {'line': b'copying main/__init__.py -> /home/xytron/2026-kookmin-contest-qualifier/ericar/build/main/build/lib/main\n'}
[1.179924] (main) StdoutLine: {'line': b'copying main/control.py -> /home/xytron/2026-kookmin-contest-qualifier/ericar/build/main/build/lib/main\n'}
[1.180016] (main) StdoutLine: {'line': b'copying main/main.py -> /home/xytron/2026-kookmin-contest-qualifier/ericar/build/main/build/lib/main\n'}
[1.180546] (main) StdoutLine: {'line': b'running install\n'}
[1.180646] (driving) StdoutLine: {'line': b'running install\n'}
[1.180978] (driving) StdoutLine: {'line': b'running install_lib\n'}
[1.181666] (driving) StdoutLine: {'line': b'creating /home/xytron/2026-kookmin-contest-qualifier/ericar/install/driving/lib/python3.10/site-packages/driving\n'}
[1.181880] (driving) StdoutLine: {'line': b'copying /home/xytron/2026-kookmin-contest-qualifier/ericar/build/driving/build/lib/driving/rubbercone.py -> /home/xytron/2026-kookmin-contest-qualifier/ericar/install/driving/lib/python3.10/site-packages/driving\n'}
[1.181971] (driving) StdoutLine: {'line': b'copying /home/xytron/2026-kookmin-contest-qualifier/ericar/build/driving/build/lib/driving/driving.py -> /home/xytron/2026-kookmin-contest-qualifier/ericar/install/driving/lib/python3.10/site-packages/driving\n'}
[1.182282] (driving) StdoutLine: {'line': b'copying /home/xytron/2026-kookmin-contest-qualifier/ericar/build/driving/build/lib/driving/turn_left.py -> /home/xytron/2026-kookmin-contest-qualifier/ericar/install/driving/lib/python3.10/site-packages/driving\n'}
[1.182409] (driving) StdoutLine: {'line': b'copying /home/xytron/2026-kookmin-contest-qualifier/ericar/build/driving/build/lib/driving/__init__.py -> /home/xytron/2026-kookmin-contest-qualifier/ericar/install/driving/lib/python3.10/site-packages/driving\n'}
[1.182552] (main) StdoutLine: {'line': b'running install_lib\n'}
[1.182605] (driving) StdoutLine: {'line': b'copying /home/xytron/2026-kookmin-contest-qualifier/ericar/build/driving/build/lib/driving/lane_detection.py -> /home/xytron/2026-kookmin-contest-qualifier/ericar/install/driving/lib/python3.10/site-packages/driving\n'}
[1.182738] (main) StdoutLine: {'line': b'creating /home/xytron/2026-kookmin-contest-qualifier/ericar/install/main/lib/python3.10/site-packages/main\n'}
[1.182937] (main) StdoutLine: {'line': b'copying /home/xytron/2026-kookmin-contest-qualifier/ericar/build/main/build/lib/main/__init__.py -> /home/xytron/2026-kookmin-contest-qualifier/ericar/install/main/lib/python3.10/site-packages/main\n'}
[1.183108] (main) StdoutLine: {'line': b'copying /home/xytron/2026-kookmin-contest-qualifier/ericar/build/main/build/lib/main/control.py -> /home/xytron/2026-kookmin-contest-qualifier/ericar/install/main/lib/python3.10/site-packages/main\n'}
[1.183165] (driving) StdoutLine: {'line': b'byte-compiling /home/xytron/2026-kookmin-contest-qualifier/ericar/install/driving/lib/python3.10/site-packages/driving/rubbercone.py to rubbercone.cpython-310.pyc\n'}
[1.183403] (main) StdoutLine: {'line': b'copying /home/xytron/2026-kookmin-contest-qualifier/ericar/build/main/build/lib/main/main.py -> /home/xytron/2026-kookmin-contest-qualifier/ericar/install/main/lib/python3.10/site-packages/main\n'}
[1.183880] (main) StdoutLine: {'line': b'byte-compiling /home/xytron/2026-kookmin-contest-qualifier/ericar/install/main/lib/python3.10/site-packages/main/__init__.py to __init__.cpython-310.pyc\n'}
[1.184357] (main) StdoutLine: {'line': b'byte-compiling /home/xytron/2026-kookmin-contest-qualifier/ericar/install/main/lib/python3.10/site-packages/main/control.py to control.cpython-310.pyc\n'}
[1.184496] (driving) StdoutLine: {'line': b'byte-compiling /home/xytron/2026-kookmin-contest-qualifier/ericar/install/driving/lib/python3.10/site-packages/driving/driving.py to driving.cpython-310.pyc\n'}
[1.185312] (main) StdoutLine: {'line': b'byte-compiling /home/xytron/2026-kookmin-contest-qualifier/ericar/install/main/lib/python3.10/site-packages/main/main.py to main.cpython-310.pyc\n'}
[1.185925] (driving) StdoutLine: {'line': b'byte-compiling /home/xytron/2026-kookmin-contest-qualifier/ericar/install/driving/lib/python3.10/site-packages/driving/turn_left.py to turn_left.cpython-310.pyc\n'}
[1.186362] (driving) StdoutLine: {'line': b'byte-compiling /home/xytron/2026-kookmin-contest-qualifier/ericar/install/driving/lib/python3.10/site-packages/driving/__init__.py to __init__.cpython-310.pyc\n'}
[1.186655] (driving) StdoutLine: {'line': b'byte-compiling /home/xytron/2026-kookmin-contest-qualifier/ericar/install/driving/lib/python3.10/site-packages/driving/lane_detection.py to lane_detection.cpython-310.pyc\n'}
[1.187768] (main) StdoutLine: {'line': b'running install_data\n'}
[1.187873] (main) StdoutLine: {'line': b'creating /home/xytron/2026-kookmin-contest-qualifier/ericar/install/main/share/ament_index\n'}
[1.187993] (main) StdoutLine: {'line': b'creating /home/xytron/2026-kookmin-contest-qualifier/ericar/install/main/share/ament_index/resource_index\n'}
[1.188226] (driving) StdoutLine: {'line': b'running install_data\n'}
[1.188372] (driving) StdoutLine: {'line': b'creating /home/xytron/2026-kookmin-contest-qualifier/ericar/install/driving/share/ament_index\n'}
[1.188845] (main) StdoutLine: {'line': b'creating /home/xytron/2026-kookmin-contest-qualifier/ericar/install/main/share/ament_index/resource_index/packages\n'}
[1.188939] (driving) StdoutLine: {'line': b'creating /home/xytron/2026-kookmin-contest-qualifier/ericar/install/driving/share/ament_index/resource_index\n'}
[1.189073] (main) StdoutLine: {'line': b'copying resource/main -> /home/xytron/2026-kookmin-contest-qualifier/ericar/install/main/share/ament_index/resource_index/packages\n'}
[1.189159] (main) StdoutLine: {'line': b'copying package.xml -> /home/xytron/2026-kookmin-contest-qualifier/ericar/install/main/share/main\n'}
[1.189201] (main) StdoutLine: {'line': b'creating /home/xytron/2026-kookmin-contest-qualifier/ericar/install/main/share/main/launch\n'}
[1.189239] (driving) StdoutLine: {'line': b'creating /home/xytron/2026-kookmin-contest-qualifier/ericar/install/driving/share/ament_index/resource_index/packages\n'}
[1.189279] (main) StdoutLine: {'line': b'running install_egg_info\n'}
[1.189314] (driving) StdoutLine: {'line': b'copying resource/driving -> /home/xytron/2026-kookmin-contest-qualifier/ericar/install/driving/share/ament_index/resource_index/packages\n'}
[1.189350] (driving) StdoutLine: {'line': b'copying package.xml -> /home/xytron/2026-kookmin-contest-qualifier/ericar/install/driving/share/driving\n'}
[1.189385] (driving) StdoutLine: {'line': b'creating /home/xytron/2026-kookmin-contest-qualifier/ericar/install/driving/share/driving/launch\n'}
[1.189431] (driving) StdoutLine: {'line': b'running install_egg_info\n'}
[1.190282] (main) StdoutLine: {'line': b'Copying ../build/main/main.egg-info to /home/xytron/2026-kookmin-contest-qualifier/ericar/install/main/lib/python3.10/site-packages/main-0.0.1-py3.10.egg-info\n'}
[1.190854] (driving) StdoutLine: {'line': b'Copying ../build/driving/driving.egg-info to /home/xytron/2026-kookmin-contest-qualifier/ericar/install/driving/lib/python3.10/site-packages/driving-0.0.1-py3.10.egg-info\n'}
[1.191000] (main) StdoutLine: {'line': b'running install_scripts\n'}
[1.192906] (driving) StdoutLine: {'line': b'running install_scripts\n'}
[1.203147] (-) TimerEvent: {}
[1.212267] (main) StdoutLine: {'line': b'Installing control script to /home/xytron/2026-kookmin-contest-qualifier/ericar/install/main/lib/main\n'}
[1.212765] (main) StdoutLine: {'line': b'Installing main script to /home/xytron/2026-kookmin-contest-qualifier/ericar/install/main/lib/main\n'}
[1.212965] (main) StdoutLine: {'line': b"writing list of installed files to '/home/xytron/2026-kookmin-contest-qualifier/ericar/build/main/install.log'\n"}
[1.215772] (driving) StdoutLine: {'line': b'Installing driving script to /home/xytron/2026-kookmin-contest-qualifier/ericar/install/driving/lib/driving\n'}
[1.216426] (driving) StdoutLine: {'line': b"writing list of installed files to '/home/xytron/2026-kookmin-contest-qualifier/ericar/build/driving/install.log'\n"}
[1.236202] (main) CommandEnded: {'returncode': 0}
[1.251688] (main) JobEnded: {'identifier': 'main', 'rc': 0}
[1.253463] (driving) CommandEnded: {'returncode': 0}
[1.259718] (driving) JobEnded: {'identifier': 'driving', 'rc': 0}
[1.260660] (-) EventReactorShutdown: {}
