[0.309s] DEBUG:colcon:Command line arguments: ['/usr/bin/colcon', 'build', '--packages-select', 'driving', 'main']
[0.309s] DEBUG:colcon:Parsed command line arguments: Namespace(log_base=None, log_level=None, verb_name='build', build_base='build', install_base='install', merge_install=False, symlink_install=False, test_result_base=None, continue_on_error=False, executor='parallel', parallel_workers=8, event_handlers=None, ignore_user_meta=False, metas=['./colcon.meta'], base_paths=['.'], packages_ignore=None, packages_ignore_regex=None, paths=None, packages_up_to=None, packages_up_to_regex=None, packages_above=None, packages_above_and_dependencies=None, packages_above_depth=None, packages_select_by_dep=None, packages_skip_by_dep=None, packages_skip_up_to=None, packages_select_build_failed=False, packages_skip_build_finished=False, packages_select_test_failures=False, packages_skip_test_passed=False, packages_select=['driving', 'main'], packages_skip=None, packages_select_regex=None, packages_skip_regex=None, packages_start=None, packages_end=None, allow_overriding=[], cmake_args=None, cmake_target=None, cmake_target_skip_unavailable=False, cmake_clean_cache=False, cmake_clean_first=False, cmake_force_configure=False, ament_cmake_args=None, catkin_cmake_args=None, catkin_skip_building_tests=False, mixin_files=None, mixin=None, verb_parser=<colcon_mixin.mixin.mixin_argument.MixinArgumentDecorator object at 0x771088a70d90>, verb_extension=<colcon_core.verb.build.BuildVerb object at 0x771088a70880>, main=<bound method BuildVerb.main of <colcon_core.verb.build.BuildVerb object at 0x771088a70880>>, mixin_verb=('build',))
[0.607s] Level 1:colcon.colcon_core.package_discovery:discover_packages(colcon_meta) check parameters
[0.607s] Level 1:colcon.colcon_core.package_discovery:discover_packages(recursive) check parameters
[0.607s] Level 1:colcon.colcon_core.package_discovery:discover_packages(ignore) check parameters
[0.607s] Level 1:colcon.colcon_core.package_discovery:discover_packages(path) check parameters
[0.607s] Level 1:colcon.colcon_core.package_discovery:discover_packages(colcon_meta) discover
[0.607s] Level 1:colcon.colcon_core.package_discovery:discover_packages(recursive) discover
[0.607s] INFO:colcon.colcon_core.package_discovery:Crawling recursively for packages in '/home/xytron/2026-kookmin-contest-qualifier/ericar'
[0.607s] Level 1:colcon.colcon_core.package_identification:_identify(.) by extensions ['ignore', 'ignore_ament_install']
[0.608s] Level 1:colcon.colcon_core.package_identification:_identify(.) by extension 'ignore'
[0.608s] Level 1:colcon.colcon_core.package_identification:_identify(.) by extension 'ignore_ament_install'
[0.608s] Level 1:colcon.colcon_core.package_identification:_identify(.) by extensions ['colcon_pkg']
[0.608s] Level 1:colcon.colcon_core.package_identification:_identify(.) by extension 'colcon_pkg'
[0.608s] Level 1:colcon.colcon_core.package_identification:_identify(.) by extensions ['colcon_meta']
[0.608s] Level 1:colcon.colcon_core.package_identification:_identify(.) by extension 'colcon_meta'
[0.608s] Level 1:colcon.colcon_core.package_identification:_identify(.) by extensions ['ros']
[0.608s] Level 1:colcon.colcon_core.package_identification:_identify(.) by extension 'ros'
[0.622s] Level 1:colcon.colcon_core.package_identification:_identify(.) by extensions ['cmake', 'python']
[0.623s] Level 1:colcon.colcon_core.package_identification:_identify(.) by extension 'cmake'
[0.623s] Level 1:colcon.colcon_core.package_identification:_identify(.) by extension 'python'
[0.623s] Level 1:colcon.colcon_core.package_identification:_identify(.) by extensions ['python_setup_py']
[0.623s] Level 1:colcon.colcon_core.package_identification:_identify(.) by extension 'python_setup_py'
[0.623s] Level 1:colcon.colcon_core.package_identification:_identify(build) by extensions ['ignore', 'ignore_ament_install']
[0.623s] Level 1:colcon.colcon_core.package_identification:_identify(build) by extension 'ignore'
[0.623s] Level 1:colcon.colcon_core.package_identification:_identify(build) ignored
[0.623s] Level 1:colcon.colcon_core.package_identification:_identify(driving) by extensions ['ignore', 'ignore_ament_install']
[0.623s] Level 1:colcon.colcon_core.package_identification:_identify(driving) by extension 'ignore'
[0.623s] Level 1:colcon.colcon_core.package_identification:_identify(driving) by extension 'ignore_ament_install'
[0.623s] Level 1:colcon.colcon_core.package_identification:_identify(driving) by extensions ['colcon_pkg']
[0.623s] Level 1:colcon.colcon_core.package_identification:_identify(driving) by extension 'colcon_pkg'
[0.623s] Level 1:colcon.colcon_core.package_identification:_identify(driving) by extensions ['colcon_meta']
[0.623s] Level 1:colcon.colcon_core.package_identification:_identify(driving) by extension 'colcon_meta'
[0.623s] Level 1:colcon.colcon_core.package_identification:_identify(driving) by extensions ['ros']
[0.623s] Level 1:colcon.colcon_core.package_identification:_identify(driving) by extension 'ros'
[0.627s] DEBUG:colcon.colcon_core.package_identification:Package 'driving' with type 'ros.ament_python' and name 'driving'
[0.627s] Level 1:colcon.colcon_core.package_identification:_identify(function) by extensions ['ignore', 'ignore_ament_install']
[0.627s] Level 1:colcon.colcon_core.package_identification:_identify(function) by extension 'ignore'
[0.627s] Level 1:colcon.colcon_core.package_identification:_identify(function) by extension 'ignore_ament_install'
[0.627s] Level 1:colcon.colcon_core.package_identification:_identify(function) by extensions ['colcon_pkg']
[0.627s] Level 1:colcon.colcon_core.package_identification:_identify(function) by extension 'colcon_pkg'
[0.627s] Level 1:colcon.colcon_core.package_identification:_identify(function) by extensions ['colcon_meta']
[0.627s] Level 1:colcon.colcon_core.package_identification:_identify(function) by extension 'colcon_meta'
[0.627s] Level 1:colcon.colcon_core.package_identification:_identify(function) by extensions ['ros']
[0.627s] Level 1:colcon.colcon_core.package_identification:_identify(function) by extension 'ros'
[0.628s] DEBUG:colcon.colcon_core.package_identification:Package 'function' with type 'ros.ament_python' and name 'function'
[0.628s] Level 1:colcon.colcon_core.package_identification:_identify(install) by extensions ['ignore', 'ignore_ament_install']
[0.628s] Level 1:colcon.colcon_core.package_identification:_identify(install) by extension 'ignore'
[0.628s] Level 1:colcon.colcon_core.package_identification:_identify(install) ignored
[0.628s] Level 1:colcon.colcon_core.package_identification:_identify(log) by extensions ['ignore', 'ignore_ament_install']
[0.628s] Level 1:colcon.colcon_core.package_identification:_identify(log) by extension 'ignore'
[0.628s] Level 1:colcon.colcon_core.package_identification:_identify(log) ignored
[0.629s] Level 1:colcon.colcon_core.package_identification:_identify(main) by extensions ['ignore', 'ignore_ament_install']
[0.629s] Level 1:colcon.colcon_core.package_identification:_identify(main) by extension 'ignore'
[0.629s] Level 1:colcon.colcon_core.package_identification:_identify(main) by extension 'ignore_ament_install'
[0.629s] Level 1:colcon.colcon_core.package_identification:_identify(main) by extensions ['colcon_pkg']
[0.629s] Level 1:colcon.colcon_core.package_identification:_identify(main) by extension 'colcon_pkg'
[0.629s] Level 1:colcon.colcon_core.package_identification:_identify(main) by extensions ['colcon_meta']
[0.629s] Level 1:colcon.colcon_core.package_identification:_identify(main) by extension 'colcon_meta'
[0.629s] Level 1:colcon.colcon_core.package_identification:_identify(main) by extensions ['ros']
[0.629s] Level 1:colcon.colcon_core.package_identification:_identify(main) by extension 'ros'
[0.630s] DEBUG:colcon.colcon_core.package_identification:Package 'main' with type 'ros.ament_python' and name 'main'
[0.630s] Level 1:colcon.colcon_core.package_identification:_identify(perception) by extensions ['ignore', 'ignore_ament_install']
[0.630s] Level 1:colcon.colcon_core.package_identification:_identify(perception) by extension 'ignore'
[0.630s] Level 1:colcon.colcon_core.package_identification:_identify(perception) by extension 'ignore_ament_install'
[0.631s] Level 1:colcon.colcon_core.package_identification:_identify(perception) by extensions ['colcon_pkg']
[0.631s] Level 1:colcon.colcon_core.package_identification:_identify(perception) by extension 'colcon_pkg'
[0.631s] Level 1:colcon.colcon_core.package_identification:_identify(perception) by extensions ['colcon_meta']
[0.631s] Level 1:colcon.colcon_core.package_identification:_identify(perception) by extension 'colcon_meta'
[0.631s] Level 1:colcon.colcon_core.package_identification:_identify(perception) by extensions ['ros']
[0.631s] Level 1:colcon.colcon_core.package_identification:_identify(perception) by extension 'ros'
[0.632s] DEBUG:colcon.colcon_core.package_identification:Package 'perception' with type 'ros.ament_python' and name 'perception'
[0.632s] Level 1:colcon.colcon_core.package_discovery:discover_packages(recursive) using defaults
[0.632s] Level 1:colcon.colcon_core.package_discovery:discover_packages(ignore) discover
[0.632s] Level 1:colcon.colcon_core.package_discovery:discover_packages(ignore) using defaults
[0.632s] Level 1:colcon.colcon_core.package_discovery:discover_packages(path) discover
[0.632s] Level 1:colcon.colcon_core.package_discovery:discover_packages(path) using defaults
[0.674s] INFO:colcon.colcon_core.package_selection:Skipping not selected package 'function' in 'function'
[0.674s] INFO:colcon.colcon_core.package_selection:Skipping not selected package 'perception' in 'perception'
[0.675s] Level 1:colcon.colcon_core.package_discovery:discover_packages(prefix_path) check parameters
[0.675s] Level 1:colcon.colcon_core.package_discovery:discover_packages(prefix_path) discover
[0.682s] DEBUG:colcon.colcon_installed_package_information.package_discovery:Found 12 installed packages in /home/xytron/xycar_ws/install
[0.684s] DEBUG:colcon.colcon_installed_package_information.package_discovery:Found 273 installed packages in /opt/ros/humble
[0.685s] Level 1:colcon.colcon_core.package_discovery:discover_packages(prefix_path) using defaults
[0.767s] Level 5:colcon.colcon_core.verb:set package 'driving' build argument 'cmake_args' from command line to 'None'
[0.767s] Level 5:colcon.colcon_core.verb:set package 'driving' build argument 'cmake_target' from command line to 'None'
[0.767s] Level 5:colcon.colcon_core.verb:set package 'driving' build argument 'cmake_target_skip_unavailable' from command line to 'False'
[0.767s] Level 5:colcon.colcon_core.verb:set package 'driving' build argument 'cmake_clean_cache' from command line to 'False'
[0.767s] Level 5:colcon.colcon_core.verb:set package 'driving' build argument 'cmake_clean_first' from command line to 'False'
[0.768s] Level 5:colcon.colcon_core.verb:set package 'driving' build argument 'cmake_force_configure' from command line to 'False'
[0.768s] Level 5:colcon.colcon_core.verb:set package 'driving' build argument 'ament_cmake_args' from command line to 'None'
[0.768s] Level 5:colcon.colcon_core.verb:set package 'driving' build argument 'catkin_cmake_args' from command line to 'None'
[0.768s] Level 5:colcon.colcon_core.verb:set package 'driving' build argument 'catkin_skip_building_tests' from command line to 'False'
[0.768s] DEBUG:colcon.colcon_core.verb:Building package 'driving' with the following arguments: {'ament_cmake_args': None, 'build_base': '/home/xytron/2026-kookmin-contest-qualifier/ericar/build/driving', 'catkin_cmake_args': None, 'catkin_skip_building_tests': False, 'cmake_args': None, 'cmake_clean_cache': False, 'cmake_clean_first': False, 'cmake_force_configure': False, 'cmake_target': None, 'cmake_target_skip_unavailable': False, 'install_base': '/home/xytron/2026-kookmin-contest-qualifier/ericar/install/driving', 'merge_install': False, 'path': '/home/xytron/2026-kookmin-contest-qualifier/ericar/driving', 'symlink_install': False, 'test_result_base': None}
[0.768s] Level 5:colcon.colcon_core.verb:set package 'main' build argument 'cmake_args' from command line to 'None'
[0.768s] Level 5:colcon.colcon_core.verb:set package 'main' build argument 'cmake_target' from command line to 'None'
[0.768s] Level 5:colcon.colcon_core.verb:set package 'main' build argument 'cmake_target_skip_unavailable' from command line to 'False'
[0.768s] Level 5:colcon.colcon_core.verb:set package 'main' build argument 'cmake_clean_cache' from command line to 'False'
[0.768s] Level 5:colcon.colcon_core.verb:set package 'main' build argument 'cmake_clean_first' from command line to 'False'
[0.768s] Level 5:colcon.colcon_core.verb:set package 'main' build argument 'cmake_force_configure' from command line to 'False'
[0.768s] Level 5:colcon.colcon_core.verb:set package 'main' build argument 'ament_cmake_args' from command line to 'None'
[0.768s] Level 5:colcon.colcon_core.verb:set package 'main' build argument 'catkin_cmake_args' from command line to 'None'
[0.768s] Level 5:colcon.colcon_core.verb:set package 'main' build argument 'catkin_skip_building_tests' from command line to 'False'
[0.768s] DEBUG:colcon.colcon_core.verb:Building package 'main' with the following arguments: {'ament_cmake_args': None, 'build_base': '/home/xytron/2026-kookmin-contest-qualifier/ericar/build/main', 'catkin_cmake_args': None, 'catkin_skip_building_tests': False, 'cmake_args': None, 'cmake_clean_cache': False, 'cmake_clean_first': False, 'cmake_force_configure': False, 'cmake_target': None, 'cmake_target_skip_unavailable': False, 'install_base': '/home/xytron/2026-kookmin-contest-qualifier/ericar/install/main', 'merge_install': False, 'path': '/home/xytron/2026-kookmin-contest-qualifier/ericar/main', 'symlink_install': False, 'test_result_base': None}
[0.768s] INFO:colcon.colcon_core.executor:Executing jobs using 'parallel' executor
[0.770s] DEBUG:colcon.colcon_parallel_executor.executor.parallel:run_until_complete
[0.770s] INFO:colcon.colcon_ros.task.ament_python.build:Building ROS package in '/home/xytron/2026-kookmin-contest-qualifier/ericar/driving' with build type 'ament_python'
[0.770s] Level 1:colcon.colcon_core.shell:create_environment_hook('driving', 'ament_prefix_path')
[0.775s] INFO:colcon.colcon_core.plugin_system:Skipping extension 'colcon_core.shell.bat': Not used on non-Windows systems
[0.775s] INFO:colcon.colcon_core.shell:Creating environment hook '/home/xytron/2026-kookmin-contest-qualifier/ericar/install/driving/share/driving/hook/ament_prefix_path.ps1'
[0.776s] INFO:colcon.colcon_core.shell:Creating environment descriptor '/home/xytron/2026-kookmin-contest-qualifier/ericar/install/driving/share/driving/hook/ament_prefix_path.dsv'
[0.777s] INFO:colcon.colcon_core.shell:Creating environment hook '/home/xytron/2026-kookmin-contest-qualifier/ericar/install/driving/share/driving/hook/ament_prefix_path.sh'
[0.778s] INFO:colcon.colcon_core.shell:Skip shell extension 'powershell' for command environment: Not usable outside of PowerShell
[0.778s] DEBUG:colcon.colcon_core.shell:Skip shell extension 'dsv' for command environment
[0.782s] INFO:colcon.colcon_ros.task.ament_python.build:Building ROS package in '/home/xytron/2026-kookmin-contest-qualifier/ericar/main' with build type 'ament_python'
[0.782s] Level 1:colcon.colcon_core.shell:create_environment_hook('main', 'ament_prefix_path')
[0.782s] INFO:colcon.colcon_core.shell:Creating environment hook '/home/xytron/2026-kookmin-contest-qualifier/ericar/install/main/share/main/hook/ament_prefix_path.ps1'
[0.783s] INFO:colcon.colcon_core.shell:Creating environment descriptor '/home/xytron/2026-kookmin-contest-qualifier/ericar/install/main/share/main/hook/ament_prefix_path.dsv'
[0.784s] INFO:colcon.colcon_core.shell:Creating environment hook '/home/xytron/2026-kookmin-contest-qualifier/ericar/install/main/share/main/hook/ament_prefix_path.sh'
[0.784s] INFO:colcon.colcon_core.shell:Skip shell extension 'powershell' for command environment: Not usable outside of PowerShell
[0.784s] DEBUG:colcon.colcon_core.shell:Skip shell extension 'dsv' for command environment
[1.010s] INFO:colcon.colcon_core.task.python.build:Building Python package in '/home/xytron/2026-kookmin-contest-qualifier/ericar/driving'
[1.011s] INFO:colcon.colcon_core.shell:Skip shell extension 'powershell' for command environment: Not usable outside of PowerShell
[1.011s] DEBUG:colcon.colcon_core.shell:Skip shell extension 'dsv' for command environment
[1.228s] INFO:colcon.colcon_core.task.python.build:Building Python package in '/home/xytron/2026-kookmin-contest-qualifier/ericar/main'
[1.228s] INFO:colcon.colcon_core.shell:Skip shell extension 'powershell' for command environment: Not usable outside of PowerShell
[1.228s] DEBUG:colcon.colcon_core.shell:Skip shell extension 'dsv' for command environment
[1.705s] DEBUG:colcon.colcon_core.event_handler.log_command:Invoking command in '/home/xytron/2026-kookmin-contest-qualifier/ericar/driving': PYTHONPATH=/home/xytron/2026-kookmin-contest-qualifier/ericar/build/driving/prefix_override:/usr/lib/python3/dist-packages/colcon_core/task/python/colcon_distutils_commands:/home/xytron/2026-kookmin-contest-qualifier/ericar/install/driving/lib/python3.10/site-packages:${PYTHONPATH} /usr/bin/python3 -W ignore:setup.py install is deprecated -W ignore:easy_install command is deprecated setup.py egg_info --egg-base ../build/driving build --build-base /home/xytron/2026-kookmin-contest-qualifier/ericar/build/driving/build install --record /home/xytron/2026-kookmin-contest-qualifier/ericar/build/driving/install.log --single-version-externally-managed install_data
[1.710s] DEBUG:colcon.colcon_core.event_handler.log_command:Invoking command in '/home/xytron/2026-kookmin-contest-qualifier/ericar/main': PYTHONPATH=/home/xytron/2026-kookmin-contest-qualifier/ericar/build/main/prefix_override:/usr/lib/python3/dist-packages/colcon_core/task/python/colcon_distutils_commands:/home/xytron/2026-kookmin-contest-qualifier/ericar/install/main/lib/python3.10/site-packages:${PYTHONPATH} /usr/bin/python3 -W ignore:setup.py install is deprecated -W ignore:easy_install command is deprecated setup.py egg_info --egg-base ../build/main build --build-base /home/xytron/2026-kookmin-contest-qualifier/ericar/build/main/build install --record /home/xytron/2026-kookmin-contest-qualifier/ericar/build/main/install.log --single-version-externally-managed install_data
[2.006s] DEBUG:colcon.colcon_core.event_handler.log_command:Invoked command in '/home/xytron/2026-kookmin-contest-qualifier/ericar/main' returned '0': PYTHONPATH=/home/xytron/2026-kookmin-contest-qualifier/ericar/build/main/prefix_override:/usr/lib/python3/dist-packages/colcon_core/task/python/colcon_distutils_commands:/home/xytron/2026-kookmin-contest-qualifier/ericar/install/main/lib/python3.10/site-packages:${PYTHONPATH} /usr/bin/python3 -W ignore:setup.py install is deprecated -W ignore:easy_install command is deprecated setup.py egg_info --egg-base ../build/main build --build-base /home/xytron/2026-kookmin-contest-qualifier/ericar/build/main/build install --record /home/xytron/2026-kookmin-contest-qualifier/ericar/build/main/install.log --single-version-externally-managed install_data
[2.012s] Level 1:colcon.colcon_core.environment:checking '/home/xytron/2026-kookmin-contest-qualifier/ericar/install/main' for CMake module files
[2.013s] Level 1:colcon.colcon_core.environment:checking '/home/xytron/2026-kookmin-contest-qualifier/ericar/install/main' for CMake config files
[2.013s] Level 1:colcon.colcon_core.environment:checking '/home/xytron/2026-kookmin-contest-qualifier/ericar/install/main/lib'
[2.013s] Level 1:colcon.colcon_core.environment:checking '/home/xytron/2026-kookmin-contest-qualifier/ericar/install/main/bin'
[2.013s] Level 1:colcon.colcon_core.environment:checking '/home/xytron/2026-kookmin-contest-qualifier/ericar/install/main/lib/pkgconfig/main.pc'
[2.014s] Level 1:colcon.colcon_core.environment:checking '/home/xytron/2026-kookmin-contest-qualifier/ericar/install/main/lib/python3.10/site-packages'
[2.014s] Level 1:colcon.colcon_core.shell:create_environment_hook('main', 'pythonpath')
[2.014s] INFO:colcon.colcon_core.shell:Creating environment hook '/home/xytron/2026-kookmin-contest-qualifier/ericar/install/main/share/main/hook/pythonpath.ps1'
[2.014s] INFO:colcon.colcon_core.shell:Creating environment descriptor '/home/xytron/2026-kookmin-contest-qualifier/ericar/install/main/share/main/hook/pythonpath.dsv'
[2.015s] INFO:colcon.colcon_core.shell:Creating environment hook '/home/xytron/2026-kookmin-contest-qualifier/ericar/install/main/share/main/hook/pythonpath.sh'
[2.015s] Level 1:colcon.colcon_core.environment:checking '/home/xytron/2026-kookmin-contest-qualifier/ericar/install/main/bin'
[2.015s] Level 1:colcon.colcon_core.environment:create_environment_scripts_only(main)
[2.016s] INFO:colcon.colcon_core.shell:Creating package script '/home/xytron/2026-kookmin-contest-qualifier/ericar/install/main/share/main/package.ps1'
[2.017s] INFO:colcon.colcon_core.shell:Creating package descriptor '/home/xytron/2026-kookmin-contest-qualifier/ericar/install/main/share/main/package.dsv'
[2.018s] INFO:colcon.colcon_core.shell:Creating package script '/home/xytron/2026-kookmin-contest-qualifier/ericar/install/main/share/main/package.sh'
[2.018s] INFO:colcon.colcon_core.shell:Creating package script '/home/xytron/2026-kookmin-contest-qualifier/ericar/install/main/share/main/package.bash'
[2.019s] INFO:colcon.colcon_core.shell:Creating package script '/home/xytron/2026-kookmin-contest-qualifier/ericar/install/main/share/main/package.zsh'
[2.020s] Level 1:colcon.colcon_core.environment:create_file_with_runtime_dependencies(/home/xytron/2026-kookmin-contest-qualifier/ericar/install/main/share/colcon-core/packages/main)
[2.023s] Level 1:colcon.colcon_core.environment:checking '/home/xytron/2026-kookmin-contest-qualifier/ericar/install/driving' for CMake module files
[2.023s] DEBUG:colcon.colcon_core.event_handler.log_command:Invoked command in '/home/xytron/2026-kookmin-contest-qualifier/ericar/driving' returned '0': PYTHONPATH=/home/xytron/2026-kookmin-contest-qualifier/ericar/build/driving/prefix_override:/usr/lib/python3/dist-packages/colcon_core/task/python/colcon_distutils_commands:/home/xytron/2026-kookmin-contest-qualifier/ericar/install/driving/lib/python3.10/site-packages:${PYTHONPATH} /usr/bin/python3 -W ignore:setup.py install is deprecated -W ignore:easy_install command is deprecated setup.py egg_info --egg-base ../build/driving build --build-base /home/xytron/2026-kookmin-contest-qualifier/ericar/build/driving/build install --record /home/xytron/2026-kookmin-contest-qualifier/ericar/build/driving/install.log --single-version-externally-managed install_data
[2.023s] Level 1:colcon.colcon_core.environment:checking '/home/xytron/2026-kookmin-contest-qualifier/ericar/install/driving' for CMake config files
[2.024s] Level 1:colcon.colcon_core.environment:checking '/home/xytron/2026-kookmin-contest-qualifier/ericar/install/driving/lib'
[2.024s] Level 1:colcon.colcon_core.environment:checking '/home/xytron/2026-kookmin-contest-qualifier/ericar/install/driving/bin'
[2.024s] Level 1:colcon.colcon_core.environment:checking '/home/xytron/2026-kookmin-contest-qualifier/ericar/install/driving/lib/pkgconfig/driving.pc'
[2.024s] Level 1:colcon.colcon_core.environment:checking '/home/xytron/2026-kookmin-contest-qualifier/ericar/install/driving/lib/python3.10/site-packages'
[2.025s] Level 1:colcon.colcon_core.shell:create_environment_hook('driving', 'pythonpath')
[2.025s] INFO:colcon.colcon_core.shell:Creating environment hook '/home/xytron/2026-kookmin-contest-qualifier/ericar/install/driving/share/driving/hook/pythonpath.ps1'
[2.025s] INFO:colcon.colcon_core.shell:Creating environment descriptor '/home/xytron/2026-kookmin-contest-qualifier/ericar/install/driving/share/driving/hook/pythonpath.dsv'
[2.026s] INFO:colcon.colcon_core.shell:Creating environment hook '/home/xytron/2026-kookmin-contest-qualifier/ericar/install/driving/share/driving/hook/pythonpath.sh'
[2.026s] Level 1:colcon.colcon_core.environment:checking '/home/xytron/2026-kookmin-contest-qualifier/ericar/install/driving/bin'
[2.026s] Level 1:colcon.colcon_core.environment:create_environment_scripts_only(driving)
[2.027s] INFO:colcon.colcon_core.shell:Creating package script '/home/xytron/2026-kookmin-contest-qualifier/ericar/install/driving/share/driving/package.ps1'
[2.027s] INFO:colcon.colcon_core.shell:Creating package descriptor '/home/xytron/2026-kookmin-contest-qualifier/ericar/install/driving/share/driving/package.dsv'
[2.028s] INFO:colcon.colcon_core.shell:Creating package script '/home/xytron/2026-kookmin-contest-qualifier/ericar/install/driving/share/driving/package.sh'
[2.028s] INFO:colcon.colcon_core.shell:Creating package script '/home/xytron/2026-kookmin-contest-qualifier/ericar/install/driving/share/driving/package.bash'
[2.028s] INFO:colcon.colcon_core.shell:Creating package script '/home/xytron/2026-kookmin-contest-qualifier/ericar/install/driving/share/driving/package.zsh'
[2.028s] Level 1:colcon.colcon_core.environment:create_file_with_runtime_dependencies(/home/xytron/2026-kookmin-contest-qualifier/ericar/install/driving/share/colcon-core/packages/driving)
[2.029s] DEBUG:colcon.colcon_parallel_executor.executor.parallel:closing loop
[2.029s] DEBUG:colcon.colcon_parallel_executor.executor.parallel:loop closed
[2.029s] DEBUG:colcon.colcon_parallel_executor.executor.parallel:run_until_complete finished with '0'
[2.029s] DEBUG:colcon.colcon_core.event_reactor:joining thread
[2.084s] INFO:colcon.colcon_core.plugin_system:Skipping extension 'colcon_notification.desktop_notification.notify_send': Could not find 'notify-send'
[2.084s] INFO:colcon.colcon_core.plugin_system:Skipping extension 'colcon_notification.desktop_notification.terminal_notifier': Not used on non-Darwin systems
[2.084s] INFO:colcon.colcon_core.plugin_system:Skipping extension 'colcon_notification.desktop_notification.win32': Not used on non-Windows systems
[2.084s] INFO:colcon.colcon_notification.desktop_notification:Sending desktop notification using 'notify2'
[2.096s] DEBUG:colcon.colcon_notification.desktop_notification.notify2:Failed to initialize notify2: org.freedesktop.DBus.Error.ServiceUnknown: The name org.freedesktop.Notifications was not provided by any .service files
[2.097s] DEBUG:colcon.colcon_core.event_reactor:joined thread
[2.097s] INFO:colcon.colcon_core.shell:Creating prefix script '/home/xytron/2026-kookmin-contest-qualifier/ericar/install/local_setup.ps1'
[2.099s] INFO:colcon.colcon_core.shell:Creating prefix util module '/home/xytron/2026-kookmin-contest-qualifier/ericar/install/_local_setup_util_ps1.py'
[2.100s] INFO:colcon.colcon_core.shell:Creating prefix chain script '/home/xytron/2026-kookmin-contest-qualifier/ericar/install/setup.ps1'
[2.102s] INFO:colcon.colcon_core.shell:Creating prefix script '/home/xytron/2026-kookmin-contest-qualifier/ericar/install/local_setup.sh'
[2.103s] INFO:colcon.colcon_core.shell:Creating prefix util module '/home/xytron/2026-kookmin-contest-qualifier/ericar/install/_local_setup_util_sh.py'
[2.104s] INFO:colcon.colcon_core.shell:Creating prefix chain script '/home/xytron/2026-kookmin-contest-qualifier/ericar/install/setup.sh'
[2.105s] INFO:colcon.colcon_core.shell:Creating prefix script '/home/xytron/2026-kookmin-contest-qualifier/ericar/install/local_setup.bash'
[2.106s] INFO:colcon.colcon_core.shell:Creating prefix chain script '/home/xytron/2026-kookmin-contest-qualifier/ericar/install/setup.bash'
[2.107s] INFO:colcon.colcon_core.shell:Creating prefix script '/home/xytron/2026-kookmin-contest-qualifier/ericar/install/local_setup.zsh'
[2.108s] INFO:colcon.colcon_core.shell:Creating prefix chain script '/home/xytron/2026-kookmin-contest-qualifier/ericar/install/setup.zsh'
