[2.319s] Invoking command in '/home/xytron/2026-kookmin-contest-qualifier/build/my_lidar': AMENT_PREFIX_PATH=/home/xytron/2026-kookmin-contest-qualifier/install/xycar_msgs:${AMENT_PREFIX_PATH} CMAKE_PREFIX_PATH=/home/xytron/2026-kookmin-contest-qualifier/install/xycar_msgs:${CMAKE_PREFIX_PATH} LD_LIBRARY_PATH=/home/xytron/2026-kookmin-contest-qualifier/install/xycar_msgs/lib:${LD_LIBRARY_PATH} PYTHONPATH=/home/xytron/2026-kookmin-contest-qualifier/build/my_lidar/prefix_override:/usr/lib/python3/dist-packages/colcon_core/task/python/colcon_distutils_commands:/home/xytron/2026-kookmin-contest-qualifier/install/my_lidar/lib/python3.10/site-packages:/home/xytron/2026-kookmin-contest-qualifier/install/xycar_msgs/local/lib/python3.10/dist-packages:${PYTHONPATH} /usr/bin/python3 -W ignore:setup.py install is deprecated -W ignore:easy_install command is deprecated setup.py develop --uninstall --editable --build-directory /home/xytron/2026-kookmin-contest-qualifier/build/my_lidar/build
[2.783s] running develop
[3.009s] Removing /home/xytron/2026-kookmin-contest-qualifier/install/my_lidar/lib/python3.10/site-packages/my-lidar.egg-link (link to .)
[3.045s] Invoked command in '/home/xytron/2026-kookmin-contest-qualifier/build/my_lidar' returned '0': AMENT_PREFIX_PATH=/home/xytron/2026-kookmin-contest-qualifier/install/xycar_msgs:${AMENT_PREFIX_PATH} CMAKE_PREFIX_PATH=/home/xytron/2026-kookmin-contest-qualifier/install/xycar_msgs:${CMAKE_PREFIX_PATH} LD_LIBRARY_PATH=/home/xytron/2026-kookmin-contest-qualifier/install/xycar_msgs/lib:${LD_LIBRARY_PATH} PYTHONPATH=/home/xytron/2026-kookmin-contest-qualifier/build/my_lidar/prefix_override:/usr/lib/python3/dist-packages/colcon_core/task/python/colcon_distutils_commands:/home/xytron/2026-kookmin-contest-qualifier/install/my_lidar/lib/python3.10/site-packages:/home/xytron/2026-kookmin-contest-qualifier/install/xycar_msgs/local/lib/python3.10/dist-packages:${PYTHONPATH} /usr/bin/python3 -W ignore:setup.py install is deprecated -W ignore:easy_install command is deprecated setup.py develop --uninstall --editable --build-directory /home/xytron/2026-kookmin-contest-qualifier/build/my_lidar/build
[3.048s] Invoking command in '/home/xytron/2026-kookmin-contest-qualifier/my_lidar': AMENT_PREFIX_PATH=/home/xytron/2026-kookmin-contest-qualifier/install/xycar_msgs:${AMENT_PREFIX_PATH} CMAKE_PREFIX_PATH=/home/xytron/2026-kookmin-contest-qualifier/install/xycar_msgs:${CMAKE_PREFIX_PATH} LD_LIBRARY_PATH=/home/xytron/2026-kookmin-contest-qualifier/install/xycar_msgs/lib:${LD_LIBRARY_PATH} PYTHONPATH=/home/xytron/2026-kookmin-contest-qualifier/build/my_lidar/prefix_override:/usr/lib/python3/dist-packages/colcon_core/task/python/colcon_distutils_commands:/home/xytron/2026-kookmin-contest-qualifier/install/my_lidar/lib/python3.10/site-packages:/home/xytron/2026-kookmin-contest-qualifier/install/xycar_msgs/local/lib/python3.10/dist-packages:${PYTHONPATH} /usr/bin/python3 -W ignore:setup.py install is deprecated -W ignore:easy_install command is deprecated setup.py egg_info --egg-base ../build/my_lidar build --build-base /home/xytron/2026-kookmin-contest-qualifier/build/my_lidar/build install --record /home/xytron/2026-kookmin-contest-qualifier/build/my_lidar/install.log --single-version-externally-managed install_data --force
[3.386s] running egg_info
[3.387s] writing ../build/my_lidar/my_lidar.egg-info/PKG-INFO
[3.387s] writing dependency_links to ../build/my_lidar/my_lidar.egg-info/dependency_links.txt
[3.388s] writing entry points to ../build/my_lidar/my_lidar.egg-info/entry_points.txt
[3.388s] writing requirements to ../build/my_lidar/my_lidar.egg-info/requires.txt
[3.389s] writing top-level names to ../build/my_lidar/my_lidar.egg-info/top_level.txt
[3.392s] reading manifest file '../build/my_lidar/my_lidar.egg-info/SOURCES.txt'
[3.393s] adding license file 'LICENSE'
[3.394s] writing manifest file '../build/my_lidar/my_lidar.egg-info/SOURCES.txt'
[3.394s] running build
[3.394s] running build_py
[3.394s] creating /home/xytron/2026-kookmin-contest-qualifier/build/my_lidar/build
[3.395s] creating /home/xytron/2026-kookmin-contest-qualifier/build/my_lidar/build/lib
[3.395s] creating /home/xytron/2026-kookmin-contest-qualifier/build/my_lidar/build/lib/my_lidar
[3.395s] copying my_lidar/lidar_viewer.py -> /home/xytron/2026-kookmin-contest-qualifier/build/my_lidar/build/lib/my_lidar
[3.395s] copying my_lidar/lidar_scan.py -> /home/xytron/2026-kookmin-contest-qualifier/build/my_lidar/build/lib/my_lidar
[3.396s] copying my_lidar/__init__.py -> /home/xytron/2026-kookmin-contest-qualifier/build/my_lidar/build/lib/my_lidar
[3.396s] running install
[3.397s] running install_lib
[3.398s] creating /home/xytron/2026-kookmin-contest-qualifier/install/my_lidar/lib/python3.10/site-packages/my_lidar
[3.399s] copying /home/xytron/2026-kookmin-contest-qualifier/build/my_lidar/build/lib/my_lidar/lidar_viewer.py -> /home/xytron/2026-kookmin-contest-qualifier/install/my_lidar/lib/python3.10/site-packages/my_lidar
[3.399s] copying /home/xytron/2026-kookmin-contest-qualifier/build/my_lidar/build/lib/my_lidar/lidar_scan.py -> /home/xytron/2026-kookmin-contest-qualifier/install/my_lidar/lib/python3.10/site-packages/my_lidar
[3.399s] copying /home/xytron/2026-kookmin-contest-qualifier/build/my_lidar/build/lib/my_lidar/__init__.py -> /home/xytron/2026-kookmin-contest-qualifier/install/my_lidar/lib/python3.10/site-packages/my_lidar
[3.399s] byte-compiling /home/xytron/2026-kookmin-contest-qualifier/install/my_lidar/lib/python3.10/site-packages/my_lidar/lidar_viewer.py to lidar_viewer.cpython-310.pyc
[3.401s] byte-compiling /home/xytron/2026-kookmin-contest-qualifier/install/my_lidar/lib/python3.10/site-packages/my_lidar/lidar_scan.py to lidar_scan.cpython-310.pyc
[3.402s] byte-compiling /home/xytron/2026-kookmin-contest-qualifier/install/my_lidar/lib/python3.10/site-packages/my_lidar/__init__.py to __init__.cpython-310.pyc
[3.402s] running install_data
[3.402s] copying resource/my_lidar -> /home/xytron/2026-kookmin-contest-qualifier/install/my_lidar/share/ament_index/resource_index/packages
[3.403s] copying package.xml -> /home/xytron/2026-kookmin-contest-qualifier/install/my_lidar/share/my_lidar
[3.404s] running install_egg_info
[3.406s] Copying ../build/my_lidar/my_lidar.egg-info to /home/xytron/2026-kookmin-contest-qualifier/install/my_lidar/lib/python3.10/site-packages/my_lidar-0.0.0-py3.10.egg-info
[3.407s] running install_scripts
[3.438s] Installing lidar_scan script to /home/xytron/2026-kookmin-contest-qualifier/install/my_lidar/lib/my_lidar
[3.438s] Installing lidar_viewer script to /home/xytron/2026-kookmin-contest-qualifier/install/my_lidar/lib/my_lidar
[3.439s] writing list of installed files to '/home/xytron/2026-kookmin-contest-qualifier/build/my_lidar/install.log'
[3.467s] Invoked command in '/home/xytron/2026-kookmin-contest-qualifier/my_lidar' returned '0': AMENT_PREFIX_PATH=/home/xytron/2026-kookmin-contest-qualifier/install/xycar_msgs:${AMENT_PREFIX_PATH} CMAKE_PREFIX_PATH=/home/xytron/2026-kookmin-contest-qualifier/install/xycar_msgs:${CMAKE_PREFIX_PATH} LD_LIBRARY_PATH=/home/xytron/2026-kookmin-contest-qualifier/install/xycar_msgs/lib:${LD_LIBRARY_PATH} PYTHONPATH=/home/xytron/2026-kookmin-contest-qualifier/build/my_lidar/prefix_override:/usr/lib/python3/dist-packages/colcon_core/task/python/colcon_distutils_commands:/home/xytron/2026-kookmin-contest-qualifier/install/my_lidar/lib/python3.10/site-packages:/home/xytron/2026-kookmin-contest-qualifier/install/xycar_msgs/local/lib/python3.10/dist-packages:${PYTHONPATH} /usr/bin/python3 -W ignore:setup.py install is deprecated -W ignore:easy_install command is deprecated setup.py egg_info --egg-base ../build/my_lidar build --build-base /home/xytron/2026-kookmin-contest-qualifier/build/my_lidar/build install --record /home/xytron/2026-kookmin-contest-qualifier/build/my_lidar/install.log --single-version-externally-managed install_data --force
