[1.505s] Invoking command in '/home/xytron/2026-kookmin-contest-qualifier/ericar/main': PYTHONPATH=/home/xytron/2026-kookmin-contest-qualifier/build/main/prefix_override:/usr/lib/python3/dist-packages/colcon_core/task/python/colcon_distutils_commands:/home/xytron/2026-kookmin-contest-qualifier/install/main/lib/python3.10/site-packages:${PYTHONPATH} /usr/bin/python3 -W ignore:setup.py install is deprecated -W ignore:easy_install command is deprecated setup.py egg_info --egg-base ../../build/main build --build-base /home/xytron/2026-kookmin-contest-qualifier/build/main/build install --record /home/xytron/2026-kookmin-contest-qualifier/build/main/install.log --single-version-externally-managed install_data
[1.790s] running egg_info
[1.791s] writing ../../build/main/main.egg-info/PKG-INFO
[1.791s] writing dependency_links to ../../build/main/main.egg-info/dependency_links.txt
[1.791s] writing entry points to ../../build/main/main.egg-info/entry_points.txt
[1.792s] writing requirements to ../../build/main/main.egg-info/requires.txt
[1.792s] writing top-level names to ../../build/main/main.egg-info/top_level.txt
[1.794s] reading manifest file '../../build/main/main.egg-info/SOURCES.txt'
[1.795s] writing manifest file '../../build/main/main.egg-info/SOURCES.txt'
[1.795s] running build
[1.795s] running build_py
[1.796s] copying main/main.py -> /home/xytron/2026-kookmin-contest-qualifier/build/main/build/lib/main
[1.796s] running install
[1.797s] running install_lib
[1.797s] copying /home/xytron/2026-kookmin-contest-qualifier/build/main/build/lib/main/main.py -> /home/xytron/2026-kookmin-contest-qualifier/install/main/lib/python3.10/site-packages/main
[1.800s] byte-compiling /home/xytron/2026-kookmin-contest-qualifier/install/main/lib/python3.10/site-packages/main/main.py to main.cpython-310.pyc
[1.804s] running install_data
[1.804s] running install_egg_info
[1.806s] removing '/home/xytron/2026-kookmin-contest-qualifier/install/main/lib/python3.10/site-packages/main-0.0.1-py3.10.egg-info' (and everything under it)
[1.807s] Copying ../../build/main/main.egg-info to /home/xytron/2026-kookmin-contest-qualifier/install/main/lib/python3.10/site-packages/main-0.0.1-py3.10.egg-info
[1.808s] running install_scripts
[1.834s] Installing control script to /home/xytron/2026-kookmin-contest-qualifier/install/main/lib/main
[1.834s] Installing main script to /home/xytron/2026-kookmin-contest-qualifier/install/main/lib/main
[1.834s] writing list of installed files to '/home/xytron/2026-kookmin-contest-qualifier/build/main/install.log'
[1.863s] Invoked command in '/home/xytron/2026-kookmin-contest-qualifier/ericar/main' returned '0': PYTHONPATH=/home/xytron/2026-kookmin-contest-qualifier/build/main/prefix_override:/usr/lib/python3/dist-packages/colcon_core/task/python/colcon_distutils_commands:/home/xytron/2026-kookmin-contest-qualifier/install/main/lib/python3.10/site-packages:${PYTHONPATH} /usr/bin/python3 -W ignore:setup.py install is deprecated -W ignore:easy_install command is deprecated setup.py egg_info --egg-base ../../build/main build --build-base /home/xytron/2026-kookmin-contest-qualifier/build/main/build install --record /home/xytron/2026-kookmin-contest-qualifier/build/main/install.log --single-version-externally-managed install_data
