[2.470s] Invoking command in '/home/xytron/2026-kookmin-contest-qualifier/ericar/function': PYTHONPATH=/home/xytron/2026-kookmin-contest-qualifier/build/function/prefix_override:/usr/lib/python3/dist-packages/colcon_core/task/python/colcon_distutils_commands:/home/xytron/2026-kookmin-contest-qualifier/install/function/lib/python3.10/site-packages:${PYTHONPATH} /usr/bin/python3 -W ignore:setup.py install is deprecated -W ignore:easy_install command is deprecated setup.py egg_info --egg-base ../../build/function build --build-base /home/xytron/2026-kookmin-contest-qualifier/build/function/build install --record /home/xytron/2026-kookmin-contest-qualifier/build/function/install.log --single-version-externally-managed install_data
[2.747s] running egg_info
[2.748s] writing ../../build/function/function.egg-info/PKG-INFO
[2.749s] writing dependency_links to ../../build/function/function.egg-info/dependency_links.txt
[2.749s] writing entry points to ../../build/function/function.egg-info/entry_points.txt
[2.749s] writing requirements to ../../build/function/function.egg-info/requires.txt
[2.749s] writing top-level names to ../../build/function/function.egg-info/top_level.txt
[2.755s] reading manifest file '../../build/function/function.egg-info/SOURCES.txt'
[2.755s] writing manifest file '../../build/function/function.egg-info/SOURCES.txt'
[2.756s] running build
[2.756s] running build_py
[2.758s] running install
[2.758s] running install_lib
[2.763s] running install_data
[2.764s] running install_egg_info
[2.767s] removing '/home/xytron/2026-kookmin-contest-qualifier/install/function/lib/python3.10/site-packages/function-0.0.1-py3.10.egg-info' (and everything under it)
[2.768s] Copying ../../build/function/function.egg-info to /home/xytron/2026-kookmin-contest-qualifier/install/function/lib/python3.10/site-packages/function-0.0.1-py3.10.egg-info
[2.769s] running install_scripts
[2.800s] Installing camera_viewer script to /home/xytron/2026-kookmin-contest-qualifier/install/function/lib/function
[2.801s] Installing hsv_tuner script to /home/xytron/2026-kookmin-contest-qualifier/install/function/lib/function
[2.801s] Installing imu_visualizer script to /home/xytron/2026-kookmin-contest-qualifier/install/function/lib/function
[2.802s] Installing lidar_visualizer script to /home/xytron/2026-kookmin-contest-qualifier/install/function/lib/function
[2.802s] Installing manual_control script to /home/xytron/2026-kookmin-contest-qualifier/install/function/lib/function
[2.802s] writing list of installed files to '/home/xytron/2026-kookmin-contest-qualifier/build/function/install.log'
[2.828s] Invoked command in '/home/xytron/2026-kookmin-contest-qualifier/ericar/function' returned '0': PYTHONPATH=/home/xytron/2026-kookmin-contest-qualifier/build/function/prefix_override:/usr/lib/python3/dist-packages/colcon_core/task/python/colcon_distutils_commands:/home/xytron/2026-kookmin-contest-qualifier/install/function/lib/python3.10/site-packages:${PYTHONPATH} /usr/bin/python3 -W ignore:setup.py install is deprecated -W ignore:easy_install command is deprecated setup.py egg_info --egg-base ../../build/function build --build-base /home/xytron/2026-kookmin-contest-qualifier/build/function/build install --record /home/xytron/2026-kookmin-contest-qualifier/build/function/install.log --single-version-externally-managed install_data
