[0.000000] (-) TimerEvent: {}
[0.000266] (-) JobUnselected: {'identifier': 'function'}
[0.000294] (-) JobUnselected: {'identifier': 'kookmin9_viewer'}
[0.000312] (-) JobUnselected: {'identifier': 'main'}
[0.000323] (-) JobUnselected: {'identifier': 'my_cam'}
[0.000336] (-) JobUnselected: {'identifier': 'my_imu'}
[0.000346] (-) JobUnselected: {'identifier': 'my_lidar'}
[0.000357] (-) JobUnselected: {'identifier': 'my_motor'}
[0.000369] (-) JobUnselected: {'identifier': 'perception'}
[0.000378] (-) JobUnselected: {'identifier': 'ros_tcp_endpoint'}
[0.000435] (-) JobUnselected: {'identifier': 'track_drive'}
[0.000451] (-) JobUnselected: {'identifier': 'xycar_msgs'}
[0.000465] (driving) JobQueued: {'identifier': 'driving', 'dependencies': OrderedDict()}
[0.000481] (driving) JobStarted: {'identifier': 'driving'}
[0.099084] (-) TimerEvent: {}
[0.199441] (-) TimerEvent: {}
[0.299804] (-) TimerEvent: {}
[0.400153] (-) TimerEvent: {}
[0.500522] (-) TimerEvent: {}
[0.600953] (-) TimerEvent: {}
[0.701301] (-) TimerEvent: {}
[0.801648] (-) TimerEvent: {}
[0.902037] (-) TimerEvent: {}
[0.980535] (driving) Command: {'cmd': ['/usr/bin/python3', '-W', 'ignore:setup.py install is deprecated', '-W', 'ignore:easy_install command is deprecated', 'setup.py', 'egg_info', '--egg-base', '../../build/driving', 'build', '--build-base', '/home/xytron/2026-kookmin-contest-qualifier/build/driving/build', 'install', '--record', '/home/xytron/2026-kookmin-contest-qualifier/build/driving/install.log', '--single-version-externally-managed', 'install_data'], 'cwd': '/home/xytron/2026-kookmin-contest-qualifier/ericar/driving', 'env': {'USER': 'xytron', 'ROS_NAMESPACE': 'xycar', 'ROS_PACKAGE_PATH': '/home/xytron/xycar_ws/install/ericar_msgs/share', 'SHLVL': '1', 'LD_LIBRARY_PATH': '/home/xytron/xycar_ws/install/xycar_msgs/lib:/home/xytron/xycar_ws/install/ericar_msgs/lib:/opt/ros/humble/opt/rviz_ogre_vendor/lib:/opt/ros/humble/lib/x86_64-linux-gnu:/opt/ros/humble/lib', 'HOME': '/home/xytron', 'OLDPWD': '/home/xytron', 'ROS_PYTHON_VERSION': '3', 'WSL_DISTRO_NAME': 'Ubuntu-22.04', '_colcon_cd_root': '/home/xytron/xycar_ws', 'WAYLAND_DISPLAY': 'wayland-0', 'COLCON_PREFIX_PATH': '/home/xytron/xycar_ws/install', 'ROS_DISTRO': 'humble', 'LOGNAME': 'xytron', 'NAME': 'BOOK-HJ970BEJVV', 'WSL_INTEROP': '/run/WSL/9_interop', 'PULSE_SERVER': 'unix:/mnt/wslg/PulseServer', '_': '/usr/bin/colcon', 'ROS_VERSION': '2', 'PKG_CONFIG_PATH': '/home/xytron/xycar_ws/install/ericar_msgs/lib/x86_64-linux-gnu/pkgconfig:/home/xytron/xycar_ws/install/ericar_msgs/lib/pkgconfig', 'TERM': 'xterm-256color', 'ROS_LOCALHOST_ONLY': '0', 'PATH': '/opt/ros/humble/bin:/usr/local/sbin:/usr/local/bin:/usr/sbin:/usr/bin:/sbin:/bin:/usr/games:/usr/local/games:/usr/lib/wsl/lib:/mnt/c/Program Files/WindowsApps/MicrosoftCorporationII.WindowsSubsystemForLinux_2.6.3.0_x64__8wekyb3d8bbwe:/mnt/c/Program Files/NVIDIA GPU Computing Toolkit/CUDA/v11.7/bin:/mnt/c/Program Files/NVIDIA GPU Computing Toolkit/CUDA/v11.7/libnvvp:/mnt/c/Windows/system32:/mnt/c/Windows:/mnt/c/Windows/System32/Wbem:/mnt/c/Windows/System32/WindowsPowerShell/v1.0/:/mnt/c/Windows/System32/OpenSSH/:/mnt/c/Program Files/dotnet/:/mnt/c/Program Files/NVIDIA Corporation/Nsight Compute 2022.2.0/:/mnt/c/Program Files (x86)/NVIDIA Corporation/PhysX/Common:/mnt/c/Program Files/nodejs/:/mnt/c/Program Files/Git/cmd:/mnt/c/Program Files/MySQL/MySQL Shell 8.0/bin/:/mnt/c/Users/rnals/AppData/Local/Programs/Python/Launcher/:/mnt/c/Users/rnals/AppData/Local/Microsoft/WindowsApps:/mnt/c/Users/rnals/AppData/Local/Programs/Microsoft VS Code/bin:/mnt/c/Users/rnals/AppData/Roaming/npm:/mnt/c/Users/rnals/AppData/Local/Microsoft/WinGet/Links:/snap/bin', 'XDG_RUNTIME_DIR': '/mnt/wslg/runtime-dir', 'DISPLAY': ':0', 'LANG': 'en_US.UTF-8', 'ROS_DOMAIN_ID': '7', 'AMENT_PREFIX_PATH': '/home/xytron/xycar_ws/install/my_lidar:/home/xytron/xycar_ws/install/my_cam:/home/xytron/xycar_ws/install/main:/home/xytron/xycar_ws/install/kookmin9_viewer:/home/xytron/xycar_ws/install/xycar_msgs:/home/xytron/xycar_ws/install/track_drive:/home/xytron/xycar_ws/install/ros_tcp_endpoint:/home/xytron/xycar_ws/install/perception:/home/xytron/xycar_ws/install/my_motor:/home/xytron/xycar_ws/install/my_imu:/home/xytron/xycar_ws/install/driving:/opt/ros/humble', 'SHELL': '/bin/bash', 'PWD': '/home/xytron/2026-kookmin-contest-qualifier/build/driving', 'XDG_DATA_DIRS': '/usr/local/share:/usr/share:/var/lib/snapd/desktop', 'PYTHONPATH': '/home/xytron/2026-kookmin-contest-qualifier/build/driving/prefix_override:/usr/lib/python3/dist-packages/colcon_core/task/python/colcon_distutils_commands:/home/xytron/2026-kookmin-contest-qualifier/install/driving/lib/python3.10/site-packages:/home/xytron/xycar_ws/build/my_lidar:/home/xytron/xycar_ws/install/my_lidar/lib/python3.10/site-packages:/home/xytron/xycar_ws/build/my_cam:/home/xytron/xycar_ws/install/my_cam/lib/python3.10/site-packages:/home/xytron/xycar_ws/install/main/lib/python3.10/site-packages:/home/xytron/xycar_ws/build/kookmin9_viewer:/home/xytron/xycar_ws/install/kookmin9_viewer/lib/python3.10/site-packages:/home/xytron/xycar_ws/install/xycar_msgs/local/lib/python3.10/dist-packages:/home/xytron/xycar_ws/build/track_drive:/home/xytron/xycar_ws/install/track_drive/lib/python3.10/site-packages:/home/xytron/xycar_ws/build/ros_tcp_endpoint:/home/xytron/xycar_ws/install/ros_tcp_endpoint/lib/python3.10/site-packages:/home/xytron/xycar_ws/build/perception:/home/xytron/xycar_ws/install/perception/lib/python3.10/site-packages:/home/xytron/xycar_ws/build/my_motor:/home/xytron/xycar_ws/install/my_motor/lib/python3.10/site-packages:/home/xytron/xycar_ws/build/my_imu:/home/xytron/xycar_ws/install/my_imu/lib/python3.10/site-packages:/home/xytron/xycar_ws/install/ericar_msgs/local/lib/python3.10/dist-packages:/home/xytron/xycar_ws/install/driving/lib/python3.10/site-packages:/opt/ros/humble/lib/python3.10/site-packages:/opt/ros/humble/local/lib/python3.10/dist-packages', 'COLCON': '1', 'WSL2_GUI_APPS_ENABLED': '1', 'HOSTTYPE': 'x86_64', 'CMAKE_PREFIX_PATH': '/home/xytron/xycar_ws/install/xycar_msgs:/home/xytron/xycar_ws/install/ericar_msgs', 'WSLENV': ''}, 'shell': False}
[1.002188] (-) TimerEvent: {}
[1.102637] (-) TimerEvent: {}
[1.203025] (-) TimerEvent: {}
[1.279179] (driving) StdoutLine: {'line': b'running egg_info\n'}
[1.282290] (driving) StdoutLine: {'line': b'writing ../../build/driving/driving.egg-info/PKG-INFO\n'}
[1.283688] (driving) StdoutLine: {'line': b'writing dependency_links to ../../build/driving/driving.egg-info/dependency_links.txt\n'}
[1.283992] (driving) StdoutLine: {'line': b'writing entry points to ../../build/driving/driving.egg-info/entry_points.txt\n'}
[1.284444] (driving) StdoutLine: {'line': b'writing requirements to ../../build/driving/driving.egg-info/requires.txt\n'}
[1.284949] (driving) StdoutLine: {'line': b'writing top-level names to ../../build/driving/driving.egg-info/top_level.txt\n'}
[1.287125] (driving) StdoutLine: {'line': b"reading manifest file '../../build/driving/driving.egg-info/SOURCES.txt'\n"}
[1.288710] (driving) StdoutLine: {'line': b"writing manifest file '../../build/driving/driving.egg-info/SOURCES.txt'\n"}
[1.289017] (driving) StdoutLine: {'line': b'running build\n'}
[1.289168] (driving) StdoutLine: {'line': b'running build_py\n'}
[1.290238] (driving) StdoutLine: {'line': b'running install\n'}
[1.291829] (driving) StdoutLine: {'line': b'running install_lib\n'}
[1.294010] (driving) StdoutLine: {'line': b'running install_data\n'}
[1.295527] (driving) StdoutLine: {'line': b'running install_egg_info\n'}
[1.298078] (driving) StdoutLine: {'line': b"removing '/home/xytron/2026-kookmin-contest-qualifier/install/driving/lib/python3.10/site-packages/driving-0.0.1-py3.10.egg-info' (and everything under it)\n"}
[1.298254] (driving) StdoutLine: {'line': b'Copying ../../build/driving/driving.egg-info to /home/xytron/2026-kookmin-contest-qualifier/install/driving/lib/python3.10/site-packages/driving-0.0.1-py3.10.egg-info\n'}
[1.300303] (driving) StdoutLine: {'line': b'running install_scripts\n'}
[1.303164] (-) TimerEvent: {}
[1.331758] (driving) StdoutLine: {'line': b'Installing driving script to /home/xytron/2026-kookmin-contest-qualifier/install/driving/lib/driving\n'}
[1.332590] (driving) StdoutLine: {'line': b"writing list of installed files to '/home/xytron/2026-kookmin-contest-qualifier/build/driving/install.log'\n"}
[1.363182] (driving) CommandEnded: {'returncode': 0}
[1.392597] (driving) JobEnded: {'identifier': 'driving', 'rc': 0}
[1.393417] (-) EventReactorShutdown: {}
