running develop
running egg_info
creating my_imu.egg-info
writing my_imu.egg-info/PKG-INFO
writing dependency_links to my_imu.egg-info/dependency_links.txt
writing entry points to my_imu.egg-info/entry_points.txt
writing requirements to my_imu.egg-info/requires.txt
writing top-level names to my_imu.egg-info/top_level.txt
writing manifest file 'my_imu.egg-info/SOURCES.txt'
reading manifest file 'my_imu.egg-info/SOURCES.txt'
writing manifest file 'my_imu.egg-info/SOURCES.txt'
running build_ext
Creating /home/xytron/2026-kookmin-contest-qualifier/install/my_imu/lib/python3.10/site-packages/my-imu.egg-link (link to .)
Installing roll_pitch_yaw script to /home/xytron/2026-kookmin-contest-qualifier/install/my_imu/lib/my_imu

Installed /home/xytron/2026-kookmin-contest-qualifier/build/my_imu
running symlink_data
creating /home/xytron/2026-kookmin-contest-qualifier/install/my_imu/share/ament_index
creating /home/xytron/2026-kookmin-contest-qualifier/install/my_imu/share/ament_index/resource_index
creating /home/xytron/2026-kookmin-contest-qualifier/install/my_imu/share/ament_index/resource_index/packages
symbolically linking /home/xytron/2026-kookmin-contest-qualifier/build/my_imu/resource/my_imu -> /home/xytron/2026-kookmin-contest-qualifier/install/my_imu/share/ament_index/resource_index/packages
symbolically linking /home/xytron/2026-kookmin-contest-qualifier/build/my_imu/package.xml -> /home/xytron/2026-kookmin-contest-qualifier/install/my_imu/share/my_imu
