[2.187s] Invoking command in '/home/xytron/2026-kookmin-contest-qualifier/build/my_imu': PYTHONPATH=/home/xytron/2026-kookmin-contest-qualifier/build/my_imu/prefix_override:/usr/lib/python3/dist-packages/colcon_core/task/python/colcon_distutils_commands:/home/xytron/2026-kookmin-contest-qualifier/install/my_imu/lib/python3.10/site-packages:${PYTHONPATH} /usr/bin/python3 -W ignore:setup.py install is deprecated -W ignore:easy_install command is deprecated setup.py develop --editable --build-directory /home/xytron/2026-kookmin-contest-qualifier/build/my_imu/build --no-deps symlink_data
[2.845s] running develop
[2.872s] running egg_info
[2.872s] creating my_imu.egg-info
[2.872s] writing my_imu.egg-info/PKG-INFO
[2.873s] writing dependency_links to my_imu.egg-info/dependency_links.txt
[2.873s] writing entry points to my_imu.egg-info/entry_points.txt
[2.873s] writing requirements to my_imu.egg-info/requires.txt
[2.873s] writing top-level names to my_imu.egg-info/top_level.txt
[2.877s] writing manifest file 'my_imu.egg-info/SOURCES.txt'
[2.884s] reading manifest file 'my_imu.egg-info/SOURCES.txt'
[2.885s] writing manifest file 'my_imu.egg-info/SOURCES.txt'
[2.887s] running build_ext
[2.888s] Creating /home/xytron/2026-kookmin-contest-qualifier/install/my_imu/lib/python3.10/site-packages/my-imu.egg-link (link to .)
[2.894s] Installing roll_pitch_yaw script to /home/xytron/2026-kookmin-contest-qualifier/install/my_imu/lib/my_imu
[2.894s] 
[2.894s] Installed /home/xytron/2026-kookmin-contest-qualifier/build/my_imu
[2.894s] running symlink_data
[2.894s] creating /home/xytron/2026-kookmin-contest-qualifier/install/my_imu/share/ament_index
[2.894s] creating /home/xytron/2026-kookmin-contest-qualifier/install/my_imu/share/ament_index/resource_index
[2.894s] creating /home/xytron/2026-kookmin-contest-qualifier/install/my_imu/share/ament_index/resource_index/packages
[2.894s] symbolically linking /home/xytron/2026-kookmin-contest-qualifier/build/my_imu/resource/my_imu -> /home/xytron/2026-kookmin-contest-qualifier/install/my_imu/share/ament_index/resource_index/packages
[2.894s] symbolically linking /home/xytron/2026-kookmin-contest-qualifier/build/my_imu/package.xml -> /home/xytron/2026-kookmin-contest-qualifier/install/my_imu/share/my_imu
[2.942s] Invoked command in '/home/xytron/2026-kookmin-contest-qualifier/build/my_imu' returned '0': PYTHONPATH=/home/xytron/2026-kookmin-contest-qualifier/build/my_imu/prefix_override:/usr/lib/python3/dist-packages/colcon_core/task/python/colcon_distutils_commands:/home/xytron/2026-kookmin-contest-qualifier/install/my_imu/lib/python3.10/site-packages:${PYTHONPATH} /usr/bin/python3 -W ignore:setup.py install is deprecated -W ignore:easy_install command is deprecated setup.py develop --editable --build-directory /home/xytron/2026-kookmin-contest-qualifier/build/my_imu/build --no-deps symlink_data
