[0.934s] Invoking command in '/home/xytron/2026-kookmin-contest-qualifier/ericar/driving': PYTHONPATH=/home/xytron/2026-kookmin-contest-qualifier/ericar/build/driving/prefix_override:/usr/lib/python3/dist-packages/colcon_core/task/python/colcon_distutils_commands:/home/xytron/2026-kookmin-contest-qualifier/ericar/install/driving/lib/python3.10/site-packages:${PYTHONPATH} /usr/bin/python3 -W ignore:setup.py install is deprecated -W ignore:easy_install command is deprecated setup.py egg_info --egg-base ../build/driving build --build-base /home/xytron/2026-kookmin-contest-qualifier/ericar/build/driving/build install --record /home/xytron/2026-kookmin-contest-qualifier/ericar/build/driving/install.log --single-version-externally-managed install_data
[1.163s] running egg_info
[1.163s] creating ../build/driving/driving.egg-info
[1.164s] writing ../build/driving/driving.egg-info/PKG-INFO
[1.164s] writing dependency_links to ../build/driving/driving.egg-info/dependency_links.txt
[1.164s] writing entry points to ../build/driving/driving.egg-info/entry_points.txt
[1.164s] writing requirements to ../build/driving/driving.egg-info/requires.txt
[1.164s] writing top-level names to ../build/driving/driving.egg-info/top_level.txt
[1.165s] writing manifest file '../build/driving/driving.egg-info/SOURCES.txt'
[1.167s] reading manifest file '../build/driving/driving.egg-info/SOURCES.txt'
[1.168s] writing manifest file '../build/driving/driving.egg-info/SOURCES.txt'
[1.168s] running build
[1.168s] running build_py
[1.168s] creating /home/xytron/2026-kookmin-contest-qualifier/ericar/build/driving/build
[1.168s] creating /home/xytron/2026-kookmin-contest-qualifier/ericar/build/driving/build/lib
[1.168s] creating /home/xytron/2026-kookmin-contest-qualifier/ericar/build/driving/build/lib/driving
[1.168s] copying driving/rubbercone.py -> /home/xytron/2026-kookmin-contest-qualifier/ericar/build/driving/build/lib/driving
[1.178s] copying driving/driving.py -> /home/xytron/2026-kookmin-contest-qualifier/ericar/build/driving/build/lib/driving
[1.178s] copying driving/turn_left.py -> /home/xytron/2026-kookmin-contest-qualifier/ericar/build/driving/build/lib/driving
[1.179s] copying driving/__init__.py -> /home/xytron/2026-kookmin-contest-qualifier/ericar/build/driving/build/lib/driving
[1.179s] copying driving/lane_detection.py -> /home/xytron/2026-kookmin-contest-qualifier/ericar/build/driving/build/lib/driving
[1.180s] running install
[1.180s] running install_lib
[1.181s] creating /home/xytron/2026-kookmin-contest-qualifier/ericar/install/driving/lib/python3.10/site-packages/driving
[1.181s] copying /home/xytron/2026-kookmin-contest-qualifier/ericar/build/driving/build/lib/driving/rubbercone.py -> /home/xytron/2026-kookmin-contest-qualifier/ericar/install/driving/lib/python3.10/site-packages/driving
[1.181s] copying /home/xytron/2026-kookmin-contest-qualifier/ericar/build/driving/build/lib/driving/driving.py -> /home/xytron/2026-kookmin-contest-qualifier/ericar/install/driving/lib/python3.10/site-packages/driving
[1.181s] copying /home/xytron/2026-kookmin-contest-qualifier/ericar/build/driving/build/lib/driving/turn_left.py -> /home/xytron/2026-kookmin-contest-qualifier/ericar/install/driving/lib/python3.10/site-packages/driving
[1.182s] copying /home/xytron/2026-kookmin-contest-qualifier/ericar/build/driving/build/lib/driving/__init__.py -> /home/xytron/2026-kookmin-contest-qualifier/ericar/install/driving/lib/python3.10/site-packages/driving
[1.182s] copying /home/xytron/2026-kookmin-contest-qualifier/ericar/build/driving/build/lib/driving/lane_detection.py -> /home/xytron/2026-kookmin-contest-qualifier/ericar/install/driving/lib/python3.10/site-packages/driving
[1.182s] byte-compiling /home/xytron/2026-kookmin-contest-qualifier/ericar/install/driving/lib/python3.10/site-packages/driving/rubbercone.py to rubbercone.cpython-310.pyc
[1.184s] byte-compiling /home/xytron/2026-kookmin-contest-qualifier/ericar/install/driving/lib/python3.10/site-packages/driving/driving.py to driving.cpython-310.pyc
[1.185s] byte-compiling /home/xytron/2026-kookmin-contest-qualifier/ericar/install/driving/lib/python3.10/site-packages/driving/turn_left.py to turn_left.cpython-310.pyc
[1.185s] byte-compiling /home/xytron/2026-kookmin-contest-qualifier/ericar/install/driving/lib/python3.10/site-packages/driving/__init__.py to __init__.cpython-310.pyc
[1.186s] byte-compiling /home/xytron/2026-kookmin-contest-qualifier/ericar/install/driving/lib/python3.10/site-packages/driving/lane_detection.py to lane_detection.cpython-310.pyc
[1.187s] running install_data
[1.188s] creating /home/xytron/2026-kookmin-contest-qualifier/ericar/install/driving/share/ament_index
[1.188s] creating /home/xytron/2026-kookmin-contest-qualifier/ericar/install/driving/share/ament_index/resource_index
[1.188s] creating /home/xytron/2026-kookmin-contest-qualifier/ericar/install/driving/share/ament_index/resource_index/packages
[1.188s] copying resource/driving -> /home/xytron/2026-kookmin-contest-qualifier/ericar/install/driving/share/ament_index/resource_index/packages
[1.188s] copying package.xml -> /home/xytron/2026-kookmin-contest-qualifier/ericar/install/driving/share/driving
[1.189s] creating /home/xytron/2026-kookmin-contest-qualifier/ericar/install/driving/share/driving/launch
[1.189s] running install_egg_info
[1.190s] Copying ../build/driving/driving.egg-info to /home/xytron/2026-kookmin-contest-qualifier/ericar/install/driving/lib/python3.10/site-packages/driving-0.0.1-py3.10.egg-info
[1.192s] running install_scripts
[1.215s] Installing driving script to /home/xytron/2026-kookmin-contest-qualifier/ericar/install/driving/lib/driving
[1.216s] writing list of installed files to '/home/xytron/2026-kookmin-contest-qualifier/ericar/build/driving/install.log'
[1.253s] Invoked command in '/home/xytron/2026-kookmin-contest-qualifier/ericar/driving' returned '0': PYTHONPATH=/home/xytron/2026-kookmin-contest-qualifier/ericar/build/driving/prefix_override:/usr/lib/python3/dist-packages/colcon_core/task/python/colcon_distutils_commands:/home/xytron/2026-kookmin-contest-qualifier/ericar/install/driving/lib/python3.10/site-packages:${PYTHONPATH} /usr/bin/python3 -W ignore:setup.py install is deprecated -W ignore:easy_install command is deprecated setup.py egg_info --egg-base ../build/driving build --build-base /home/xytron/2026-kookmin-contest-qualifier/ericar/build/driving/build install --record /home/xytron/2026-kookmin-contest-qualifier/ericar/build/driving/install.log --single-version-externally-managed install_data
