running develop
Removing /home/xytron/2026-kookmin-contest-qualifier/install/driving/lib/python3.10/site-packages/driving.egg-link (link to .)
running egg_info
writing ../../build/driving/driving.egg-info/PKG-INFO
writing dependency_links to ../../build/driving/driving.egg-info/dependency_links.txt
writing entry points to ../../build/driving/driving.egg-info/entry_points.txt
writing requirements to ../../build/driving/driving.egg-info/requires.txt
writing top-level names to ../../build/driving/driving.egg-info/top_level.txt
reading manifest file '../../build/driving/driving.egg-info/SOURCES.txt'
writing manifest file '../../build/driving/driving.egg-info/SOURCES.txt'
running build
running build_py
copying driving/driving.py -> /home/xytron/2026-kookmin-contest-qualifier/build/driving/build/lib/driving
copying driving/lane_detection.py -> /home/xytron/2026-kookmin-contest-qualifier/build/driving/build/lib/driving
running install
running install_lib
creating /home/xytron/2026-kookmin-contest-qualifier/install/driving/lib/python3.10/site-packages/driving
copying /home/xytron/2026-kookmin-contest-qualifier/build/driving/build/lib/driving/rubbercone.py -> /home/xytron/2026-kookmin-contest-qualifier/install/driving/lib/python3.10/site-packages/driving
copying /home/xytron/2026-kookmin-contest-qualifier/build/driving/build/lib/driving/driving.py -> /home/xytron/2026-kookmin-contest-qualifier/install/driving/lib/python3.10/site-packages/driving
copying /home/xytron/2026-kookmin-contest-qualifier/build/driving/build/lib/driving/turn_left.py -> /home/xytron/2026-kookmin-contest-qualifier/install/driving/lib/python3.10/site-packages/driving
copying /home/xytron/2026-kookmin-contest-qualifier/build/driving/build/lib/driving/__init__.py -> /home/xytron/2026-kookmin-contest-qualifier/install/driving/lib/python3.10/site-packages/driving
copying /home/xytron/2026-kookmin-contest-qualifier/build/driving/build/lib/driving/lane_detection.py -> /home/xytron/2026-kookmin-contest-qualifier/install/driving/lib/python3.10/site-packages/driving
byte-compiling /home/xytron/2026-kookmin-contest-qualifier/install/driving/lib/python3.10/site-packages/driving/rubbercone.py to rubbercone.cpython-310.pyc
byte-compiling /home/xytron/2026-kookmin-contest-qualifier/install/driving/lib/python3.10/site-packages/driving/driving.py to driving.cpython-310.pyc
byte-compiling /home/xytron/2026-kookmin-contest-qualifier/install/driving/lib/python3.10/site-packages/driving/turn_left.py to turn_left.cpython-310.pyc
byte-compiling /home/xytron/2026-kookmin-contest-qualifier/install/driving/lib/python3.10/site-packages/driving/__init__.py to __init__.cpython-310.pyc
byte-compiling /home/xytron/2026-kookmin-contest-qualifier/install/driving/lib/python3.10/site-packages/driving/lane_detection.py to lane_detection.cpython-310.pyc
running install_data
copying resource/driving -> /home/xytron/2026-kookmin-contest-qualifier/install/driving/share/ament_index/resource_index/packages
copying package.xml -> /home/xytron/2026-kookmin-contest-qualifier/install/driving/share/driving
running install_egg_info
Copying ../../build/driving/driving.egg-info to /home/xytron/2026-kookmin-contest-qualifier/install/driving/lib/python3.10/site-packages/driving-0.0.1-py3.10.egg-info
running install_scripts
Installing driving script to /home/xytron/2026-kookmin-contest-qualifier/install/driving/lib/driving
writing list of installed files to '/home/xytron/2026-kookmin-contest-qualifier/build/driving/install.log'
