[0.067s] Invoking command in '/home/xytron/2026-kookmin-contest-qualifier/build/xycar_msgs': CMAKE_PREFIX_PATH=/home/xytron/xycar_ws/install/xycar_msgs:/home/xytron/xycar_ws/install/my_lidar:/home/xytron/xycar_ws/install/my_cam:/home/xytron/xycar_ws/install/main:/home/xytron/xycar_ws/install/kookmin9_viewer:/home/xytron/xycar_ws/install/track_drive:/home/xytron/xycar_ws/install/ros_tcp_endpoint:/home/xytron/xycar_ws/install/perception:/home/xytron/xycar_ws/install/my_motor:/home/xytron/xycar_ws/install/my_imu:/home/xytron/xycar_ws/install/driving:/opt/ros/humble:/home/xytron/xycar_ws/install/ericar_msgs /usr/bin/cmake /home/xytron/2026-kookmin-contest-qualifier/xycar_msgs -DCMAKE_INSTALL_PREFIX=/home/xytron/2026-kookmin-contest-qualifier/install/xycar_msgs
[1.629s] -- Found ament_cmake: 1.3.14 (/opt/ros/humble/share/ament_cmake/cmake)
[1.629s] -- Override CMake install command with custom implementation using symlinks instead of copying resources
[1.629s] -- Found rosidl_default_generators: 1.2.1 (/opt/ros/humble/share/rosidl_default_generators/cmake)
[1.629s] -- Using all available rosidl_typesupport_c: rosidl_typesupport_fastrtps_c;rosidl_typesupport_introspection_c
[1.630s] -- Found rosidl_adapter: 3.1.8 (/opt/ros/humble/share/rosidl_adapter/cmake)
[1.630s] -- Using all available rosidl_typesupport_cpp: rosidl_typesupport_fastrtps_cpp;rosidl_typesupport_introspection_cpp
[1.630s] -- Found std_msgs: 4.9.1 (/opt/ros/humble/share/std_msgs/cmake)
[1.630s] -- Found sensor_msgs: 4.9.1 (/opt/ros/humble/share/sensor_msgs/cmake)
[1.630s] -- Found ament_cmake_ros: 0.10.0 (/opt/ros/humble/share/ament_cmake_ros/cmake)
[1.955s] -- Using all available rosidl_typesupport_c: rosidl_typesupport_fastrtps_c;rosidl_typesupport_introspection_c
[2.340s] -- Using all available rosidl_typesupport_cpp: rosidl_typesupport_fastrtps_cpp;rosidl_typesupport_introspection_cpp
[2.405s] -- Found python_cmake_module: 0.10.0 (/opt/ros/humble/share/python_cmake_module/cmake)
[2.481s] -- Using PYTHON_EXECUTABLE: /usr/bin/python3
[2.481s] -- Using PYTHON_INCLUDE_DIRS: /usr/include/python3.10
[2.481s] -- Using PYTHON_LIBRARIES: /usr/lib/x86_64-linux-gnu/libpython3.10.so
[2.865s] -- Found ament_lint_auto: 0.12.15 (/opt/ros/humble/share/ament_lint_auto/cmake)
[2.963s] -- Added test 'lint_cmake' to check CMake code style
[2.970s] -- Added test 'xmllint' to check XML markup files
[2.980s] -- Configuring done
[3.212s] -- Generating done
[3.249s] -- Build files have been written to: /home/xytron/2026-kookmin-contest-qualifier/build/xycar_msgs
[3.277s] Invoked command in '/home/xytron/2026-kookmin-contest-qualifier/build/xycar_msgs' returned '0': CMAKE_PREFIX_PATH=/home/xytron/xycar_ws/install/xycar_msgs:/home/xytron/xycar_ws/install/my_lidar:/home/xytron/xycar_ws/install/my_cam:/home/xytron/xycar_ws/install/main:/home/xytron/xycar_ws/install/kookmin9_viewer:/home/xytron/xycar_ws/install/track_drive:/home/xytron/xycar_ws/install/ros_tcp_endpoint:/home/xytron/xycar_ws/install/perception:/home/xytron/xycar_ws/install/my_motor:/home/xytron/xycar_ws/install/my_imu:/home/xytron/xycar_ws/install/driving:/opt/ros/humble:/home/xytron/xycar_ws/install/ericar_msgs /usr/bin/cmake /home/xytron/2026-kookmin-contest-qualifier/xycar_msgs -DCMAKE_INSTALL_PREFIX=/home/xytron/2026-kookmin-contest-qualifier/install/xycar_msgs
[3.278s] Invoking command in '/home/xytron/2026-kookmin-contest-qualifier/build/xycar_msgs': CMAKE_PREFIX_PATH=/home/xytron/xycar_ws/install/xycar_msgs:/home/xytron/xycar_ws/install/my_lidar:/home/xytron/xycar_ws/install/my_cam:/home/xytron/xycar_ws/install/main:/home/xytron/xycar_ws/install/kookmin9_viewer:/home/xytron/xycar_ws/install/track_drive:/home/xytron/xycar_ws/install/ros_tcp_endpoint:/home/xytron/xycar_ws/install/perception:/home/xytron/xycar_ws/install/my_motor:/home/xytron/xycar_ws/install/my_imu:/home/xytron/xycar_ws/install/driving:/opt/ros/humble:/home/xytron/xycar_ws/install/ericar_msgs /usr/bin/cmake --build /home/xytron/2026-kookmin-contest-qualifier/build/xycar_msgs -- -j8 -l8
[3.406s] Consolidate compiler generated dependencies of target xycar_msgs__rosidl_generator_c
[3.421s] [  2%] Built target xycar_msgs__rs
[3.435s] [  5%] Built target xycar_msgs__cpp
[3.439s] [  5%] Built target ament_cmake_python_symlink_xycar_msgs
[3.475s] Consolidate compiler generated dependencies of target xycar_msgs__rosidl_typesupport_introspection_cpp
[3.487s] Consolidate compiler generated dependencies of target xycar_msgs__rosidl_typesupport_cpp
[3.503s] Consolidate compiler generated dependencies of target xycar_msgs__rosidl_typesupport_fastrtps_cpp
[3.504s] [ 15%] Built target xycar_msgs__rosidl_generator_c
[3.559s] Consolidate compiler generated dependencies of target xycar_msgs__rosidl_typesupport_c
[3.573s] Consolidate compiler generated dependencies of target xycar_msgs__rosidl_typesupport_introspection_c
[3.573s] Consolidate compiler generated dependencies of target xycar_msgs__rosidl_typesupport_fastrtps_c
[3.649s] [ 25%] Built target xycar_msgs__rosidl_typesupport_cpp
[3.649s] [ 45%] Built target xycar_msgs__rosidl_typesupport_introspection_cpp
[3.649s] [ 35%] Built target xycar_msgs__rosidl_typesupport_fastrtps_cpp
[3.649s] [ 55%] Built target xycar_msgs__rosidl_typesupport_c
[3.649s] [ 65%] Built target xycar_msgs__rosidl_typesupport_introspection_c
[3.650s] [ 75%] Built target xycar_msgs__rosidl_typesupport_fastrtps_c
[3.670s] [ 75%] Built target xycar_msgs
[3.711s] [ 77%] Built target xycar_msgs__py
[3.730s] Consolidate compiler generated dependencies of target xycar_msgs__rosidl_generator_py
[3.764s] [ 85%] Built target xycar_msgs__rosidl_generator_py
[3.798s] Consolidate compiler generated dependencies of target xycar_msgs__rosidl_typesupport_fastrtps_c__pyext
[3.805s] Consolidate compiler generated dependencies of target xycar_msgs__rosidl_typesupport_introspection_c__pyext
[3.805s] Consolidate compiler generated dependencies of target xycar_msgs__rosidl_typesupport_c__pyext
[3.829s] [ 90%] Built target xycar_msgs__rosidl_typesupport_fastrtps_c__pyext
[3.830s] [ 95%] Built target xycar_msgs__rosidl_typesupport_c__pyext
[3.846s] [100%] Built target xycar_msgs__rosidl_typesupport_introspection_c__pyext
[3.971s] running egg_info
[3.973s] writing xycar_msgs.egg-info/PKG-INFO
[3.973s] writing dependency_links to xycar_msgs.egg-info/dependency_links.txt
[3.973s] writing top-level names to xycar_msgs.egg-info/top_level.txt
[3.980s] reading manifest file 'xycar_msgs.egg-info/SOURCES.txt'
[3.984s] writing manifest file 'xycar_msgs.egg-info/SOURCES.txt'
[4.050s] [100%] Built target ament_cmake_python_build_xycar_msgs_egg
[4.071s] Invoked command in '/home/xytron/2026-kookmin-contest-qualifier/build/xycar_msgs' returned '0': CMAKE_PREFIX_PATH=/home/xytron/xycar_ws/install/xycar_msgs:/home/xytron/xycar_ws/install/my_lidar:/home/xytron/xycar_ws/install/my_cam:/home/xytron/xycar_ws/install/main:/home/xytron/xycar_ws/install/kookmin9_viewer:/home/xytron/xycar_ws/install/track_drive:/home/xytron/xycar_ws/install/ros_tcp_endpoint:/home/xytron/xycar_ws/install/perception:/home/xytron/xycar_ws/install/my_motor:/home/xytron/xycar_ws/install/my_imu:/home/xytron/xycar_ws/install/driving:/opt/ros/humble:/home/xytron/xycar_ws/install/ericar_msgs /usr/bin/cmake --build /home/xytron/2026-kookmin-contest-qualifier/build/xycar_msgs -- -j8 -l8
[4.090s] Invoking command in '/home/xytron/2026-kookmin-contest-qualifier/build/xycar_msgs': CMAKE_PREFIX_PATH=/home/xytron/xycar_ws/install/xycar_msgs:/home/xytron/xycar_ws/install/my_lidar:/home/xytron/xycar_ws/install/my_cam:/home/xytron/xycar_ws/install/main:/home/xytron/xycar_ws/install/kookmin9_viewer:/home/xytron/xycar_ws/install/track_drive:/home/xytron/xycar_ws/install/ros_tcp_endpoint:/home/xytron/xycar_ws/install/perception:/home/xytron/xycar_ws/install/my_motor:/home/xytron/xycar_ws/install/my_imu:/home/xytron/xycar_ws/install/driving:/opt/ros/humble:/home/xytron/xycar_ws/install/ericar_msgs /usr/bin/cmake --install /home/xytron/2026-kookmin-contest-qualifier/build/xycar_msgs
[4.105s] -- Install configuration: ""
[4.106s] -- Execute custom install script
[4.107s] -- Up-to-date symlink: /home/xytron/2026-kookmin-contest-qualifier/install/xycar_msgs/share/ament_index/resource_index/rosidl_interfaces/xycar_msgs
[4.109s] -- Up-to-date symlink: /home/xytron/2026-kookmin-contest-qualifier/install/xycar_msgs/include/xycar_msgs/xycar_msgs/msg/detail/xycar_motor__functions.h
[4.110s] -- Up-to-date symlink: /home/xytron/2026-kookmin-contest-qualifier/install/xycar_msgs/include/xycar_msgs/xycar_msgs/msg/detail/xycar_motor__struct.h
[4.111s] -- Up-to-date symlink: /home/xytron/2026-kookmin-contest-qualifier/install/xycar_msgs/include/xycar_msgs/xycar_msgs/msg/detail/xycar_motor__type_support.h
[4.111s] -- Up-to-date symlink: /home/xytron/2026-kookmin-contest-qualifier/install/xycar_msgs/include/xycar_msgs/xycar_msgs/msg/detail/xycar_ultrasonic__functions.h
[4.111s] -- Up-to-date symlink: /home/xytron/2026-kookmin-contest-qualifier/install/xycar_msgs/include/xycar_msgs/xycar_msgs/msg/detail/xycar_ultrasonic__struct.h
[4.115s] -- Up-to-date symlink: /home/xytron/2026-kookmin-contest-qualifier/install/xycar_msgs/include/xycar_msgs/xycar_msgs/msg/detail/xycar_ultrasonic__type_support.h
[4.115s] -- Up-to-date symlink: /home/xytron/2026-kookmin-contest-qualifier/install/xycar_msgs/include/xycar_msgs/xycar_msgs/msg/rosidl_generator_c__visibility_control.h
[4.115s] -- Up-to-date symlink: /home/xytron/2026-kookmin-contest-qualifier/install/xycar_msgs/include/xycar_msgs/xycar_msgs/msg/xycar_motor.h
[4.115s] -- Up-to-date symlink: /home/xytron/2026-kookmin-contest-qualifier/install/xycar_msgs/include/xycar_msgs/xycar_msgs/msg/xycar_ultrasonic.h
[4.115s] -- Up-to-date symlink: /home/xytron/2026-kookmin-contest-qualifier/install/xycar_msgs/share/xycar_msgs/environment/library_path.sh
[4.115s] -- Up-to-date symlink: /home/xytron/2026-kookmin-contest-qualifier/install/xycar_msgs/share/xycar_msgs/environment/library_path.dsv
[4.118s] -- Up-to-date symlink: /home/xytron/2026-kookmin-contest-qualifier/install/xycar_msgs/include/xycar_msgs/xycar_msgs/msg/detail/xycar_motor__rosidl_typesupport_fastrtps_c.h
[4.118s] -- Up-to-date symlink: /home/xytron/2026-kookmin-contest-qualifier/install/xycar_msgs/include/xycar_msgs/xycar_msgs/msg/detail/xycar_ultrasonic__rosidl_typesupport_fastrtps_c.h
[4.119s] -- Up-to-date symlink: /home/xytron/2026-kookmin-contest-qualifier/install/xycar_msgs/include/xycar_msgs/xycar_msgs/msg/rosidl_typesupport_fastrtps_c__visibility_control.h
[4.120s] -- Up-to-date symlink: /home/xytron/2026-kookmin-contest-qualifier/install/xycar_msgs/include/xycar_msgs/xycar_msgs/msg/detail/xycar_motor__rosidl_typesupport_introspection_c.h
[4.122s] -- Up-to-date symlink: /home/xytron/2026-kookmin-contest-qualifier/install/xycar_msgs/include/xycar_msgs/xycar_msgs/msg/detail/xycar_ultrasonic__rosidl_typesupport_introspection_c.h
[4.123s] -- Up-to-date symlink: /home/xytron/2026-kookmin-contest-qualifier/install/xycar_msgs/include/xycar_msgs/xycar_msgs/msg/rosidl_typesupport_introspection_c__visibility_control.h
[4.124s] -- Up-to-date symlink: /home/xytron/2026-kookmin-contest-qualifier/install/xycar_msgs/include/xycar_msgs/xycar_msgs/msg/detail/xycar_motor__builder.hpp
[4.129s] -- Up-to-date symlink: /home/xytron/2026-kookmin-contest-qualifier/install/xycar_msgs/include/xycar_msgs/xycar_msgs/msg/detail/xycar_motor__struct.hpp
[4.130s] -- Up-to-date symlink: /home/xytron/2026-kookmin-contest-qualifier/install/xycar_msgs/include/xycar_msgs/xycar_msgs/msg/detail/xycar_motor__traits.hpp
[4.131s] -- Up-to-date symlink: /home/xytron/2026-kookmin-contest-qualifier/install/xycar_msgs/include/xycar_msgs/xycar_msgs/msg/detail/xycar_motor__type_support.hpp
[4.133s] -- Up-to-date symlink: /home/xytron/2026-kookmin-contest-qualifier/install/xycar_msgs/include/xycar_msgs/xycar_msgs/msg/detail/xycar_ultrasonic__builder.hpp
[4.134s] -- Up-to-date symlink: /home/xytron/2026-kookmin-contest-qualifier/install/xycar_msgs/include/xycar_msgs/xycar_msgs/msg/detail/xycar_ultrasonic__struct.hpp
[4.134s] -- Up-to-date symlink: /home/xytron/2026-kookmin-contest-qualifier/install/xycar_msgs/include/xycar_msgs/xycar_msgs/msg/detail/xycar_ultrasonic__traits.hpp
[4.134s] -- Up-to-date symlink: /home/xytron/2026-kookmin-contest-qualifier/install/xycar_msgs/include/xycar_msgs/xycar_msgs/msg/detail/xycar_ultrasonic__type_support.hpp
[4.134s] -- Up-to-date symlink: /home/xytron/2026-kookmin-contest-qualifier/install/xycar_msgs/include/xycar_msgs/xycar_msgs/msg/rosidl_generator_cpp__visibility_control.hpp
[4.135s] -- Up-to-date symlink: /home/xytron/2026-kookmin-contest-qualifier/install/xycar_msgs/include/xycar_msgs/xycar_msgs/msg/xycar_motor.hpp
[4.137s] -- Up-to-date symlink: /home/xytron/2026-kookmin-contest-qualifier/install/xycar_msgs/include/xycar_msgs/xycar_msgs/msg/xycar_ultrasonic.hpp
[4.139s] -- Up-to-date symlink: /home/xytron/2026-kookmin-contest-qualifier/install/xycar_msgs/include/xycar_msgs/xycar_msgs/msg/detail/xycar_motor__rosidl_typesupport_fastrtps_cpp.hpp
[4.141s] -- Up-to-date symlink: /home/xytron/2026-kookmin-contest-qualifier/install/xycar_msgs/include/xycar_msgs/xycar_msgs/msg/detail/xycar_ultrasonic__rosidl_typesupport_fastrtps_cpp.hpp
[4.141s] -- Up-to-date symlink: /home/xytron/2026-kookmin-contest-qualifier/install/xycar_msgs/include/xycar_msgs/xycar_msgs/msg/rosidl_typesupport_fastrtps_cpp__visibility_control.h
[4.142s] -- Up-to-date symlink: /home/xytron/2026-kookmin-contest-qualifier/install/xycar_msgs/include/xycar_msgs/xycar_msgs/msg/detail/xycar_motor__rosidl_typesupport_introspection_cpp.hpp
[4.145s] -- Up-to-date symlink: /home/xytron/2026-kookmin-contest-qualifier/install/xycar_msgs/include/xycar_msgs/xycar_msgs/msg/detail/xycar_ultrasonic__rosidl_typesupport_introspection_cpp.hpp
[4.145s] -- Up-to-date symlink: /home/xytron/2026-kookmin-contest-qualifier/install/xycar_msgs/share/xycar_msgs/environment/pythonpath.sh
[4.146s] -- Up-to-date symlink: /home/xytron/2026-kookmin-contest-qualifier/install/xycar_msgs/share/xycar_msgs/environment/pythonpath.dsv
[4.147s] -- Up-to-date symlink: /home/xytron/2026-kookmin-contest-qualifier/install/xycar_msgs/local/lib/python3.10/dist-packages/xycar_msgs-0.0.0-py3.10.egg-info/PKG-INFO
[4.147s] -- Up-to-date symlink: /home/xytron/2026-kookmin-contest-qualifier/install/xycar_msgs/local/lib/python3.10/dist-packages/xycar_msgs-0.0.0-py3.10.egg-info/SOURCES.txt
[4.148s] -- Up-to-date symlink: /home/xytron/2026-kookmin-contest-qualifier/install/xycar_msgs/local/lib/python3.10/dist-packages/xycar_msgs-0.0.0-py3.10.egg-info/dependency_links.txt
[4.149s] -- Up-to-date symlink: /home/xytron/2026-kookmin-contest-qualifier/install/xycar_msgs/local/lib/python3.10/dist-packages/xycar_msgs-0.0.0-py3.10.egg-info/top_level.txt
[4.152s] -- Up-to-date symlink: /home/xytron/2026-kookmin-contest-qualifier/install/xycar_msgs/local/lib/python3.10/dist-packages/xycar_msgs/__init__.py
[4.152s] -- Up-to-date symlink: /home/xytron/2026-kookmin-contest-qualifier/install/xycar_msgs/local/lib/python3.10/dist-packages/xycar_msgs/_xycar_msgs_s.ep.rosidl_typesupport_c.c
[4.153s] -- Up-to-date symlink: /home/xytron/2026-kookmin-contest-qualifier/install/xycar_msgs/local/lib/python3.10/dist-packages/xycar_msgs/_xycar_msgs_s.ep.rosidl_typesupport_fastrtps_c.c
[4.153s] -- Up-to-date symlink: /home/xytron/2026-kookmin-contest-qualifier/install/xycar_msgs/local/lib/python3.10/dist-packages/xycar_msgs/_xycar_msgs_s.ep.rosidl_typesupport_introspection_c.c
[4.154s] -- Up-to-date symlink: /home/xytron/2026-kookmin-contest-qualifier/install/xycar_msgs/local/lib/python3.10/dist-packages/xycar_msgs/libxycar_msgs__rosidl_generator_py.so
[4.158s] -- Up-to-date symlink: /home/xytron/2026-kookmin-contest-qualifier/install/xycar_msgs/local/lib/python3.10/dist-packages/xycar_msgs/msg/__init__.py
[4.158s] -- Up-to-date symlink: /home/xytron/2026-kookmin-contest-qualifier/install/xycar_msgs/local/lib/python3.10/dist-packages/xycar_msgs/msg/_xycar_motor.py
[4.158s] -- Up-to-date symlink: /home/xytron/2026-kookmin-contest-qualifier/install/xycar_msgs/local/lib/python3.10/dist-packages/xycar_msgs/msg/_xycar_motor_s.c
[4.158s] -- Up-to-date symlink: /home/xytron/2026-kookmin-contest-qualifier/install/xycar_msgs/local/lib/python3.10/dist-packages/xycar_msgs/msg/_xycar_ultrasonic.py
[4.158s] -- Up-to-date symlink: /home/xytron/2026-kookmin-contest-qualifier/install/xycar_msgs/local/lib/python3.10/dist-packages/xycar_msgs/msg/_xycar_ultrasonic_s.c
[4.159s] -- Up-to-date symlink: /home/xytron/2026-kookmin-contest-qualifier/install/xycar_msgs/local/lib/python3.10/dist-packages/xycar_msgs/xycar_msgs_s__rosidl_typesupport_c.cpython-310-x86_64-linux-gnu.so
[4.161s] -- Up-to-date symlink: /home/xytron/2026-kookmin-contest-qualifier/install/xycar_msgs/local/lib/python3.10/dist-packages/xycar_msgs/xycar_msgs_s__rosidl_typesupport_fastrtps_c.cpython-310-x86_64-linux-gnu.so
[4.162s] -- Up-to-date symlink: /home/xytron/2026-kookmin-contest-qualifier/install/xycar_msgs/local/lib/python3.10/dist-packages/xycar_msgs/xycar_msgs_s__rosidl_typesupport_introspection_c.cpython-310-x86_64-linux-gnu.so
[4.162s] -- Up-to-date symlink: /home/xytron/2026-kookmin-contest-qualifier/install/xycar_msgs/local/lib/python3.10/dist-packages/xycar_msgs/xycar_msgs_s__rosidl_typesupport_fastrtps_c.cpython-310-x86_64-linux-gnu.so
[4.162s] -- Up-to-date symlink: /home/xytron/2026-kookmin-contest-qualifier/install/xycar_msgs/local/lib/python3.10/dist-packages/xycar_msgs/xycar_msgs_s__rosidl_typesupport_introspection_c.cpython-310-x86_64-linux-gnu.so
[4.163s] -- Up-to-date symlink: /home/xytron/2026-kookmin-contest-qualifier/install/xycar_msgs/local/lib/python3.10/dist-packages/xycar_msgs/xycar_msgs_s__rosidl_typesupport_c.cpython-310-x86_64-linux-gnu.so
[4.165s] -- Up-to-date symlink: /home/xytron/2026-kookmin-contest-qualifier/install/xycar_msgs/share/ament_index/resource_index/rust_packages/xycar_msgs
[4.166s] -- Up-to-date symlink: /home/xytron/2026-kookmin-contest-qualifier/install/xycar_msgs/share/xycar_msgs/rust/Cargo.toml
[4.166s] -- Up-to-date symlink: /home/xytron/2026-kookmin-contest-qualifier/install/xycar_msgs/share/xycar_msgs/rust/build.rs
[4.167s] -- Up-to-date symlink: /home/xytron/2026-kookmin-contest-qualifier/install/xycar_msgs/share/xycar_msgs/rust/src/lib.rs
[4.168s] -- Up-to-date symlink: /home/xytron/2026-kookmin-contest-qualifier/install/xycar_msgs/share/xycar_msgs/rust/src/msg.rs
[4.169s] -- Up-to-date symlink: /home/xytron/2026-kookmin-contest-qualifier/install/xycar_msgs/share/xycar_msgs/rust/src/msg/rmw.rs
[4.169s] -- Up-to-date symlink: /home/xytron/2026-kookmin-contest-qualifier/install/xycar_msgs/share/xycar_msgs/msg/XycarMotor.idl
[4.170s] -- Up-to-date symlink: /home/xytron/2026-kookmin-contest-qualifier/install/xycar_msgs/share/xycar_msgs/msg/XycarUltrasonic.idl
[4.171s] -- Up-to-date symlink: /home/xytron/2026-kookmin-contest-qualifier/install/xycar_msgs/share/xycar_msgs/msg/XycarMotor.msg
[4.171s] -- Up-to-date symlink: /home/xytron/2026-kookmin-contest-qualifier/install/xycar_msgs/share/xycar_msgs/msg/XycarUltrasonic.msg
[4.172s] -- Up-to-date symlink: /home/xytron/2026-kookmin-contest-qualifier/install/xycar_msgs/share/ament_index/resource_index/package_run_dependencies/xycar_msgs
[4.173s] -- Up-to-date symlink: /home/xytron/2026-kookmin-contest-qualifier/install/xycar_msgs/share/ament_index/resource_index/parent_prefix_path/xycar_msgs
[4.173s] -- Up-to-date symlink: /home/xytron/2026-kookmin-contest-qualifier/install/xycar_msgs/share/xycar_msgs/environment/ament_prefix_path.sh
[4.174s] -- Up-to-date symlink: /home/xytron/2026-kookmin-contest-qualifier/install/xycar_msgs/share/xycar_msgs/environment/ament_prefix_path.dsv
[4.175s] -- Up-to-date symlink: /home/xytron/2026-kookmin-contest-qualifier/install/xycar_msgs/share/xycar_msgs/environment/path.sh
[4.175s] -- Up-to-date symlink: /home/xytron/2026-kookmin-contest-qualifier/install/xycar_msgs/share/xycar_msgs/environment/path.dsv
[4.176s] -- Up-to-date symlink: /home/xytron/2026-kookmin-contest-qualifier/install/xycar_msgs/share/xycar_msgs/local_setup.bash
[4.177s] -- Up-to-date symlink: /home/xytron/2026-kookmin-contest-qualifier/install/xycar_msgs/share/xycar_msgs/local_setup.sh
[4.178s] -- Up-to-date symlink: /home/xytron/2026-kookmin-contest-qualifier/install/xycar_msgs/share/xycar_msgs/local_setup.zsh
[4.179s] -- Up-to-date symlink: /home/xytron/2026-kookmin-contest-qualifier/install/xycar_msgs/share/xycar_msgs/local_setup.dsv
[4.179s] -- Symlinking: /home/xytron/2026-kookmin-contest-qualifier/install/xycar_msgs/share/xycar_msgs/package.dsv
[4.196s] -- Up-to-date symlink: /home/xytron/2026-kookmin-contest-qualifier/install/xycar_msgs/share/ament_index/resource_index/packages/xycar_msgs
[4.196s] -- Up-to-date symlink: /home/xytron/2026-kookmin-contest-qualifier/install/xycar_msgs/share/xycar_msgs/cmake/rosidl_cmake-extras.cmake
[4.197s] -- Up-to-date symlink: /home/xytron/2026-kookmin-contest-qualifier/install/xycar_msgs/share/xycar_msgs/cmake/ament_cmake_export_dependencies-extras.cmake
[4.198s] -- Up-to-date symlink: /home/xytron/2026-kookmin-contest-qualifier/install/xycar_msgs/share/xycar_msgs/cmake/ament_cmake_export_include_directories-extras.cmake
[4.199s] -- Up-to-date symlink: /home/xytron/2026-kookmin-contest-qualifier/install/xycar_msgs/share/xycar_msgs/cmake/ament_cmake_export_libraries-extras.cmake
[4.200s] -- Up-to-date symlink: /home/xytron/2026-kookmin-contest-qualifier/install/xycar_msgs/share/xycar_msgs/cmake/ament_cmake_export_targets-extras.cmake
[4.200s] -- Up-to-date symlink: /home/xytron/2026-kookmin-contest-qualifier/install/xycar_msgs/share/xycar_msgs/cmake/rosidl_cmake_export_typesupport_targets-extras.cmake
[4.201s] -- Up-to-date symlink: /home/xytron/2026-kookmin-contest-qualifier/install/xycar_msgs/share/xycar_msgs/cmake/rosidl_cmake_export_typesupport_libraries-extras.cmake
[4.202s] -- Up-to-date symlink: /home/xytron/2026-kookmin-contest-qualifier/install/xycar_msgs/share/xycar_msgs/cmake/xycar_msgsConfig.cmake
[4.203s] -- Up-to-date symlink: /home/xytron/2026-kookmin-contest-qualifier/install/xycar_msgs/share/xycar_msgs/cmake/xycar_msgsConfig-version.cmake
[4.205s] -- Up-to-date symlink: /home/xytron/2026-kookmin-contest-qualifier/install/xycar_msgs/share/xycar_msgs/package.xml
[4.206s] -- Up-to-date: /home/xytron/2026-kookmin-contest-qualifier/install/xycar_msgs/lib/libxycar_msgs__rosidl_generator_c.so
[4.208s] -- Up-to-date: /home/xytron/2026-kookmin-contest-qualifier/install/xycar_msgs/lib/libxycar_msgs__rosidl_typesupport_fastrtps_c.so
[4.209s] -- Up-to-date: /home/xytron/2026-kookmin-contest-qualifier/install/xycar_msgs/lib/libxycar_msgs__rosidl_typesupport_introspection_c.so
[4.211s] -- Up-to-date: /home/xytron/2026-kookmin-contest-qualifier/install/xycar_msgs/lib/libxycar_msgs__rosidl_typesupport_c.so
[4.213s] -- Up-to-date: /home/xytron/2026-kookmin-contest-qualifier/install/xycar_msgs/lib/libxycar_msgs__rosidl_typesupport_fastrtps_cpp.so
[4.215s] -- Up-to-date: /home/xytron/2026-kookmin-contest-qualifier/install/xycar_msgs/lib/libxycar_msgs__rosidl_typesupport_introspection_cpp.so
[4.217s] -- Up-to-date: /home/xytron/2026-kookmin-contest-qualifier/install/xycar_msgs/lib/libxycar_msgs__rosidl_typesupport_cpp.so
[4.292s] Listing '/home/xytron/2026-kookmin-contest-qualifier/install/xycar_msgs/local/lib/python3.10/dist-packages/xycar_msgs'...
[4.292s] Compiling '/home/xytron/2026-kookmin-contest-qualifier/install/xycar_msgs/local/lib/python3.10/dist-packages/xycar_msgs/__init__.py'...
[4.292s] Listing '/home/xytron/2026-kookmin-contest-qualifier/install/xycar_msgs/local/lib/python3.10/dist-packages/xycar_msgs/msg'...
[4.302s] -- Up-to-date: /home/xytron/2026-kookmin-contest-qualifier/install/xycar_msgs/lib/libxycar_msgs__rosidl_generator_py.so
[4.303s] -- Up-to-date: /home/xytron/2026-kookmin-contest-qualifier/install/xycar_msgs/share/xycar_msgs/cmake/export_xycar_msgs__rosidl_generator_cExport.cmake
[4.303s] -- Up-to-date: /home/xytron/2026-kookmin-contest-qualifier/install/xycar_msgs/share/xycar_msgs/cmake/export_xycar_msgs__rosidl_generator_cExport-noconfig.cmake
[4.305s] -- Up-to-date: /home/xytron/2026-kookmin-contest-qualifier/install/xycar_msgs/share/xycar_msgs/cmake/export_xycar_msgs__rosidl_typesupport_fastrtps_cExport.cmake
[4.305s] -- Up-to-date: /home/xytron/2026-kookmin-contest-qualifier/install/xycar_msgs/share/xycar_msgs/cmake/export_xycar_msgs__rosidl_typesupport_fastrtps_cExport-noconfig.cmake
[4.306s] -- Up-to-date: /home/xytron/2026-kookmin-contest-qualifier/install/xycar_msgs/share/xycar_msgs/cmake/xycar_msgs__rosidl_typesupport_introspection_cExport.cmake
[4.306s] -- Up-to-date: /home/xytron/2026-kookmin-contest-qualifier/install/xycar_msgs/share/xycar_msgs/cmake/xycar_msgs__rosidl_typesupport_introspection_cExport-noconfig.cmake
[4.306s] -- Up-to-date: /home/xytron/2026-kookmin-contest-qualifier/install/xycar_msgs/share/xycar_msgs/cmake/xycar_msgs__rosidl_typesupport_cExport.cmake
[4.306s] -- Up-to-date: /home/xytron/2026-kookmin-contest-qualifier/install/xycar_msgs/share/xycar_msgs/cmake/xycar_msgs__rosidl_typesupport_cExport-noconfig.cmake
[4.307s] -- Up-to-date: /home/xytron/2026-kookmin-contest-qualifier/install/xycar_msgs/share/xycar_msgs/cmake/export_xycar_msgs__rosidl_generator_cppExport.cmake
[4.307s] -- Up-to-date: /home/xytron/2026-kookmin-contest-qualifier/install/xycar_msgs/share/xycar_msgs/cmake/export_xycar_msgs__rosidl_typesupport_fastrtps_cppExport.cmake
[4.307s] -- Up-to-date: /home/xytron/2026-kookmin-contest-qualifier/install/xycar_msgs/share/xycar_msgs/cmake/export_xycar_msgs__rosidl_typesupport_fastrtps_cppExport-noconfig.cmake
[4.309s] -- Up-to-date: /home/xytron/2026-kookmin-contest-qualifier/install/xycar_msgs/share/xycar_msgs/cmake/xycar_msgs__rosidl_typesupport_introspection_cppExport.cmake
[4.309s] -- Up-to-date: /home/xytron/2026-kookmin-contest-qualifier/install/xycar_msgs/share/xycar_msgs/cmake/xycar_msgs__rosidl_typesupport_introspection_cppExport-noconfig.cmake
[4.309s] -- Up-to-date: /home/xytron/2026-kookmin-contest-qualifier/install/xycar_msgs/share/xycar_msgs/cmake/xycar_msgs__rosidl_typesupport_cppExport.cmake
[4.312s] -- Up-to-date: /home/xytron/2026-kookmin-contest-qualifier/install/xycar_msgs/share/xycar_msgs/cmake/xycar_msgs__rosidl_typesupport_cppExport-noconfig.cmake
[4.314s] -- Up-to-date: /home/xytron/2026-kookmin-contest-qualifier/install/xycar_msgs/share/xycar_msgs/cmake/export_xycar_msgs__rosidl_generator_pyExport.cmake
[4.314s] -- Up-to-date: /home/xytron/2026-kookmin-contest-qualifier/install/xycar_msgs/share/xycar_msgs/cmake/export_xycar_msgs__rosidl_generator_pyExport-noconfig.cmake
[4.318s] Invoked command in '/home/xytron/2026-kookmin-contest-qualifier/build/xycar_msgs' returned '0': CMAKE_PREFIX_PATH=/home/xytron/xycar_ws/install/xycar_msgs:/home/xytron/xycar_ws/install/my_lidar:/home/xytron/xycar_ws/install/my_cam:/home/xytron/xycar_ws/install/main:/home/xytron/xycar_ws/install/kookmin9_viewer:/home/xytron/xycar_ws/install/track_drive:/home/xytron/xycar_ws/install/ros_tcp_endpoint:/home/xytron/xycar_ws/install/perception:/home/xytron/xycar_ws/install/my_motor:/home/xytron/xycar_ws/install/my_imu:/home/xytron/xycar_ws/install/driving:/opt/ros/humble:/home/xytron/xycar_ws/install/ericar_msgs /usr/bin/cmake --install /home/xytron/2026-kookmin-contest-qualifier/build/xycar_msgs
