[1.689s] Invoking command in '/home/xytron/2026-kookmin-contest-qualifier/build/main': PYTHONPATH=/home/xytron/2026-kookmin-contest-qualifier/build/main/prefix_override:/usr/lib/python3/dist-packages/colcon_core/task/python/colcon_distutils_commands:/home/xytron/2026-kookmin-contest-qualifier/install/main/lib/python3.10/site-packages:${PYTHONPATH} /usr/bin/python3 -W ignore:setup.py install is deprecated -W ignore:easy_install command is deprecated setup.py develop --editable --build-directory /home/xytron/2026-kookmin-contest-qualifier/build/main/build --no-deps symlink_data
[2.033s] running develop
[2.258s] running egg_info
[2.258s] creating main.egg-info
[2.259s] writing main.egg-info/PKG-INFO
[2.259s] writing dependency_links to main.egg-info/dependency_links.txt
[2.260s] writing entry points to main.egg-info/entry_points.txt
[2.260s] writing requirements to main.egg-info/requires.txt
[2.260s] writing top-level names to main.egg-info/top_level.txt
[2.263s] writing manifest file 'main.egg-info/SOURCES.txt'
[2.264s] reading manifest file 'main.egg-info/SOURCES.txt'
[2.265s] writing manifest file 'main.egg-info/SOURCES.txt'
[2.268s] running build_ext
[2.268s] Creating /home/xytron/2026-kookmin-contest-qualifier/install/main/lib/python3.10/site-packages/main.egg-link (link to .)
[2.269s] Installing control script to /home/xytron/2026-kookmin-contest-qualifier/install/main/lib/main
[2.269s] Installing main script to /home/xytron/2026-kookmin-contest-qualifier/install/main/lib/main
[2.269s] 
[2.269s] Installed /home/xytron/2026-kookmin-contest-qualifier/build/main
[2.269s] running symlink_data
[2.269s] creating /home/xytron/2026-kookmin-contest-qualifier/install/main/share/ament_index
[2.269s] creating /home/xytron/2026-kookmin-contest-qualifier/install/main/share/ament_index/resource_index
[2.279s] creating /home/xytron/2026-kookmin-contest-qualifier/install/main/share/ament_index/resource_index/packages
[2.280s] symbolically linking /home/xytron/2026-kookmin-contest-qualifier/build/main/resource/main -> /home/xytron/2026-kookmin-contest-qualifier/install/main/share/ament_index/resource_index/packages
[2.281s] symbolically linking /home/xytron/2026-kookmin-contest-qualifier/build/main/package.xml -> /home/xytron/2026-kookmin-contest-qualifier/install/main/share/main
[2.281s] creating /home/xytron/2026-kookmin-contest-qualifier/install/main/share/main/launch
[2.313s] Invoked command in '/home/xytron/2026-kookmin-contest-qualifier/build/main' returned '0': PYTHONPATH=/home/xytron/2026-kookmin-contest-qualifier/build/main/prefix_override:/usr/lib/python3/dist-packages/colcon_core/task/python/colcon_distutils_commands:/home/xytron/2026-kookmin-contest-qualifier/install/main/lib/python3.10/site-packages:${PYTHONPATH} /usr/bin/python3 -W ignore:setup.py install is deprecated -W ignore:easy_install command is deprecated setup.py develop --editable --build-directory /home/xytron/2026-kookmin-contest-qualifier/build/main/build --no-deps symlink_data
