[2.614s] Invoking command in '/home/xytron/2026-kookmin-contest-qualifier/my_imu': PYTHONPATH=/home/xytron/2026-kookmin-contest-qualifier/build/my_imu/prefix_override:/usr/lib/python3/dist-packages/colcon_core/task/python/colcon_distutils_commands:/home/xytron/2026-kookmin-contest-qualifier/install/my_imu/lib/python3.10/site-packages:${PYTHONPATH} /usr/bin/python3 -W ignore:setup.py install is deprecated -W ignore:easy_install command is deprecated setup.py egg_info --egg-base ../build/my_imu build --build-base /home/xytron/2026-kookmin-contest-qualifier/build/my_imu/build install --record /home/xytron/2026-kookmin-contest-qualifier/build/my_imu/install.log --single-version-externally-managed install_data
[3.009s] running egg_info
[3.018s] writing ../build/my_imu/my_imu.egg-info/PKG-INFO
[3.018s] writing dependency_links to ../build/my_imu/my_imu.egg-info/dependency_links.txt
[3.018s] writing entry points to ../build/my_imu/my_imu.egg-info/entry_points.txt
[3.018s] writing requirements to ../build/my_imu/my_imu.egg-info/requires.txt
[3.018s] writing top-level names to ../build/my_imu/my_imu.egg-info/top_level.txt
[3.018s] reading manifest file '../build/my_imu/my_imu.egg-info/SOURCES.txt'
[3.029s] writing manifest file '../build/my_imu/my_imu.egg-info/SOURCES.txt'
[3.029s] running build
[3.029s] running build_py
[3.030s] running install
[3.030s] running install_lib
[3.042s] running install_data
[3.042s] running install_egg_info
[3.042s] removing '/home/xytron/2026-kookmin-contest-qualifier/install/my_imu/lib/python3.10/site-packages/my_imu-0.0.0-py3.10.egg-info' (and everything under it)
[3.054s] Copying ../build/my_imu/my_imu.egg-info to /home/xytron/2026-kookmin-contest-qualifier/install/my_imu/lib/python3.10/site-packages/my_imu-0.0.0-py3.10.egg-info
[3.054s] running install_scripts
[3.098s] Installing roll_pitch_yaw script to /home/xytron/2026-kookmin-contest-qualifier/install/my_imu/lib/my_imu
[3.099s] writing list of installed files to '/home/xytron/2026-kookmin-contest-qualifier/build/my_imu/install.log'
[3.186s] Invoked command in '/home/xytron/2026-kookmin-contest-qualifier/my_imu' returned '0': PYTHONPATH=/home/xytron/2026-kookmin-contest-qualifier/build/my_imu/prefix_override:/usr/lib/python3/dist-packages/colcon_core/task/python/colcon_distutils_commands:/home/xytron/2026-kookmin-contest-qualifier/install/my_imu/lib/python3.10/site-packages:${PYTHONPATH} /usr/bin/python3 -W ignore:setup.py install is deprecated -W ignore:easy_install command is deprecated setup.py egg_info --egg-base ../build/my_imu build --build-base /home/xytron/2026-kookmin-contest-qualifier/build/my_imu/build install --record /home/xytron/2026-kookmin-contest-qualifier/build/my_imu/install.log --single-version-externally-managed install_data
