[2.308s] Invoking command in '/home/xytron/2026-kookmin-contest-qualifier/build/kookmin9_viewer': AMENT_PREFIX_PATH=/home/xytron/2026-kookmin-contest-qualifier/install/xycar_msgs:${AMENT_PREFIX_PATH} CMAKE_PREFIX_PATH=/home/xytron/2026-kookmin-contest-qualifier/install/xycar_msgs:${CMAKE_PREFIX_PATH} LD_LIBRARY_PATH=/home/xytron/2026-kookmin-contest-qualifier/install/xycar_msgs/lib:${LD_LIBRARY_PATH} PYTHONPATH=/home/xytron/2026-kookmin-contest-qualifier/build/kookmin9_viewer/prefix_override:/usr/lib/python3/dist-packages/colcon_core/task/python/colcon_distutils_commands:/home/xytron/2026-kookmin-contest-qualifier/install/kookmin9_viewer/lib/python3.10/site-packages:/home/xytron/2026-kookmin-contest-qualifier/install/xycar_msgs/local/lib/python3.10/dist-packages:${PYTHONPATH} /usr/bin/python3 -W ignore:setup.py install is deprecated -W ignore:easy_install command is deprecated setup.py develop --uninstall --editable --build-directory /home/xytron/2026-kookmin-contest-qualifier/build/kookmin9_viewer/build
[2.767s] running develop
[3.025s] Removing /home/xytron/2026-kookmin-contest-qualifier/install/kookmin9_viewer/lib/python3.10/site-packages/kookmin9-viewer.egg-link (link to .)
[3.063s] Invoked command in '/home/xytron/2026-kookmin-contest-qualifier/build/kookmin9_viewer' returned '0': AMENT_PREFIX_PATH=/home/xytron/2026-kookmin-contest-qualifier/install/xycar_msgs:${AMENT_PREFIX_PATH} CMAKE_PREFIX_PATH=/home/xytron/2026-kookmin-contest-qualifier/install/xycar_msgs:${CMAKE_PREFIX_PATH} LD_LIBRARY_PATH=/home/xytron/2026-kookmin-contest-qualifier/install/xycar_msgs/lib:${LD_LIBRARY_PATH} PYTHONPATH=/home/xytron/2026-kookmin-contest-qualifier/build/kookmin9_viewer/prefix_override:/usr/lib/python3/dist-packages/colcon_core/task/python/colcon_distutils_commands:/home/xytron/2026-kookmin-contest-qualifier/install/kookmin9_viewer/lib/python3.10/site-packages:/home/xytron/2026-kookmin-contest-qualifier/install/xycar_msgs/local/lib/python3.10/dist-packages:${PYTHONPATH} /usr/bin/python3 -W ignore:setup.py install is deprecated -W ignore:easy_install command is deprecated setup.py develop --uninstall --editable --build-directory /home/xytron/2026-kookmin-contest-qualifier/build/kookmin9_viewer/build
[3.065s] Invoking command in '/home/xytron/2026-kookmin-contest-qualifier/kookmin9_viewer': AMENT_PREFIX_PATH=/home/xytron/2026-kookmin-contest-qualifier/install/xycar_msgs:${AMENT_PREFIX_PATH} CMAKE_PREFIX_PATH=/home/xytron/2026-kookmin-contest-qualifier/install/xycar_msgs:${CMAKE_PREFIX_PATH} LD_LIBRARY_PATH=/home/xytron/2026-kookmin-contest-qualifier/install/xycar_msgs/lib:${LD_LIBRARY_PATH} PYTHONPATH=/home/xytron/2026-kookmin-contest-qualifier/build/kookmin9_viewer/prefix_override:/usr/lib/python3/dist-packages/colcon_core/task/python/colcon_distutils_commands:/home/xytron/2026-kookmin-contest-qualifier/install/kookmin9_viewer/lib/python3.10/site-packages:/home/xytron/2026-kookmin-contest-qualifier/install/xycar_msgs/local/lib/python3.10/dist-packages:${PYTHONPATH} /usr/bin/python3 -W ignore:setup.py install is deprecated -W ignore:easy_install command is deprecated setup.py egg_info --egg-base ../build/kookmin9_viewer build --build-base /home/xytron/2026-kookmin-contest-qualifier/build/kookmin9_viewer/build install --record /home/xytron/2026-kookmin-contest-qualifier/build/kookmin9_viewer/install.log --single-version-externally-managed install_data --force
[3.401s] running egg_info
[3.404s] writing ../build/kookmin9_viewer/kookmin9_viewer.egg-info/PKG-INFO
[3.404s] writing dependency_links to ../build/kookmin9_viewer/kookmin9_viewer.egg-info/dependency_links.txt
[3.404s] writing entry points to ../build/kookmin9_viewer/kookmin9_viewer.egg-info/entry_points.txt
[3.404s] writing requirements to ../build/kookmin9_viewer/kookmin9_viewer.egg-info/requires.txt
[3.404s] writing top-level names to ../build/kookmin9_viewer/kookmin9_viewer.egg-info/top_level.txt
[3.407s] reading manifest file '../build/kookmin9_viewer/kookmin9_viewer.egg-info/SOURCES.txt'
[3.407s] adding license file 'LICENSE'
[3.409s] writing manifest file '../build/kookmin9_viewer/kookmin9_viewer.egg-info/SOURCES.txt'
[3.409s] running build
[3.410s] running build_py
[3.410s] creating /home/xytron/2026-kookmin-contest-qualifier/build/kookmin9_viewer/build
[3.410s] creating /home/xytron/2026-kookmin-contest-qualifier/build/kookmin9_viewer/build/lib
[3.410s] creating /home/xytron/2026-kookmin-contest-qualifier/build/kookmin9_viewer/build/lib/kookmin9_viewer
[3.411s] copying kookmin9_viewer/test_viewer.py -> /home/xytron/2026-kookmin-contest-qualifier/build/kookmin9_viewer/build/lib/kookmin9_viewer
[3.412s] copying kookmin9_viewer/__init__.py -> /home/xytron/2026-kookmin-contest-qualifier/build/kookmin9_viewer/build/lib/kookmin9_viewer
[3.412s] running install
[3.413s] running install_lib
[3.414s] creating /home/xytron/2026-kookmin-contest-qualifier/install/kookmin9_viewer/lib/python3.10/site-packages/kookmin9_viewer
[3.415s] copying /home/xytron/2026-kookmin-contest-qualifier/build/kookmin9_viewer/build/lib/kookmin9_viewer/test_viewer.py -> /home/xytron/2026-kookmin-contest-qualifier/install/kookmin9_viewer/lib/python3.10/site-packages/kookmin9_viewer
[3.415s] copying /home/xytron/2026-kookmin-contest-qualifier/build/kookmin9_viewer/build/lib/kookmin9_viewer/__init__.py -> /home/xytron/2026-kookmin-contest-qualifier/install/kookmin9_viewer/lib/python3.10/site-packages/kookmin9_viewer
[3.416s] byte-compiling /home/xytron/2026-kookmin-contest-qualifier/install/kookmin9_viewer/lib/python3.10/site-packages/kookmin9_viewer/test_viewer.py to test_viewer.cpython-310.pyc
[3.421s] byte-compiling /home/xytron/2026-kookmin-contest-qualifier/install/kookmin9_viewer/lib/python3.10/site-packages/kookmin9_viewer/__init__.py to __init__.cpython-310.pyc
[3.422s] running install_data
[3.422s] copying resource/kookmin9_viewer -> /home/xytron/2026-kookmin-contest-qualifier/install/kookmin9_viewer/share/ament_index/resource_index/packages
[3.423s] copying package.xml -> /home/xytron/2026-kookmin-contest-qualifier/install/kookmin9_viewer/share/kookmin9_viewer
[3.423s] running install_egg_info
[3.425s] Copying ../build/kookmin9_viewer/kookmin9_viewer.egg-info to /home/xytron/2026-kookmin-contest-qualifier/install/kookmin9_viewer/lib/python3.10/site-packages/kookmin9_viewer-0.1.0-py3.10.egg-info
[3.429s] running install_scripts
[3.459s] Installing test_viewer script to /home/xytron/2026-kookmin-contest-qualifier/install/kookmin9_viewer/lib/kookmin9_viewer
[3.460s] writing list of installed files to '/home/xytron/2026-kookmin-contest-qualifier/build/kookmin9_viewer/install.log'
[3.499s] Invoked command in '/home/xytron/2026-kookmin-contest-qualifier/kookmin9_viewer' returned '0': AMENT_PREFIX_PATH=/home/xytron/2026-kookmin-contest-qualifier/install/xycar_msgs:${AMENT_PREFIX_PATH} CMAKE_PREFIX_PATH=/home/xytron/2026-kookmin-contest-qualifier/install/xycar_msgs:${CMAKE_PREFIX_PATH} LD_LIBRARY_PATH=/home/xytron/2026-kookmin-contest-qualifier/install/xycar_msgs/lib:${LD_LIBRARY_PATH} PYTHONPATH=/home/xytron/2026-kookmin-contest-qualifier/build/kookmin9_viewer/prefix_override:/usr/lib/python3/dist-packages/colcon_core/task/python/colcon_distutils_commands:/home/xytron/2026-kookmin-contest-qualifier/install/kookmin9_viewer/lib/python3.10/site-packages:/home/xytron/2026-kookmin-contest-qualifier/install/xycar_msgs/local/lib/python3.10/dist-packages:${PYTHONPATH} /usr/bin/python3 -W ignore:setup.py install is deprecated -W ignore:easy_install command is deprecated setup.py egg_info --egg-base ../build/kookmin9_viewer build --build-base /home/xytron/2026-kookmin-contest-qualifier/build/kookmin9_viewer/build install --record /home/xytron/2026-kookmin-contest-qualifier/build/kookmin9_viewer/install.log --single-version-externally-managed install_data --force
