[0.057s] Invoking command in '/home/xytron/2026-kookmin-contest-qualifier/build/xycar_msgs': CMAKE_PREFIX_PATH=/home/xytron/2026-kookmin-contest-qualifier/install/xycar_msgs:/home/xytron/xycar_ws/install/xycar_msgs:/home/xytron/2026-kookmin-contest-qualifier/install/my_lidar:/home/xytron/2026-kookmin-contest-qualifier/install/my_cam:/home/xytron/2026-kookmin-contest-qualifier/install/main:/home/xytron/2026-kookmin-contest-qualifier/install/kookmin9_viewer:/home/xytron/2026-kookmin-contest-qualifier/install/function:/home/xytron/2026-kookmin-contest-qualifier/install/track_drive:/home/xytron/2026-kookmin-contest-qualifier/install/ros_tcp_endpoint:/home/xytron/2026-kookmin-contest-qualifier/install/perception:/home/xytron/2026-kookmin-contest-qualifier/install/my_motor:/home/xytron/2026-kookmin-contest-qualifier/install/my_imu:/home/xytron/2026-kookmin-contest-qualifier/install/driving:/home/xytron/xycar_ws/install/my_lidar:/home/xytron/xycar_ws/install/my_cam:/home/xytron/xycar_ws/install/main:/home/xytron/xycar_ws/install/kookmin9_viewer:/home/xytron/xycar_ws/install/track_drive:/home/xytron/xycar_ws/install/ros_tcp_endpoint:/home/xytron/xycar_ws/install/perception:/home/xytron/xycar_ws/install/my_motor:/home/xytron/xycar_ws/install/my_imu:/home/xytron/xycar_ws/install/driving:/opt/ros/humble:/home/xytron/xycar_ws/install/ericar_msgs /usr/bin/cmake --build /home/xytron/2026-kookmin-contest-qualifier/build/xycar_msgs -- -j8 -l8
[1.351s] [  2%] Built target xycar_msgs__rs
[1.351s] [  5%] Built target xycar_msgs__cpp
[1.351s] [ 15%] Built target xycar_msgs__rosidl_generator_c
[1.351s] [ 15%] Built target ament_cmake_python_symlink_xycar_msgs
[1.351s] [ 25%] Built target xycar_msgs__rosidl_typesupport_introspection_cpp
[1.351s] [ 35%] Built target xycar_msgs__rosidl_typesupport_introspection_c
[1.351s] [ 45%] Built target xycar_msgs__rosidl_typesupport_fastrtps_c
[1.351s] [ 55%] Built target xycar_msgs__rosidl_typesupport_fastrtps_cpp
[1.351s] [ 65%] Built target xycar_msgs__rosidl_typesupport_cpp
[1.351s] [ 75%] Built target xycar_msgs__rosidl_typesupport_c
[1.352s] [ 75%] Built target xycar_msgs
[1.352s] [ 77%] Built target xycar_msgs__py
[1.352s] [ 85%] Built target xycar_msgs__rosidl_generator_py
[1.352s] [ 90%] Built target xycar_msgs__rosidl_typesupport_fastrtps_c__pyext
[1.352s] [ 95%] Built target xycar_msgs__rosidl_typesupport_introspection_c__pyext
[1.352s] [100%] Built target xycar_msgs__rosidl_typesupport_c__pyext
[1.352s] running egg_info
[1.353s] writing xycar_msgs.egg-info/PKG-INFO
[1.353s] writing dependency_links to xycar_msgs.egg-info/dependency_links.txt
[1.353s] writing top-level names to xycar_msgs.egg-info/top_level.txt
[1.353s] reading manifest file 'xycar_msgs.egg-info/SOURCES.txt'
[1.353s] writing manifest file 'xycar_msgs.egg-info/SOURCES.txt'
[1.354s] [100%] Built target ament_cmake_python_build_xycar_msgs_egg
[1.578s] Invoked command in '/home/xytron/2026-kookmin-contest-qualifier/build/xycar_msgs' returned '0': CMAKE_PREFIX_PATH=/home/xytron/2026-kookmin-contest-qualifier/install/xycar_msgs:/home/xytron/xycar_ws/install/xycar_msgs:/home/xytron/2026-kookmin-contest-qualifier/install/my_lidar:/home/xytron/2026-kookmin-contest-qualifier/install/my_cam:/home/xytron/2026-kookmin-contest-qualifier/install/main:/home/xytron/2026-kookmin-contest-qualifier/install/kookmin9_viewer:/home/xytron/2026-kookmin-contest-qualifier/install/function:/home/xytron/2026-kookmin-contest-qualifier/install/track_drive:/home/xytron/2026-kookmin-contest-qualifier/install/ros_tcp_endpoint:/home/xytron/2026-kookmin-contest-qualifier/install/perception:/home/xytron/2026-kookmin-contest-qualifier/install/my_motor:/home/xytron/2026-kookmin-contest-qualifier/install/my_imu:/home/xytron/2026-kookmin-contest-qualifier/install/driving:/home/xytron/xycar_ws/install/my_lidar:/home/xytron/xycar_ws/install/my_cam:/home/xytron/xycar_ws/install/main:/home/xytron/xycar_ws/install/kookmin9_viewer:/home/xytron/xycar_ws/install/track_drive:/home/xytron/xycar_ws/install/ros_tcp_endpoint:/home/xytron/xycar_ws/install/perception:/home/xytron/xycar_ws/install/my_motor:/home/xytron/xycar_ws/install/my_imu:/home/xytron/xycar_ws/install/driving:/opt/ros/humble:/home/xytron/xycar_ws/install/ericar_msgs /usr/bin/cmake --build /home/xytron/2026-kookmin-contest-qualifier/build/xycar_msgs -- -j8 -l8
[1.588s] Invoking command in '/home/xytron/2026-kookmin-contest-qualifier/build/xycar_msgs': CMAKE_PREFIX_PATH=/home/xytron/2026-kookmin-contest-qualifier/install/xycar_msgs:/home/xytron/xycar_ws/install/xycar_msgs:/home/xytron/2026-kookmin-contest-qualifier/install/my_lidar:/home/xytron/2026-kookmin-contest-qualifier/install/my_cam:/home/xytron/2026-kookmin-contest-qualifier/install/main:/home/xytron/2026-kookmin-contest-qualifier/install/kookmin9_viewer:/home/xytron/2026-kookmin-contest-qualifier/install/function:/home/xytron/2026-kookmin-contest-qualifier/install/track_drive:/home/xytron/2026-kookmin-contest-qualifier/install/ros_tcp_endpoint:/home/xytron/2026-kookmin-contest-qualifier/install/perception:/home/xytron/2026-kookmin-contest-qualifier/install/my_motor:/home/xytron/2026-kookmin-contest-qualifier/install/my_imu:/home/xytron/2026-kookmin-contest-qualifier/install/driving:/home/xytron/xycar_ws/install/my_lidar:/home/xytron/xycar_ws/install/my_cam:/home/xytron/xycar_ws/install/main:/home/xytron/xycar_ws/install/kookmin9_viewer:/home/xytron/xycar_ws/install/track_drive:/home/xytron/xycar_ws/install/ros_tcp_endpoint:/home/xytron/xycar_ws/install/perception:/home/xytron/xycar_ws/install/my_motor:/home/xytron/xycar_ws/install/my_imu:/home/xytron/xycar_ws/install/driving:/opt/ros/humble:/home/xytron/xycar_ws/install/ericar_msgs /usr/bin/cmake --install /home/xytron/2026-kookmin-contest-qualifier/build/xycar_msgs
[1.595s] -- Install configuration: ""
[1.597s] -- Execute custom install script
[1.598s] -- Up-to-date symlink: /home/xytron/2026-kookmin-contest-qualifier/install/xycar_msgs/share/ament_index/resource_index/rosidl_interfaces/xycar_msgs
[1.609s] -- Up-to-date symlink: /home/xytron/2026-kookmin-contest-qualifier/install/xycar_msgs/include/xycar_msgs/xycar_msgs/msg/detail/xycar_motor__functions.h
[1.609s] -- Up-to-date symlink: /home/xytron/2026-kookmin-contest-qualifier/install/xycar_msgs/include/xycar_msgs/xycar_msgs/msg/detail/xycar_motor__struct.h
[1.609s] -- Up-to-date symlink: /home/xytron/2026-kookmin-contest-qualifier/install/xycar_msgs/include/xycar_msgs/xycar_msgs/msg/detail/xycar_motor__type_support.h
[1.610s] -- Up-to-date symlink: /home/xytron/2026-kookmin-contest-qualifier/install/xycar_msgs/include/xycar_msgs/xycar_msgs/msg/detail/xycar_ultrasonic__functions.h
[1.610s] -- Up-to-date symlink: /home/xytron/2026-kookmin-contest-qualifier/install/xycar_msgs/include/xycar_msgs/xycar_msgs/msg/detail/xycar_ultrasonic__struct.h
[1.610s] -- Up-to-date symlink: /home/xytron/2026-kookmin-contest-qualifier/install/xycar_msgs/include/xycar_msgs/xycar_msgs/msg/detail/xycar_ultrasonic__type_support.h
[1.610s] -- Up-to-date symlink: /home/xytron/2026-kookmin-contest-qualifier/install/xycar_msgs/include/xycar_msgs/xycar_msgs/msg/rosidl_generator_c__visibility_control.h
[1.610s] -- Up-to-date symlink: /home/xytron/2026-kookmin-contest-qualifier/install/xycar_msgs/include/xycar_msgs/xycar_msgs/msg/xycar_motor.h
[1.610s] -- Up-to-date symlink: /home/xytron/2026-kookmin-contest-qualifier/install/xycar_msgs/include/xycar_msgs/xycar_msgs/msg/xycar_ultrasonic.h
[1.610s] -- Up-to-date symlink: /home/xytron/2026-kookmin-contest-qualifier/install/xycar_msgs/share/xycar_msgs/environment/library_path.sh
[1.610s] -- Up-to-date symlink: /home/xytron/2026-kookmin-contest-qualifier/install/xycar_msgs/share/xycar_msgs/environment/library_path.dsv
[1.614s] -- Up-to-date symlink: /home/xytron/2026-kookmin-contest-qualifier/install/xycar_msgs/include/xycar_msgs/xycar_msgs/msg/detail/xycar_motor__rosidl_typesupport_fastrtps_c.h
[1.615s] -- Up-to-date symlink: /home/xytron/2026-kookmin-contest-qualifier/install/xycar_msgs/include/xycar_msgs/xycar_msgs/msg/detail/xycar_ultrasonic__rosidl_typesupport_fastrtps_c.h
[1.617s] -- Up-to-date symlink: /home/xytron/2026-kookmin-contest-qualifier/install/xycar_msgs/include/xycar_msgs/xycar_msgs/msg/rosidl_typesupport_fastrtps_c__visibility_control.h
[1.621s] -- Up-to-date symlink: /home/xytron/2026-kookmin-contest-qualifier/install/xycar_msgs/include/xycar_msgs/xycar_msgs/msg/detail/xycar_motor__rosidl_typesupport_introspection_c.h
[1.621s] -- Up-to-date symlink: /home/xytron/2026-kookmin-contest-qualifier/install/xycar_msgs/include/xycar_msgs/xycar_msgs/msg/detail/xycar_ultrasonic__rosidl_typesupport_introspection_c.h
[1.622s] -- Up-to-date symlink: /home/xytron/2026-kookmin-contest-qualifier/install/xycar_msgs/include/xycar_msgs/xycar_msgs/msg/rosidl_typesupport_introspection_c__visibility_control.h
[1.624s] -- Up-to-date symlink: /home/xytron/2026-kookmin-contest-qualifier/install/xycar_msgs/include/xycar_msgs/xycar_msgs/msg/detail/xycar_motor__builder.hpp
[1.625s] -- Up-to-date symlink: /home/xytron/2026-kookmin-contest-qualifier/install/xycar_msgs/include/xycar_msgs/xycar_msgs/msg/detail/xycar_motor__struct.hpp
[1.625s] -- Up-to-date symlink: /home/xytron/2026-kookmin-contest-qualifier/install/xycar_msgs/include/xycar_msgs/xycar_msgs/msg/detail/xycar_motor__traits.hpp
[1.626s] -- Up-to-date symlink: /home/xytron/2026-kookmin-contest-qualifier/install/xycar_msgs/include/xycar_msgs/xycar_msgs/msg/detail/xycar_motor__type_support.hpp
[1.628s] -- Up-to-date symlink: /home/xytron/2026-kookmin-contest-qualifier/install/xycar_msgs/include/xycar_msgs/xycar_msgs/msg/detail/xycar_ultrasonic__builder.hpp
[1.629s] -- Up-to-date symlink: /home/xytron/2026-kookmin-contest-qualifier/install/xycar_msgs/include/xycar_msgs/xycar_msgs/msg/detail/xycar_ultrasonic__struct.hpp
[1.629s] -- Up-to-date symlink: /home/xytron/2026-kookmin-contest-qualifier/install/xycar_msgs/include/xycar_msgs/xycar_msgs/msg/detail/xycar_ultrasonic__traits.hpp
[1.629s] -- Up-to-date symlink: /home/xytron/2026-kookmin-contest-qualifier/install/xycar_msgs/include/xycar_msgs/xycar_msgs/msg/detail/xycar_ultrasonic__type_support.hpp
[1.630s] -- Up-to-date symlink: /home/xytron/2026-kookmin-contest-qualifier/install/xycar_msgs/include/xycar_msgs/xycar_msgs/msg/rosidl_generator_cpp__visibility_control.hpp
[1.631s] -- Up-to-date symlink: /home/xytron/2026-kookmin-contest-qualifier/install/xycar_msgs/include/xycar_msgs/xycar_msgs/msg/xycar_motor.hpp
[1.631s] -- Up-to-date symlink: /home/xytron/2026-kookmin-contest-qualifier/install/xycar_msgs/include/xycar_msgs/xycar_msgs/msg/xycar_ultrasonic.hpp
[1.636s] -- Up-to-date symlink: /home/xytron/2026-kookmin-contest-qualifier/install/xycar_msgs/include/xycar_msgs/xycar_msgs/msg/detail/xycar_motor__rosidl_typesupport_fastrtps_cpp.hpp
[1.636s] -- Up-to-date symlink: /home/xytron/2026-kookmin-contest-qualifier/install/xycar_msgs/include/xycar_msgs/xycar_msgs/msg/detail/xycar_ultrasonic__rosidl_typesupport_fastrtps_cpp.hpp
[1.640s] -- Up-to-date symlink: /home/xytron/2026-kookmin-contest-qualifier/install/xycar_msgs/include/xycar_msgs/xycar_msgs/msg/rosidl_typesupport_fastrtps_cpp__visibility_control.h
[1.641s] -- Up-to-date symlink: /home/xytron/2026-kookmin-contest-qualifier/install/xycar_msgs/include/xycar_msgs/xycar_msgs/msg/detail/xycar_motor__rosidl_typesupport_introspection_cpp.hpp
[1.641s] -- Up-to-date symlink: /home/xytron/2026-kookmin-contest-qualifier/install/xycar_msgs/include/xycar_msgs/xycar_msgs/msg/detail/xycar_ultrasonic__rosidl_typesupport_introspection_cpp.hpp
[1.643s] -- Up-to-date symlink: /home/xytron/2026-kookmin-contest-qualifier/install/xycar_msgs/share/xycar_msgs/environment/pythonpath.sh
[1.643s] -- Up-to-date symlink: /home/xytron/2026-kookmin-contest-qualifier/install/xycar_msgs/share/xycar_msgs/environment/pythonpath.dsv
[1.643s] -- Up-to-date symlink: /home/xytron/2026-kookmin-contest-qualifier/install/xycar_msgs/local/lib/python3.10/dist-packages/xycar_msgs-0.0.0-py3.10.egg-info/PKG-INFO
[1.644s] -- Up-to-date symlink: /home/xytron/2026-kookmin-contest-qualifier/install/xycar_msgs/local/lib/python3.10/dist-packages/xycar_msgs-0.0.0-py3.10.egg-info/SOURCES.txt
[1.644s] -- Up-to-date symlink: /home/xytron/2026-kookmin-contest-qualifier/install/xycar_msgs/local/lib/python3.10/dist-packages/xycar_msgs-0.0.0-py3.10.egg-info/dependency_links.txt
[1.645s] -- Up-to-date symlink: /home/xytron/2026-kookmin-contest-qualifier/install/xycar_msgs/local/lib/python3.10/dist-packages/xycar_msgs-0.0.0-py3.10.egg-info/top_level.txt
[1.646s] -- Up-to-date symlink: /home/xytron/2026-kookmin-contest-qualifier/install/xycar_msgs/local/lib/python3.10/dist-packages/xycar_msgs/__init__.py
[1.647s] -- Up-to-date symlink: /home/xytron/2026-kookmin-contest-qualifier/install/xycar_msgs/local/lib/python3.10/dist-packages/xycar_msgs/_xycar_msgs_s.ep.rosidl_typesupport_c.c
[1.648s] -- Up-to-date symlink: /home/xytron/2026-kookmin-contest-qualifier/install/xycar_msgs/local/lib/python3.10/dist-packages/xycar_msgs/_xycar_msgs_s.ep.rosidl_typesupport_fastrtps_c.c
[1.649s] -- Up-to-date symlink: /home/xytron/2026-kookmin-contest-qualifier/install/xycar_msgs/local/lib/python3.10/dist-packages/xycar_msgs/_xycar_msgs_s.ep.rosidl_typesupport_introspection_c.c
[1.652s] -- Up-to-date symlink: /home/xytron/2026-kookmin-contest-qualifier/install/xycar_msgs/local/lib/python3.10/dist-packages/xycar_msgs/libxycar_msgs__rosidl_generator_py.so
[1.652s] -- Up-to-date symlink: /home/xytron/2026-kookmin-contest-qualifier/install/xycar_msgs/local/lib/python3.10/dist-packages/xycar_msgs/msg/__init__.py
[1.652s] -- Up-to-date symlink: /home/xytron/2026-kookmin-contest-qualifier/install/xycar_msgs/local/lib/python3.10/dist-packages/xycar_msgs/msg/_xycar_motor.py
[1.652s] -- Up-to-date symlink: /home/xytron/2026-kookmin-contest-qualifier/install/xycar_msgs/local/lib/python3.10/dist-packages/xycar_msgs/msg/_xycar_motor_s.c
[1.653s] -- Up-to-date symlink: /home/xytron/2026-kookmin-contest-qualifier/install/xycar_msgs/local/lib/python3.10/dist-packages/xycar_msgs/msg/_xycar_ultrasonic.py
[1.653s] -- Up-to-date symlink: /home/xytron/2026-kookmin-contest-qualifier/install/xycar_msgs/local/lib/python3.10/dist-packages/xycar_msgs/msg/_xycar_ultrasonic_s.c
[1.654s] -- Up-to-date symlink: /home/xytron/2026-kookmin-contest-qualifier/install/xycar_msgs/local/lib/python3.10/dist-packages/xycar_msgs/xycar_msgs_s__rosidl_typesupport_c.cpython-310-x86_64-linux-gnu.so
[1.655s] -- Up-to-date symlink: /home/xytron/2026-kookmin-contest-qualifier/install/xycar_msgs/local/lib/python3.10/dist-packages/xycar_msgs/xycar_msgs_s__rosidl_typesupport_fastrtps_c.cpython-310-x86_64-linux-gnu.so
[1.658s] -- Up-to-date symlink: /home/xytron/2026-kookmin-contest-qualifier/install/xycar_msgs/local/lib/python3.10/dist-packages/xycar_msgs/xycar_msgs_s__rosidl_typesupport_introspection_c.cpython-310-x86_64-linux-gnu.so
[1.660s] -- Up-to-date symlink: /home/xytron/2026-kookmin-contest-qualifier/install/xycar_msgs/local/lib/python3.10/dist-packages/xycar_msgs/xycar_msgs_s__rosidl_typesupport_fastrtps_c.cpython-310-x86_64-linux-gnu.so
[1.661s] -- Up-to-date symlink: /home/xytron/2026-kookmin-contest-qualifier/install/xycar_msgs/local/lib/python3.10/dist-packages/xycar_msgs/xycar_msgs_s__rosidl_typesupport_introspection_c.cpython-310-x86_64-linux-gnu.so
[1.662s] -- Up-to-date symlink: /home/xytron/2026-kookmin-contest-qualifier/install/xycar_msgs/local/lib/python3.10/dist-packages/xycar_msgs/xycar_msgs_s__rosidl_typesupport_c.cpython-310-x86_64-linux-gnu.so
[1.663s] -- Up-to-date symlink: /home/xytron/2026-kookmin-contest-qualifier/install/xycar_msgs/share/ament_index/resource_index/rust_packages/xycar_msgs
[1.665s] -- Up-to-date symlink: /home/xytron/2026-kookmin-contest-qualifier/install/xycar_msgs/share/xycar_msgs/rust/Cargo.toml
[1.665s] -- Up-to-date symlink: /home/xytron/2026-kookmin-contest-qualifier/install/xycar_msgs/share/xycar_msgs/rust/build.rs
[1.665s] -- Up-to-date symlink: /home/xytron/2026-kookmin-contest-qualifier/install/xycar_msgs/share/xycar_msgs/rust/src/lib.rs
[1.666s] -- Up-to-date symlink: /home/xytron/2026-kookmin-contest-qualifier/install/xycar_msgs/share/xycar_msgs/rust/src/msg.rs
[1.666s] -- Up-to-date symlink: /home/xytron/2026-kookmin-contest-qualifier/install/xycar_msgs/share/xycar_msgs/rust/src/msg/rmw.rs
[1.666s] -- Up-to-date symlink: /home/xytron/2026-kookmin-contest-qualifier/install/xycar_msgs/share/xycar_msgs/msg/XycarMotor.idl
[1.667s] -- Up-to-date symlink: /home/xytron/2026-kookmin-contest-qualifier/install/xycar_msgs/share/xycar_msgs/msg/XycarUltrasonic.idl
[1.667s] -- Up-to-date symlink: /home/xytron/2026-kookmin-contest-qualifier/install/xycar_msgs/share/xycar_msgs/msg/XycarMotor.msg
[1.669s] -- Up-to-date symlink: /home/xytron/2026-kookmin-contest-qualifier/install/xycar_msgs/share/xycar_msgs/msg/XycarUltrasonic.msg
[1.669s] -- Up-to-date symlink: /home/xytron/2026-kookmin-contest-qualifier/install/xycar_msgs/share/ament_index/resource_index/package_run_dependencies/xycar_msgs
[1.680s] -- Up-to-date symlink: /home/xytron/2026-kookmin-contest-qualifier/install/xycar_msgs/share/ament_index/resource_index/parent_prefix_path/xycar_msgs
[1.680s] -- Up-to-date symlink: /home/xytron/2026-kookmin-contest-qualifier/install/xycar_msgs/share/xycar_msgs/environment/ament_prefix_path.sh
[1.680s] -- Up-to-date symlink: /home/xytron/2026-kookmin-contest-qualifier/install/xycar_msgs/share/xycar_msgs/environment/ament_prefix_path.dsv
[1.680s] -- Up-to-date symlink: /home/xytron/2026-kookmin-contest-qualifier/install/xycar_msgs/share/xycar_msgs/environment/path.sh
[1.680s] -- Up-to-date symlink: /home/xytron/2026-kookmin-contest-qualifier/install/xycar_msgs/share/xycar_msgs/environment/path.dsv
[1.680s] -- Up-to-date symlink: /home/xytron/2026-kookmin-contest-qualifier/install/xycar_msgs/share/xycar_msgs/local_setup.bash
[1.680s] -- Up-to-date symlink: /home/xytron/2026-kookmin-contest-qualifier/install/xycar_msgs/share/xycar_msgs/local_setup.sh
[1.680s] -- Up-to-date symlink: /home/xytron/2026-kookmin-contest-qualifier/install/xycar_msgs/share/xycar_msgs/local_setup.zsh
[1.680s] -- Up-to-date symlink: /home/xytron/2026-kookmin-contest-qualifier/install/xycar_msgs/share/xycar_msgs/local_setup.dsv
[1.681s] -- Symlinking: /home/xytron/2026-kookmin-contest-qualifier/install/xycar_msgs/share/xycar_msgs/package.dsv
[1.692s] -- Up-to-date symlink: /home/xytron/2026-kookmin-contest-qualifier/install/xycar_msgs/share/ament_index/resource_index/packages/xycar_msgs
[1.693s] -- Up-to-date symlink: /home/xytron/2026-kookmin-contest-qualifier/install/xycar_msgs/share/xycar_msgs/cmake/rosidl_cmake-extras.cmake
[1.694s] -- Up-to-date symlink: /home/xytron/2026-kookmin-contest-qualifier/install/xycar_msgs/share/xycar_msgs/cmake/ament_cmake_export_dependencies-extras.cmake
[1.695s] -- Up-to-date symlink: /home/xytron/2026-kookmin-contest-qualifier/install/xycar_msgs/share/xycar_msgs/cmake/ament_cmake_export_include_directories-extras.cmake
[1.696s] -- Up-to-date symlink: /home/xytron/2026-kookmin-contest-qualifier/install/xycar_msgs/share/xycar_msgs/cmake/ament_cmake_export_libraries-extras.cmake
[1.697s] -- Up-to-date symlink: /home/xytron/2026-kookmin-contest-qualifier/install/xycar_msgs/share/xycar_msgs/cmake/ament_cmake_export_targets-extras.cmake
[1.698s] -- Up-to-date symlink: /home/xytron/2026-kookmin-contest-qualifier/install/xycar_msgs/share/xycar_msgs/cmake/rosidl_cmake_export_typesupport_targets-extras.cmake
[1.699s] -- Up-to-date symlink: /home/xytron/2026-kookmin-contest-qualifier/install/xycar_msgs/share/xycar_msgs/cmake/rosidl_cmake_export_typesupport_libraries-extras.cmake
[1.700s] -- Up-to-date symlink: /home/xytron/2026-kookmin-contest-qualifier/install/xycar_msgs/share/xycar_msgs/cmake/xycar_msgsConfig.cmake
[1.701s] -- Up-to-date symlink: /home/xytron/2026-kookmin-contest-qualifier/install/xycar_msgs/share/xycar_msgs/cmake/xycar_msgsConfig-version.cmake
[1.710s] -- Up-to-date symlink: /home/xytron/2026-kookmin-contest-qualifier/install/xycar_msgs/share/xycar_msgs/package.xml
[1.711s] -- Up-to-date: /home/xytron/2026-kookmin-contest-qualifier/install/xycar_msgs/lib/libxycar_msgs__rosidl_generator_c.so
[1.711s] -- Up-to-date: /home/xytron/2026-kookmin-contest-qualifier/install/xycar_msgs/lib/libxycar_msgs__rosidl_typesupport_fastrtps_c.so
[1.711s] -- Up-to-date: /home/xytron/2026-kookmin-contest-qualifier/install/xycar_msgs/lib/libxycar_msgs__rosidl_typesupport_introspection_c.so
[1.711s] -- Up-to-date: /home/xytron/2026-kookmin-contest-qualifier/install/xycar_msgs/lib/libxycar_msgs__rosidl_typesupport_c.so
[1.711s] -- Up-to-date: /home/xytron/2026-kookmin-contest-qualifier/install/xycar_msgs/lib/libxycar_msgs__rosidl_typesupport_fastrtps_cpp.so
[1.711s] -- Up-to-date: /home/xytron/2026-kookmin-contest-qualifier/install/xycar_msgs/lib/libxycar_msgs__rosidl_typesupport_introspection_cpp.so
[1.712s] -- Up-to-date: /home/xytron/2026-kookmin-contest-qualifier/install/xycar_msgs/lib/libxycar_msgs__rosidl_typesupport_cpp.so
[1.780s] Listing '/home/xytron/2026-kookmin-contest-qualifier/install/xycar_msgs/local/lib/python3.10/dist-packages/xycar_msgs'...
[1.781s] Listing '/home/xytron/2026-kookmin-contest-qualifier/install/xycar_msgs/local/lib/python3.10/dist-packages/xycar_msgs/msg'...
[1.789s] -- Up-to-date: /home/xytron/2026-kookmin-contest-qualifier/install/xycar_msgs/lib/libxycar_msgs__rosidl_generator_py.so
[1.791s] -- Up-to-date: /home/xytron/2026-kookmin-contest-qualifier/install/xycar_msgs/share/xycar_msgs/cmake/export_xycar_msgs__rosidl_generator_cExport.cmake
[1.791s] -- Up-to-date: /home/xytron/2026-kookmin-contest-qualifier/install/xycar_msgs/share/xycar_msgs/cmake/export_xycar_msgs__rosidl_generator_cExport-noconfig.cmake
[1.792s] -- Up-to-date: /home/xytron/2026-kookmin-contest-qualifier/install/xycar_msgs/share/xycar_msgs/cmake/export_xycar_msgs__rosidl_typesupport_fastrtps_cExport.cmake
[1.792s] -- Up-to-date: /home/xytron/2026-kookmin-contest-qualifier/install/xycar_msgs/share/xycar_msgs/cmake/export_xycar_msgs__rosidl_typesupport_fastrtps_cExport-noconfig.cmake
[1.793s] -- Up-to-date: /home/xytron/2026-kookmin-contest-qualifier/install/xycar_msgs/share/xycar_msgs/cmake/xycar_msgs__rosidl_typesupport_introspection_cExport.cmake
[1.793s] -- Up-to-date: /home/xytron/2026-kookmin-contest-qualifier/install/xycar_msgs/share/xycar_msgs/cmake/xycar_msgs__rosidl_typesupport_introspection_cExport-noconfig.cmake
[1.794s] -- Up-to-date: /home/xytron/2026-kookmin-contest-qualifier/install/xycar_msgs/share/xycar_msgs/cmake/xycar_msgs__rosidl_typesupport_cExport.cmake
[1.794s] -- Up-to-date: /home/xytron/2026-kookmin-contest-qualifier/install/xycar_msgs/share/xycar_msgs/cmake/xycar_msgs__rosidl_typesupport_cExport-noconfig.cmake
[1.795s] -- Up-to-date: /home/xytron/2026-kookmin-contest-qualifier/install/xycar_msgs/share/xycar_msgs/cmake/export_xycar_msgs__rosidl_generator_cppExport.cmake
[1.797s] -- Up-to-date: /home/xytron/2026-kookmin-contest-qualifier/install/xycar_msgs/share/xycar_msgs/cmake/export_xycar_msgs__rosidl_typesupport_fastrtps_cppExport.cmake
[1.797s] -- Up-to-date: /home/xytron/2026-kookmin-contest-qualifier/install/xycar_msgs/share/xycar_msgs/cmake/export_xycar_msgs__rosidl_typesupport_fastrtps_cppExport-noconfig.cmake
[1.798s] -- Up-to-date: /home/xytron/2026-kookmin-contest-qualifier/install/xycar_msgs/share/xycar_msgs/cmake/xycar_msgs__rosidl_typesupport_introspection_cppExport.cmake
[1.798s] -- Up-to-date: /home/xytron/2026-kookmin-contest-qualifier/install/xycar_msgs/share/xycar_msgs/cmake/xycar_msgs__rosidl_typesupport_introspection_cppExport-noconfig.cmake
[1.798s] -- Up-to-date: /home/xytron/2026-kookmin-contest-qualifier/install/xycar_msgs/share/xycar_msgs/cmake/xycar_msgs__rosidl_typesupport_cppExport.cmake
[1.798s] -- Up-to-date: /home/xytron/2026-kookmin-contest-qualifier/install/xycar_msgs/share/xycar_msgs/cmake/xycar_msgs__rosidl_typesupport_cppExport-noconfig.cmake
[1.799s] -- Up-to-date: /home/xytron/2026-kookmin-contest-qualifier/install/xycar_msgs/share/xycar_msgs/cmake/export_xycar_msgs__rosidl_generator_pyExport.cmake
[1.799s] -- Up-to-date: /home/xytron/2026-kookmin-contest-qualifier/install/xycar_msgs/share/xycar_msgs/cmake/export_xycar_msgs__rosidl_generator_pyExport-noconfig.cmake
[1.812s] Invoked command in '/home/xytron/2026-kookmin-contest-qualifier/build/xycar_msgs' returned '0': CMAKE_PREFIX_PATH=/home/xytron/2026-kookmin-contest-qualifier/install/xycar_msgs:/home/xytron/xycar_ws/install/xycar_msgs:/home/xytron/2026-kookmin-contest-qualifier/install/my_lidar:/home/xytron/2026-kookmin-contest-qualifier/install/my_cam:/home/xytron/2026-kookmin-contest-qualifier/install/main:/home/xytron/2026-kookmin-contest-qualifier/install/kookmin9_viewer:/home/xytron/2026-kookmin-contest-qualifier/install/function:/home/xytron/2026-kookmin-contest-qualifier/install/track_drive:/home/xytron/2026-kookmin-contest-qualifier/install/ros_tcp_endpoint:/home/xytron/2026-kookmin-contest-qualifier/install/perception:/home/xytron/2026-kookmin-contest-qualifier/install/my_motor:/home/xytron/2026-kookmin-contest-qualifier/install/my_imu:/home/xytron/2026-kookmin-contest-qualifier/install/driving:/home/xytron/xycar_ws/install/my_lidar:/home/xytron/xycar_ws/install/my_cam:/home/xytron/xycar_ws/install/main:/home/xytron/xycar_ws/install/kookmin9_viewer:/home/xytron/xycar_ws/install/track_drive:/home/xytron/xycar_ws/install/ros_tcp_endpoint:/home/xytron/xycar_ws/install/perception:/home/xytron/xycar_ws/install/my_motor:/home/xytron/xycar_ws/install/my_imu:/home/xytron/xycar_ws/install/driving:/opt/ros/humble:/home/xytron/xycar_ws/install/ericar_msgs /usr/bin/cmake --install /home/xytron/2026-kookmin-contest-qualifier/build/xycar_msgs
