[2.417s] Invoking command in '/home/xytron/2026-kookmin-contest-qualifier/ericar/perception': PYTHONPATH=/home/xytron/2026-kookmin-contest-qualifier/build/perception/prefix_override:/usr/lib/python3/dist-packages/colcon_core/task/python/colcon_distutils_commands:/home/xytron/2026-kookmin-contest-qualifier/install/perception/lib/python3.10/site-packages:${PYTHONPATH} /usr/bin/python3 -W ignore:setup.py install is deprecated -W ignore:easy_install command is deprecated setup.py egg_info --egg-base ../../build/perception build --build-base /home/xytron/2026-kookmin-contest-qualifier/build/perception/build install --record /home/xytron/2026-kookmin-contest-qualifier/build/perception/install.log --single-version-externally-managed install_data
[2.779s] running egg_info
[2.780s] writing ../../build/perception/perception.egg-info/PKG-INFO
[2.780s] writing dependency_links to ../../build/perception/perception.egg-info/dependency_links.txt
[2.780s] writing entry points to ../../build/perception/perception.egg-info/entry_points.txt
[2.781s] writing requirements to ../../build/perception/perception.egg-info/requires.txt
[2.782s] writing top-level names to ../../build/perception/perception.egg-info/top_level.txt
[2.786s] reading manifest file '../../build/perception/perception.egg-info/SOURCES.txt'
[2.786s] writing manifest file '../../build/perception/perception.egg-info/SOURCES.txt'
[2.795s] running build
[2.796s] running build_py
[2.796s] copying perception/perception.py -> /home/xytron/2026-kookmin-contest-qualifier/build/perception/build/lib/perception
[2.796s] copying perception/obstacle.py -> /home/xytron/2026-kookmin-contest-qualifier/build/perception/build/lib/perception
[2.796s] running install
[2.796s] running install_lib
[2.796s] copying /home/xytron/2026-kookmin-contest-qualifier/build/perception/build/lib/perception/perception.py -> /home/xytron/2026-kookmin-contest-qualifier/install/perception/lib/python3.10/site-packages/perception
[2.796s] copying /home/xytron/2026-kookmin-contest-qualifier/build/perception/build/lib/perception/obstacle.py -> /home/xytron/2026-kookmin-contest-qualifier/install/perception/lib/python3.10/site-packages/perception
[2.798s] byte-compiling /home/xytron/2026-kookmin-contest-qualifier/install/perception/lib/python3.10/site-packages/perception/perception.py to perception.cpython-310.pyc
[2.811s] byte-compiling /home/xytron/2026-kookmin-contest-qualifier/install/perception/lib/python3.10/site-packages/perception/obstacle.py to obstacle.cpython-310.pyc
[2.811s] running install_data
[2.814s] running install_egg_info
[2.827s] removing '/home/xytron/2026-kookmin-contest-qualifier/install/perception/lib/python3.10/site-packages/perception-0.0.1-py3.10.egg-info' (and everything under it)
[2.827s] Copying ../../build/perception/perception.egg-info to /home/xytron/2026-kookmin-contest-qualifier/install/perception/lib/python3.10/site-packages/perception-0.0.1-py3.10.egg-info
[2.828s] running install_scripts
[2.870s] Installing collect_data script to /home/xytron/2026-kookmin-contest-qualifier/install/perception/lib/perception
[2.871s] Installing perception script to /home/xytron/2026-kookmin-contest-qualifier/install/perception/lib/perception
[2.871s] writing list of installed files to '/home/xytron/2026-kookmin-contest-qualifier/build/perception/install.log'
[2.968s] Invoked command in '/home/xytron/2026-kookmin-contest-qualifier/ericar/perception' returned '0': PYTHONPATH=/home/xytron/2026-kookmin-contest-qualifier/build/perception/prefix_override:/usr/lib/python3/dist-packages/colcon_core/task/python/colcon_distutils_commands:/home/xytron/2026-kookmin-contest-qualifier/install/perception/lib/python3.10/site-packages:${PYTHONPATH} /usr/bin/python3 -W ignore:setup.py install is deprecated -W ignore:easy_install command is deprecated setup.py egg_info --egg-base ../../build/perception build --build-base /home/xytron/2026-kookmin-contest-qualifier/build/perception/build install --record /home/xytron/2026-kookmin-contest-qualifier/build/perception/install.log --single-version-externally-managed install_data
